Copyright 1986-2019 Xilinx, Inc. All Rights Reserved.
--------------------------------------------------------------------------------------------------
| Tool Version      : Vivado v.2019.2.1 (lin64) Build 2729669 Thu Dec  5 04:48:12 MST 2019
| Date              : Wed Apr 14 01:01:03 2021
| Host              : correlator2.fnal.gov running 64-bit Scientific Linux release 7.9 (Nitrogen)
| Command           : report_timing_summary -file ./report/myproject_timing_synth.rpt
| Design            : bd_0_wrapper
| Device            : xcvu9p-flgb2104
| Speed File        : -2  PRODUCTION 1.26 08-13-2019
| Temperature Grade : I
--------------------------------------------------------------------------------------------------

Timing Summary Report

------------------------------------------------------------------------------------------------
| Timer Settings
| --------------
------------------------------------------------------------------------------------------------

  Enable Multi Corner Analysis               :  Yes
  Enable Pessimism Removal                   :  Yes
  Pessimism Removal Resolution               :  Nearest Common Node
  Enable Input Delay Default Clock           :  No
  Enable Preset / Clear Arcs                 :  No
  Disable Flight Delays                      :  No
  Ignore I/O Paths                           :  No
  Timing Early Launch at Borrowing Latches   :  No
  Borrow Time for Max Delay Exceptions       :  Yes
  Merge Timing Exceptions                    :  Yes

  Corner  Analyze    Analyze    
  Name    Max Paths  Min Paths  
  ------  ---------  ---------  
  Slow    Yes        Yes        
  Fast    Yes        Yes        



check_timing report

Table of Contents
-----------------
1. checking no_clock
2. checking constant_clock
3. checking pulse_width_clock
4. checking unconstrained_internal_endpoints
5. checking no_input_delay
6. checking no_output_delay
7. checking multiple_clock
8. checking generated_clocks
9. checking loops
10. checking partial_input_delay
11. checking partial_output_delay
12. checking latch_loops

1. checking no_clock
--------------------
 There are 0 register/latch pins with no clock.


2. checking constant_clock
--------------------------
 There are 0 register/latch pins with constant_clock.


3. checking pulse_width_clock
-----------------------------
 There are 0 register/latch pins which need pulse_width check


4. checking unconstrained_internal_endpoints
--------------------------------------------
 There are 0 pins that are not constrained for maximum delay.

 There are 0 pins that are not constrained for maximum delay due to constant clock.


5. checking no_input_delay
--------------------------
 There are 61 input ports with no input delay specified. (HIGH)

 There are 0 input ports with no input delay but user has a false path constraint.


6. checking no_output_delay
---------------------------
 There are 136 ports with no output delay specified. (HIGH)

 There are 0 ports with no output delay but user has a false path constraint

 There are 0 ports with no output delay but with a timing clock defined on it or propagating through it


7. checking multiple_clock
--------------------------
 There are 0 register/latch pins with multiple clocks.


8. checking generated_clocks
----------------------------
 There are 0 generated clocks that are not connected to a clock source.


9. checking loops
-----------------
 There are 0 combinational loops in the design.


10. checking partial_input_delay
--------------------------------
 There are 0 input ports with partial input delay specified.


11. checking partial_output_delay
---------------------------------
 There are 0 ports with partial output delay specified.


12. checking latch_loops
------------------------
 There are 0 combinational latch loops in the design through latch input



------------------------------------------------------------------------------------------------
| Design Timing Summary
| ---------------------
------------------------------------------------------------------------------------------------

    WNS(ns)      TNS(ns)  TNS Failing Endpoints  TNS Total Endpoints      WHS(ns)      THS(ns)  THS Failing Endpoints  THS Total Endpoints     WPWS(ns)     TPWS(ns)  TPWS Failing Endpoints  TPWS Total Endpoints  
    -------      -------  ---------------------  -------------------      -------      -------  ---------------------  -------------------     --------     --------  ----------------------  --------------------  
      1.476        0.000                      0               687983        0.066        0.000                      0               687983        1.958        0.000                       0                345959  


All user specified timing constraints are met.


------------------------------------------------------------------------------------------------
| Clock Summary
| -------------
------------------------------------------------------------------------------------------------

Clock   Waveform(ns)         Period(ns)      Frequency(MHz)
-----   ------------         ----------      --------------
ap_clk  {0.000 2.500}        5.000           200.000         


------------------------------------------------------------------------------------------------
| Intra Clock Table
| -----------------
------------------------------------------------------------------------------------------------

Clock             WNS(ns)      TNS(ns)  TNS Failing Endpoints  TNS Total Endpoints      WHS(ns)      THS(ns)  THS Failing Endpoints  THS Total Endpoints     WPWS(ns)     TPWS(ns)  TPWS Failing Endpoints  TPWS Total Endpoints  
-----             -------      -------  ---------------------  -------------------      -------      -------  ---------------------  -------------------     --------     --------  ----------------------  --------------------  
ap_clk              1.476        0.000                      0               687983        0.066        0.000                      0               687983        1.958        0.000                       0                345959  


------------------------------------------------------------------------------------------------
| Inter Clock Table
| -----------------
------------------------------------------------------------------------------------------------

From Clock    To Clock          WNS(ns)      TNS(ns)  TNS Failing Endpoints  TNS Total Endpoints      WHS(ns)      THS(ns)  THS Failing Endpoints  THS Total Endpoints  
----------    --------          -------      -------  ---------------------  -------------------      -------      -------  ---------------------  -------------------  


------------------------------------------------------------------------------------------------
| Other Path Groups Table
| -----------------------
------------------------------------------------------------------------------------------------

Path Group    From Clock    To Clock          WNS(ns)      TNS(ns)  TNS Failing Endpoints  TNS Total Endpoints      WHS(ns)      THS(ns)  THS Failing Endpoints  THS Total Endpoints  
----------    ----------    --------          -------      -------  ---------------------  -------------------      -------      -------  ---------------------  -------------------  


------------------------------------------------------------------------------------------------
| Timing Details
| --------------
------------------------------------------------------------------------------------------------


---------------------------------------------------------------------------------------------------
From Clock:  ap_clk
  To Clock:  ap_clk

Setup :            0  Failing Endpoints,  Worst Slack        1.476ns,  Total Violation        0.000ns
Hold  :            0  Failing Endpoints,  Worst Slack        0.066ns,  Total Violation        0.000ns
PW    :            0  Failing Endpoints,  Worst Slack        1.958ns,  Total Violation        0.000ns
---------------------------------------------------------------------------------------------------


Max Delay Paths
--------------------------------------------------------------------------------------
Slack (MET) :             1.476ns  (required time - arrival time)
  Source:                 bd_0_i/hls_inst/inst/conv_2d_large_cl2_ap_fixed_ap_fixed_config11_U0/ap_CS_fsm_reg[2]/C
                            (rising edge-triggered cell FDRE clocked by ap_clk  {rise@0.000ns fall@2.500ns period=5.000ns})
  Destination:            bd_0_i/hls_inst/inst/conv_2d_large_cl2_ap_fixed_ap_fixed_config11_U0/p_0_1000_product_ap_fixed_ap_fixed_ap_fixed_16_6_5_3_0_s_fu_17940/myproject_mul_mul_16s_16s_26_1_1_U13/myproject_mul_mul_16s_16s_26_1_1_DSP48_0_U/p/DSP_A_B_DATA_INST/B[16]
                            (rising edge-triggered cell DSP_A_B_DATA clocked by ap_clk  {rise@0.000ns fall@2.500ns period=5.000ns})
  Path Group:             ap_clk
  Path Type:              Setup (Max at Slow Process Corner)
  Requirement:            5.000ns  (ap_clk rise@5.000ns - ap_clk rise@0.000ns)
  Data Path Delay:        3.234ns  (logic 0.694ns (21.457%)  route 2.540ns (78.543%))
  Logic Levels:           10  (LUT3=1 LUT5=1 LUT6=5 MUXF7=2 MUXF8=1)
  Clock Uncertainty:      0.035ns  ((TSJ^2 + TIJ^2)^1/2 + DJ) / 2 + PE
    Total System Jitter     (TSJ):    0.071ns
    Total Input Jitter      (TIJ):    0.000ns
    Discrete Jitter          (DJ):    0.000ns
    Phase Error              (PE):    0.000ns

    Location             Delay type                Incr(ns)  Path(ns)    Netlist Resource(s)
  -------------------------------------------------------------------    -------------------
                         (clock ap_clk rise edge)     0.000     0.000 r  
                                                      0.000     0.000 r  ap_clk (IN)
                         net (fo=353572, unset)       0.000     0.000    bd_0_i/hls_inst/inst/conv_2d_large_cl2_ap_fixed_ap_fixed_config11_U0/ap_clk
                         FDRE                                         r  bd_0_i/hls_inst/inst/conv_2d_large_cl2_ap_fixed_ap_fixed_config11_U0/ap_CS_fsm_reg[2]/C
  -------------------------------------------------------------------    -------------------
                         FDRE (Prop_FDRE_C_Q)         0.077     0.077 r  bd_0_i/hls_inst/inst/conv_2d_large_cl2_ap_fixed_ap_fixed_config11_U0/ap_CS_fsm_reg[2]/Q
                         net (fo=5296, unplaced)      0.277     0.354    bd_0_i/hls_inst/inst/conv_2d_large_cl2_ap_fixed_ap_fixed_config11_U0/p_0_680_product_ap_fixed_ap_fixed_ap_fixed_16_6_5_3_0_s_fu_16020/myproject_mul_mul_16s_16s_26_1_1_U13/myproject_mul_mul_16s_16s_26_1_1_DSP48_0_U/Q[0]
                         LUT3 (Prop_LUT3_I1_O)        0.100     0.454 r  bd_0_i/hls_inst/inst/conv_2d_large_cl2_ap_fixed_ap_fixed_config11_U0/p_0_680_product_ap_fixed_ap_fixed_ap_fixed_16_6_5_3_0_s_fu_16020/myproject_mul_mul_16s_16s_26_1_1_U13/myproject_mul_mul_16s_16s_26_1_1_DSP48_0_U/w_index263_reg_9997[7]_i_2/O
                         net (fo=38, unplaced)        0.261     0.715    bd_0_i/hls_inst/inst/conv_2d_large_cl2_ap_fixed_ap_fixed_config11_U0/p_0_680_product_ap_fixed_ap_fixed_ap_fixed_16_6_5_3_0_s_fu_16020/myproject_mul_mul_16s_16s_26_1_1_U13/myproject_mul_mul_16s_16s_26_1_1_DSP48_0_U/icmp_ln64_reg_38850_reg[0]
                         LUT6 (Prop_LUT6_I4_O)        0.038     0.753 r  bd_0_i/hls_inst/inst/conv_2d_large_cl2_ap_fixed_ap_fixed_config11_U0/p_0_680_product_ap_fixed_ap_fixed_ap_fixed_16_6_5_3_0_s_fu_16020/myproject_mul_mul_16s_16s_26_1_1_U13/myproject_mul_mul_16s_16s_26_1_1_DSP48_0_U/p_i_4284__0/O
                         net (fo=32, unplaced)        0.257     1.010    bd_0_i/hls_inst/inst/conv_2d_large_cl2_ap_fixed_ap_fixed_config11_U0/p_0_680_product_ap_fixed_ap_fixed_ap_fixed_16_6_5_3_0_s_fu_16020/myproject_mul_mul_16s_16s_26_1_1_U13/myproject_mul_mul_16s_16s_26_1_1_DSP48_0_U/p_i_4284__0_n_3
                         LUT6 (Prop_LUT6_I0_O)        0.038     1.048 r  bd_0_i/hls_inst/inst/conv_2d_large_cl2_ap_fixed_ap_fixed_config11_U0/p_0_680_product_ap_fixed_ap_fixed_ap_fixed_16_6_5_3_0_s_fu_16020/myproject_mul_mul_16s_16s_26_1_1_U13/myproject_mul_mul_16s_16s_26_1_1_DSP48_0_U/p_i_4253__0/O
                         net (fo=128, unplaced)       0.288     1.336    bd_0_i/hls_inst/inst/conv_2d_large_cl2_ap_fixed_ap_fixed_config11_U0/p_0_680_product_ap_fixed_ap_fixed_ap_fixed_16_6_5_3_0_s_fu_16020_n_57
                         LUT6 (Prop_LUT6_I4_O)        0.037     1.373 r  bd_0_i/hls_inst/inst/conv_2d_large_cl2_ap_fixed_ap_fixed_config11_U0/p_i_2189/O
                         net (fo=1, unplaced)         0.032     1.405    bd_0_i/hls_inst/inst/conv_2d_large_cl2_ap_fixed_ap_fixed_config11_U0/p_i_2189_n_3
                         MUXF7 (Prop_MUXF7_I0_O)      0.069     1.474 r  bd_0_i/hls_inst/inst/conv_2d_large_cl2_ap_fixed_ap_fixed_config11_U0/p_i_1161/O
                         net (fo=1, unplaced)         0.000     1.474    bd_0_i/hls_inst/inst/conv_2d_large_cl2_ap_fixed_ap_fixed_config11_U0/p_i_1161_n_3
                         MUXF8 (Prop_MUXF8_I0_O)      0.030     1.504 r  bd_0_i/hls_inst/inst/conv_2d_large_cl2_ap_fixed_ap_fixed_config11_U0/p_i_646/O
                         net (fo=1, unplaced)         0.203     1.707    bd_0_i/hls_inst/inst/conv_2d_large_cl2_ap_fixed_ap_fixed_config11_U0/p_i_646_n_3
                         LUT6 (Prop_LUT6_I0_O)        0.100     1.807 r  bd_0_i/hls_inst/inst/conv_2d_large_cl2_ap_fixed_ap_fixed_config11_U0/p_i_278/O
                         net (fo=1, unplaced)         0.024     1.831    bd_0_i/hls_inst/inst/conv_2d_large_cl2_ap_fixed_ap_fixed_config11_U0/p_i_278_n_3
                         MUXF7 (Prop_MUXF7_I0_O)      0.067     1.898 r  bd_0_i/hls_inst/inst/conv_2d_large_cl2_ap_fixed_ap_fixed_config11_U0/p_i_77/O
                         net (fo=1, unplaced)         0.156     2.054    bd_0_i/hls_inst/inst/conv_2d_large_cl2_ap_fixed_ap_fixed_config11_U0/p_i_77_n_3
                         LUT6 (Prop_LUT6_I0_O)        0.100     2.154 r  bd_0_i/hls_inst/inst/conv_2d_large_cl2_ap_fixed_ap_fixed_config11_U0/p_i_21/O
                         net (fo=1, unplaced)         0.197     2.351    bd_0_i/hls_inst/inst/conv_2d_large_cl2_ap_fixed_ap_fixed_config11_U0/lshr_ln76_22_fu_18635_p2[15]
                         LUT5 (Prop_LUT5_I4_O)        0.038     2.389 r  bd_0_i/hls_inst/inst/conv_2d_large_cl2_ap_fixed_ap_fixed_config11_U0/p_i_1/O
                         net (fo=384, unplaced)       0.845     3.234    bd_0_i/hls_inst/inst/conv_2d_large_cl2_ap_fixed_ap_fixed_config11_U0/p_0_1000_product_ap_fixed_ap_fixed_ap_fixed_16_6_5_3_0_s_fu_17940/myproject_mul_mul_16s_16s_26_1_1_U13/myproject_mul_mul_16s_16s_26_1_1_DSP48_0_U/p/B[16]
                         DSP_A_B_DATA                                 r  bd_0_i/hls_inst/inst/conv_2d_large_cl2_ap_fixed_ap_fixed_config11_U0/p_0_1000_product_ap_fixed_ap_fixed_ap_fixed_16_6_5_3_0_s_fu_17940/myproject_mul_mul_16s_16s_26_1_1_U13/myproject_mul_mul_16s_16s_26_1_1_DSP48_0_U/p/DSP_A_B_DATA_INST/B[16]
  -------------------------------------------------------------------    -------------------

                         (clock ap_clk rise edge)     5.000     5.000 r  
                                                      0.000     5.000 r  ap_clk (IN)
                         net (fo=353572, unset)       0.000     5.000    bd_0_i/hls_inst/inst/conv_2d_large_cl2_ap_fixed_ap_fixed_config11_U0/p_0_1000_product_ap_fixed_ap_fixed_ap_fixed_16_6_5_3_0_s_fu_17940/myproject_mul_mul_16s_16s_26_1_1_U13/myproject_mul_mul_16s_16s_26_1_1_DSP48_0_U/p/CLK
                         DSP_A_B_DATA                                 r  bd_0_i/hls_inst/inst/conv_2d_large_cl2_ap_fixed_ap_fixed_config11_U0/p_0_1000_product_ap_fixed_ap_fixed_ap_fixed_16_6_5_3_0_s_fu_17940/myproject_mul_mul_16s_16s_26_1_1_U13/myproject_mul_mul_16s_16s_26_1_1_DSP48_0_U/p/DSP_A_B_DATA_INST/CLK
                         clock pessimism              0.000     5.000    
                         clock uncertainty           -0.035     4.965    
                         DSP_A_B_DATA (Setup_DSP_A_B_DATA_CLK_B[16])
                                                     -0.254     4.711    bd_0_i/hls_inst/inst/conv_2d_large_cl2_ap_fixed_ap_fixed_config11_U0/p_0_1000_product_ap_fixed_ap_fixed_ap_fixed_16_6_5_3_0_s_fu_17940/myproject_mul_mul_16s_16s_26_1_1_U13/myproject_mul_mul_16s_16s_26_1_1_DSP48_0_U/p/DSP_A_B_DATA_INST
  -------------------------------------------------------------------
                         required time                          4.711    
                         arrival time                          -3.234    
  -------------------------------------------------------------------
                         slack                                  1.476    





Min Delay Paths
--------------------------------------------------------------------------------------
Slack (MET) :             0.066ns  (arrival time - required time)
  Source:                 bd_0_i/hls_inst/inst/dense_large_stream_ap_fixed_ap_fixed_config16_U0/grp_dense_large_ap_fixed_ap_fixed_16_6_5_3_0_config16_s_fu_6901/data_1000_V_read1022_phi_reg_60252_pp0_iter1_reg_reg[0]/C
                            (rising edge-triggered cell FDRE clocked by ap_clk  {rise@0.000ns fall@2.500ns period=5.000ns})
  Destination:            bd_0_i/hls_inst/inst/dense_large_stream_ap_fixed_ap_fixed_config16_U0/grp_dense_large_ap_fixed_ap_fixed_16_6_5_3_0_config16_s_fu_6901/data_1000_V_read1022_phi_reg_60252_pp0_iter25_reg_reg[0]_srl24/D
                            (rising edge-triggered cell SRLC32E clocked by ap_clk  {rise@0.000ns fall@2.500ns period=5.000ns})
  Path Group:             ap_clk
  Path Type:              Hold (Min at Fast Process Corner)
  Requirement:            0.000ns  (ap_clk rise@0.000ns - ap_clk rise@0.000ns)
  Data Path Delay:        0.112ns  (logic 0.038ns (33.929%)  route 0.074ns (66.071%))
  Logic Levels:           0  

    Location             Delay type                Incr(ns)  Path(ns)    Netlist Resource(s)
  -------------------------------------------------------------------    -------------------
                         (clock ap_clk rise edge)     0.000     0.000 r  
                                                      0.000     0.000 r  ap_clk (IN)
                         net (fo=353572, unset)       0.000     0.000    bd_0_i/hls_inst/inst/dense_large_stream_ap_fixed_ap_fixed_config16_U0/grp_dense_large_ap_fixed_ap_fixed_16_6_5_3_0_config16_s_fu_6901/ap_clk
                         FDRE                                         r  bd_0_i/hls_inst/inst/dense_large_stream_ap_fixed_ap_fixed_config16_U0/grp_dense_large_ap_fixed_ap_fixed_16_6_5_3_0_config16_s_fu_6901/data_1000_V_read1022_phi_reg_60252_pp0_iter1_reg_reg[0]/C
  -------------------------------------------------------------------    -------------------
                         FDRE (Prop_FDRE_C_Q)         0.038     0.038 r  bd_0_i/hls_inst/inst/dense_large_stream_ap_fixed_ap_fixed_config16_U0/grp_dense_large_ap_fixed_ap_fixed_16_6_5_3_0_config16_s_fu_6901/data_1000_V_read1022_phi_reg_60252_pp0_iter1_reg_reg[0]/Q
                         net (fo=1, unplaced)         0.074     0.112    bd_0_i/hls_inst/inst/dense_large_stream_ap_fixed_ap_fixed_config16_U0/grp_dense_large_ap_fixed_ap_fixed_16_6_5_3_0_config16_s_fu_6901/data_1000_V_read1022_phi_reg_60252_pp0_iter1_reg[0]
                         SRLC32E                                      r  bd_0_i/hls_inst/inst/dense_large_stream_ap_fixed_ap_fixed_config16_U0/grp_dense_large_ap_fixed_ap_fixed_16_6_5_3_0_config16_s_fu_6901/data_1000_V_read1022_phi_reg_60252_pp0_iter25_reg_reg[0]_srl24/D
  -------------------------------------------------------------------    -------------------

                         (clock ap_clk rise edge)     0.000     0.000 r  
                                                      0.000     0.000 r  ap_clk (IN)
                         net (fo=353572, unset)       0.000     0.000    bd_0_i/hls_inst/inst/dense_large_stream_ap_fixed_ap_fixed_config16_U0/grp_dense_large_ap_fixed_ap_fixed_16_6_5_3_0_config16_s_fu_6901/ap_clk
                         SRLC32E                                      r  bd_0_i/hls_inst/inst/dense_large_stream_ap_fixed_ap_fixed_config16_U0/grp_dense_large_ap_fixed_ap_fixed_16_6_5_3_0_config16_s_fu_6901/data_1000_V_read1022_phi_reg_60252_pp0_iter25_reg_reg[0]_srl24/CLK
                         clock pessimism              0.000     0.000    
                         SRLC32E (Hold_SRLC32E_CLK_D)
                                                      0.046     0.046    bd_0_i/hls_inst/inst/dense_large_stream_ap_fixed_ap_fixed_config16_U0/grp_dense_large_ap_fixed_ap_fixed_16_6_5_3_0_config16_s_fu_6901/data_1000_V_read1022_phi_reg_60252_pp0_iter25_reg_reg[0]_srl24
  -------------------------------------------------------------------
                         required time                         -0.046    
                         arrival time                           0.112    
  -------------------------------------------------------------------
                         slack                                  0.066    





Pulse Width Checks
--------------------------------------------------------------------------------------
Clock Name:         ap_clk
Waveform(ns):       { 0.000 2.500 }
Period(ns):         5.000
Sources:            { ap_clk }

Check Type        Corner  Lib Pin             Reference Pin  Required(ns)  Actual(ns)  Slack(ns)  Location  Pin
Min Period        n/a     RAMB18E2/CLKARDCLK  n/a            1.569         5.000       3.431                bd_0_i/hls_inst/inst/layer18_out_0_V_V_U/mem_reg_bram_0/CLKARDCLK
Low Pulse Width   Slow    RAMB18E2/CLKARDCLK  n/a            0.542         2.500       1.958                bd_0_i/hls_inst/inst/conv_2d_large_cl2_ap_fixed_ap_fixed_config11_U0/q0_reg_0/CLKARDCLK
High Pulse Width  Slow    RAMB18E2/CLKARDCLK  n/a            0.542         2.500       1.958                bd_0_i/hls_inst/inst/conv_2d_large_cl2_ap_fixed_ap_fixed_config11_U0/q0_reg_0/CLKARDCLK



