Found 1 solution(s) in ./myproject_prj.
Reports for solution "solution1":

C SIMULATION RESULT:
INFO: [SIM 2] *************** CSIM start ***************
INFO: [SIM 4] CSIM will launch GCC as the compiler.
   Compiling ../../../../myproject_test.cpp in debug mode
   Compiling ../../../../firmware/myproject.cpp in debug mode
   Generating csim.exe
INFO: Unable to open input/predictions file, using default input.
INFO: Saved inference results to file: tb_data/csim_results.log
INFO: [SIM 1] CSim done with 0 errors.
INFO: [SIM 3] *************** CSIM finish ***************

SYNTHESIS REPORT:
================================================================
== Vivado HLS Report for 'myproject'
================================================================
* Date:           Wed Feb  3 01:39:26 2021

* Version:        2018.2 (Build 2258646 on Thu Jun 14 20:25:20 MDT 2018)
* Project:        myproject_prj
* Solution:       solution1
* Product family: virtexuplus
* Target device:  xcvu9p-flgb2104-2-i


================================================================
== Performance Estimates
================================================================
+ Timing (ns): 
    * Summary: 
    +--------+-------+----------+------------+
    |  Clock | Target| Estimated| Uncertainty|
    +--------+-------+----------+------------+
    |ap_clk  |   5.00|     4.366|        0.62|
    +--------+-------+----------+------------+

+ Latency (clock cycles): 
    * Summary: 
    +-----+-----+-----+-----+---------+
    |  Latency  |  Interval | Pipeline|
    | min | max | min | max |   Type  |
    +-----+-----+-----+-----+---------+
    |    ?|    ?|    ?|    ?|   none  |
    +-----+-----+-----+-----+---------+

    + Detail: 
        * Instance: 
        +---------------------------+--------------+-----+-----+-----+-----+----------+
        |                           |              |  Latency  |  Interval | Pipeline |
        |          Instance         |    Module    | min | max | min | max |   Type   |
        +---------------------------+--------------+-----+-----+-----+-----+----------+
        |grp_myproject_in_fu_12946  |myproject_in  |    ?|    ?|    ?|    ?| dataflow |
        +---------------------------+--------------+-----+-----+-----+-----+----------+

        * Loop: 
        +-------------+-----+-----+----------+-----------+-----------+------+----------+
        |             |  Latency  | Iteration|  Initiation Interval  | Trip |          |
        |  Loop Name  | min | max |  Latency |  achieved |   target  | Count| Pipelined|
        +-------------+-----+-----+----------+-----------+-----------+------+----------+
        |- Loop 1     |    ?|    ?|         ?|          -|          -|    16|    no    |
        | + Loop 1.1  |    ?|    ?|         ?|          -|          -|    16|    no    |
        +-------------+-----+-----+----------+-----------+-----------+------+----------+



================================================================
== Utilization Estimates
================================================================
* Summary: 
+-----------------+---------+-------+---------+---------+-----+
|       Name      | BRAM_18K| DSP48E|    FF   |   LUT   | URAM|
+-----------------+---------+-------+---------+---------+-----+
|DSP              |        -|      -|        -|        -|    -|
|Expression       |        -|      -|        0|       56|    -|
|FIFO             |        -|      -|        -|        -|    -|
|Instance         |      542|   1515|   280568|   455240|    -|
|Memory           |        -|      -|        -|        -|    -|
|Multiplexer      |        -|      -|        -|       81|    -|
|Register         |        -|      -|       27|        -|    -|
+-----------------+---------+-------+---------+---------+-----+
|Total            |      542|   1515|   280595|   455377|    0|
+-----------------+---------+-------+---------+---------+-----+
|Available        |     4320|   6840|  2364480|  1182240|  960|
+-----------------+---------+-------+---------+---------+-----+
|Utilization (%)  |       12|     22|       11|       38|    0|
+-----------------+---------+-------+---------+---------+-----+

+ Detail: 
    * Instance: 
    +---------------------------+--------------+---------+-------+--------+--------+
    |          Instance         |    Module    | BRAM_18K| DSP48E|   FF   |   LUT  |
    +---------------------------+--------------+---------+-------+--------+--------+
    |grp_myproject_in_fu_12946  |myproject_in  |      542|   1515|  280568|  455240|
    +---------------------------+--------------+---------+-------+--------+--------+
    |Total                      |              |      542|   1515|  280568|  455240|
    +---------------------------+--------------+---------+-------+--------+--------+

CO-SIMULATION RESULT:
Report time       : Wed Feb  3 02:44:22 CST 2021.
Solution          : solution1.
Simulation tool   : xsim.

+----------+----------+-----------------------------------------------+-----------------------------------------------+
|          |          |                    Latency                    |                    Interval                   |
+   RTL    +  Status  +-----------------------------------------------+-----------------------------------------------+
|          |          |      min      |      avg      |      max      |      min      |      avg      |      max      |
+----------+----------+-----------------------------------------------+-----------------------------------------------+
|      VHDL|        NA|             NA|             NA|             NA|             NA|             NA|             NA|
|   Verilog|      Pass|          33971|          42815|          43700|          33972|          42728|          43701|
+----------+----------+-----------------------------------------------+-----------------------------------------------+

