

================================================================
== Vivado HLS Report for 'pooling2d_cl_ap_fixed_ap_fixed_16_6_5_3_0_config6_s'
================================================================
* Date:           Tue Apr 13 22:11:16 2021

* Version:        2019.2.1 (Build 2724168 on Thu Dec 05 05:19:09 MST 2019)
* Project:        myproject_prj
* Solution:       solution1
* Product family: virtexuplus
* Target device:  xcvu9p-flgb2104-2-i


================================================================
== Performance Estimates
================================================================
+ Timing: 
    * Summary: 
    +--------+---------+----------+------------+
    |  Clock |  Target | Estimated| Uncertainty|
    +--------+---------+----------+------------+
    |ap_clk  | 5.00 ns | 3.839 ns |   0.62 ns  |
    +--------+---------+----------+------------+

+ Latency: 
    * Summary: 
    +---------+---------+----------+----------+-----+-----+---------+
    |  Latency (cycles) |  Latency (absolute) |  Interval | Pipeline|
    |   min   |   max   |    min   |    max   | min | max |   Type  |
    +---------+---------+----------+----------+-----+-----+---------+
    |      262|      262| 1.310 us | 1.310 us |  262|  262|   none  |
    +---------+---------+----------+----------+-----+-----+---------+

    + Detail: 
        * Instance: 
        N/A

        * Loop: 
        +------------------------+---------+---------+----------+-----------+-----------+------+----------+
        |                        |  Latency (cycles) | Iteration|  Initiation Interval  | Trip |          |
        |        Loop Name       |   min   |   max   |  Latency |  achieved |   target  | Count| Pipelined|
        +------------------------+---------+---------+----------+-----------+-----------+------+----------+
        |- PoolHeight_PoolWidth  |      260|      260|         6|          1|          1|   256|    yes   |
        +------------------------+---------+---------+----------+-----------+-----------+------+----------+

============================================================
+ Verbose Summary: Synthesis Manager
============================================================
InlineROM: 1
ExposeGlobal: 0
============================================================
+ Verbose Summary: CDFG Model
============================================================
IsTopModel: 0
ResetActiveHigh: 1
IsCombinational: 2
IsDatapathOnly: 0
HasWiredReturn: 1
HasMFsm: 0
HasVarLatency: 1
IsPipeline: 0
IsRtlPipelined: 0
IsInstanceOverlapped: 0
IsDontTouch: 0
HasImplIP: 0
IsGatedGlobalClock: 0

+ Individual pipeline summary: 
  * Pipeline-0: initiation interval (II) = 1, depth = 6


============================================================
+ Verbose Summary: Schedule
============================================================
* Number of FSM states : 8
* Pipeline : 1
  Pipeline-0 : II = 1, D = 6, States = { 2 3 4 5 6 7 }
* Dataflow Pipeline: 0

* FSM state transitions: 
1 --> 2 
2 --> 8 3 
3 --> 4 
4 --> 5 
5 --> 6 
6 --> 7 
7 --> 2 
8 --> 

* FSM state operations: 

State 1 <SV = 0> <Delay = 0.60>
ST_1 : Operation 9 [1/1] (0.00ns)   --->   "call void (...)* @_ssdm_op_SpecInterface(i16* %res_63_V_V, [8 x i8]* @ap_fifo_str, i32 0, i32 0, [1 x i8]* @p_str1675, i32 0, i32 0, [1 x i8]* @p_str1676, [1 x i8]* @p_str1677, [1 x i8]* @p_str1678, i32 2, i32 2, i32 16, i32 16, [1 x i8]* @p_str1679, [1 x i8]* @p_str1680)"   --->   Operation 9 'specinterface' <Predicate = true> <Delay = 0.00>
ST_1 : Operation 10 [1/1] (0.00ns)   --->   "call void (...)* @_ssdm_op_SpecInterface(i16* %res_62_V_V, [8 x i8]* @ap_fifo_str, i32 0, i32 0, [1 x i8]* @p_str1668, i32 0, i32 0, [1 x i8]* @p_str1669, [1 x i8]* @p_str1670, [1 x i8]* @p_str1671, i32 2, i32 2, i32 16, i32 16, [1 x i8]* @p_str1672, [1 x i8]* @p_str1673)"   --->   Operation 10 'specinterface' <Predicate = true> <Delay = 0.00>
ST_1 : Operation 11 [1/1] (0.00ns)   --->   "call void (...)* @_ssdm_op_SpecInterface(i16* %res_61_V_V, [8 x i8]* @ap_fifo_str, i32 0, i32 0, [1 x i8]* @p_str1661, i32 0, i32 0, [1 x i8]* @p_str1662, [1 x i8]* @p_str1663, [1 x i8]* @p_str1664, i32 2, i32 2, i32 16, i32 16, [1 x i8]* @p_str1665, [1 x i8]* @p_str1666)"   --->   Operation 11 'specinterface' <Predicate = true> <Delay = 0.00>
ST_1 : Operation 12 [1/1] (0.00ns)   --->   "call void (...)* @_ssdm_op_SpecInterface(i16* %res_60_V_V, [8 x i8]* @ap_fifo_str, i32 0, i32 0, [1 x i8]* @p_str1654, i32 0, i32 0, [1 x i8]* @p_str1655, [1 x i8]* @p_str1656, [1 x i8]* @p_str1657, i32 2, i32 2, i32 16, i32 16, [1 x i8]* @p_str1658, [1 x i8]* @p_str1659)"   --->   Operation 12 'specinterface' <Predicate = true> <Delay = 0.00>
ST_1 : Operation 13 [1/1] (0.00ns)   --->   "call void (...)* @_ssdm_op_SpecInterface(i16* %res_59_V_V, [8 x i8]* @ap_fifo_str, i32 0, i32 0, [1 x i8]* @p_str1647, i32 0, i32 0, [1 x i8]* @p_str1648, [1 x i8]* @p_str1649, [1 x i8]* @p_str1650, i32 2, i32 2, i32 16, i32 16, [1 x i8]* @p_str1651, [1 x i8]* @p_str1652)"   --->   Operation 13 'specinterface' <Predicate = true> <Delay = 0.00>
ST_1 : Operation 14 [1/1] (0.00ns)   --->   "call void (...)* @_ssdm_op_SpecInterface(i16* %res_58_V_V, [8 x i8]* @ap_fifo_str, i32 0, i32 0, [1 x i8]* @p_str1640, i32 0, i32 0, [1 x i8]* @p_str1641, [1 x i8]* @p_str1642, [1 x i8]* @p_str1643, i32 2, i32 2, i32 16, i32 16, [1 x i8]* @p_str1644, [1 x i8]* @p_str1645)"   --->   Operation 14 'specinterface' <Predicate = true> <Delay = 0.00>
ST_1 : Operation 15 [1/1] (0.00ns)   --->   "call void (...)* @_ssdm_op_SpecInterface(i16* %res_57_V_V, [8 x i8]* @ap_fifo_str, i32 0, i32 0, [1 x i8]* @p_str1633, i32 0, i32 0, [1 x i8]* @p_str1634, [1 x i8]* @p_str1635, [1 x i8]* @p_str1636, i32 2, i32 2, i32 16, i32 16, [1 x i8]* @p_str1637, [1 x i8]* @p_str1638)"   --->   Operation 15 'specinterface' <Predicate = true> <Delay = 0.00>
ST_1 : Operation 16 [1/1] (0.00ns)   --->   "call void (...)* @_ssdm_op_SpecInterface(i16* %res_56_V_V, [8 x i8]* @ap_fifo_str, i32 0, i32 0, [1 x i8]* @p_str1626, i32 0, i32 0, [1 x i8]* @p_str1627, [1 x i8]* @p_str1628, [1 x i8]* @p_str1629, i32 2, i32 2, i32 16, i32 16, [1 x i8]* @p_str1630, [1 x i8]* @p_str1631)"   --->   Operation 16 'specinterface' <Predicate = true> <Delay = 0.00>
ST_1 : Operation 17 [1/1] (0.00ns)   --->   "call void (...)* @_ssdm_op_SpecInterface(i16* %res_55_V_V, [8 x i8]* @ap_fifo_str, i32 0, i32 0, [1 x i8]* @p_str1619, i32 0, i32 0, [1 x i8]* @p_str1620, [1 x i8]* @p_str1621, [1 x i8]* @p_str1622, i32 2, i32 2, i32 16, i32 16, [1 x i8]* @p_str1623, [1 x i8]* @p_str1624)"   --->   Operation 17 'specinterface' <Predicate = true> <Delay = 0.00>
ST_1 : Operation 18 [1/1] (0.00ns)   --->   "call void (...)* @_ssdm_op_SpecInterface(i16* %res_54_V_V, [8 x i8]* @ap_fifo_str, i32 0, i32 0, [1 x i8]* @p_str1612, i32 0, i32 0, [1 x i8]* @p_str1613, [1 x i8]* @p_str1614, [1 x i8]* @p_str1615, i32 2, i32 2, i32 16, i32 16, [1 x i8]* @p_str1616, [1 x i8]* @p_str1617)"   --->   Operation 18 'specinterface' <Predicate = true> <Delay = 0.00>
ST_1 : Operation 19 [1/1] (0.00ns)   --->   "call void (...)* @_ssdm_op_SpecInterface(i16* %res_53_V_V, [8 x i8]* @ap_fifo_str, i32 0, i32 0, [1 x i8]* @p_str1605, i32 0, i32 0, [1 x i8]* @p_str1606, [1 x i8]* @p_str1607, [1 x i8]* @p_str1608, i32 2, i32 2, i32 16, i32 16, [1 x i8]* @p_str1609, [1 x i8]* @p_str1610)"   --->   Operation 19 'specinterface' <Predicate = true> <Delay = 0.00>
ST_1 : Operation 20 [1/1] (0.00ns)   --->   "call void (...)* @_ssdm_op_SpecInterface(i16* %res_52_V_V, [8 x i8]* @ap_fifo_str, i32 0, i32 0, [1 x i8]* @p_str1598, i32 0, i32 0, [1 x i8]* @p_str1599, [1 x i8]* @p_str1600, [1 x i8]* @p_str1601, i32 2, i32 2, i32 16, i32 16, [1 x i8]* @p_str1602, [1 x i8]* @p_str1603)"   --->   Operation 20 'specinterface' <Predicate = true> <Delay = 0.00>
ST_1 : Operation 21 [1/1] (0.00ns)   --->   "call void (...)* @_ssdm_op_SpecInterface(i16* %res_51_V_V, [8 x i8]* @ap_fifo_str, i32 0, i32 0, [1 x i8]* @p_str1591, i32 0, i32 0, [1 x i8]* @p_str1592, [1 x i8]* @p_str1593, [1 x i8]* @p_str1594, i32 2, i32 2, i32 16, i32 16, [1 x i8]* @p_str1595, [1 x i8]* @p_str1596)"   --->   Operation 21 'specinterface' <Predicate = true> <Delay = 0.00>
ST_1 : Operation 22 [1/1] (0.00ns)   --->   "call void (...)* @_ssdm_op_SpecInterface(i16* %res_50_V_V, [8 x i8]* @ap_fifo_str, i32 0, i32 0, [1 x i8]* @p_str1584, i32 0, i32 0, [1 x i8]* @p_str1585, [1 x i8]* @p_str1586, [1 x i8]* @p_str1587, i32 2, i32 2, i32 16, i32 16, [1 x i8]* @p_str1588, [1 x i8]* @p_str1589)"   --->   Operation 22 'specinterface' <Predicate = true> <Delay = 0.00>
ST_1 : Operation 23 [1/1] (0.00ns)   --->   "call void (...)* @_ssdm_op_SpecInterface(i16* %res_49_V_V, [8 x i8]* @ap_fifo_str, i32 0, i32 0, [1 x i8]* @p_str1577, i32 0, i32 0, [1 x i8]* @p_str1578, [1 x i8]* @p_str1579, [1 x i8]* @p_str1580, i32 2, i32 2, i32 16, i32 16, [1 x i8]* @p_str1581, [1 x i8]* @p_str1582)"   --->   Operation 23 'specinterface' <Predicate = true> <Delay = 0.00>
ST_1 : Operation 24 [1/1] (0.00ns)   --->   "call void (...)* @_ssdm_op_SpecInterface(i16* %res_48_V_V, [8 x i8]* @ap_fifo_str, i32 0, i32 0, [1 x i8]* @p_str1570, i32 0, i32 0, [1 x i8]* @p_str1571, [1 x i8]* @p_str1572, [1 x i8]* @p_str1573, i32 2, i32 2, i32 16, i32 16, [1 x i8]* @p_str1574, [1 x i8]* @p_str1575)"   --->   Operation 24 'specinterface' <Predicate = true> <Delay = 0.00>
ST_1 : Operation 25 [1/1] (0.00ns)   --->   "call void (...)* @_ssdm_op_SpecInterface(i16* %res_47_V_V, [8 x i8]* @ap_fifo_str, i32 0, i32 0, [1 x i8]* @p_str1563, i32 0, i32 0, [1 x i8]* @p_str1564, [1 x i8]* @p_str1565, [1 x i8]* @p_str1566, i32 2, i32 2, i32 16, i32 16, [1 x i8]* @p_str1567, [1 x i8]* @p_str1568)"   --->   Operation 25 'specinterface' <Predicate = true> <Delay = 0.00>
ST_1 : Operation 26 [1/1] (0.00ns)   --->   "call void (...)* @_ssdm_op_SpecInterface(i16* %res_46_V_V, [8 x i8]* @ap_fifo_str, i32 0, i32 0, [1 x i8]* @p_str1556, i32 0, i32 0, [1 x i8]* @p_str1557, [1 x i8]* @p_str1558, [1 x i8]* @p_str1559, i32 2, i32 2, i32 16, i32 16, [1 x i8]* @p_str1560, [1 x i8]* @p_str1561)"   --->   Operation 26 'specinterface' <Predicate = true> <Delay = 0.00>
ST_1 : Operation 27 [1/1] (0.00ns)   --->   "call void (...)* @_ssdm_op_SpecInterface(i16* %res_45_V_V, [8 x i8]* @ap_fifo_str, i32 0, i32 0, [1 x i8]* @p_str1549, i32 0, i32 0, [1 x i8]* @p_str1550, [1 x i8]* @p_str1551, [1 x i8]* @p_str1552, i32 2, i32 2, i32 16, i32 16, [1 x i8]* @p_str1553, [1 x i8]* @p_str1554)"   --->   Operation 27 'specinterface' <Predicate = true> <Delay = 0.00>
ST_1 : Operation 28 [1/1] (0.00ns)   --->   "call void (...)* @_ssdm_op_SpecInterface(i16* %res_44_V_V, [8 x i8]* @ap_fifo_str, i32 0, i32 0, [1 x i8]* @p_str1542, i32 0, i32 0, [1 x i8]* @p_str1543, [1 x i8]* @p_str1544, [1 x i8]* @p_str1545, i32 2, i32 2, i32 16, i32 16, [1 x i8]* @p_str1546, [1 x i8]* @p_str1547)"   --->   Operation 28 'specinterface' <Predicate = true> <Delay = 0.00>
ST_1 : Operation 29 [1/1] (0.00ns)   --->   "call void (...)* @_ssdm_op_SpecInterface(i16* %res_43_V_V, [8 x i8]* @ap_fifo_str, i32 0, i32 0, [1 x i8]* @p_str1535, i32 0, i32 0, [1 x i8]* @p_str1536, [1 x i8]* @p_str1537, [1 x i8]* @p_str1538, i32 2, i32 2, i32 16, i32 16, [1 x i8]* @p_str1539, [1 x i8]* @p_str1540)"   --->   Operation 29 'specinterface' <Predicate = true> <Delay = 0.00>
ST_1 : Operation 30 [1/1] (0.00ns)   --->   "call void (...)* @_ssdm_op_SpecInterface(i16* %res_42_V_V, [8 x i8]* @ap_fifo_str, i32 0, i32 0, [1 x i8]* @p_str1528, i32 0, i32 0, [1 x i8]* @p_str1529, [1 x i8]* @p_str1530, [1 x i8]* @p_str1531, i32 2, i32 2, i32 16, i32 16, [1 x i8]* @p_str1532, [1 x i8]* @p_str1533)"   --->   Operation 30 'specinterface' <Predicate = true> <Delay = 0.00>
ST_1 : Operation 31 [1/1] (0.00ns)   --->   "call void (...)* @_ssdm_op_SpecInterface(i16* %res_41_V_V, [8 x i8]* @ap_fifo_str, i32 0, i32 0, [1 x i8]* @p_str1521, i32 0, i32 0, [1 x i8]* @p_str1522, [1 x i8]* @p_str1523, [1 x i8]* @p_str1524, i32 2, i32 2, i32 16, i32 16, [1 x i8]* @p_str1525, [1 x i8]* @p_str1526)"   --->   Operation 31 'specinterface' <Predicate = true> <Delay = 0.00>
ST_1 : Operation 32 [1/1] (0.00ns)   --->   "call void (...)* @_ssdm_op_SpecInterface(i16* %res_40_V_V, [8 x i8]* @ap_fifo_str, i32 0, i32 0, [1 x i8]* @p_str1514, i32 0, i32 0, [1 x i8]* @p_str1515, [1 x i8]* @p_str1516, [1 x i8]* @p_str1517, i32 2, i32 2, i32 16, i32 16, [1 x i8]* @p_str1518, [1 x i8]* @p_str1519)"   --->   Operation 32 'specinterface' <Predicate = true> <Delay = 0.00>
ST_1 : Operation 33 [1/1] (0.00ns)   --->   "call void (...)* @_ssdm_op_SpecInterface(i16* %res_39_V_V, [8 x i8]* @ap_fifo_str, i32 0, i32 0, [1 x i8]* @p_str1507, i32 0, i32 0, [1 x i8]* @p_str1508, [1 x i8]* @p_str1509, [1 x i8]* @p_str1510, i32 2, i32 2, i32 16, i32 16, [1 x i8]* @p_str1511, [1 x i8]* @p_str1512)"   --->   Operation 33 'specinterface' <Predicate = true> <Delay = 0.00>
ST_1 : Operation 34 [1/1] (0.00ns)   --->   "call void (...)* @_ssdm_op_SpecInterface(i16* %res_38_V_V, [8 x i8]* @ap_fifo_str, i32 0, i32 0, [1 x i8]* @p_str1500, i32 0, i32 0, [1 x i8]* @p_str1501, [1 x i8]* @p_str1502, [1 x i8]* @p_str1503, i32 2, i32 2, i32 16, i32 16, [1 x i8]* @p_str1504, [1 x i8]* @p_str1505)"   --->   Operation 34 'specinterface' <Predicate = true> <Delay = 0.00>
ST_1 : Operation 35 [1/1] (0.00ns)   --->   "call void (...)* @_ssdm_op_SpecInterface(i16* %res_37_V_V, [8 x i8]* @ap_fifo_str, i32 0, i32 0, [1 x i8]* @p_str1493, i32 0, i32 0, [1 x i8]* @p_str1494, [1 x i8]* @p_str1495, [1 x i8]* @p_str1496, i32 2, i32 2, i32 16, i32 16, [1 x i8]* @p_str1497, [1 x i8]* @p_str1498)"   --->   Operation 35 'specinterface' <Predicate = true> <Delay = 0.00>
ST_1 : Operation 36 [1/1] (0.00ns)   --->   "call void (...)* @_ssdm_op_SpecInterface(i16* %res_36_V_V, [8 x i8]* @ap_fifo_str, i32 0, i32 0, [1 x i8]* @p_str1486, i32 0, i32 0, [1 x i8]* @p_str1487, [1 x i8]* @p_str1488, [1 x i8]* @p_str1489, i32 2, i32 2, i32 16, i32 16, [1 x i8]* @p_str1490, [1 x i8]* @p_str1491)"   --->   Operation 36 'specinterface' <Predicate = true> <Delay = 0.00>
ST_1 : Operation 37 [1/1] (0.00ns)   --->   "call void (...)* @_ssdm_op_SpecInterface(i16* %res_35_V_V, [8 x i8]* @ap_fifo_str, i32 0, i32 0, [1 x i8]* @p_str1479, i32 0, i32 0, [1 x i8]* @p_str1480, [1 x i8]* @p_str1481, [1 x i8]* @p_str1482, i32 2, i32 2, i32 16, i32 16, [1 x i8]* @p_str1483, [1 x i8]* @p_str1484)"   --->   Operation 37 'specinterface' <Predicate = true> <Delay = 0.00>
ST_1 : Operation 38 [1/1] (0.00ns)   --->   "call void (...)* @_ssdm_op_SpecInterface(i16* %res_34_V_V, [8 x i8]* @ap_fifo_str, i32 0, i32 0, [1 x i8]* @p_str1472, i32 0, i32 0, [1 x i8]* @p_str1473, [1 x i8]* @p_str1474, [1 x i8]* @p_str1475, i32 2, i32 2, i32 16, i32 16, [1 x i8]* @p_str1476, [1 x i8]* @p_str1477)"   --->   Operation 38 'specinterface' <Predicate = true> <Delay = 0.00>
ST_1 : Operation 39 [1/1] (0.00ns)   --->   "call void (...)* @_ssdm_op_SpecInterface(i16* %res_33_V_V, [8 x i8]* @ap_fifo_str, i32 0, i32 0, [1 x i8]* @p_str1465, i32 0, i32 0, [1 x i8]* @p_str1466, [1 x i8]* @p_str1467, [1 x i8]* @p_str1468, i32 2, i32 2, i32 16, i32 16, [1 x i8]* @p_str1469, [1 x i8]* @p_str1470)"   --->   Operation 39 'specinterface' <Predicate = true> <Delay = 0.00>
ST_1 : Operation 40 [1/1] (0.00ns)   --->   "call void (...)* @_ssdm_op_SpecInterface(i16* %res_32_V_V, [8 x i8]* @ap_fifo_str, i32 0, i32 0, [1 x i8]* @p_str1458, i32 0, i32 0, [1 x i8]* @p_str1459, [1 x i8]* @p_str1460, [1 x i8]* @p_str1461, i32 2, i32 2, i32 16, i32 16, [1 x i8]* @p_str1462, [1 x i8]* @p_str1463)"   --->   Operation 40 'specinterface' <Predicate = true> <Delay = 0.00>
ST_1 : Operation 41 [1/1] (0.00ns)   --->   "call void (...)* @_ssdm_op_SpecInterface(i16* %res_31_V_V, [8 x i8]* @ap_fifo_str, i32 0, i32 0, [1 x i8]* @p_str1451, i32 0, i32 0, [1 x i8]* @p_str1452, [1 x i8]* @p_str1453, [1 x i8]* @p_str1454, i32 2, i32 2, i32 16, i32 16, [1 x i8]* @p_str1455, [1 x i8]* @p_str1456)"   --->   Operation 41 'specinterface' <Predicate = true> <Delay = 0.00>
ST_1 : Operation 42 [1/1] (0.00ns)   --->   "call void (...)* @_ssdm_op_SpecInterface(i16* %res_30_V_V, [8 x i8]* @ap_fifo_str, i32 0, i32 0, [1 x i8]* @p_str1444, i32 0, i32 0, [1 x i8]* @p_str1445, [1 x i8]* @p_str1446, [1 x i8]* @p_str1447, i32 2, i32 2, i32 16, i32 16, [1 x i8]* @p_str1448, [1 x i8]* @p_str1449)"   --->   Operation 42 'specinterface' <Predicate = true> <Delay = 0.00>
ST_1 : Operation 43 [1/1] (0.00ns)   --->   "call void (...)* @_ssdm_op_SpecInterface(i16* %res_29_V_V, [8 x i8]* @ap_fifo_str, i32 0, i32 0, [1 x i8]* @p_str1437, i32 0, i32 0, [1 x i8]* @p_str1438, [1 x i8]* @p_str1439, [1 x i8]* @p_str1440, i32 2, i32 2, i32 16, i32 16, [1 x i8]* @p_str1441, [1 x i8]* @p_str1442)"   --->   Operation 43 'specinterface' <Predicate = true> <Delay = 0.00>
ST_1 : Operation 44 [1/1] (0.00ns)   --->   "call void (...)* @_ssdm_op_SpecInterface(i16* %res_28_V_V, [8 x i8]* @ap_fifo_str, i32 0, i32 0, [1 x i8]* @p_str1430, i32 0, i32 0, [1 x i8]* @p_str1431, [1 x i8]* @p_str1432, [1 x i8]* @p_str1433, i32 2, i32 2, i32 16, i32 16, [1 x i8]* @p_str1434, [1 x i8]* @p_str1435)"   --->   Operation 44 'specinterface' <Predicate = true> <Delay = 0.00>
ST_1 : Operation 45 [1/1] (0.00ns)   --->   "call void (...)* @_ssdm_op_SpecInterface(i16* %res_27_V_V, [8 x i8]* @ap_fifo_str, i32 0, i32 0, [1 x i8]* @p_str1423, i32 0, i32 0, [1 x i8]* @p_str1424, [1 x i8]* @p_str1425, [1 x i8]* @p_str1426, i32 2, i32 2, i32 16, i32 16, [1 x i8]* @p_str1427, [1 x i8]* @p_str1428)"   --->   Operation 45 'specinterface' <Predicate = true> <Delay = 0.00>
ST_1 : Operation 46 [1/1] (0.00ns)   --->   "call void (...)* @_ssdm_op_SpecInterface(i16* %res_26_V_V, [8 x i8]* @ap_fifo_str, i32 0, i32 0, [1 x i8]* @p_str1416, i32 0, i32 0, [1 x i8]* @p_str1417, [1 x i8]* @p_str1418, [1 x i8]* @p_str1419, i32 2, i32 2, i32 16, i32 16, [1 x i8]* @p_str1420, [1 x i8]* @p_str1421)"   --->   Operation 46 'specinterface' <Predicate = true> <Delay = 0.00>
ST_1 : Operation 47 [1/1] (0.00ns)   --->   "call void (...)* @_ssdm_op_SpecInterface(i16* %res_25_V_V, [8 x i8]* @ap_fifo_str, i32 0, i32 0, [1 x i8]* @p_str1409, i32 0, i32 0, [1 x i8]* @p_str1410, [1 x i8]* @p_str1411, [1 x i8]* @p_str1412, i32 2, i32 2, i32 16, i32 16, [1 x i8]* @p_str1413, [1 x i8]* @p_str1414)"   --->   Operation 47 'specinterface' <Predicate = true> <Delay = 0.00>
ST_1 : Operation 48 [1/1] (0.00ns)   --->   "call void (...)* @_ssdm_op_SpecInterface(i16* %res_24_V_V, [8 x i8]* @ap_fifo_str, i32 0, i32 0, [1 x i8]* @p_str1402, i32 0, i32 0, [1 x i8]* @p_str1403, [1 x i8]* @p_str1404, [1 x i8]* @p_str1405, i32 2, i32 2, i32 16, i32 16, [1 x i8]* @p_str1406, [1 x i8]* @p_str1407)"   --->   Operation 48 'specinterface' <Predicate = true> <Delay = 0.00>
ST_1 : Operation 49 [1/1] (0.00ns)   --->   "call void (...)* @_ssdm_op_SpecInterface(i16* %res_23_V_V, [8 x i8]* @ap_fifo_str, i32 0, i32 0, [1 x i8]* @p_str1395, i32 0, i32 0, [1 x i8]* @p_str1396, [1 x i8]* @p_str1397, [1 x i8]* @p_str1398, i32 2, i32 2, i32 16, i32 16, [1 x i8]* @p_str1399, [1 x i8]* @p_str1400)"   --->   Operation 49 'specinterface' <Predicate = true> <Delay = 0.00>
ST_1 : Operation 50 [1/1] (0.00ns)   --->   "call void (...)* @_ssdm_op_SpecInterface(i16* %res_22_V_V, [8 x i8]* @ap_fifo_str, i32 0, i32 0, [1 x i8]* @p_str1388, i32 0, i32 0, [1 x i8]* @p_str1389, [1 x i8]* @p_str1390, [1 x i8]* @p_str1391, i32 2, i32 2, i32 16, i32 16, [1 x i8]* @p_str1392, [1 x i8]* @p_str1393)"   --->   Operation 50 'specinterface' <Predicate = true> <Delay = 0.00>
ST_1 : Operation 51 [1/1] (0.00ns)   --->   "call void (...)* @_ssdm_op_SpecInterface(i16* %res_21_V_V, [8 x i8]* @ap_fifo_str, i32 0, i32 0, [1 x i8]* @p_str1381, i32 0, i32 0, [1 x i8]* @p_str1382, [1 x i8]* @p_str1383, [1 x i8]* @p_str1384, i32 2, i32 2, i32 16, i32 16, [1 x i8]* @p_str1385, [1 x i8]* @p_str1386)"   --->   Operation 51 'specinterface' <Predicate = true> <Delay = 0.00>
ST_1 : Operation 52 [1/1] (0.00ns)   --->   "call void (...)* @_ssdm_op_SpecInterface(i16* %res_20_V_V, [8 x i8]* @ap_fifo_str, i32 0, i32 0, [1 x i8]* @p_str1374, i32 0, i32 0, [1 x i8]* @p_str1375, [1 x i8]* @p_str1376, [1 x i8]* @p_str1377, i32 2, i32 2, i32 16, i32 16, [1 x i8]* @p_str1378, [1 x i8]* @p_str1379)"   --->   Operation 52 'specinterface' <Predicate = true> <Delay = 0.00>
ST_1 : Operation 53 [1/1] (0.00ns)   --->   "call void (...)* @_ssdm_op_SpecInterface(i16* %res_19_V_V, [8 x i8]* @ap_fifo_str, i32 0, i32 0, [1 x i8]* @p_str1367, i32 0, i32 0, [1 x i8]* @p_str1368, [1 x i8]* @p_str1369, [1 x i8]* @p_str1370, i32 2, i32 2, i32 16, i32 16, [1 x i8]* @p_str1371, [1 x i8]* @p_str1372)"   --->   Operation 53 'specinterface' <Predicate = true> <Delay = 0.00>
ST_1 : Operation 54 [1/1] (0.00ns)   --->   "call void (...)* @_ssdm_op_SpecInterface(i16* %res_18_V_V, [8 x i8]* @ap_fifo_str, i32 0, i32 0, [1 x i8]* @p_str1360, i32 0, i32 0, [1 x i8]* @p_str1361, [1 x i8]* @p_str1362, [1 x i8]* @p_str1363, i32 2, i32 2, i32 16, i32 16, [1 x i8]* @p_str1364, [1 x i8]* @p_str1365)"   --->   Operation 54 'specinterface' <Predicate = true> <Delay = 0.00>
ST_1 : Operation 55 [1/1] (0.00ns)   --->   "call void (...)* @_ssdm_op_SpecInterface(i16* %res_17_V_V, [8 x i8]* @ap_fifo_str, i32 0, i32 0, [1 x i8]* @p_str1353, i32 0, i32 0, [1 x i8]* @p_str1354, [1 x i8]* @p_str1355, [1 x i8]* @p_str1356, i32 2, i32 2, i32 16, i32 16, [1 x i8]* @p_str1357, [1 x i8]* @p_str1358)"   --->   Operation 55 'specinterface' <Predicate = true> <Delay = 0.00>
ST_1 : Operation 56 [1/1] (0.00ns)   --->   "call void (...)* @_ssdm_op_SpecInterface(i16* %res_16_V_V, [8 x i8]* @ap_fifo_str, i32 0, i32 0, [1 x i8]* @p_str1346, i32 0, i32 0, [1 x i8]* @p_str1347, [1 x i8]* @p_str1348, [1 x i8]* @p_str1349, i32 2, i32 2, i32 16, i32 16, [1 x i8]* @p_str1350, [1 x i8]* @p_str1351)"   --->   Operation 56 'specinterface' <Predicate = true> <Delay = 0.00>
ST_1 : Operation 57 [1/1] (0.00ns)   --->   "call void (...)* @_ssdm_op_SpecInterface(i16* %res_15_V_V, [8 x i8]* @ap_fifo_str, i32 0, i32 0, [1 x i8]* @p_str1339, i32 0, i32 0, [1 x i8]* @p_str1340, [1 x i8]* @p_str1341, [1 x i8]* @p_str1342, i32 2, i32 2, i32 16, i32 16, [1 x i8]* @p_str1343, [1 x i8]* @p_str1344)"   --->   Operation 57 'specinterface' <Predicate = true> <Delay = 0.00>
ST_1 : Operation 58 [1/1] (0.00ns)   --->   "call void (...)* @_ssdm_op_SpecInterface(i16* %res_14_V_V, [8 x i8]* @ap_fifo_str, i32 0, i32 0, [1 x i8]* @p_str1332, i32 0, i32 0, [1 x i8]* @p_str1333, [1 x i8]* @p_str1334, [1 x i8]* @p_str1335, i32 2, i32 2, i32 16, i32 16, [1 x i8]* @p_str1336, [1 x i8]* @p_str1337)"   --->   Operation 58 'specinterface' <Predicate = true> <Delay = 0.00>
ST_1 : Operation 59 [1/1] (0.00ns)   --->   "call void (...)* @_ssdm_op_SpecInterface(i16* %res_13_V_V, [8 x i8]* @ap_fifo_str, i32 0, i32 0, [1 x i8]* @p_str1325, i32 0, i32 0, [1 x i8]* @p_str1326, [1 x i8]* @p_str1327, [1 x i8]* @p_str1328, i32 2, i32 2, i32 16, i32 16, [1 x i8]* @p_str1329, [1 x i8]* @p_str1330)"   --->   Operation 59 'specinterface' <Predicate = true> <Delay = 0.00>
ST_1 : Operation 60 [1/1] (0.00ns)   --->   "call void (...)* @_ssdm_op_SpecInterface(i16* %res_12_V_V, [8 x i8]* @ap_fifo_str, i32 0, i32 0, [1 x i8]* @p_str1318, i32 0, i32 0, [1 x i8]* @p_str1319, [1 x i8]* @p_str1320, [1 x i8]* @p_str1321, i32 2, i32 2, i32 16, i32 16, [1 x i8]* @p_str1322, [1 x i8]* @p_str1323)"   --->   Operation 60 'specinterface' <Predicate = true> <Delay = 0.00>
ST_1 : Operation 61 [1/1] (0.00ns)   --->   "call void (...)* @_ssdm_op_SpecInterface(i16* %res_11_V_V, [8 x i8]* @ap_fifo_str, i32 0, i32 0, [1 x i8]* @p_str1311, i32 0, i32 0, [1 x i8]* @p_str1312, [1 x i8]* @p_str1313, [1 x i8]* @p_str1314, i32 2, i32 2, i32 16, i32 16, [1 x i8]* @p_str1315, [1 x i8]* @p_str1316)"   --->   Operation 61 'specinterface' <Predicate = true> <Delay = 0.00>
ST_1 : Operation 62 [1/1] (0.00ns)   --->   "call void (...)* @_ssdm_op_SpecInterface(i16* %res_10_V_V, [8 x i8]* @ap_fifo_str, i32 0, i32 0, [1 x i8]* @p_str1304, i32 0, i32 0, [1 x i8]* @p_str1305, [1 x i8]* @p_str1306, [1 x i8]* @p_str1307, i32 2, i32 2, i32 16, i32 16, [1 x i8]* @p_str1308, [1 x i8]* @p_str1309)"   --->   Operation 62 'specinterface' <Predicate = true> <Delay = 0.00>
ST_1 : Operation 63 [1/1] (0.00ns)   --->   "call void (...)* @_ssdm_op_SpecInterface(i16* %res_9_V_V, [8 x i8]* @ap_fifo_str, i32 0, i32 0, [1 x i8]* @p_str1297, i32 0, i32 0, [1 x i8]* @p_str1298, [1 x i8]* @p_str1299, [1 x i8]* @p_str1300, i32 2, i32 2, i32 16, i32 16, [1 x i8]* @p_str1301, [1 x i8]* @p_str1302)"   --->   Operation 63 'specinterface' <Predicate = true> <Delay = 0.00>
ST_1 : Operation 64 [1/1] (0.00ns)   --->   "call void (...)* @_ssdm_op_SpecInterface(i16* %res_8_V_V, [8 x i8]* @ap_fifo_str, i32 0, i32 0, [1 x i8]* @p_str1290, i32 0, i32 0, [1 x i8]* @p_str1291, [1 x i8]* @p_str1292, [1 x i8]* @p_str1293, i32 2, i32 2, i32 16, i32 16, [1 x i8]* @p_str1294, [1 x i8]* @p_str1295)"   --->   Operation 64 'specinterface' <Predicate = true> <Delay = 0.00>
ST_1 : Operation 65 [1/1] (0.00ns)   --->   "call void (...)* @_ssdm_op_SpecInterface(i16* %res_7_V_V, [8 x i8]* @ap_fifo_str, i32 0, i32 0, [1 x i8]* @p_str1283, i32 0, i32 0, [1 x i8]* @p_str1284, [1 x i8]* @p_str1285, [1 x i8]* @p_str1286, i32 2, i32 2, i32 16, i32 16, [1 x i8]* @p_str1287, [1 x i8]* @p_str1288)"   --->   Operation 65 'specinterface' <Predicate = true> <Delay = 0.00>
ST_1 : Operation 66 [1/1] (0.00ns)   --->   "call void (...)* @_ssdm_op_SpecInterface(i16* %res_6_V_V, [8 x i8]* @ap_fifo_str, i32 0, i32 0, [1 x i8]* @p_str1276, i32 0, i32 0, [1 x i8]* @p_str1277, [1 x i8]* @p_str1278, [1 x i8]* @p_str1279, i32 2, i32 2, i32 16, i32 16, [1 x i8]* @p_str1280, [1 x i8]* @p_str1281)"   --->   Operation 66 'specinterface' <Predicate = true> <Delay = 0.00>
ST_1 : Operation 67 [1/1] (0.00ns)   --->   "call void (...)* @_ssdm_op_SpecInterface(i16* %res_5_V_V, [8 x i8]* @ap_fifo_str, i32 0, i32 0, [1 x i8]* @p_str1269, i32 0, i32 0, [1 x i8]* @p_str1270, [1 x i8]* @p_str1271, [1 x i8]* @p_str1272, i32 2, i32 2, i32 16, i32 16, [1 x i8]* @p_str1273, [1 x i8]* @p_str1274)"   --->   Operation 67 'specinterface' <Predicate = true> <Delay = 0.00>
ST_1 : Operation 68 [1/1] (0.00ns)   --->   "call void (...)* @_ssdm_op_SpecInterface(i16* %res_4_V_V, [8 x i8]* @ap_fifo_str, i32 0, i32 0, [1 x i8]* @p_str1262, i32 0, i32 0, [1 x i8]* @p_str1263, [1 x i8]* @p_str1264, [1 x i8]* @p_str1265, i32 2, i32 2, i32 16, i32 16, [1 x i8]* @p_str1266, [1 x i8]* @p_str1267)"   --->   Operation 68 'specinterface' <Predicate = true> <Delay = 0.00>
ST_1 : Operation 69 [1/1] (0.00ns)   --->   "call void (...)* @_ssdm_op_SpecInterface(i16* %res_3_V_V, [8 x i8]* @ap_fifo_str, i32 0, i32 0, [1 x i8]* @p_str1255, i32 0, i32 0, [1 x i8]* @p_str1256, [1 x i8]* @p_str1257, [1 x i8]* @p_str1258, i32 2, i32 2, i32 16, i32 16, [1 x i8]* @p_str1259, [1 x i8]* @p_str1260)"   --->   Operation 69 'specinterface' <Predicate = true> <Delay = 0.00>
ST_1 : Operation 70 [1/1] (0.00ns)   --->   "call void (...)* @_ssdm_op_SpecInterface(i16* %res_2_V_V, [8 x i8]* @ap_fifo_str, i32 0, i32 0, [1 x i8]* @p_str1248, i32 0, i32 0, [1 x i8]* @p_str1249, [1 x i8]* @p_str1250, [1 x i8]* @p_str1251, i32 2, i32 2, i32 16, i32 16, [1 x i8]* @p_str1252, [1 x i8]* @p_str1253)"   --->   Operation 70 'specinterface' <Predicate = true> <Delay = 0.00>
ST_1 : Operation 71 [1/1] (0.00ns)   --->   "call void (...)* @_ssdm_op_SpecInterface(i16* %res_1_V_V, [8 x i8]* @ap_fifo_str, i32 0, i32 0, [1 x i8]* @p_str1241, i32 0, i32 0, [1 x i8]* @p_str1242, [1 x i8]* @p_str1243, [1 x i8]* @p_str1244, i32 2, i32 2, i32 16, i32 16, [1 x i8]* @p_str1245, [1 x i8]* @p_str1246)"   --->   Operation 71 'specinterface' <Predicate = true> <Delay = 0.00>
ST_1 : Operation 72 [1/1] (0.00ns)   --->   "call void (...)* @_ssdm_op_SpecInterface(i16* %res_0_V_V, [8 x i8]* @ap_fifo_str, i32 0, i32 0, [1 x i8]* @p_str1234, i32 0, i32 0, [1 x i8]* @p_str1235, [1 x i8]* @p_str1236, [1 x i8]* @p_str1237, i32 2, i32 2, i32 16, i32 16, [1 x i8]* @p_str1238, [1 x i8]* @p_str1239)"   --->   Operation 72 'specinterface' <Predicate = true> <Delay = 0.00>
ST_1 : Operation 73 [1/1] (0.00ns)   --->   "call void (...)* @_ssdm_op_SpecInterface(i16* %data_63_V_V, [8 x i8]* @ap_fifo_str, i32 0, i32 0, [1 x i8]* @p_str1227, i32 0, i32 0, [1 x i8]* @p_str1228, [1 x i8]* @p_str1229, [1 x i8]* @p_str1230, i32 2, i32 2, i32 16, i32 16, [1 x i8]* @p_str1231, [1 x i8]* @p_str1232)"   --->   Operation 73 'specinterface' <Predicate = true> <Delay = 0.00>
ST_1 : Operation 74 [1/1] (0.00ns)   --->   "call void (...)* @_ssdm_op_SpecInterface(i16* %data_62_V_V, [8 x i8]* @ap_fifo_str, i32 0, i32 0, [1 x i8]* @p_str1220, i32 0, i32 0, [1 x i8]* @p_str1221, [1 x i8]* @p_str1222, [1 x i8]* @p_str1223, i32 2, i32 2, i32 16, i32 16, [1 x i8]* @p_str1224, [1 x i8]* @p_str1225)"   --->   Operation 74 'specinterface' <Predicate = true> <Delay = 0.00>
ST_1 : Operation 75 [1/1] (0.00ns)   --->   "call void (...)* @_ssdm_op_SpecInterface(i16* %data_61_V_V, [8 x i8]* @ap_fifo_str, i32 0, i32 0, [1 x i8]* @p_str1213, i32 0, i32 0, [1 x i8]* @p_str1214, [1 x i8]* @p_str1215, [1 x i8]* @p_str1216, i32 2, i32 2, i32 16, i32 16, [1 x i8]* @p_str1217, [1 x i8]* @p_str1218)"   --->   Operation 75 'specinterface' <Predicate = true> <Delay = 0.00>
ST_1 : Operation 76 [1/1] (0.00ns)   --->   "call void (...)* @_ssdm_op_SpecInterface(i16* %data_60_V_V, [8 x i8]* @ap_fifo_str, i32 0, i32 0, [1 x i8]* @p_str1206, i32 0, i32 0, [1 x i8]* @p_str1207, [1 x i8]* @p_str1208, [1 x i8]* @p_str1209, i32 2, i32 2, i32 16, i32 16, [1 x i8]* @p_str1210, [1 x i8]* @p_str1211)"   --->   Operation 76 'specinterface' <Predicate = true> <Delay = 0.00>
ST_1 : Operation 77 [1/1] (0.00ns)   --->   "call void (...)* @_ssdm_op_SpecInterface(i16* %data_59_V_V, [8 x i8]* @ap_fifo_str, i32 0, i32 0, [1 x i8]* @p_str1199, i32 0, i32 0, [1 x i8]* @p_str1200, [1 x i8]* @p_str1201, [1 x i8]* @p_str1202, i32 2, i32 2, i32 16, i32 16, [1 x i8]* @p_str1203, [1 x i8]* @p_str1204)"   --->   Operation 77 'specinterface' <Predicate = true> <Delay = 0.00>
ST_1 : Operation 78 [1/1] (0.00ns)   --->   "call void (...)* @_ssdm_op_SpecInterface(i16* %data_58_V_V, [8 x i8]* @ap_fifo_str, i32 0, i32 0, [1 x i8]* @p_str1192, i32 0, i32 0, [1 x i8]* @p_str1193, [1 x i8]* @p_str1194, [1 x i8]* @p_str1195, i32 2, i32 2, i32 16, i32 16, [1 x i8]* @p_str1196, [1 x i8]* @p_str1197)"   --->   Operation 78 'specinterface' <Predicate = true> <Delay = 0.00>
ST_1 : Operation 79 [1/1] (0.00ns)   --->   "call void (...)* @_ssdm_op_SpecInterface(i16* %data_57_V_V, [8 x i8]* @ap_fifo_str, i32 0, i32 0, [1 x i8]* @p_str1185, i32 0, i32 0, [1 x i8]* @p_str1186, [1 x i8]* @p_str1187, [1 x i8]* @p_str1188, i32 2, i32 2, i32 16, i32 16, [1 x i8]* @p_str1189, [1 x i8]* @p_str1190)"   --->   Operation 79 'specinterface' <Predicate = true> <Delay = 0.00>
ST_1 : Operation 80 [1/1] (0.00ns)   --->   "call void (...)* @_ssdm_op_SpecInterface(i16* %data_56_V_V, [8 x i8]* @ap_fifo_str, i32 0, i32 0, [1 x i8]* @p_str1178, i32 0, i32 0, [1 x i8]* @p_str1179, [1 x i8]* @p_str1180, [1 x i8]* @p_str1181, i32 2, i32 2, i32 16, i32 16, [1 x i8]* @p_str1182, [1 x i8]* @p_str1183)"   --->   Operation 80 'specinterface' <Predicate = true> <Delay = 0.00>
ST_1 : Operation 81 [1/1] (0.00ns)   --->   "call void (...)* @_ssdm_op_SpecInterface(i16* %data_55_V_V, [8 x i8]* @ap_fifo_str, i32 0, i32 0, [1 x i8]* @p_str1171, i32 0, i32 0, [1 x i8]* @p_str1172, [1 x i8]* @p_str1173, [1 x i8]* @p_str1174, i32 2, i32 2, i32 16, i32 16, [1 x i8]* @p_str1175, [1 x i8]* @p_str1176)"   --->   Operation 81 'specinterface' <Predicate = true> <Delay = 0.00>
ST_1 : Operation 82 [1/1] (0.00ns)   --->   "call void (...)* @_ssdm_op_SpecInterface(i16* %data_54_V_V, [8 x i8]* @ap_fifo_str, i32 0, i32 0, [1 x i8]* @p_str1164, i32 0, i32 0, [1 x i8]* @p_str1165, [1 x i8]* @p_str1166, [1 x i8]* @p_str1167, i32 2, i32 2, i32 16, i32 16, [1 x i8]* @p_str1168, [1 x i8]* @p_str1169)"   --->   Operation 82 'specinterface' <Predicate = true> <Delay = 0.00>
ST_1 : Operation 83 [1/1] (0.00ns)   --->   "call void (...)* @_ssdm_op_SpecInterface(i16* %data_53_V_V, [8 x i8]* @ap_fifo_str, i32 0, i32 0, [1 x i8]* @p_str1157, i32 0, i32 0, [1 x i8]* @p_str1158, [1 x i8]* @p_str1159, [1 x i8]* @p_str1160, i32 2, i32 2, i32 16, i32 16, [1 x i8]* @p_str1161, [1 x i8]* @p_str1162)"   --->   Operation 83 'specinterface' <Predicate = true> <Delay = 0.00>
ST_1 : Operation 84 [1/1] (0.00ns)   --->   "call void (...)* @_ssdm_op_SpecInterface(i16* %data_52_V_V, [8 x i8]* @ap_fifo_str, i32 0, i32 0, [1 x i8]* @p_str1150, i32 0, i32 0, [1 x i8]* @p_str1151, [1 x i8]* @p_str1152, [1 x i8]* @p_str1153, i32 2, i32 2, i32 16, i32 16, [1 x i8]* @p_str1154, [1 x i8]* @p_str1155)"   --->   Operation 84 'specinterface' <Predicate = true> <Delay = 0.00>
ST_1 : Operation 85 [1/1] (0.00ns)   --->   "call void (...)* @_ssdm_op_SpecInterface(i16* %data_51_V_V, [8 x i8]* @ap_fifo_str, i32 0, i32 0, [1 x i8]* @p_str1143, i32 0, i32 0, [1 x i8]* @p_str1144, [1 x i8]* @p_str1145, [1 x i8]* @p_str1146, i32 2, i32 2, i32 16, i32 16, [1 x i8]* @p_str1147, [1 x i8]* @p_str1148)"   --->   Operation 85 'specinterface' <Predicate = true> <Delay = 0.00>
ST_1 : Operation 86 [1/1] (0.00ns)   --->   "call void (...)* @_ssdm_op_SpecInterface(i16* %data_50_V_V, [8 x i8]* @ap_fifo_str, i32 0, i32 0, [1 x i8]* @p_str1136, i32 0, i32 0, [1 x i8]* @p_str1137, [1 x i8]* @p_str1138, [1 x i8]* @p_str1139, i32 2, i32 2, i32 16, i32 16, [1 x i8]* @p_str1140, [1 x i8]* @p_str1141)"   --->   Operation 86 'specinterface' <Predicate = true> <Delay = 0.00>
ST_1 : Operation 87 [1/1] (0.00ns)   --->   "call void (...)* @_ssdm_op_SpecInterface(i16* %data_49_V_V, [8 x i8]* @ap_fifo_str, i32 0, i32 0, [1 x i8]* @p_str1129, i32 0, i32 0, [1 x i8]* @p_str1130, [1 x i8]* @p_str1131, [1 x i8]* @p_str1132, i32 2, i32 2, i32 16, i32 16, [1 x i8]* @p_str1133, [1 x i8]* @p_str1134)"   --->   Operation 87 'specinterface' <Predicate = true> <Delay = 0.00>
ST_1 : Operation 88 [1/1] (0.00ns)   --->   "call void (...)* @_ssdm_op_SpecInterface(i16* %data_48_V_V, [8 x i8]* @ap_fifo_str, i32 0, i32 0, [1 x i8]* @p_str1122, i32 0, i32 0, [1 x i8]* @p_str1123, [1 x i8]* @p_str1124, [1 x i8]* @p_str1125, i32 2, i32 2, i32 16, i32 16, [1 x i8]* @p_str1126, [1 x i8]* @p_str1127)"   --->   Operation 88 'specinterface' <Predicate = true> <Delay = 0.00>
ST_1 : Operation 89 [1/1] (0.00ns)   --->   "call void (...)* @_ssdm_op_SpecInterface(i16* %data_47_V_V, [8 x i8]* @ap_fifo_str, i32 0, i32 0, [1 x i8]* @p_str1115, i32 0, i32 0, [1 x i8]* @p_str1116, [1 x i8]* @p_str1117, [1 x i8]* @p_str1118, i32 2, i32 2, i32 16, i32 16, [1 x i8]* @p_str1119, [1 x i8]* @p_str1120)"   --->   Operation 89 'specinterface' <Predicate = true> <Delay = 0.00>
ST_1 : Operation 90 [1/1] (0.00ns)   --->   "call void (...)* @_ssdm_op_SpecInterface(i16* %data_46_V_V, [8 x i8]* @ap_fifo_str, i32 0, i32 0, [1 x i8]* @p_str1108, i32 0, i32 0, [1 x i8]* @p_str1109, [1 x i8]* @p_str1110, [1 x i8]* @p_str1111, i32 2, i32 2, i32 16, i32 16, [1 x i8]* @p_str1112, [1 x i8]* @p_str1113)"   --->   Operation 90 'specinterface' <Predicate = true> <Delay = 0.00>
ST_1 : Operation 91 [1/1] (0.00ns)   --->   "call void (...)* @_ssdm_op_SpecInterface(i16* %data_45_V_V, [8 x i8]* @ap_fifo_str, i32 0, i32 0, [1 x i8]* @p_str1101, i32 0, i32 0, [1 x i8]* @p_str1102, [1 x i8]* @p_str1103, [1 x i8]* @p_str1104, i32 2, i32 2, i32 16, i32 16, [1 x i8]* @p_str1105, [1 x i8]* @p_str1106)"   --->   Operation 91 'specinterface' <Predicate = true> <Delay = 0.00>
ST_1 : Operation 92 [1/1] (0.00ns)   --->   "call void (...)* @_ssdm_op_SpecInterface(i16* %data_44_V_V, [8 x i8]* @ap_fifo_str, i32 0, i32 0, [1 x i8]* @p_str1094, i32 0, i32 0, [1 x i8]* @p_str1095, [1 x i8]* @p_str1096, [1 x i8]* @p_str1097, i32 2, i32 2, i32 16, i32 16, [1 x i8]* @p_str1098, [1 x i8]* @p_str1099)"   --->   Operation 92 'specinterface' <Predicate = true> <Delay = 0.00>
ST_1 : Operation 93 [1/1] (0.00ns)   --->   "call void (...)* @_ssdm_op_SpecInterface(i16* %data_43_V_V, [8 x i8]* @ap_fifo_str, i32 0, i32 0, [1 x i8]* @p_str1087, i32 0, i32 0, [1 x i8]* @p_str1088, [1 x i8]* @p_str1089, [1 x i8]* @p_str1090, i32 2, i32 2, i32 16, i32 16, [1 x i8]* @p_str1091, [1 x i8]* @p_str1092)"   --->   Operation 93 'specinterface' <Predicate = true> <Delay = 0.00>
ST_1 : Operation 94 [1/1] (0.00ns)   --->   "call void (...)* @_ssdm_op_SpecInterface(i16* %data_42_V_V, [8 x i8]* @ap_fifo_str, i32 0, i32 0, [1 x i8]* @p_str1080, i32 0, i32 0, [1 x i8]* @p_str1081, [1 x i8]* @p_str1082, [1 x i8]* @p_str1083, i32 2, i32 2, i32 16, i32 16, [1 x i8]* @p_str1084, [1 x i8]* @p_str1085)"   --->   Operation 94 'specinterface' <Predicate = true> <Delay = 0.00>
ST_1 : Operation 95 [1/1] (0.00ns)   --->   "call void (...)* @_ssdm_op_SpecInterface(i16* %data_41_V_V, [8 x i8]* @ap_fifo_str, i32 0, i32 0, [1 x i8]* @p_str1073, i32 0, i32 0, [1 x i8]* @p_str1074, [1 x i8]* @p_str1075, [1 x i8]* @p_str1076, i32 2, i32 2, i32 16, i32 16, [1 x i8]* @p_str1077, [1 x i8]* @p_str1078)"   --->   Operation 95 'specinterface' <Predicate = true> <Delay = 0.00>
ST_1 : Operation 96 [1/1] (0.00ns)   --->   "call void (...)* @_ssdm_op_SpecInterface(i16* %data_40_V_V, [8 x i8]* @ap_fifo_str, i32 0, i32 0, [1 x i8]* @p_str1066, i32 0, i32 0, [1 x i8]* @p_str1067, [1 x i8]* @p_str1068, [1 x i8]* @p_str1069, i32 2, i32 2, i32 16, i32 16, [1 x i8]* @p_str1070, [1 x i8]* @p_str1071)"   --->   Operation 96 'specinterface' <Predicate = true> <Delay = 0.00>
ST_1 : Operation 97 [1/1] (0.00ns)   --->   "call void (...)* @_ssdm_op_SpecInterface(i16* %data_39_V_V, [8 x i8]* @ap_fifo_str, i32 0, i32 0, [1 x i8]* @p_str1059, i32 0, i32 0, [1 x i8]* @p_str1060, [1 x i8]* @p_str1061, [1 x i8]* @p_str1062, i32 2, i32 2, i32 16, i32 16, [1 x i8]* @p_str1063, [1 x i8]* @p_str1064)"   --->   Operation 97 'specinterface' <Predicate = true> <Delay = 0.00>
ST_1 : Operation 98 [1/1] (0.00ns)   --->   "call void (...)* @_ssdm_op_SpecInterface(i16* %data_38_V_V, [8 x i8]* @ap_fifo_str, i32 0, i32 0, [1 x i8]* @p_str1052, i32 0, i32 0, [1 x i8]* @p_str1053, [1 x i8]* @p_str1054, [1 x i8]* @p_str1055, i32 2, i32 2, i32 16, i32 16, [1 x i8]* @p_str1056, [1 x i8]* @p_str1057)"   --->   Operation 98 'specinterface' <Predicate = true> <Delay = 0.00>
ST_1 : Operation 99 [1/1] (0.00ns)   --->   "call void (...)* @_ssdm_op_SpecInterface(i16* %data_37_V_V, [8 x i8]* @ap_fifo_str, i32 0, i32 0, [1 x i8]* @p_str1045, i32 0, i32 0, [1 x i8]* @p_str1046, [1 x i8]* @p_str1047, [1 x i8]* @p_str1048, i32 2, i32 2, i32 16, i32 16, [1 x i8]* @p_str1049, [1 x i8]* @p_str1050)"   --->   Operation 99 'specinterface' <Predicate = true> <Delay = 0.00>
ST_1 : Operation 100 [1/1] (0.00ns)   --->   "call void (...)* @_ssdm_op_SpecInterface(i16* %data_36_V_V, [8 x i8]* @ap_fifo_str, i32 0, i32 0, [1 x i8]* @p_str1038, i32 0, i32 0, [1 x i8]* @p_str1039, [1 x i8]* @p_str1040, [1 x i8]* @p_str1041, i32 2, i32 2, i32 16, i32 16, [1 x i8]* @p_str1042, [1 x i8]* @p_str1043)"   --->   Operation 100 'specinterface' <Predicate = true> <Delay = 0.00>
ST_1 : Operation 101 [1/1] (0.00ns)   --->   "call void (...)* @_ssdm_op_SpecInterface(i16* %data_35_V_V, [8 x i8]* @ap_fifo_str, i32 0, i32 0, [1 x i8]* @p_str1031, i32 0, i32 0, [1 x i8]* @p_str1032, [1 x i8]* @p_str1033, [1 x i8]* @p_str1034, i32 2, i32 2, i32 16, i32 16, [1 x i8]* @p_str1035, [1 x i8]* @p_str1036)"   --->   Operation 101 'specinterface' <Predicate = true> <Delay = 0.00>
ST_1 : Operation 102 [1/1] (0.00ns)   --->   "call void (...)* @_ssdm_op_SpecInterface(i16* %data_34_V_V, [8 x i8]* @ap_fifo_str, i32 0, i32 0, [1 x i8]* @p_str1024, i32 0, i32 0, [1 x i8]* @p_str1025, [1 x i8]* @p_str1026, [1 x i8]* @p_str1027, i32 2, i32 2, i32 16, i32 16, [1 x i8]* @p_str1028, [1 x i8]* @p_str1029)"   --->   Operation 102 'specinterface' <Predicate = true> <Delay = 0.00>
ST_1 : Operation 103 [1/1] (0.00ns)   --->   "call void (...)* @_ssdm_op_SpecInterface(i16* %data_33_V_V, [8 x i8]* @ap_fifo_str, i32 0, i32 0, [1 x i8]* @p_str1017, i32 0, i32 0, [1 x i8]* @p_str1018, [1 x i8]* @p_str1019, [1 x i8]* @p_str1020, i32 2, i32 2, i32 16, i32 16, [1 x i8]* @p_str1021, [1 x i8]* @p_str1022)"   --->   Operation 103 'specinterface' <Predicate = true> <Delay = 0.00>
ST_1 : Operation 104 [1/1] (0.00ns)   --->   "call void (...)* @_ssdm_op_SpecInterface(i16* %data_32_V_V, [8 x i8]* @ap_fifo_str, i32 0, i32 0, [1 x i8]* @p_str1010, i32 0, i32 0, [1 x i8]* @p_str1011, [1 x i8]* @p_str1012, [1 x i8]* @p_str1013, i32 2, i32 2, i32 16, i32 16, [1 x i8]* @p_str1014, [1 x i8]* @p_str1015)"   --->   Operation 104 'specinterface' <Predicate = true> <Delay = 0.00>
ST_1 : Operation 105 [1/1] (0.00ns)   --->   "call void (...)* @_ssdm_op_SpecInterface(i16* %data_31_V_V, [8 x i8]* @ap_fifo_str, i32 0, i32 0, [1 x i8]* @p_str1003, i32 0, i32 0, [1 x i8]* @p_str1004, [1 x i8]* @p_str1005, [1 x i8]* @p_str1006, i32 2, i32 2, i32 16, i32 16, [1 x i8]* @p_str1007, [1 x i8]* @p_str1008)"   --->   Operation 105 'specinterface' <Predicate = true> <Delay = 0.00>
ST_1 : Operation 106 [1/1] (0.00ns)   --->   "call void (...)* @_ssdm_op_SpecInterface(i16* %data_30_V_V, [8 x i8]* @ap_fifo_str, i32 0, i32 0, [1 x i8]* @p_str996, i32 0, i32 0, [1 x i8]* @p_str997, [1 x i8]* @p_str998, [1 x i8]* @p_str999, i32 2, i32 2, i32 16, i32 16, [1 x i8]* @p_str1000, [1 x i8]* @p_str1001)"   --->   Operation 106 'specinterface' <Predicate = true> <Delay = 0.00>
ST_1 : Operation 107 [1/1] (0.00ns)   --->   "call void (...)* @_ssdm_op_SpecInterface(i16* %data_29_V_V, [8 x i8]* @ap_fifo_str, i32 0, i32 0, [1 x i8]* @p_str989, i32 0, i32 0, [1 x i8]* @p_str990, [1 x i8]* @p_str991, [1 x i8]* @p_str992, i32 2, i32 2, i32 16, i32 16, [1 x i8]* @p_str993, [1 x i8]* @p_str994)"   --->   Operation 107 'specinterface' <Predicate = true> <Delay = 0.00>
ST_1 : Operation 108 [1/1] (0.00ns)   --->   "call void (...)* @_ssdm_op_SpecInterface(i16* %data_28_V_V, [8 x i8]* @ap_fifo_str, i32 0, i32 0, [1 x i8]* @p_str982, i32 0, i32 0, [1 x i8]* @p_str983, [1 x i8]* @p_str984, [1 x i8]* @p_str985, i32 2, i32 2, i32 16, i32 16, [1 x i8]* @p_str986, [1 x i8]* @p_str987)"   --->   Operation 108 'specinterface' <Predicate = true> <Delay = 0.00>
ST_1 : Operation 109 [1/1] (0.00ns)   --->   "call void (...)* @_ssdm_op_SpecInterface(i16* %data_27_V_V, [8 x i8]* @ap_fifo_str, i32 0, i32 0, [1 x i8]* @p_str975, i32 0, i32 0, [1 x i8]* @p_str976, [1 x i8]* @p_str977, [1 x i8]* @p_str978, i32 2, i32 2, i32 16, i32 16, [1 x i8]* @p_str979, [1 x i8]* @p_str980)"   --->   Operation 109 'specinterface' <Predicate = true> <Delay = 0.00>
ST_1 : Operation 110 [1/1] (0.00ns)   --->   "call void (...)* @_ssdm_op_SpecInterface(i16* %data_26_V_V, [8 x i8]* @ap_fifo_str, i32 0, i32 0, [1 x i8]* @p_str968, i32 0, i32 0, [1 x i8]* @p_str969, [1 x i8]* @p_str970, [1 x i8]* @p_str971, i32 2, i32 2, i32 16, i32 16, [1 x i8]* @p_str972, [1 x i8]* @p_str973)"   --->   Operation 110 'specinterface' <Predicate = true> <Delay = 0.00>
ST_1 : Operation 111 [1/1] (0.00ns)   --->   "call void (...)* @_ssdm_op_SpecInterface(i16* %data_25_V_V, [8 x i8]* @ap_fifo_str, i32 0, i32 0, [1 x i8]* @p_str961, i32 0, i32 0, [1 x i8]* @p_str962, [1 x i8]* @p_str963, [1 x i8]* @p_str964, i32 2, i32 2, i32 16, i32 16, [1 x i8]* @p_str965, [1 x i8]* @p_str966)"   --->   Operation 111 'specinterface' <Predicate = true> <Delay = 0.00>
ST_1 : Operation 112 [1/1] (0.00ns)   --->   "call void (...)* @_ssdm_op_SpecInterface(i16* %data_24_V_V, [8 x i8]* @ap_fifo_str, i32 0, i32 0, [1 x i8]* @p_str954, i32 0, i32 0, [1 x i8]* @p_str955, [1 x i8]* @p_str956, [1 x i8]* @p_str957, i32 2, i32 2, i32 16, i32 16, [1 x i8]* @p_str958, [1 x i8]* @p_str959)"   --->   Operation 112 'specinterface' <Predicate = true> <Delay = 0.00>
ST_1 : Operation 113 [1/1] (0.00ns)   --->   "call void (...)* @_ssdm_op_SpecInterface(i16* %data_23_V_V, [8 x i8]* @ap_fifo_str, i32 0, i32 0, [1 x i8]* @p_str947, i32 0, i32 0, [1 x i8]* @p_str948, [1 x i8]* @p_str949, [1 x i8]* @p_str950, i32 2, i32 2, i32 16, i32 16, [1 x i8]* @p_str951, [1 x i8]* @p_str952)"   --->   Operation 113 'specinterface' <Predicate = true> <Delay = 0.00>
ST_1 : Operation 114 [1/1] (0.00ns)   --->   "call void (...)* @_ssdm_op_SpecInterface(i16* %data_22_V_V, [8 x i8]* @ap_fifo_str, i32 0, i32 0, [1 x i8]* @p_str940, i32 0, i32 0, [1 x i8]* @p_str941, [1 x i8]* @p_str942, [1 x i8]* @p_str943, i32 2, i32 2, i32 16, i32 16, [1 x i8]* @p_str944, [1 x i8]* @p_str945)"   --->   Operation 114 'specinterface' <Predicate = true> <Delay = 0.00>
ST_1 : Operation 115 [1/1] (0.00ns)   --->   "call void (...)* @_ssdm_op_SpecInterface(i16* %data_21_V_V, [8 x i8]* @ap_fifo_str, i32 0, i32 0, [1 x i8]* @p_str933, i32 0, i32 0, [1 x i8]* @p_str934, [1 x i8]* @p_str935, [1 x i8]* @p_str936, i32 2, i32 2, i32 16, i32 16, [1 x i8]* @p_str937, [1 x i8]* @p_str938)"   --->   Operation 115 'specinterface' <Predicate = true> <Delay = 0.00>
ST_1 : Operation 116 [1/1] (0.00ns)   --->   "call void (...)* @_ssdm_op_SpecInterface(i16* %data_20_V_V, [8 x i8]* @ap_fifo_str, i32 0, i32 0, [1 x i8]* @p_str926, i32 0, i32 0, [1 x i8]* @p_str927, [1 x i8]* @p_str928, [1 x i8]* @p_str929, i32 2, i32 2, i32 16, i32 16, [1 x i8]* @p_str930, [1 x i8]* @p_str931)"   --->   Operation 116 'specinterface' <Predicate = true> <Delay = 0.00>
ST_1 : Operation 117 [1/1] (0.00ns)   --->   "call void (...)* @_ssdm_op_SpecInterface(i16* %data_19_V_V, [8 x i8]* @ap_fifo_str, i32 0, i32 0, [1 x i8]* @p_str919, i32 0, i32 0, [1 x i8]* @p_str920, [1 x i8]* @p_str921, [1 x i8]* @p_str922, i32 2, i32 2, i32 16, i32 16, [1 x i8]* @p_str923, [1 x i8]* @p_str924)"   --->   Operation 117 'specinterface' <Predicate = true> <Delay = 0.00>
ST_1 : Operation 118 [1/1] (0.00ns)   --->   "call void (...)* @_ssdm_op_SpecInterface(i16* %data_18_V_V, [8 x i8]* @ap_fifo_str, i32 0, i32 0, [1 x i8]* @p_str912, i32 0, i32 0, [1 x i8]* @p_str913, [1 x i8]* @p_str914, [1 x i8]* @p_str915, i32 2, i32 2, i32 16, i32 16, [1 x i8]* @p_str916, [1 x i8]* @p_str917)"   --->   Operation 118 'specinterface' <Predicate = true> <Delay = 0.00>
ST_1 : Operation 119 [1/1] (0.00ns)   --->   "call void (...)* @_ssdm_op_SpecInterface(i16* %data_17_V_V, [8 x i8]* @ap_fifo_str, i32 0, i32 0, [1 x i8]* @p_str905, i32 0, i32 0, [1 x i8]* @p_str906, [1 x i8]* @p_str907, [1 x i8]* @p_str908, i32 2, i32 2, i32 16, i32 16, [1 x i8]* @p_str909, [1 x i8]* @p_str910)"   --->   Operation 119 'specinterface' <Predicate = true> <Delay = 0.00>
ST_1 : Operation 120 [1/1] (0.00ns)   --->   "call void (...)* @_ssdm_op_SpecInterface(i16* %data_16_V_V, [8 x i8]* @ap_fifo_str, i32 0, i32 0, [1 x i8]* @p_str898, i32 0, i32 0, [1 x i8]* @p_str899, [1 x i8]* @p_str900, [1 x i8]* @p_str901, i32 2, i32 2, i32 16, i32 16, [1 x i8]* @p_str902, [1 x i8]* @p_str903)"   --->   Operation 120 'specinterface' <Predicate = true> <Delay = 0.00>
ST_1 : Operation 121 [1/1] (0.00ns)   --->   "call void (...)* @_ssdm_op_SpecInterface(i16* %data_15_V_V, [8 x i8]* @ap_fifo_str, i32 0, i32 0, [1 x i8]* @p_str891, i32 0, i32 0, [1 x i8]* @p_str892, [1 x i8]* @p_str893, [1 x i8]* @p_str894, i32 2, i32 2, i32 16, i32 16, [1 x i8]* @p_str895, [1 x i8]* @p_str896)"   --->   Operation 121 'specinterface' <Predicate = true> <Delay = 0.00>
ST_1 : Operation 122 [1/1] (0.00ns)   --->   "call void (...)* @_ssdm_op_SpecInterface(i16* %data_14_V_V, [8 x i8]* @ap_fifo_str, i32 0, i32 0, [1 x i8]* @p_str884, i32 0, i32 0, [1 x i8]* @p_str885, [1 x i8]* @p_str886, [1 x i8]* @p_str887, i32 2, i32 2, i32 16, i32 16, [1 x i8]* @p_str888, [1 x i8]* @p_str889)"   --->   Operation 122 'specinterface' <Predicate = true> <Delay = 0.00>
ST_1 : Operation 123 [1/1] (0.00ns)   --->   "call void (...)* @_ssdm_op_SpecInterface(i16* %data_13_V_V, [8 x i8]* @ap_fifo_str, i32 0, i32 0, [1 x i8]* @p_str877, i32 0, i32 0, [1 x i8]* @p_str878, [1 x i8]* @p_str879, [1 x i8]* @p_str880, i32 2, i32 2, i32 16, i32 16, [1 x i8]* @p_str881, [1 x i8]* @p_str882)"   --->   Operation 123 'specinterface' <Predicate = true> <Delay = 0.00>
ST_1 : Operation 124 [1/1] (0.00ns)   --->   "call void (...)* @_ssdm_op_SpecInterface(i16* %data_12_V_V, [8 x i8]* @ap_fifo_str, i32 0, i32 0, [1 x i8]* @p_str870, i32 0, i32 0, [1 x i8]* @p_str871, [1 x i8]* @p_str872, [1 x i8]* @p_str873, i32 2, i32 2, i32 16, i32 16, [1 x i8]* @p_str874, [1 x i8]* @p_str875)"   --->   Operation 124 'specinterface' <Predicate = true> <Delay = 0.00>
ST_1 : Operation 125 [1/1] (0.00ns)   --->   "call void (...)* @_ssdm_op_SpecInterface(i16* %data_11_V_V, [8 x i8]* @ap_fifo_str, i32 0, i32 0, [1 x i8]* @p_str863, i32 0, i32 0, [1 x i8]* @p_str864, [1 x i8]* @p_str865, [1 x i8]* @p_str866, i32 2, i32 2, i32 16, i32 16, [1 x i8]* @p_str867, [1 x i8]* @p_str868)"   --->   Operation 125 'specinterface' <Predicate = true> <Delay = 0.00>
ST_1 : Operation 126 [1/1] (0.00ns)   --->   "call void (...)* @_ssdm_op_SpecInterface(i16* %data_10_V_V, [8 x i8]* @ap_fifo_str, i32 0, i32 0, [1 x i8]* @p_str856, i32 0, i32 0, [1 x i8]* @p_str857, [1 x i8]* @p_str858, [1 x i8]* @p_str859, i32 2, i32 2, i32 16, i32 16, [1 x i8]* @p_str860, [1 x i8]* @p_str861)"   --->   Operation 126 'specinterface' <Predicate = true> <Delay = 0.00>
ST_1 : Operation 127 [1/1] (0.00ns)   --->   "call void (...)* @_ssdm_op_SpecInterface(i16* %data_9_V_V, [8 x i8]* @ap_fifo_str, i32 0, i32 0, [1 x i8]* @p_str849, i32 0, i32 0, [1 x i8]* @p_str850, [1 x i8]* @p_str851, [1 x i8]* @p_str852, i32 2, i32 2, i32 16, i32 16, [1 x i8]* @p_str853, [1 x i8]* @p_str854)"   --->   Operation 127 'specinterface' <Predicate = true> <Delay = 0.00>
ST_1 : Operation 128 [1/1] (0.00ns)   --->   "call void (...)* @_ssdm_op_SpecInterface(i16* %data_8_V_V, [8 x i8]* @ap_fifo_str, i32 0, i32 0, [1 x i8]* @p_str842, i32 0, i32 0, [1 x i8]* @p_str843, [1 x i8]* @p_str844, [1 x i8]* @p_str845, i32 2, i32 2, i32 16, i32 16, [1 x i8]* @p_str846, [1 x i8]* @p_str847)"   --->   Operation 128 'specinterface' <Predicate = true> <Delay = 0.00>
ST_1 : Operation 129 [1/1] (0.00ns)   --->   "call void (...)* @_ssdm_op_SpecInterface(i16* %data_7_V_V, [8 x i8]* @ap_fifo_str, i32 0, i32 0, [1 x i8]* @p_str835, i32 0, i32 0, [1 x i8]* @p_str836, [1 x i8]* @p_str837, [1 x i8]* @p_str838, i32 2, i32 2, i32 16, i32 16, [1 x i8]* @p_str839, [1 x i8]* @p_str840)"   --->   Operation 129 'specinterface' <Predicate = true> <Delay = 0.00>
ST_1 : Operation 130 [1/1] (0.00ns)   --->   "call void (...)* @_ssdm_op_SpecInterface(i16* %data_6_V_V, [8 x i8]* @ap_fifo_str, i32 0, i32 0, [1 x i8]* @p_str828, i32 0, i32 0, [1 x i8]* @p_str829, [1 x i8]* @p_str830, [1 x i8]* @p_str831, i32 2, i32 2, i32 16, i32 16, [1 x i8]* @p_str832, [1 x i8]* @p_str833)"   --->   Operation 130 'specinterface' <Predicate = true> <Delay = 0.00>
ST_1 : Operation 131 [1/1] (0.00ns)   --->   "call void (...)* @_ssdm_op_SpecInterface(i16* %data_5_V_V, [8 x i8]* @ap_fifo_str, i32 0, i32 0, [1 x i8]* @p_str821, i32 0, i32 0, [1 x i8]* @p_str822, [1 x i8]* @p_str823, [1 x i8]* @p_str824, i32 2, i32 2, i32 16, i32 16, [1 x i8]* @p_str825, [1 x i8]* @p_str826)"   --->   Operation 131 'specinterface' <Predicate = true> <Delay = 0.00>
ST_1 : Operation 132 [1/1] (0.00ns)   --->   "call void (...)* @_ssdm_op_SpecInterface(i16* %data_4_V_V, [8 x i8]* @ap_fifo_str, i32 0, i32 0, [1 x i8]* @p_str814, i32 0, i32 0, [1 x i8]* @p_str815, [1 x i8]* @p_str816, [1 x i8]* @p_str817, i32 2, i32 2, i32 16, i32 16, [1 x i8]* @p_str818, [1 x i8]* @p_str819)"   --->   Operation 132 'specinterface' <Predicate = true> <Delay = 0.00>
ST_1 : Operation 133 [1/1] (0.00ns)   --->   "call void (...)* @_ssdm_op_SpecInterface(i16* %data_3_V_V, [8 x i8]* @ap_fifo_str, i32 0, i32 0, [1 x i8]* @p_str807, i32 0, i32 0, [1 x i8]* @p_str808, [1 x i8]* @p_str809, [1 x i8]* @p_str810, i32 2, i32 2, i32 16, i32 16, [1 x i8]* @p_str811, [1 x i8]* @p_str812)"   --->   Operation 133 'specinterface' <Predicate = true> <Delay = 0.00>
ST_1 : Operation 134 [1/1] (0.00ns)   --->   "call void (...)* @_ssdm_op_SpecInterface(i16* %data_2_V_V, [8 x i8]* @ap_fifo_str, i32 0, i32 0, [1 x i8]* @p_str800, i32 0, i32 0, [1 x i8]* @p_str801, [1 x i8]* @p_str802, [1 x i8]* @p_str803, i32 2, i32 2, i32 16, i32 16, [1 x i8]* @p_str804, [1 x i8]* @p_str805)"   --->   Operation 134 'specinterface' <Predicate = true> <Delay = 0.00>
ST_1 : Operation 135 [1/1] (0.00ns)   --->   "call void (...)* @_ssdm_op_SpecInterface(i16* %data_1_V_V, [8 x i8]* @ap_fifo_str, i32 0, i32 0, [1 x i8]* @p_str793, i32 0, i32 0, [1 x i8]* @p_str794, [1 x i8]* @p_str795, [1 x i8]* @p_str796, i32 2, i32 2, i32 16, i32 16, [1 x i8]* @p_str797, [1 x i8]* @p_str798)"   --->   Operation 135 'specinterface' <Predicate = true> <Delay = 0.00>
ST_1 : Operation 136 [1/1] (0.00ns)   --->   "call void (...)* @_ssdm_op_SpecInterface(i16* %data_0_V_V, [8 x i8]* @ap_fifo_str, i32 0, i32 0, [1 x i8]* @p_str786, i32 0, i32 0, [1 x i8]* @p_str787, [1 x i8]* @p_str788, [1 x i8]* @p_str789, i32 2, i32 2, i32 16, i32 16, [1 x i8]* @p_str790, [1 x i8]* @p_str791)"   --->   Operation 136 'specinterface' <Predicate = true> <Delay = 0.00>
ST_1 : Operation 137 [1/1] (0.00ns)   --->   "call void (...)* @_ssdm_op_SpecStableContent(i16* %data_0_V_V, i16* %data_1_V_V, i16* %data_2_V_V, i16* %data_3_V_V, i16* %data_4_V_V, i16* %data_5_V_V, i16* %data_6_V_V, i16* %data_7_V_V, i16* %data_8_V_V, i16* %data_9_V_V, i16* %data_10_V_V, i16* %data_11_V_V, i16* %data_12_V_V, i16* %data_13_V_V, i16* %data_14_V_V, i16* %data_15_V_V, i16* %data_16_V_V, i16* %data_17_V_V, i16* %data_18_V_V, i16* %data_19_V_V, i16* %data_20_V_V, i16* %data_21_V_V, i16* %data_22_V_V, i16* %data_23_V_V, i16* %data_24_V_V, i16* %data_25_V_V, i16* %data_26_V_V, i16* %data_27_V_V, i16* %data_28_V_V, i16* %data_29_V_V, i16* %data_30_V_V, i16* %data_31_V_V, i16* %data_32_V_V, i16* %data_33_V_V, i16* %data_34_V_V, i16* %data_35_V_V, i16* %data_36_V_V, i16* %data_37_V_V, i16* %data_38_V_V, i16* %data_39_V_V, i16* %data_40_V_V, i16* %data_41_V_V, i16* %data_42_V_V, i16* %data_43_V_V, i16* %data_44_V_V, i16* %data_45_V_V, i16* %data_46_V_V, i16* %data_47_V_V, i16* %data_48_V_V, i16* %data_49_V_V, i16* %data_50_V_V, i16* %data_51_V_V, i16* %data_52_V_V, i16* %data_53_V_V, i16* %data_54_V_V, i16* %data_55_V_V, i16* %data_56_V_V, i16* %data_57_V_V, i16* %data_58_V_V, i16* %data_59_V_V, i16* %data_60_V_V, i16* %data_61_V_V, i16* %data_62_V_V, i16* %data_63_V_V) nounwind"   --->   Operation 137 'specstablecontent' <Predicate = true> <Delay = 0.00>
ST_1 : Operation 138 [1/1] (0.00ns)   --->   "call void (...)* @_ssdm_op_SpecStableContent(i16* %res_0_V_V, i16* %res_1_V_V, i16* %res_2_V_V, i16* %res_3_V_V, i16* %res_4_V_V, i16* %res_5_V_V, i16* %res_6_V_V, i16* %res_7_V_V, i16* %res_8_V_V, i16* %res_9_V_V, i16* %res_10_V_V, i16* %res_11_V_V, i16* %res_12_V_V, i16* %res_13_V_V, i16* %res_14_V_V, i16* %res_15_V_V, i16* %res_16_V_V, i16* %res_17_V_V, i16* %res_18_V_V, i16* %res_19_V_V, i16* %res_20_V_V, i16* %res_21_V_V, i16* %res_22_V_V, i16* %res_23_V_V, i16* %res_24_V_V, i16* %res_25_V_V, i16* %res_26_V_V, i16* %res_27_V_V, i16* %res_28_V_V, i16* %res_29_V_V, i16* %res_30_V_V, i16* %res_31_V_V, i16* %res_32_V_V, i16* %res_33_V_V, i16* %res_34_V_V, i16* %res_35_V_V, i16* %res_36_V_V, i16* %res_37_V_V, i16* %res_38_V_V, i16* %res_39_V_V, i16* %res_40_V_V, i16* %res_41_V_V, i16* %res_42_V_V, i16* %res_43_V_V, i16* %res_44_V_V, i16* %res_45_V_V, i16* %res_46_V_V, i16* %res_47_V_V, i16* %res_48_V_V, i16* %res_49_V_V, i16* %res_50_V_V, i16* %res_51_V_V, i16* %res_52_V_V, i16* %res_53_V_V, i16* %res_54_V_V, i16* %res_55_V_V, i16* %res_56_V_V, i16* %res_57_V_V, i16* %res_58_V_V, i16* %res_59_V_V, i16* %res_60_V_V, i16* %res_61_V_V, i16* %res_62_V_V, i16* %res_63_V_V) nounwind"   --->   Operation 138 'specstablecontent' <Predicate = true> <Delay = 0.00>
ST_1 : Operation 139 [1/1] (0.60ns)   --->   "br label %1" [firmware/nnet_utils/nnet_pooling.h:223]   --->   Operation 139 'br' <Predicate = true> <Delay = 0.60>

State 2 <SV = 1> <Delay = 0.59>
ST_2 : Operation 140 [1/1] (0.00ns)   --->   "%indvar_flatten = phi i9 [ 0, %0 ], [ %add_ln223, %PoolWidth ]" [firmware/nnet_utils/nnet_pooling.h:223]   --->   Operation 140 'phi' 'indvar_flatten' <Predicate = true> <Delay = 0.00>
ST_2 : Operation 141 [1/1] (0.59ns)   --->   "%icmp_ln223 = icmp eq i9 %indvar_flatten, -256" [firmware/nnet_utils/nnet_pooling.h:223]   --->   Operation 141 'icmp' 'icmp_ln223' <Predicate = true> <Delay = 0.59> <Core = "Cmp">   --->   Core 25 'Cmp' <Latency = 0> <II = 1> <Delay = 0.59> <FuncUnit> <Opcode : 'icmp'> <InPorts = 2> <OutPorts = 1>
ST_2 : Operation 142 [1/1] (0.51ns)   --->   "%add_ln223 = add i9 %indvar_flatten, 1" [firmware/nnet_utils/nnet_pooling.h:223]   --->   Operation 142 'add' 'add_ln223' <Predicate = true> <Delay = 0.51> <Core = "AddSub">   --->   Core 14 'AddSub' <Latency = 0> <II = 1> <Delay = 0.51> <FuncUnit> <Opcode : 'add' 'sub'> <InPorts = 2> <OutPorts = 1>
ST_2 : Operation 143 [1/1] (0.00ns)   --->   "br i1 %icmp_ln223, label %2, label %PoolWidth" [firmware/nnet_utils/nnet_pooling.h:223]   --->   Operation 143 'br' <Predicate = true> <Delay = 0.00>

State 3 <SV = 2> <Delay = 0.00>
ST_3 : Operation 144 [5/5] (0.00ns)   --->   "call fastcc void @"compute_pool2d<ap_fixed,ap_fixed<16,6,5,3,0>,config6>"(i16* %data_0_V_V, i16* %data_1_V_V, i16* %data_2_V_V, i16* %data_3_V_V, i16* %data_4_V_V, i16* %data_5_V_V, i16* %data_6_V_V, i16* %data_7_V_V, i16* %data_8_V_V, i16* %data_9_V_V, i16* %data_10_V_V, i16* %data_11_V_V, i16* %data_12_V_V, i16* %data_13_V_V, i16* %data_14_V_V, i16* %data_15_V_V, i16* %data_16_V_V, i16* %data_17_V_V, i16* %data_18_V_V, i16* %data_19_V_V, i16* %data_20_V_V, i16* %data_21_V_V, i16* %data_22_V_V, i16* %data_23_V_V, i16* %data_24_V_V, i16* %data_25_V_V, i16* %data_26_V_V, i16* %data_27_V_V, i16* %data_28_V_V, i16* %data_29_V_V, i16* %data_30_V_V, i16* %data_31_V_V, i16* %data_32_V_V, i16* %data_33_V_V, i16* %data_34_V_V, i16* %data_35_V_V, i16* %data_36_V_V, i16* %data_37_V_V, i16* %data_38_V_V, i16* %data_39_V_V, i16* %data_40_V_V, i16* %data_41_V_V, i16* %data_42_V_V, i16* %data_43_V_V, i16* %data_44_V_V, i16* %data_45_V_V, i16* %data_46_V_V, i16* %data_47_V_V, i16* %data_48_V_V, i16* %data_49_V_V, i16* %data_50_V_V, i16* %data_51_V_V, i16* %data_52_V_V, i16* %data_53_V_V, i16* %data_54_V_V, i16* %data_55_V_V, i16* %data_56_V_V, i16* %data_57_V_V, i16* %data_58_V_V, i16* %data_59_V_V, i16* %data_60_V_V, i16* %data_61_V_V, i16* %data_62_V_V, i16* %data_63_V_V, i16* %res_0_V_V, i16* %res_1_V_V, i16* %res_2_V_V, i16* %res_3_V_V, i16* %res_4_V_V, i16* %res_5_V_V, i16* %res_6_V_V, i16* %res_7_V_V, i16* %res_8_V_V, i16* %res_9_V_V, i16* %res_10_V_V, i16* %res_11_V_V, i16* %res_12_V_V, i16* %res_13_V_V, i16* %res_14_V_V, i16* %res_15_V_V, i16* %res_16_V_V, i16* %res_17_V_V, i16* %res_18_V_V, i16* %res_19_V_V, i16* %res_20_V_V, i16* %res_21_V_V, i16* %res_22_V_V, i16* %res_23_V_V, i16* %res_24_V_V, i16* %res_25_V_V, i16* %res_26_V_V, i16* %res_27_V_V, i16* %res_28_V_V, i16* %res_29_V_V, i16* %res_30_V_V, i16* %res_31_V_V, i16* %res_32_V_V, i16* %res_33_V_V, i16* %res_34_V_V, i16* %res_35_V_V, i16* %res_36_V_V, i16* %res_37_V_V, i16* %res_38_V_V, i16* %res_39_V_V, i16* %res_40_V_V, i16* %res_41_V_V, i16* %res_42_V_V, i16* %res_43_V_V, i16* %res_44_V_V, i16* %res_45_V_V, i16* %res_46_V_V, i16* %res_47_V_V, i16* %res_48_V_V, i16* %res_49_V_V, i16* %res_50_V_V, i16* %res_51_V_V, i16* %res_52_V_V, i16* %res_53_V_V, i16* %res_54_V_V, i16* %res_55_V_V, i16* %res_56_V_V, i16* %res_57_V_V, i16* %res_58_V_V, i16* %res_59_V_V, i16* %res_60_V_V, i16* %res_61_V_V, i16* %res_62_V_V, i16* %res_63_V_V)" [firmware/nnet_utils/nnet_pooling.h:228]   --->   Operation 144 'call' <Predicate = (!icmp_ln223)> <Delay = 0.00> <CoreType = "Generic">   --->   Core 0 '' <Latency = 0> <II = 1> <Delay = 1.00> <Generic> <Opcode : >

State 4 <SV = 3> <Delay = 0.00>
ST_4 : Operation 145 [4/5] (0.00ns)   --->   "call fastcc void @"compute_pool2d<ap_fixed,ap_fixed<16,6,5,3,0>,config6>"(i16* %data_0_V_V, i16* %data_1_V_V, i16* %data_2_V_V, i16* %data_3_V_V, i16* %data_4_V_V, i16* %data_5_V_V, i16* %data_6_V_V, i16* %data_7_V_V, i16* %data_8_V_V, i16* %data_9_V_V, i16* %data_10_V_V, i16* %data_11_V_V, i16* %data_12_V_V, i16* %data_13_V_V, i16* %data_14_V_V, i16* %data_15_V_V, i16* %data_16_V_V, i16* %data_17_V_V, i16* %data_18_V_V, i16* %data_19_V_V, i16* %data_20_V_V, i16* %data_21_V_V, i16* %data_22_V_V, i16* %data_23_V_V, i16* %data_24_V_V, i16* %data_25_V_V, i16* %data_26_V_V, i16* %data_27_V_V, i16* %data_28_V_V, i16* %data_29_V_V, i16* %data_30_V_V, i16* %data_31_V_V, i16* %data_32_V_V, i16* %data_33_V_V, i16* %data_34_V_V, i16* %data_35_V_V, i16* %data_36_V_V, i16* %data_37_V_V, i16* %data_38_V_V, i16* %data_39_V_V, i16* %data_40_V_V, i16* %data_41_V_V, i16* %data_42_V_V, i16* %data_43_V_V, i16* %data_44_V_V, i16* %data_45_V_V, i16* %data_46_V_V, i16* %data_47_V_V, i16* %data_48_V_V, i16* %data_49_V_V, i16* %data_50_V_V, i16* %data_51_V_V, i16* %data_52_V_V, i16* %data_53_V_V, i16* %data_54_V_V, i16* %data_55_V_V, i16* %data_56_V_V, i16* %data_57_V_V, i16* %data_58_V_V, i16* %data_59_V_V, i16* %data_60_V_V, i16* %data_61_V_V, i16* %data_62_V_V, i16* %data_63_V_V, i16* %res_0_V_V, i16* %res_1_V_V, i16* %res_2_V_V, i16* %res_3_V_V, i16* %res_4_V_V, i16* %res_5_V_V, i16* %res_6_V_V, i16* %res_7_V_V, i16* %res_8_V_V, i16* %res_9_V_V, i16* %res_10_V_V, i16* %res_11_V_V, i16* %res_12_V_V, i16* %res_13_V_V, i16* %res_14_V_V, i16* %res_15_V_V, i16* %res_16_V_V, i16* %res_17_V_V, i16* %res_18_V_V, i16* %res_19_V_V, i16* %res_20_V_V, i16* %res_21_V_V, i16* %res_22_V_V, i16* %res_23_V_V, i16* %res_24_V_V, i16* %res_25_V_V, i16* %res_26_V_V, i16* %res_27_V_V, i16* %res_28_V_V, i16* %res_29_V_V, i16* %res_30_V_V, i16* %res_31_V_V, i16* %res_32_V_V, i16* %res_33_V_V, i16* %res_34_V_V, i16* %res_35_V_V, i16* %res_36_V_V, i16* %res_37_V_V, i16* %res_38_V_V, i16* %res_39_V_V, i16* %res_40_V_V, i16* %res_41_V_V, i16* %res_42_V_V, i16* %res_43_V_V, i16* %res_44_V_V, i16* %res_45_V_V, i16* %res_46_V_V, i16* %res_47_V_V, i16* %res_48_V_V, i16* %res_49_V_V, i16* %res_50_V_V, i16* %res_51_V_V, i16* %res_52_V_V, i16* %res_53_V_V, i16* %res_54_V_V, i16* %res_55_V_V, i16* %res_56_V_V, i16* %res_57_V_V, i16* %res_58_V_V, i16* %res_59_V_V, i16* %res_60_V_V, i16* %res_61_V_V, i16* %res_62_V_V, i16* %res_63_V_V)" [firmware/nnet_utils/nnet_pooling.h:228]   --->   Operation 145 'call' <Predicate = (!icmp_ln223)> <Delay = 0.00> <CoreType = "Generic">   --->   Core 0 '' <Latency = 0> <II = 1> <Delay = 1.00> <Generic> <Opcode : >

State 5 <SV = 4> <Delay = 0.00>
ST_5 : Operation 146 [3/5] (0.00ns)   --->   "call fastcc void @"compute_pool2d<ap_fixed,ap_fixed<16,6,5,3,0>,config6>"(i16* %data_0_V_V, i16* %data_1_V_V, i16* %data_2_V_V, i16* %data_3_V_V, i16* %data_4_V_V, i16* %data_5_V_V, i16* %data_6_V_V, i16* %data_7_V_V, i16* %data_8_V_V, i16* %data_9_V_V, i16* %data_10_V_V, i16* %data_11_V_V, i16* %data_12_V_V, i16* %data_13_V_V, i16* %data_14_V_V, i16* %data_15_V_V, i16* %data_16_V_V, i16* %data_17_V_V, i16* %data_18_V_V, i16* %data_19_V_V, i16* %data_20_V_V, i16* %data_21_V_V, i16* %data_22_V_V, i16* %data_23_V_V, i16* %data_24_V_V, i16* %data_25_V_V, i16* %data_26_V_V, i16* %data_27_V_V, i16* %data_28_V_V, i16* %data_29_V_V, i16* %data_30_V_V, i16* %data_31_V_V, i16* %data_32_V_V, i16* %data_33_V_V, i16* %data_34_V_V, i16* %data_35_V_V, i16* %data_36_V_V, i16* %data_37_V_V, i16* %data_38_V_V, i16* %data_39_V_V, i16* %data_40_V_V, i16* %data_41_V_V, i16* %data_42_V_V, i16* %data_43_V_V, i16* %data_44_V_V, i16* %data_45_V_V, i16* %data_46_V_V, i16* %data_47_V_V, i16* %data_48_V_V, i16* %data_49_V_V, i16* %data_50_V_V, i16* %data_51_V_V, i16* %data_52_V_V, i16* %data_53_V_V, i16* %data_54_V_V, i16* %data_55_V_V, i16* %data_56_V_V, i16* %data_57_V_V, i16* %data_58_V_V, i16* %data_59_V_V, i16* %data_60_V_V, i16* %data_61_V_V, i16* %data_62_V_V, i16* %data_63_V_V, i16* %res_0_V_V, i16* %res_1_V_V, i16* %res_2_V_V, i16* %res_3_V_V, i16* %res_4_V_V, i16* %res_5_V_V, i16* %res_6_V_V, i16* %res_7_V_V, i16* %res_8_V_V, i16* %res_9_V_V, i16* %res_10_V_V, i16* %res_11_V_V, i16* %res_12_V_V, i16* %res_13_V_V, i16* %res_14_V_V, i16* %res_15_V_V, i16* %res_16_V_V, i16* %res_17_V_V, i16* %res_18_V_V, i16* %res_19_V_V, i16* %res_20_V_V, i16* %res_21_V_V, i16* %res_22_V_V, i16* %res_23_V_V, i16* %res_24_V_V, i16* %res_25_V_V, i16* %res_26_V_V, i16* %res_27_V_V, i16* %res_28_V_V, i16* %res_29_V_V, i16* %res_30_V_V, i16* %res_31_V_V, i16* %res_32_V_V, i16* %res_33_V_V, i16* %res_34_V_V, i16* %res_35_V_V, i16* %res_36_V_V, i16* %res_37_V_V, i16* %res_38_V_V, i16* %res_39_V_V, i16* %res_40_V_V, i16* %res_41_V_V, i16* %res_42_V_V, i16* %res_43_V_V, i16* %res_44_V_V, i16* %res_45_V_V, i16* %res_46_V_V, i16* %res_47_V_V, i16* %res_48_V_V, i16* %res_49_V_V, i16* %res_50_V_V, i16* %res_51_V_V, i16* %res_52_V_V, i16* %res_53_V_V, i16* %res_54_V_V, i16* %res_55_V_V, i16* %res_56_V_V, i16* %res_57_V_V, i16* %res_58_V_V, i16* %res_59_V_V, i16* %res_60_V_V, i16* %res_61_V_V, i16* %res_62_V_V, i16* %res_63_V_V)" [firmware/nnet_utils/nnet_pooling.h:228]   --->   Operation 146 'call' <Predicate = (!icmp_ln223)> <Delay = 0.00> <CoreType = "Generic">   --->   Core 0 '' <Latency = 0> <II = 1> <Delay = 1.00> <Generic> <Opcode : >

State 6 <SV = 5> <Delay = 0.00>
ST_6 : Operation 147 [2/5] (0.00ns)   --->   "call fastcc void @"compute_pool2d<ap_fixed,ap_fixed<16,6,5,3,0>,config6>"(i16* %data_0_V_V, i16* %data_1_V_V, i16* %data_2_V_V, i16* %data_3_V_V, i16* %data_4_V_V, i16* %data_5_V_V, i16* %data_6_V_V, i16* %data_7_V_V, i16* %data_8_V_V, i16* %data_9_V_V, i16* %data_10_V_V, i16* %data_11_V_V, i16* %data_12_V_V, i16* %data_13_V_V, i16* %data_14_V_V, i16* %data_15_V_V, i16* %data_16_V_V, i16* %data_17_V_V, i16* %data_18_V_V, i16* %data_19_V_V, i16* %data_20_V_V, i16* %data_21_V_V, i16* %data_22_V_V, i16* %data_23_V_V, i16* %data_24_V_V, i16* %data_25_V_V, i16* %data_26_V_V, i16* %data_27_V_V, i16* %data_28_V_V, i16* %data_29_V_V, i16* %data_30_V_V, i16* %data_31_V_V, i16* %data_32_V_V, i16* %data_33_V_V, i16* %data_34_V_V, i16* %data_35_V_V, i16* %data_36_V_V, i16* %data_37_V_V, i16* %data_38_V_V, i16* %data_39_V_V, i16* %data_40_V_V, i16* %data_41_V_V, i16* %data_42_V_V, i16* %data_43_V_V, i16* %data_44_V_V, i16* %data_45_V_V, i16* %data_46_V_V, i16* %data_47_V_V, i16* %data_48_V_V, i16* %data_49_V_V, i16* %data_50_V_V, i16* %data_51_V_V, i16* %data_52_V_V, i16* %data_53_V_V, i16* %data_54_V_V, i16* %data_55_V_V, i16* %data_56_V_V, i16* %data_57_V_V, i16* %data_58_V_V, i16* %data_59_V_V, i16* %data_60_V_V, i16* %data_61_V_V, i16* %data_62_V_V, i16* %data_63_V_V, i16* %res_0_V_V, i16* %res_1_V_V, i16* %res_2_V_V, i16* %res_3_V_V, i16* %res_4_V_V, i16* %res_5_V_V, i16* %res_6_V_V, i16* %res_7_V_V, i16* %res_8_V_V, i16* %res_9_V_V, i16* %res_10_V_V, i16* %res_11_V_V, i16* %res_12_V_V, i16* %res_13_V_V, i16* %res_14_V_V, i16* %res_15_V_V, i16* %res_16_V_V, i16* %res_17_V_V, i16* %res_18_V_V, i16* %res_19_V_V, i16* %res_20_V_V, i16* %res_21_V_V, i16* %res_22_V_V, i16* %res_23_V_V, i16* %res_24_V_V, i16* %res_25_V_V, i16* %res_26_V_V, i16* %res_27_V_V, i16* %res_28_V_V, i16* %res_29_V_V, i16* %res_30_V_V, i16* %res_31_V_V, i16* %res_32_V_V, i16* %res_33_V_V, i16* %res_34_V_V, i16* %res_35_V_V, i16* %res_36_V_V, i16* %res_37_V_V, i16* %res_38_V_V, i16* %res_39_V_V, i16* %res_40_V_V, i16* %res_41_V_V, i16* %res_42_V_V, i16* %res_43_V_V, i16* %res_44_V_V, i16* %res_45_V_V, i16* %res_46_V_V, i16* %res_47_V_V, i16* %res_48_V_V, i16* %res_49_V_V, i16* %res_50_V_V, i16* %res_51_V_V, i16* %res_52_V_V, i16* %res_53_V_V, i16* %res_54_V_V, i16* %res_55_V_V, i16* %res_56_V_V, i16* %res_57_V_V, i16* %res_58_V_V, i16* %res_59_V_V, i16* %res_60_V_V, i16* %res_61_V_V, i16* %res_62_V_V, i16* %res_63_V_V)" [firmware/nnet_utils/nnet_pooling.h:228]   --->   Operation 147 'call' <Predicate = (!icmp_ln223)> <Delay = 0.00> <CoreType = "Generic">   --->   Core 0 '' <Latency = 0> <II = 1> <Delay = 1.00> <Generic> <Opcode : >

State 7 <SV = 6> <Delay = 0.00>
ST_7 : Operation 148 [1/1] (0.00ns)   --->   "call void (...)* @_ssdm_op_SpecLoopName([21 x i8]* @PoolHeight_PoolWidth_str)"   --->   Operation 148 'specloopname' <Predicate = (!icmp_ln223)> <Delay = 0.00>
ST_7 : Operation 149 [1/1] (0.00ns)   --->   "%empty = call i32 (...)* @_ssdm_op_SpecLoopTripCount(i64 256, i64 256, i64 256)"   --->   Operation 149 'speclooptripcount' 'empty' <Predicate = (!icmp_ln223)> <Delay = 0.00>
ST_7 : Operation 150 [1/1] (0.00ns)   --->   "call void (...)* @_ssdm_op_SpecLoopName([10 x i8]* @p_str25) nounwind" [firmware/nnet_utils/nnet_pooling.h:225]   --->   Operation 150 'specloopname' <Predicate = (!icmp_ln223)> <Delay = 0.00>
ST_7 : Operation 151 [1/1] (0.00ns)   --->   "%tmp_s = call i32 (...)* @_ssdm_op_SpecRegionBegin([10 x i8]* @p_str25)" [firmware/nnet_utils/nnet_pooling.h:225]   --->   Operation 151 'specregionbegin' 'tmp_s' <Predicate = (!icmp_ln223)> <Delay = 0.00>
ST_7 : Operation 152 [1/1] (0.00ns)   --->   "call void (...)* @_ssdm_op_SpecPipeline(i32 -1, i32 1, i32 1, i32 0, [1 x i8]* @p_str10) nounwind" [firmware/nnet_utils/nnet_pooling.h:227]   --->   Operation 152 'specpipeline' <Predicate = (!icmp_ln223)> <Delay = 0.00>
ST_7 : Operation 153 [1/5] (0.00ns)   --->   "call fastcc void @"compute_pool2d<ap_fixed,ap_fixed<16,6,5,3,0>,config6>"(i16* %data_0_V_V, i16* %data_1_V_V, i16* %data_2_V_V, i16* %data_3_V_V, i16* %data_4_V_V, i16* %data_5_V_V, i16* %data_6_V_V, i16* %data_7_V_V, i16* %data_8_V_V, i16* %data_9_V_V, i16* %data_10_V_V, i16* %data_11_V_V, i16* %data_12_V_V, i16* %data_13_V_V, i16* %data_14_V_V, i16* %data_15_V_V, i16* %data_16_V_V, i16* %data_17_V_V, i16* %data_18_V_V, i16* %data_19_V_V, i16* %data_20_V_V, i16* %data_21_V_V, i16* %data_22_V_V, i16* %data_23_V_V, i16* %data_24_V_V, i16* %data_25_V_V, i16* %data_26_V_V, i16* %data_27_V_V, i16* %data_28_V_V, i16* %data_29_V_V, i16* %data_30_V_V, i16* %data_31_V_V, i16* %data_32_V_V, i16* %data_33_V_V, i16* %data_34_V_V, i16* %data_35_V_V, i16* %data_36_V_V, i16* %data_37_V_V, i16* %data_38_V_V, i16* %data_39_V_V, i16* %data_40_V_V, i16* %data_41_V_V, i16* %data_42_V_V, i16* %data_43_V_V, i16* %data_44_V_V, i16* %data_45_V_V, i16* %data_46_V_V, i16* %data_47_V_V, i16* %data_48_V_V, i16* %data_49_V_V, i16* %data_50_V_V, i16* %data_51_V_V, i16* %data_52_V_V, i16* %data_53_V_V, i16* %data_54_V_V, i16* %data_55_V_V, i16* %data_56_V_V, i16* %data_57_V_V, i16* %data_58_V_V, i16* %data_59_V_V, i16* %data_60_V_V, i16* %data_61_V_V, i16* %data_62_V_V, i16* %data_63_V_V, i16* %res_0_V_V, i16* %res_1_V_V, i16* %res_2_V_V, i16* %res_3_V_V, i16* %res_4_V_V, i16* %res_5_V_V, i16* %res_6_V_V, i16* %res_7_V_V, i16* %res_8_V_V, i16* %res_9_V_V, i16* %res_10_V_V, i16* %res_11_V_V, i16* %res_12_V_V, i16* %res_13_V_V, i16* %res_14_V_V, i16* %res_15_V_V, i16* %res_16_V_V, i16* %res_17_V_V, i16* %res_18_V_V, i16* %res_19_V_V, i16* %res_20_V_V, i16* %res_21_V_V, i16* %res_22_V_V, i16* %res_23_V_V, i16* %res_24_V_V, i16* %res_25_V_V, i16* %res_26_V_V, i16* %res_27_V_V, i16* %res_28_V_V, i16* %res_29_V_V, i16* %res_30_V_V, i16* %res_31_V_V, i16* %res_32_V_V, i16* %res_33_V_V, i16* %res_34_V_V, i16* %res_35_V_V, i16* %res_36_V_V, i16* %res_37_V_V, i16* %res_38_V_V, i16* %res_39_V_V, i16* %res_40_V_V, i16* %res_41_V_V, i16* %res_42_V_V, i16* %res_43_V_V, i16* %res_44_V_V, i16* %res_45_V_V, i16* %res_46_V_V, i16* %res_47_V_V, i16* %res_48_V_V, i16* %res_49_V_V, i16* %res_50_V_V, i16* %res_51_V_V, i16* %res_52_V_V, i16* %res_53_V_V, i16* %res_54_V_V, i16* %res_55_V_V, i16* %res_56_V_V, i16* %res_57_V_V, i16* %res_58_V_V, i16* %res_59_V_V, i16* %res_60_V_V, i16* %res_61_V_V, i16* %res_62_V_V, i16* %res_63_V_V)" [firmware/nnet_utils/nnet_pooling.h:228]   --->   Operation 153 'call' <Predicate = (!icmp_ln223)> <Delay = 0.00> <CoreType = "Generic">   --->   Core 0 '' <Latency = 0> <II = 1> <Delay = 1.00> <Generic> <Opcode : >
ST_7 : Operation 154 [1/1] (0.00ns)   --->   "%empty_67 = call i32 (...)* @_ssdm_op_SpecRegionEnd([10 x i8]* @p_str25, i32 %tmp_s)" [firmware/nnet_utils/nnet_pooling.h:229]   --->   Operation 154 'specregionend' 'empty_67' <Predicate = (!icmp_ln223)> <Delay = 0.00>
ST_7 : Operation 155 [1/1] (0.00ns)   --->   "br label %1"   --->   Operation 155 'br' <Predicate = (!icmp_ln223)> <Delay = 0.00>

State 8 <SV = 2> <Delay = 0.00>
ST_8 : Operation 156 [1/1] (0.00ns)   --->   "ret void" [firmware/nnet_utils/nnet_pooling.h:231]   --->   Operation 156 'ret' <Predicate = true> <Delay = 0.00>


============================================================
+ Verbose Summary: Timing violations
============================================================
Target clock period: 5ns, clock uncertainty: 0.625ns.

 <State 1>: 0.603ns
The critical path consists of the following:
	multiplexor before 'phi' operation ('indvar_flatten', firmware/nnet_utils/nnet_pooling.h:223) with incoming values : ('add_ln223', firmware/nnet_utils/nnet_pooling.h:223) [331]  (0.603 ns)

 <State 2>: 0.593ns
The critical path consists of the following:
	'phi' operation ('indvar_flatten', firmware/nnet_utils/nnet_pooling.h:223) with incoming values : ('add_ln223', firmware/nnet_utils/nnet_pooling.h:223) [331]  (0 ns)
	'icmp' operation ('icmp_ln223', firmware/nnet_utils/nnet_pooling.h:223) [332]  (0.593 ns)

 <State 3>: 0ns
The critical path consists of the following:

 <State 4>: 0ns
The critical path consists of the following:

 <State 5>: 0ns
The critical path consists of the following:

 <State 6>: 0ns
The critical path consists of the following:

 <State 7>: 0ns
The critical path consists of the following:

 <State 8>: 0ns
The critical path consists of the following:


============================================================
+ Verbose Summary: Binding
============================================================
N/A
* FSMD analyzer results:
  - Output states:
 - Input state : 
  - Chain level:
	State 1
	State 2
	State 3
	State 4
	State 5
	State 6
	State 7
	State 8


============================================================
+ Verbose Summary: Datapath Resource usage 
============================================================
N/A
