

================================================================
== Vivado HLS Report for 'shift_line_buffer_ap_fixed_ap_fixed_config7_s'
================================================================
* Date:           Tue Apr 13 22:11:37 2021

* Version:        2019.2.1 (Build 2724168 on Thu Dec 05 05:19:09 MST 2019)
* Project:        myproject_prj
* Solution:       solution1
* Product family: virtexuplus
* Target device:  xcvu9p-flgb2104-2-i


================================================================
== Performance Estimates
================================================================
+ Timing: 
    * Summary: 
    +--------+---------+----------+------------+
    |  Clock |  Target | Estimated| Uncertainty|
    +--------+---------+----------+------------+
    |ap_clk  | 5.00 ns | 1.222 ns |   0.62 ns  |
    +--------+---------+----------+------------+

+ Latency: 
    * Summary: 
    +---------+---------+----------+----------+-----+-----+----------+
    |  Latency (cycles) |  Latency (absolute) |  Interval | Pipeline |
    |   min   |   max   |    min   |    max   | min | max |   Type   |
    +---------+---------+----------+----------+-----+-----+----------+
    |        0|        0|   0 ns   |   0 ns   |    1|    1| function |
    +---------+---------+----------+----------+-----+-----+----------+

    + Detail: 
        * Instance: 
        N/A

        * Loop: 
        N/A

============================================================
+ Verbose Summary: Synthesis Manager
============================================================
InlineROM: 1
ExposeGlobal: 0
============================================================
+ Verbose Summary: CDFG Model
============================================================
IsTopModel: 0
ResetActiveHigh: 1
IsCombinational: 0
IsDatapathOnly: 0
HasWiredReturn: 1
HasMFsm: 2
HasVarLatency: 0
IsPipeline: 1
IsRtlPipelined: 0
IsInstanceOverlapped: 0
IsDontTouch: 0
HasImplIP: 0
IsGatedGlobalClock: 0

+ Individual pipeline summary: 
  * Pipeline-0: initiation interval (II) = 1, depth = 1


============================================================
+ Verbose Summary: Schedule
============================================================
* Number of FSM states : 1
* Pipeline : 1
  Pipeline-0 : II = 1, D = 1, States = { 1 }
* Dataflow Pipeline: 0

* FSM state transitions: 
1 --> 

* FSM state operations: 

State 1 <SV = 0> <Delay = 1.22>
ST_1 : Operation 2 [1/1] (0.00ns)   --->   "%kernel_window_V_read_1 = call i9216 @_ssdm_op_Read.ap_auto.i9216(i9216 %kernel_window_V_read)" [firmware/nnet_utils/nnet_conv2d_large.h:55]   --->   Operation 2 'read' 'kernel_window_V_read_1' <Predicate = true> <Delay = 0.00>
ST_1 : Operation 3 [1/1] (0.00ns)   --->   "%data_V_read_1 = call i1024 @_ssdm_op_Read.ap_auto.i1024(i1024 %data_V_read)" [firmware/nnet_utils/nnet_conv2d_large.h:55]   --->   Operation 3 'read' 'data_V_read_1' <Predicate = true> <Delay = 0.00>
ST_1 : Operation 4 [1/1] (0.00ns)   --->   "call void (...)* @_ssdm_op_SpecPipeline(i32 -1, i32 1, i32 1, i32 0, [1 x i8]* @p_str10) nounwind" [firmware/nnet_utils/nnet_conv2d_large.h:59]   --->   Operation 4 'specpipeline' <Predicate = true> <Delay = 0.00>
ST_1 : Operation 5 [1/1] (0.00ns)   --->   "%trunc_ln203 = trunc i1024 %data_V_read_1 to i16" [firmware/nnet_utils/nnet_conv2d_large.h:69]   --->   Operation 5 'trunc' 'trunc_ln203' <Predicate = true> <Delay = 0.00>
ST_1 : Operation 6 [1/1] (0.61ns)   --->   "%DataOut_V_1 = call i16 @"_ssdm_op_MemShiftRead.[10 x i16]P"(i16* getelementptr inbounds ([10 x i16]* @layer_in_row_Array_V_2_0_0, i64 0, i64 9), i16 %trunc_ln203, i1 true)" [firmware/nnet_utils/nnet_conv2d_large.h:74]   --->   Operation 6 'memshiftread' 'DataOut_V_1' <Predicate = true> <Delay = 0.61> <Core = "ShiftReg">   --->   Core 33 'ShiftReg' <Latency = 0> <II = 1> <Delay = 0.61> <Storage> <Opcode : 'memshiftread' 'load'> <Ports = 1> <Width = 16> <Depth = 10> <ShiftMem>
ST_1 : Operation 7 [1/1] (0.61ns)   --->   "%DataOut_V = call i16 @"_ssdm_op_MemShiftRead.[10 x i16]P"(i16* getelementptr inbounds ([10 x i16]* @layer_in_row_Array_V_2_1_0, i64 0, i64 9), i16 %DataOut_V_1, i1 true)" [firmware/nnet_utils/nnet_conv2d_large.h:74]   --->   Operation 7 'memshiftread' 'DataOut_V' <Predicate = true> <Delay = 0.61> <Core = "ShiftReg">   --->   Core 33 'ShiftReg' <Latency = 0> <II = 1> <Delay = 0.61> <Storage> <Opcode : 'memshiftread' 'load'> <Ports = 1> <Width = 16> <Depth = 10> <ShiftMem>
ST_1 : Operation 8 [1/1] (0.00ns)   --->   "%DataIn_V_assign_2 = call i16 @_ssdm_op_PartSelect.i16.i1024.i32.i32(i1024 %data_V_read_1, i32 16, i32 31)" [firmware/nnet_utils/nnet_conv2d_large.h:69]   --->   Operation 8 'partselect' 'DataIn_V_assign_2' <Predicate = true> <Delay = 0.00>
ST_1 : Operation 9 [1/1] (0.61ns)   --->   "%DataOut_V_3 = call i16 @"_ssdm_op_MemShiftRead.[10 x i16]P"(i16* getelementptr inbounds ([10 x i16]* @layer_in_row_Array_V_2_0_1, i64 0, i64 9), i16 %DataIn_V_assign_2, i1 true)" [firmware/nnet_utils/nnet_conv2d_large.h:74]   --->   Operation 9 'memshiftread' 'DataOut_V_3' <Predicate = true> <Delay = 0.61> <Core = "ShiftReg">   --->   Core 33 'ShiftReg' <Latency = 0> <II = 1> <Delay = 0.61> <Storage> <Opcode : 'memshiftread' 'load'> <Ports = 1> <Width = 16> <Depth = 10> <ShiftMem>
ST_1 : Operation 10 [1/1] (0.61ns)   --->   "%DataOut_V_2 = call i16 @"_ssdm_op_MemShiftRead.[10 x i16]P"(i16* getelementptr inbounds ([10 x i16]* @layer_in_row_Array_V_2_1_1, i64 0, i64 9), i16 %DataOut_V_3, i1 true)" [firmware/nnet_utils/nnet_conv2d_large.h:74]   --->   Operation 10 'memshiftread' 'DataOut_V_2' <Predicate = true> <Delay = 0.61> <Core = "ShiftReg">   --->   Core 33 'ShiftReg' <Latency = 0> <II = 1> <Delay = 0.61> <Storage> <Opcode : 'memshiftread' 'load'> <Ports = 1> <Width = 16> <Depth = 10> <ShiftMem>
ST_1 : Operation 11 [1/1] (0.00ns)   --->   "%DataIn_V_assign_4 = call i16 @_ssdm_op_PartSelect.i16.i1024.i32.i32(i1024 %data_V_read_1, i32 32, i32 47)" [firmware/nnet_utils/nnet_conv2d_large.h:69]   --->   Operation 11 'partselect' 'DataIn_V_assign_4' <Predicate = true> <Delay = 0.00>
ST_1 : Operation 12 [1/1] (0.61ns)   --->   "%DataOut_V_5 = call i16 @"_ssdm_op_MemShiftRead.[10 x i16]P"(i16* getelementptr inbounds ([10 x i16]* @layer_in_row_Array_V_2_0_2, i64 0, i64 9), i16 %DataIn_V_assign_4, i1 true)" [firmware/nnet_utils/nnet_conv2d_large.h:74]   --->   Operation 12 'memshiftread' 'DataOut_V_5' <Predicate = true> <Delay = 0.61> <Core = "ShiftReg">   --->   Core 33 'ShiftReg' <Latency = 0> <II = 1> <Delay = 0.61> <Storage> <Opcode : 'memshiftread' 'load'> <Ports = 1> <Width = 16> <Depth = 10> <ShiftMem>
ST_1 : Operation 13 [1/1] (0.61ns)   --->   "%DataOut_V_4 = call i16 @"_ssdm_op_MemShiftRead.[10 x i16]P"(i16* getelementptr inbounds ([10 x i16]* @layer_in_row_Array_V_2_1_2, i64 0, i64 9), i16 %DataOut_V_5, i1 true)" [firmware/nnet_utils/nnet_conv2d_large.h:74]   --->   Operation 13 'memshiftread' 'DataOut_V_4' <Predicate = true> <Delay = 0.61> <Core = "ShiftReg">   --->   Core 33 'ShiftReg' <Latency = 0> <II = 1> <Delay = 0.61> <Storage> <Opcode : 'memshiftread' 'load'> <Ports = 1> <Width = 16> <Depth = 10> <ShiftMem>
ST_1 : Operation 14 [1/1] (0.00ns)   --->   "%DataIn_V_assign_6 = call i16 @_ssdm_op_PartSelect.i16.i1024.i32.i32(i1024 %data_V_read_1, i32 48, i32 63)" [firmware/nnet_utils/nnet_conv2d_large.h:69]   --->   Operation 14 'partselect' 'DataIn_V_assign_6' <Predicate = true> <Delay = 0.00>
ST_1 : Operation 15 [1/1] (0.61ns)   --->   "%DataOut_V_7 = call i16 @"_ssdm_op_MemShiftRead.[10 x i16]P"(i16* getelementptr inbounds ([10 x i16]* @layer_in_row_Array_V_2_0_3, i64 0, i64 9), i16 %DataIn_V_assign_6, i1 true)" [firmware/nnet_utils/nnet_conv2d_large.h:74]   --->   Operation 15 'memshiftread' 'DataOut_V_7' <Predicate = true> <Delay = 0.61> <Core = "ShiftReg">   --->   Core 33 'ShiftReg' <Latency = 0> <II = 1> <Delay = 0.61> <Storage> <Opcode : 'memshiftread' 'load'> <Ports = 1> <Width = 16> <Depth = 10> <ShiftMem>
ST_1 : Operation 16 [1/1] (0.61ns)   --->   "%DataOut_V_6 = call i16 @"_ssdm_op_MemShiftRead.[10 x i16]P"(i16* getelementptr inbounds ([10 x i16]* @layer_in_row_Array_V_2_1_3, i64 0, i64 9), i16 %DataOut_V_7, i1 true)" [firmware/nnet_utils/nnet_conv2d_large.h:74]   --->   Operation 16 'memshiftread' 'DataOut_V_6' <Predicate = true> <Delay = 0.61> <Core = "ShiftReg">   --->   Core 33 'ShiftReg' <Latency = 0> <II = 1> <Delay = 0.61> <Storage> <Opcode : 'memshiftread' 'load'> <Ports = 1> <Width = 16> <Depth = 10> <ShiftMem>
ST_1 : Operation 17 [1/1] (0.00ns)   --->   "%DataIn_V_assign_8 = call i16 @_ssdm_op_PartSelect.i16.i1024.i32.i32(i1024 %data_V_read_1, i32 64, i32 79)" [firmware/nnet_utils/nnet_conv2d_large.h:69]   --->   Operation 17 'partselect' 'DataIn_V_assign_8' <Predicate = true> <Delay = 0.00>
ST_1 : Operation 18 [1/1] (0.61ns)   --->   "%DataOut_V_9 = call i16 @"_ssdm_op_MemShiftRead.[10 x i16]P"(i16* getelementptr inbounds ([10 x i16]* @layer_in_row_Array_V_2_0_4, i64 0, i64 9), i16 %DataIn_V_assign_8, i1 true)" [firmware/nnet_utils/nnet_conv2d_large.h:74]   --->   Operation 18 'memshiftread' 'DataOut_V_9' <Predicate = true> <Delay = 0.61> <Core = "ShiftReg">   --->   Core 33 'ShiftReg' <Latency = 0> <II = 1> <Delay = 0.61> <Storage> <Opcode : 'memshiftread' 'load'> <Ports = 1> <Width = 16> <Depth = 10> <ShiftMem>
ST_1 : Operation 19 [1/1] (0.61ns)   --->   "%DataOut_V_8 = call i16 @"_ssdm_op_MemShiftRead.[10 x i16]P"(i16* getelementptr inbounds ([10 x i16]* @layer_in_row_Array_V_2_1_4, i64 0, i64 9), i16 %DataOut_V_9, i1 true)" [firmware/nnet_utils/nnet_conv2d_large.h:74]   --->   Operation 19 'memshiftread' 'DataOut_V_8' <Predicate = true> <Delay = 0.61> <Core = "ShiftReg">   --->   Core 33 'ShiftReg' <Latency = 0> <II = 1> <Delay = 0.61> <Storage> <Opcode : 'memshiftread' 'load'> <Ports = 1> <Width = 16> <Depth = 10> <ShiftMem>
ST_1 : Operation 20 [1/1] (0.00ns)   --->   "%DataIn_V_assign_s = call i16 @_ssdm_op_PartSelect.i16.i1024.i32.i32(i1024 %data_V_read_1, i32 80, i32 95)" [firmware/nnet_utils/nnet_conv2d_large.h:69]   --->   Operation 20 'partselect' 'DataIn_V_assign_s' <Predicate = true> <Delay = 0.00>
ST_1 : Operation 21 [1/1] (0.61ns)   --->   "%DataOut_V_10 = call i16 @"_ssdm_op_MemShiftRead.[10 x i16]P"(i16* getelementptr inbounds ([10 x i16]* @layer_in_row_Array_V_2_0_5, i64 0, i64 9), i16 %DataIn_V_assign_s, i1 true)" [firmware/nnet_utils/nnet_conv2d_large.h:74]   --->   Operation 21 'memshiftread' 'DataOut_V_10' <Predicate = true> <Delay = 0.61> <Core = "ShiftReg">   --->   Core 33 'ShiftReg' <Latency = 0> <II = 1> <Delay = 0.61> <Storage> <Opcode : 'memshiftread' 'load'> <Ports = 1> <Width = 16> <Depth = 10> <ShiftMem>
ST_1 : Operation 22 [1/1] (0.61ns)   --->   "%DataOut_V_11 = call i16 @"_ssdm_op_MemShiftRead.[10 x i16]P"(i16* getelementptr inbounds ([10 x i16]* @layer_in_row_Array_V_2_1_5, i64 0, i64 9), i16 %DataOut_V_10, i1 true)" [firmware/nnet_utils/nnet_conv2d_large.h:74]   --->   Operation 22 'memshiftread' 'DataOut_V_11' <Predicate = true> <Delay = 0.61> <Core = "ShiftReg">   --->   Core 33 'ShiftReg' <Latency = 0> <II = 1> <Delay = 0.61> <Storage> <Opcode : 'memshiftread' 'load'> <Ports = 1> <Width = 16> <Depth = 10> <ShiftMem>
ST_1 : Operation 23 [1/1] (0.00ns)   --->   "%DataIn_V_assign_1 = call i16 @_ssdm_op_PartSelect.i16.i1024.i32.i32(i1024 %data_V_read_1, i32 96, i32 111)" [firmware/nnet_utils/nnet_conv2d_large.h:69]   --->   Operation 23 'partselect' 'DataIn_V_assign_1' <Predicate = true> <Delay = 0.00>
ST_1 : Operation 24 [1/1] (0.61ns)   --->   "%DataOut_V_12 = call i16 @"_ssdm_op_MemShiftRead.[10 x i16]P"(i16* getelementptr inbounds ([10 x i16]* @layer_in_row_Array_V_2_0_6, i64 0, i64 9), i16 %DataIn_V_assign_1, i1 true)" [firmware/nnet_utils/nnet_conv2d_large.h:74]   --->   Operation 24 'memshiftread' 'DataOut_V_12' <Predicate = true> <Delay = 0.61> <Core = "ShiftReg">   --->   Core 33 'ShiftReg' <Latency = 0> <II = 1> <Delay = 0.61> <Storage> <Opcode : 'memshiftread' 'load'> <Ports = 1> <Width = 16> <Depth = 10> <ShiftMem>
ST_1 : Operation 25 [1/1] (0.61ns)   --->   "%DataOut_V_13 = call i16 @"_ssdm_op_MemShiftRead.[10 x i16]P"(i16* getelementptr inbounds ([10 x i16]* @layer_in_row_Array_V_2_1_6, i64 0, i64 9), i16 %DataOut_V_12, i1 true)" [firmware/nnet_utils/nnet_conv2d_large.h:74]   --->   Operation 25 'memshiftread' 'DataOut_V_13' <Predicate = true> <Delay = 0.61> <Core = "ShiftReg">   --->   Core 33 'ShiftReg' <Latency = 0> <II = 1> <Delay = 0.61> <Storage> <Opcode : 'memshiftread' 'load'> <Ports = 1> <Width = 16> <Depth = 10> <ShiftMem>
ST_1 : Operation 26 [1/1] (0.00ns)   --->   "%DataIn_V_assign_3 = call i16 @_ssdm_op_PartSelect.i16.i1024.i32.i32(i1024 %data_V_read_1, i32 112, i32 127)" [firmware/nnet_utils/nnet_conv2d_large.h:69]   --->   Operation 26 'partselect' 'DataIn_V_assign_3' <Predicate = true> <Delay = 0.00>
ST_1 : Operation 27 [1/1] (0.61ns)   --->   "%DataOut_V_14 = call i16 @"_ssdm_op_MemShiftRead.[10 x i16]P"(i16* getelementptr inbounds ([10 x i16]* @layer_in_row_Array_V_2_0_7, i64 0, i64 9), i16 %DataIn_V_assign_3, i1 true)" [firmware/nnet_utils/nnet_conv2d_large.h:74]   --->   Operation 27 'memshiftread' 'DataOut_V_14' <Predicate = true> <Delay = 0.61> <Core = "ShiftReg">   --->   Core 33 'ShiftReg' <Latency = 0> <II = 1> <Delay = 0.61> <Storage> <Opcode : 'memshiftread' 'load'> <Ports = 1> <Width = 16> <Depth = 10> <ShiftMem>
ST_1 : Operation 28 [1/1] (0.61ns)   --->   "%DataOut_V_15 = call i16 @"_ssdm_op_MemShiftRead.[10 x i16]P"(i16* getelementptr inbounds ([10 x i16]* @layer_in_row_Array_V_2_1_7, i64 0, i64 9), i16 %DataOut_V_14, i1 true)" [firmware/nnet_utils/nnet_conv2d_large.h:74]   --->   Operation 28 'memshiftread' 'DataOut_V_15' <Predicate = true> <Delay = 0.61> <Core = "ShiftReg">   --->   Core 33 'ShiftReg' <Latency = 0> <II = 1> <Delay = 0.61> <Storage> <Opcode : 'memshiftread' 'load'> <Ports = 1> <Width = 16> <Depth = 10> <ShiftMem>
ST_1 : Operation 29 [1/1] (0.00ns)   --->   "%DataIn_V_assign_5 = call i16 @_ssdm_op_PartSelect.i16.i1024.i32.i32(i1024 %data_V_read_1, i32 128, i32 143)" [firmware/nnet_utils/nnet_conv2d_large.h:69]   --->   Operation 29 'partselect' 'DataIn_V_assign_5' <Predicate = true> <Delay = 0.00>
ST_1 : Operation 30 [1/1] (0.61ns)   --->   "%DataOut_V_16 = call i16 @"_ssdm_op_MemShiftRead.[10 x i16]P"(i16* getelementptr inbounds ([10 x i16]* @layer_in_row_Array_V_2_0_8, i64 0, i64 9), i16 %DataIn_V_assign_5, i1 true)" [firmware/nnet_utils/nnet_conv2d_large.h:74]   --->   Operation 30 'memshiftread' 'DataOut_V_16' <Predicate = true> <Delay = 0.61> <Core = "ShiftReg">   --->   Core 33 'ShiftReg' <Latency = 0> <II = 1> <Delay = 0.61> <Storage> <Opcode : 'memshiftread' 'load'> <Ports = 1> <Width = 16> <Depth = 10> <ShiftMem>
ST_1 : Operation 31 [1/1] (0.61ns)   --->   "%DataOut_V_17 = call i16 @"_ssdm_op_MemShiftRead.[10 x i16]P"(i16* getelementptr inbounds ([10 x i16]* @layer_in_row_Array_V_2_1_8, i64 0, i64 9), i16 %DataOut_V_16, i1 true)" [firmware/nnet_utils/nnet_conv2d_large.h:74]   --->   Operation 31 'memshiftread' 'DataOut_V_17' <Predicate = true> <Delay = 0.61> <Core = "ShiftReg">   --->   Core 33 'ShiftReg' <Latency = 0> <II = 1> <Delay = 0.61> <Storage> <Opcode : 'memshiftread' 'load'> <Ports = 1> <Width = 16> <Depth = 10> <ShiftMem>
ST_1 : Operation 32 [1/1] (0.00ns)   --->   "%DataIn_V_assign_7 = call i16 @_ssdm_op_PartSelect.i16.i1024.i32.i32(i1024 %data_V_read_1, i32 144, i32 159)" [firmware/nnet_utils/nnet_conv2d_large.h:69]   --->   Operation 32 'partselect' 'DataIn_V_assign_7' <Predicate = true> <Delay = 0.00>
ST_1 : Operation 33 [1/1] (0.61ns)   --->   "%DataOut_V_18 = call i16 @"_ssdm_op_MemShiftRead.[10 x i16]P"(i16* getelementptr inbounds ([10 x i16]* @layer_in_row_Array_V_2_0_9, i64 0, i64 9), i16 %DataIn_V_assign_7, i1 true)" [firmware/nnet_utils/nnet_conv2d_large.h:74]   --->   Operation 33 'memshiftread' 'DataOut_V_18' <Predicate = true> <Delay = 0.61> <Core = "ShiftReg">   --->   Core 33 'ShiftReg' <Latency = 0> <II = 1> <Delay = 0.61> <Storage> <Opcode : 'memshiftread' 'load'> <Ports = 1> <Width = 16> <Depth = 10> <ShiftMem>
ST_1 : Operation 34 [1/1] (0.61ns)   --->   "%DataOut_V_19 = call i16 @"_ssdm_op_MemShiftRead.[10 x i16]P"(i16* getelementptr inbounds ([10 x i16]* @layer_in_row_Array_V_2_1_9, i64 0, i64 9), i16 %DataOut_V_18, i1 true)" [firmware/nnet_utils/nnet_conv2d_large.h:74]   --->   Operation 34 'memshiftread' 'DataOut_V_19' <Predicate = true> <Delay = 0.61> <Core = "ShiftReg">   --->   Core 33 'ShiftReg' <Latency = 0> <II = 1> <Delay = 0.61> <Storage> <Opcode : 'memshiftread' 'load'> <Ports = 1> <Width = 16> <Depth = 10> <ShiftMem>
ST_1 : Operation 35 [1/1] (0.00ns)   --->   "%DataIn_V_assign_9 = call i16 @_ssdm_op_PartSelect.i16.i1024.i32.i32(i1024 %data_V_read_1, i32 160, i32 175)" [firmware/nnet_utils/nnet_conv2d_large.h:69]   --->   Operation 35 'partselect' 'DataIn_V_assign_9' <Predicate = true> <Delay = 0.00>
ST_1 : Operation 36 [1/1] (0.61ns)   --->   "%DataOut_V_20 = call i16 @"_ssdm_op_MemShiftRead.[10 x i16]P"(i16* getelementptr inbounds ([10 x i16]* @layer_in_row_Array_V_2_0_10, i64 0, i64 9), i16 %DataIn_V_assign_9, i1 true)" [firmware/nnet_utils/nnet_conv2d_large.h:74]   --->   Operation 36 'memshiftread' 'DataOut_V_20' <Predicate = true> <Delay = 0.61> <Core = "ShiftReg">   --->   Core 33 'ShiftReg' <Latency = 0> <II = 1> <Delay = 0.61> <Storage> <Opcode : 'memshiftread' 'load'> <Ports = 1> <Width = 16> <Depth = 10> <ShiftMem>
ST_1 : Operation 37 [1/1] (0.61ns)   --->   "%DataOut_V_21 = call i16 @"_ssdm_op_MemShiftRead.[10 x i16]P"(i16* getelementptr inbounds ([10 x i16]* @layer_in_row_Array_V_2_1_10, i64 0, i64 9), i16 %DataOut_V_20, i1 true)" [firmware/nnet_utils/nnet_conv2d_large.h:74]   --->   Operation 37 'memshiftread' 'DataOut_V_21' <Predicate = true> <Delay = 0.61> <Core = "ShiftReg">   --->   Core 33 'ShiftReg' <Latency = 0> <II = 1> <Delay = 0.61> <Storage> <Opcode : 'memshiftread' 'load'> <Ports = 1> <Width = 16> <Depth = 10> <ShiftMem>
ST_1 : Operation 38 [1/1] (0.00ns)   --->   "%DataIn_V_assign_10 = call i16 @_ssdm_op_PartSelect.i16.i1024.i32.i32(i1024 %data_V_read_1, i32 176, i32 191)" [firmware/nnet_utils/nnet_conv2d_large.h:69]   --->   Operation 38 'partselect' 'DataIn_V_assign_10' <Predicate = true> <Delay = 0.00>
ST_1 : Operation 39 [1/1] (0.61ns)   --->   "%DataOut_V_22 = call i16 @"_ssdm_op_MemShiftRead.[10 x i16]P"(i16* getelementptr inbounds ([10 x i16]* @layer_in_row_Array_V_2_0_11, i64 0, i64 9), i16 %DataIn_V_assign_10, i1 true)" [firmware/nnet_utils/nnet_conv2d_large.h:74]   --->   Operation 39 'memshiftread' 'DataOut_V_22' <Predicate = true> <Delay = 0.61> <Core = "ShiftReg">   --->   Core 33 'ShiftReg' <Latency = 0> <II = 1> <Delay = 0.61> <Storage> <Opcode : 'memshiftread' 'load'> <Ports = 1> <Width = 16> <Depth = 10> <ShiftMem>
ST_1 : Operation 40 [1/1] (0.61ns)   --->   "%DataOut_V_23 = call i16 @"_ssdm_op_MemShiftRead.[10 x i16]P"(i16* getelementptr inbounds ([10 x i16]* @layer_in_row_Array_V_2_1_11, i64 0, i64 9), i16 %DataOut_V_22, i1 true)" [firmware/nnet_utils/nnet_conv2d_large.h:74]   --->   Operation 40 'memshiftread' 'DataOut_V_23' <Predicate = true> <Delay = 0.61> <Core = "ShiftReg">   --->   Core 33 'ShiftReg' <Latency = 0> <II = 1> <Delay = 0.61> <Storage> <Opcode : 'memshiftread' 'load'> <Ports = 1> <Width = 16> <Depth = 10> <ShiftMem>
ST_1 : Operation 41 [1/1] (0.00ns)   --->   "%DataIn_V_assign_11 = call i16 @_ssdm_op_PartSelect.i16.i1024.i32.i32(i1024 %data_V_read_1, i32 192, i32 207)" [firmware/nnet_utils/nnet_conv2d_large.h:69]   --->   Operation 41 'partselect' 'DataIn_V_assign_11' <Predicate = true> <Delay = 0.00>
ST_1 : Operation 42 [1/1] (0.61ns)   --->   "%DataOut_V_24 = call i16 @"_ssdm_op_MemShiftRead.[10 x i16]P"(i16* getelementptr inbounds ([10 x i16]* @layer_in_row_Array_V_2_0_12, i64 0, i64 9), i16 %DataIn_V_assign_11, i1 true)" [firmware/nnet_utils/nnet_conv2d_large.h:74]   --->   Operation 42 'memshiftread' 'DataOut_V_24' <Predicate = true> <Delay = 0.61> <Core = "ShiftReg">   --->   Core 33 'ShiftReg' <Latency = 0> <II = 1> <Delay = 0.61> <Storage> <Opcode : 'memshiftread' 'load'> <Ports = 1> <Width = 16> <Depth = 10> <ShiftMem>
ST_1 : Operation 43 [1/1] (0.61ns)   --->   "%DataOut_V_25 = call i16 @"_ssdm_op_MemShiftRead.[10 x i16]P"(i16* getelementptr inbounds ([10 x i16]* @layer_in_row_Array_V_2_1_12, i64 0, i64 9), i16 %DataOut_V_24, i1 true)" [firmware/nnet_utils/nnet_conv2d_large.h:74]   --->   Operation 43 'memshiftread' 'DataOut_V_25' <Predicate = true> <Delay = 0.61> <Core = "ShiftReg">   --->   Core 33 'ShiftReg' <Latency = 0> <II = 1> <Delay = 0.61> <Storage> <Opcode : 'memshiftread' 'load'> <Ports = 1> <Width = 16> <Depth = 10> <ShiftMem>
ST_1 : Operation 44 [1/1] (0.00ns)   --->   "%DataIn_V_assign_12 = call i16 @_ssdm_op_PartSelect.i16.i1024.i32.i32(i1024 %data_V_read_1, i32 208, i32 223)" [firmware/nnet_utils/nnet_conv2d_large.h:69]   --->   Operation 44 'partselect' 'DataIn_V_assign_12' <Predicate = true> <Delay = 0.00>
ST_1 : Operation 45 [1/1] (0.61ns)   --->   "%DataOut_V_26 = call i16 @"_ssdm_op_MemShiftRead.[10 x i16]P"(i16* getelementptr inbounds ([10 x i16]* @layer_in_row_Array_V_2_0_13, i64 0, i64 9), i16 %DataIn_V_assign_12, i1 true)" [firmware/nnet_utils/nnet_conv2d_large.h:74]   --->   Operation 45 'memshiftread' 'DataOut_V_26' <Predicate = true> <Delay = 0.61> <Core = "ShiftReg">   --->   Core 33 'ShiftReg' <Latency = 0> <II = 1> <Delay = 0.61> <Storage> <Opcode : 'memshiftread' 'load'> <Ports = 1> <Width = 16> <Depth = 10> <ShiftMem>
ST_1 : Operation 46 [1/1] (0.61ns)   --->   "%DataOut_V_27 = call i16 @"_ssdm_op_MemShiftRead.[10 x i16]P"(i16* getelementptr inbounds ([10 x i16]* @layer_in_row_Array_V_2_1_13, i64 0, i64 9), i16 %DataOut_V_26, i1 true)" [firmware/nnet_utils/nnet_conv2d_large.h:74]   --->   Operation 46 'memshiftread' 'DataOut_V_27' <Predicate = true> <Delay = 0.61> <Core = "ShiftReg">   --->   Core 33 'ShiftReg' <Latency = 0> <II = 1> <Delay = 0.61> <Storage> <Opcode : 'memshiftread' 'load'> <Ports = 1> <Width = 16> <Depth = 10> <ShiftMem>
ST_1 : Operation 47 [1/1] (0.00ns)   --->   "%DataIn_V_assign_13 = call i16 @_ssdm_op_PartSelect.i16.i1024.i32.i32(i1024 %data_V_read_1, i32 224, i32 239)" [firmware/nnet_utils/nnet_conv2d_large.h:69]   --->   Operation 47 'partselect' 'DataIn_V_assign_13' <Predicate = true> <Delay = 0.00>
ST_1 : Operation 48 [1/1] (0.61ns)   --->   "%DataOut_V_28 = call i16 @"_ssdm_op_MemShiftRead.[10 x i16]P"(i16* getelementptr inbounds ([10 x i16]* @layer_in_row_Array_V_2_0_14, i64 0, i64 9), i16 %DataIn_V_assign_13, i1 true)" [firmware/nnet_utils/nnet_conv2d_large.h:74]   --->   Operation 48 'memshiftread' 'DataOut_V_28' <Predicate = true> <Delay = 0.61> <Core = "ShiftReg">   --->   Core 33 'ShiftReg' <Latency = 0> <II = 1> <Delay = 0.61> <Storage> <Opcode : 'memshiftread' 'load'> <Ports = 1> <Width = 16> <Depth = 10> <ShiftMem>
ST_1 : Operation 49 [1/1] (0.61ns)   --->   "%DataOut_V_29 = call i16 @"_ssdm_op_MemShiftRead.[10 x i16]P"(i16* getelementptr inbounds ([10 x i16]* @layer_in_row_Array_V_2_1_14, i64 0, i64 9), i16 %DataOut_V_28, i1 true)" [firmware/nnet_utils/nnet_conv2d_large.h:74]   --->   Operation 49 'memshiftread' 'DataOut_V_29' <Predicate = true> <Delay = 0.61> <Core = "ShiftReg">   --->   Core 33 'ShiftReg' <Latency = 0> <II = 1> <Delay = 0.61> <Storage> <Opcode : 'memshiftread' 'load'> <Ports = 1> <Width = 16> <Depth = 10> <ShiftMem>
ST_1 : Operation 50 [1/1] (0.00ns)   --->   "%DataIn_V_assign_14 = call i16 @_ssdm_op_PartSelect.i16.i1024.i32.i32(i1024 %data_V_read_1, i32 240, i32 255)" [firmware/nnet_utils/nnet_conv2d_large.h:69]   --->   Operation 50 'partselect' 'DataIn_V_assign_14' <Predicate = true> <Delay = 0.00>
ST_1 : Operation 51 [1/1] (0.61ns)   --->   "%DataOut_V_30 = call i16 @"_ssdm_op_MemShiftRead.[10 x i16]P"(i16* getelementptr inbounds ([10 x i16]* @layer_in_row_Array_V_2_0_15, i64 0, i64 9), i16 %DataIn_V_assign_14, i1 true)" [firmware/nnet_utils/nnet_conv2d_large.h:74]   --->   Operation 51 'memshiftread' 'DataOut_V_30' <Predicate = true> <Delay = 0.61> <Core = "ShiftReg">   --->   Core 33 'ShiftReg' <Latency = 0> <II = 1> <Delay = 0.61> <Storage> <Opcode : 'memshiftread' 'load'> <Ports = 1> <Width = 16> <Depth = 10> <ShiftMem>
ST_1 : Operation 52 [1/1] (0.61ns)   --->   "%DataOut_V_31 = call i16 @"_ssdm_op_MemShiftRead.[10 x i16]P"(i16* getelementptr inbounds ([10 x i16]* @layer_in_row_Array_V_2_1_15, i64 0, i64 9), i16 %DataOut_V_30, i1 true)" [firmware/nnet_utils/nnet_conv2d_large.h:74]   --->   Operation 52 'memshiftread' 'DataOut_V_31' <Predicate = true> <Delay = 0.61> <Core = "ShiftReg">   --->   Core 33 'ShiftReg' <Latency = 0> <II = 1> <Delay = 0.61> <Storage> <Opcode : 'memshiftread' 'load'> <Ports = 1> <Width = 16> <Depth = 10> <ShiftMem>
ST_1 : Operation 53 [1/1] (0.00ns)   --->   "%DataIn_V_assign_15 = call i16 @_ssdm_op_PartSelect.i16.i1024.i32.i32(i1024 %data_V_read_1, i32 256, i32 271)" [firmware/nnet_utils/nnet_conv2d_large.h:69]   --->   Operation 53 'partselect' 'DataIn_V_assign_15' <Predicate = true> <Delay = 0.00>
ST_1 : Operation 54 [1/1] (0.61ns)   --->   "%DataOut_V_32 = call i16 @"_ssdm_op_MemShiftRead.[10 x i16]P"(i16* getelementptr inbounds ([10 x i16]* @layer_in_row_Array_V_2_0_16, i64 0, i64 9), i16 %DataIn_V_assign_15, i1 true)" [firmware/nnet_utils/nnet_conv2d_large.h:74]   --->   Operation 54 'memshiftread' 'DataOut_V_32' <Predicate = true> <Delay = 0.61> <Core = "ShiftReg">   --->   Core 33 'ShiftReg' <Latency = 0> <II = 1> <Delay = 0.61> <Storage> <Opcode : 'memshiftread' 'load'> <Ports = 1> <Width = 16> <Depth = 10> <ShiftMem>
ST_1 : Operation 55 [1/1] (0.61ns)   --->   "%DataOut_V_33 = call i16 @"_ssdm_op_MemShiftRead.[10 x i16]P"(i16* getelementptr inbounds ([10 x i16]* @layer_in_row_Array_V_2_1_16, i64 0, i64 9), i16 %DataOut_V_32, i1 true)" [firmware/nnet_utils/nnet_conv2d_large.h:74]   --->   Operation 55 'memshiftread' 'DataOut_V_33' <Predicate = true> <Delay = 0.61> <Core = "ShiftReg">   --->   Core 33 'ShiftReg' <Latency = 0> <II = 1> <Delay = 0.61> <Storage> <Opcode : 'memshiftread' 'load'> <Ports = 1> <Width = 16> <Depth = 10> <ShiftMem>
ST_1 : Operation 56 [1/1] (0.00ns)   --->   "%DataIn_V_assign_16 = call i16 @_ssdm_op_PartSelect.i16.i1024.i32.i32(i1024 %data_V_read_1, i32 272, i32 287)" [firmware/nnet_utils/nnet_conv2d_large.h:69]   --->   Operation 56 'partselect' 'DataIn_V_assign_16' <Predicate = true> <Delay = 0.00>
ST_1 : Operation 57 [1/1] (0.61ns)   --->   "%DataOut_V_34 = call i16 @"_ssdm_op_MemShiftRead.[10 x i16]P"(i16* getelementptr inbounds ([10 x i16]* @layer_in_row_Array_V_2_0_17, i64 0, i64 9), i16 %DataIn_V_assign_16, i1 true)" [firmware/nnet_utils/nnet_conv2d_large.h:74]   --->   Operation 57 'memshiftread' 'DataOut_V_34' <Predicate = true> <Delay = 0.61> <Core = "ShiftReg">   --->   Core 33 'ShiftReg' <Latency = 0> <II = 1> <Delay = 0.61> <Storage> <Opcode : 'memshiftread' 'load'> <Ports = 1> <Width = 16> <Depth = 10> <ShiftMem>
ST_1 : Operation 58 [1/1] (0.61ns)   --->   "%DataOut_V_35 = call i16 @"_ssdm_op_MemShiftRead.[10 x i16]P"(i16* getelementptr inbounds ([10 x i16]* @layer_in_row_Array_V_2_1_17, i64 0, i64 9), i16 %DataOut_V_34, i1 true)" [firmware/nnet_utils/nnet_conv2d_large.h:74]   --->   Operation 58 'memshiftread' 'DataOut_V_35' <Predicate = true> <Delay = 0.61> <Core = "ShiftReg">   --->   Core 33 'ShiftReg' <Latency = 0> <II = 1> <Delay = 0.61> <Storage> <Opcode : 'memshiftread' 'load'> <Ports = 1> <Width = 16> <Depth = 10> <ShiftMem>
ST_1 : Operation 59 [1/1] (0.00ns)   --->   "%DataIn_V_assign_17 = call i16 @_ssdm_op_PartSelect.i16.i1024.i32.i32(i1024 %data_V_read_1, i32 288, i32 303)" [firmware/nnet_utils/nnet_conv2d_large.h:69]   --->   Operation 59 'partselect' 'DataIn_V_assign_17' <Predicate = true> <Delay = 0.00>
ST_1 : Operation 60 [1/1] (0.61ns)   --->   "%DataOut_V_36 = call i16 @"_ssdm_op_MemShiftRead.[10 x i16]P"(i16* getelementptr inbounds ([10 x i16]* @layer_in_row_Array_V_2_0_18, i64 0, i64 9), i16 %DataIn_V_assign_17, i1 true)" [firmware/nnet_utils/nnet_conv2d_large.h:74]   --->   Operation 60 'memshiftread' 'DataOut_V_36' <Predicate = true> <Delay = 0.61> <Core = "ShiftReg">   --->   Core 33 'ShiftReg' <Latency = 0> <II = 1> <Delay = 0.61> <Storage> <Opcode : 'memshiftread' 'load'> <Ports = 1> <Width = 16> <Depth = 10> <ShiftMem>
ST_1 : Operation 61 [1/1] (0.61ns)   --->   "%DataOut_V_37 = call i16 @"_ssdm_op_MemShiftRead.[10 x i16]P"(i16* getelementptr inbounds ([10 x i16]* @layer_in_row_Array_V_2_1_18, i64 0, i64 9), i16 %DataOut_V_36, i1 true)" [firmware/nnet_utils/nnet_conv2d_large.h:74]   --->   Operation 61 'memshiftread' 'DataOut_V_37' <Predicate = true> <Delay = 0.61> <Core = "ShiftReg">   --->   Core 33 'ShiftReg' <Latency = 0> <II = 1> <Delay = 0.61> <Storage> <Opcode : 'memshiftread' 'load'> <Ports = 1> <Width = 16> <Depth = 10> <ShiftMem>
ST_1 : Operation 62 [1/1] (0.00ns)   --->   "%DataIn_V_assign_18 = call i16 @_ssdm_op_PartSelect.i16.i1024.i32.i32(i1024 %data_V_read_1, i32 304, i32 319)" [firmware/nnet_utils/nnet_conv2d_large.h:69]   --->   Operation 62 'partselect' 'DataIn_V_assign_18' <Predicate = true> <Delay = 0.00>
ST_1 : Operation 63 [1/1] (0.61ns)   --->   "%DataOut_V_38 = call i16 @"_ssdm_op_MemShiftRead.[10 x i16]P"(i16* getelementptr inbounds ([10 x i16]* @layer_in_row_Array_V_2_0_19, i64 0, i64 9), i16 %DataIn_V_assign_18, i1 true)" [firmware/nnet_utils/nnet_conv2d_large.h:74]   --->   Operation 63 'memshiftread' 'DataOut_V_38' <Predicate = true> <Delay = 0.61> <Core = "ShiftReg">   --->   Core 33 'ShiftReg' <Latency = 0> <II = 1> <Delay = 0.61> <Storage> <Opcode : 'memshiftread' 'load'> <Ports = 1> <Width = 16> <Depth = 10> <ShiftMem>
ST_1 : Operation 64 [1/1] (0.61ns)   --->   "%DataOut_V_39 = call i16 @"_ssdm_op_MemShiftRead.[10 x i16]P"(i16* getelementptr inbounds ([10 x i16]* @layer_in_row_Array_V_2_1_19, i64 0, i64 9), i16 %DataOut_V_38, i1 true)" [firmware/nnet_utils/nnet_conv2d_large.h:74]   --->   Operation 64 'memshiftread' 'DataOut_V_39' <Predicate = true> <Delay = 0.61> <Core = "ShiftReg">   --->   Core 33 'ShiftReg' <Latency = 0> <II = 1> <Delay = 0.61> <Storage> <Opcode : 'memshiftread' 'load'> <Ports = 1> <Width = 16> <Depth = 10> <ShiftMem>
ST_1 : Operation 65 [1/1] (0.00ns)   --->   "%DataIn_V_assign_19 = call i16 @_ssdm_op_PartSelect.i16.i1024.i32.i32(i1024 %data_V_read_1, i32 320, i32 335)" [firmware/nnet_utils/nnet_conv2d_large.h:69]   --->   Operation 65 'partselect' 'DataIn_V_assign_19' <Predicate = true> <Delay = 0.00>
ST_1 : Operation 66 [1/1] (0.61ns)   --->   "%DataOut_V_40 = call i16 @"_ssdm_op_MemShiftRead.[10 x i16]P"(i16* getelementptr inbounds ([10 x i16]* @layer_in_row_Array_V_2_0_20, i64 0, i64 9), i16 %DataIn_V_assign_19, i1 true)" [firmware/nnet_utils/nnet_conv2d_large.h:74]   --->   Operation 66 'memshiftread' 'DataOut_V_40' <Predicate = true> <Delay = 0.61> <Core = "ShiftReg">   --->   Core 33 'ShiftReg' <Latency = 0> <II = 1> <Delay = 0.61> <Storage> <Opcode : 'memshiftread' 'load'> <Ports = 1> <Width = 16> <Depth = 10> <ShiftMem>
ST_1 : Operation 67 [1/1] (0.61ns)   --->   "%DataOut_V_41 = call i16 @"_ssdm_op_MemShiftRead.[10 x i16]P"(i16* getelementptr inbounds ([10 x i16]* @layer_in_row_Array_V_2_1_20, i64 0, i64 9), i16 %DataOut_V_40, i1 true)" [firmware/nnet_utils/nnet_conv2d_large.h:74]   --->   Operation 67 'memshiftread' 'DataOut_V_41' <Predicate = true> <Delay = 0.61> <Core = "ShiftReg">   --->   Core 33 'ShiftReg' <Latency = 0> <II = 1> <Delay = 0.61> <Storage> <Opcode : 'memshiftread' 'load'> <Ports = 1> <Width = 16> <Depth = 10> <ShiftMem>
ST_1 : Operation 68 [1/1] (0.00ns)   --->   "%DataIn_V_assign_20 = call i16 @_ssdm_op_PartSelect.i16.i1024.i32.i32(i1024 %data_V_read_1, i32 336, i32 351)" [firmware/nnet_utils/nnet_conv2d_large.h:69]   --->   Operation 68 'partselect' 'DataIn_V_assign_20' <Predicate = true> <Delay = 0.00>
ST_1 : Operation 69 [1/1] (0.61ns)   --->   "%DataOut_V_42 = call i16 @"_ssdm_op_MemShiftRead.[10 x i16]P"(i16* getelementptr inbounds ([10 x i16]* @layer_in_row_Array_V_2_0_21, i64 0, i64 9), i16 %DataIn_V_assign_20, i1 true)" [firmware/nnet_utils/nnet_conv2d_large.h:74]   --->   Operation 69 'memshiftread' 'DataOut_V_42' <Predicate = true> <Delay = 0.61> <Core = "ShiftReg">   --->   Core 33 'ShiftReg' <Latency = 0> <II = 1> <Delay = 0.61> <Storage> <Opcode : 'memshiftread' 'load'> <Ports = 1> <Width = 16> <Depth = 10> <ShiftMem>
ST_1 : Operation 70 [1/1] (0.61ns)   --->   "%DataOut_V_43 = call i16 @"_ssdm_op_MemShiftRead.[10 x i16]P"(i16* getelementptr inbounds ([10 x i16]* @layer_in_row_Array_V_2_1_21, i64 0, i64 9), i16 %DataOut_V_42, i1 true)" [firmware/nnet_utils/nnet_conv2d_large.h:74]   --->   Operation 70 'memshiftread' 'DataOut_V_43' <Predicate = true> <Delay = 0.61> <Core = "ShiftReg">   --->   Core 33 'ShiftReg' <Latency = 0> <II = 1> <Delay = 0.61> <Storage> <Opcode : 'memshiftread' 'load'> <Ports = 1> <Width = 16> <Depth = 10> <ShiftMem>
ST_1 : Operation 71 [1/1] (0.00ns)   --->   "%DataIn_V_assign_21 = call i16 @_ssdm_op_PartSelect.i16.i1024.i32.i32(i1024 %data_V_read_1, i32 352, i32 367)" [firmware/nnet_utils/nnet_conv2d_large.h:69]   --->   Operation 71 'partselect' 'DataIn_V_assign_21' <Predicate = true> <Delay = 0.00>
ST_1 : Operation 72 [1/1] (0.61ns)   --->   "%DataOut_V_44 = call i16 @"_ssdm_op_MemShiftRead.[10 x i16]P"(i16* getelementptr inbounds ([10 x i16]* @layer_in_row_Array_V_2_0_22, i64 0, i64 9), i16 %DataIn_V_assign_21, i1 true)" [firmware/nnet_utils/nnet_conv2d_large.h:74]   --->   Operation 72 'memshiftread' 'DataOut_V_44' <Predicate = true> <Delay = 0.61> <Core = "ShiftReg">   --->   Core 33 'ShiftReg' <Latency = 0> <II = 1> <Delay = 0.61> <Storage> <Opcode : 'memshiftread' 'load'> <Ports = 1> <Width = 16> <Depth = 10> <ShiftMem>
ST_1 : Operation 73 [1/1] (0.61ns)   --->   "%DataOut_V_45 = call i16 @"_ssdm_op_MemShiftRead.[10 x i16]P"(i16* getelementptr inbounds ([10 x i16]* @layer_in_row_Array_V_2_1_22, i64 0, i64 9), i16 %DataOut_V_44, i1 true)" [firmware/nnet_utils/nnet_conv2d_large.h:74]   --->   Operation 73 'memshiftread' 'DataOut_V_45' <Predicate = true> <Delay = 0.61> <Core = "ShiftReg">   --->   Core 33 'ShiftReg' <Latency = 0> <II = 1> <Delay = 0.61> <Storage> <Opcode : 'memshiftread' 'load'> <Ports = 1> <Width = 16> <Depth = 10> <ShiftMem>
ST_1 : Operation 74 [1/1] (0.00ns)   --->   "%DataIn_V_assign_22 = call i16 @_ssdm_op_PartSelect.i16.i1024.i32.i32(i1024 %data_V_read_1, i32 368, i32 383)" [firmware/nnet_utils/nnet_conv2d_large.h:69]   --->   Operation 74 'partselect' 'DataIn_V_assign_22' <Predicate = true> <Delay = 0.00>
ST_1 : Operation 75 [1/1] (0.61ns)   --->   "%DataOut_V_46 = call i16 @"_ssdm_op_MemShiftRead.[10 x i16]P"(i16* getelementptr inbounds ([10 x i16]* @layer_in_row_Array_V_2_0_23, i64 0, i64 9), i16 %DataIn_V_assign_22, i1 true)" [firmware/nnet_utils/nnet_conv2d_large.h:74]   --->   Operation 75 'memshiftread' 'DataOut_V_46' <Predicate = true> <Delay = 0.61> <Core = "ShiftReg">   --->   Core 33 'ShiftReg' <Latency = 0> <II = 1> <Delay = 0.61> <Storage> <Opcode : 'memshiftread' 'load'> <Ports = 1> <Width = 16> <Depth = 10> <ShiftMem>
ST_1 : Operation 76 [1/1] (0.61ns)   --->   "%DataOut_V_47 = call i16 @"_ssdm_op_MemShiftRead.[10 x i16]P"(i16* getelementptr inbounds ([10 x i16]* @layer_in_row_Array_V_2_1_23, i64 0, i64 9), i16 %DataOut_V_46, i1 true)" [firmware/nnet_utils/nnet_conv2d_large.h:74]   --->   Operation 76 'memshiftread' 'DataOut_V_47' <Predicate = true> <Delay = 0.61> <Core = "ShiftReg">   --->   Core 33 'ShiftReg' <Latency = 0> <II = 1> <Delay = 0.61> <Storage> <Opcode : 'memshiftread' 'load'> <Ports = 1> <Width = 16> <Depth = 10> <ShiftMem>
ST_1 : Operation 77 [1/1] (0.00ns)   --->   "%DataIn_V_assign_23 = call i16 @_ssdm_op_PartSelect.i16.i1024.i32.i32(i1024 %data_V_read_1, i32 384, i32 399)" [firmware/nnet_utils/nnet_conv2d_large.h:69]   --->   Operation 77 'partselect' 'DataIn_V_assign_23' <Predicate = true> <Delay = 0.00>
ST_1 : Operation 78 [1/1] (0.61ns)   --->   "%DataOut_V_48 = call i16 @"_ssdm_op_MemShiftRead.[10 x i16]P"(i16* getelementptr inbounds ([10 x i16]* @layer_in_row_Array_V_2_0_24, i64 0, i64 9), i16 %DataIn_V_assign_23, i1 true)" [firmware/nnet_utils/nnet_conv2d_large.h:74]   --->   Operation 78 'memshiftread' 'DataOut_V_48' <Predicate = true> <Delay = 0.61> <Core = "ShiftReg">   --->   Core 33 'ShiftReg' <Latency = 0> <II = 1> <Delay = 0.61> <Storage> <Opcode : 'memshiftread' 'load'> <Ports = 1> <Width = 16> <Depth = 10> <ShiftMem>
ST_1 : Operation 79 [1/1] (0.61ns)   --->   "%DataOut_V_49 = call i16 @"_ssdm_op_MemShiftRead.[10 x i16]P"(i16* getelementptr inbounds ([10 x i16]* @layer_in_row_Array_V_2_1_24, i64 0, i64 9), i16 %DataOut_V_48, i1 true)" [firmware/nnet_utils/nnet_conv2d_large.h:74]   --->   Operation 79 'memshiftread' 'DataOut_V_49' <Predicate = true> <Delay = 0.61> <Core = "ShiftReg">   --->   Core 33 'ShiftReg' <Latency = 0> <II = 1> <Delay = 0.61> <Storage> <Opcode : 'memshiftread' 'load'> <Ports = 1> <Width = 16> <Depth = 10> <ShiftMem>
ST_1 : Operation 80 [1/1] (0.00ns)   --->   "%DataIn_V_assign_24 = call i16 @_ssdm_op_PartSelect.i16.i1024.i32.i32(i1024 %data_V_read_1, i32 400, i32 415)" [firmware/nnet_utils/nnet_conv2d_large.h:69]   --->   Operation 80 'partselect' 'DataIn_V_assign_24' <Predicate = true> <Delay = 0.00>
ST_1 : Operation 81 [1/1] (0.61ns)   --->   "%DataOut_V_50 = call i16 @"_ssdm_op_MemShiftRead.[10 x i16]P"(i16* getelementptr inbounds ([10 x i16]* @layer_in_row_Array_V_2_0_25, i64 0, i64 9), i16 %DataIn_V_assign_24, i1 true)" [firmware/nnet_utils/nnet_conv2d_large.h:74]   --->   Operation 81 'memshiftread' 'DataOut_V_50' <Predicate = true> <Delay = 0.61> <Core = "ShiftReg">   --->   Core 33 'ShiftReg' <Latency = 0> <II = 1> <Delay = 0.61> <Storage> <Opcode : 'memshiftread' 'load'> <Ports = 1> <Width = 16> <Depth = 10> <ShiftMem>
ST_1 : Operation 82 [1/1] (0.61ns)   --->   "%DataOut_V_51 = call i16 @"_ssdm_op_MemShiftRead.[10 x i16]P"(i16* getelementptr inbounds ([10 x i16]* @layer_in_row_Array_V_2_1_25, i64 0, i64 9), i16 %DataOut_V_50, i1 true)" [firmware/nnet_utils/nnet_conv2d_large.h:74]   --->   Operation 82 'memshiftread' 'DataOut_V_51' <Predicate = true> <Delay = 0.61> <Core = "ShiftReg">   --->   Core 33 'ShiftReg' <Latency = 0> <II = 1> <Delay = 0.61> <Storage> <Opcode : 'memshiftread' 'load'> <Ports = 1> <Width = 16> <Depth = 10> <ShiftMem>
ST_1 : Operation 83 [1/1] (0.00ns)   --->   "%DataIn_V_assign_25 = call i16 @_ssdm_op_PartSelect.i16.i1024.i32.i32(i1024 %data_V_read_1, i32 416, i32 431)" [firmware/nnet_utils/nnet_conv2d_large.h:69]   --->   Operation 83 'partselect' 'DataIn_V_assign_25' <Predicate = true> <Delay = 0.00>
ST_1 : Operation 84 [1/1] (0.61ns)   --->   "%DataOut_V_52 = call i16 @"_ssdm_op_MemShiftRead.[10 x i16]P"(i16* getelementptr inbounds ([10 x i16]* @layer_in_row_Array_V_2_0_26, i64 0, i64 9), i16 %DataIn_V_assign_25, i1 true)" [firmware/nnet_utils/nnet_conv2d_large.h:74]   --->   Operation 84 'memshiftread' 'DataOut_V_52' <Predicate = true> <Delay = 0.61> <Core = "ShiftReg">   --->   Core 33 'ShiftReg' <Latency = 0> <II = 1> <Delay = 0.61> <Storage> <Opcode : 'memshiftread' 'load'> <Ports = 1> <Width = 16> <Depth = 10> <ShiftMem>
ST_1 : Operation 85 [1/1] (0.61ns)   --->   "%DataOut_V_53 = call i16 @"_ssdm_op_MemShiftRead.[10 x i16]P"(i16* getelementptr inbounds ([10 x i16]* @layer_in_row_Array_V_2_1_26, i64 0, i64 9), i16 %DataOut_V_52, i1 true)" [firmware/nnet_utils/nnet_conv2d_large.h:74]   --->   Operation 85 'memshiftread' 'DataOut_V_53' <Predicate = true> <Delay = 0.61> <Core = "ShiftReg">   --->   Core 33 'ShiftReg' <Latency = 0> <II = 1> <Delay = 0.61> <Storage> <Opcode : 'memshiftread' 'load'> <Ports = 1> <Width = 16> <Depth = 10> <ShiftMem>
ST_1 : Operation 86 [1/1] (0.00ns)   --->   "%DataIn_V_assign_26 = call i16 @_ssdm_op_PartSelect.i16.i1024.i32.i32(i1024 %data_V_read_1, i32 432, i32 447)" [firmware/nnet_utils/nnet_conv2d_large.h:69]   --->   Operation 86 'partselect' 'DataIn_V_assign_26' <Predicate = true> <Delay = 0.00>
ST_1 : Operation 87 [1/1] (0.61ns)   --->   "%DataOut_V_54 = call i16 @"_ssdm_op_MemShiftRead.[10 x i16]P"(i16* getelementptr inbounds ([10 x i16]* @layer_in_row_Array_V_2_0_27, i64 0, i64 9), i16 %DataIn_V_assign_26, i1 true)" [firmware/nnet_utils/nnet_conv2d_large.h:74]   --->   Operation 87 'memshiftread' 'DataOut_V_54' <Predicate = true> <Delay = 0.61> <Core = "ShiftReg">   --->   Core 33 'ShiftReg' <Latency = 0> <II = 1> <Delay = 0.61> <Storage> <Opcode : 'memshiftread' 'load'> <Ports = 1> <Width = 16> <Depth = 10> <ShiftMem>
ST_1 : Operation 88 [1/1] (0.61ns)   --->   "%DataOut_V_55 = call i16 @"_ssdm_op_MemShiftRead.[10 x i16]P"(i16* getelementptr inbounds ([10 x i16]* @layer_in_row_Array_V_2_1_27, i64 0, i64 9), i16 %DataOut_V_54, i1 true)" [firmware/nnet_utils/nnet_conv2d_large.h:74]   --->   Operation 88 'memshiftread' 'DataOut_V_55' <Predicate = true> <Delay = 0.61> <Core = "ShiftReg">   --->   Core 33 'ShiftReg' <Latency = 0> <II = 1> <Delay = 0.61> <Storage> <Opcode : 'memshiftread' 'load'> <Ports = 1> <Width = 16> <Depth = 10> <ShiftMem>
ST_1 : Operation 89 [1/1] (0.00ns)   --->   "%DataIn_V_assign_27 = call i16 @_ssdm_op_PartSelect.i16.i1024.i32.i32(i1024 %data_V_read_1, i32 448, i32 463)" [firmware/nnet_utils/nnet_conv2d_large.h:69]   --->   Operation 89 'partselect' 'DataIn_V_assign_27' <Predicate = true> <Delay = 0.00>
ST_1 : Operation 90 [1/1] (0.61ns)   --->   "%DataOut_V_56 = call i16 @"_ssdm_op_MemShiftRead.[10 x i16]P"(i16* getelementptr inbounds ([10 x i16]* @layer_in_row_Array_V_2_0_28, i64 0, i64 9), i16 %DataIn_V_assign_27, i1 true)" [firmware/nnet_utils/nnet_conv2d_large.h:74]   --->   Operation 90 'memshiftread' 'DataOut_V_56' <Predicate = true> <Delay = 0.61> <Core = "ShiftReg">   --->   Core 33 'ShiftReg' <Latency = 0> <II = 1> <Delay = 0.61> <Storage> <Opcode : 'memshiftread' 'load'> <Ports = 1> <Width = 16> <Depth = 10> <ShiftMem>
ST_1 : Operation 91 [1/1] (0.61ns)   --->   "%DataOut_V_57 = call i16 @"_ssdm_op_MemShiftRead.[10 x i16]P"(i16* getelementptr inbounds ([10 x i16]* @layer_in_row_Array_V_2_1_28, i64 0, i64 9), i16 %DataOut_V_56, i1 true)" [firmware/nnet_utils/nnet_conv2d_large.h:74]   --->   Operation 91 'memshiftread' 'DataOut_V_57' <Predicate = true> <Delay = 0.61> <Core = "ShiftReg">   --->   Core 33 'ShiftReg' <Latency = 0> <II = 1> <Delay = 0.61> <Storage> <Opcode : 'memshiftread' 'load'> <Ports = 1> <Width = 16> <Depth = 10> <ShiftMem>
ST_1 : Operation 92 [1/1] (0.00ns)   --->   "%DataIn_V_assign_28 = call i16 @_ssdm_op_PartSelect.i16.i1024.i32.i32(i1024 %data_V_read_1, i32 464, i32 479)" [firmware/nnet_utils/nnet_conv2d_large.h:69]   --->   Operation 92 'partselect' 'DataIn_V_assign_28' <Predicate = true> <Delay = 0.00>
ST_1 : Operation 93 [1/1] (0.61ns)   --->   "%DataOut_V_58 = call i16 @"_ssdm_op_MemShiftRead.[10 x i16]P"(i16* getelementptr inbounds ([10 x i16]* @layer_in_row_Array_V_2_0_29, i64 0, i64 9), i16 %DataIn_V_assign_28, i1 true)" [firmware/nnet_utils/nnet_conv2d_large.h:74]   --->   Operation 93 'memshiftread' 'DataOut_V_58' <Predicate = true> <Delay = 0.61> <Core = "ShiftReg">   --->   Core 33 'ShiftReg' <Latency = 0> <II = 1> <Delay = 0.61> <Storage> <Opcode : 'memshiftread' 'load'> <Ports = 1> <Width = 16> <Depth = 10> <ShiftMem>
ST_1 : Operation 94 [1/1] (0.61ns)   --->   "%DataOut_V_59 = call i16 @"_ssdm_op_MemShiftRead.[10 x i16]P"(i16* getelementptr inbounds ([10 x i16]* @layer_in_row_Array_V_2_1_29, i64 0, i64 9), i16 %DataOut_V_58, i1 true)" [firmware/nnet_utils/nnet_conv2d_large.h:74]   --->   Operation 94 'memshiftread' 'DataOut_V_59' <Predicate = true> <Delay = 0.61> <Core = "ShiftReg">   --->   Core 33 'ShiftReg' <Latency = 0> <II = 1> <Delay = 0.61> <Storage> <Opcode : 'memshiftread' 'load'> <Ports = 1> <Width = 16> <Depth = 10> <ShiftMem>
ST_1 : Operation 95 [1/1] (0.00ns)   --->   "%DataIn_V_assign_29 = call i16 @_ssdm_op_PartSelect.i16.i1024.i32.i32(i1024 %data_V_read_1, i32 480, i32 495)" [firmware/nnet_utils/nnet_conv2d_large.h:69]   --->   Operation 95 'partselect' 'DataIn_V_assign_29' <Predicate = true> <Delay = 0.00>
ST_1 : Operation 96 [1/1] (0.61ns)   --->   "%DataOut_V_60 = call i16 @"_ssdm_op_MemShiftRead.[10 x i16]P"(i16* getelementptr inbounds ([10 x i16]* @layer_in_row_Array_V_2_0_30, i64 0, i64 9), i16 %DataIn_V_assign_29, i1 true)" [firmware/nnet_utils/nnet_conv2d_large.h:74]   --->   Operation 96 'memshiftread' 'DataOut_V_60' <Predicate = true> <Delay = 0.61> <Core = "ShiftReg">   --->   Core 33 'ShiftReg' <Latency = 0> <II = 1> <Delay = 0.61> <Storage> <Opcode : 'memshiftread' 'load'> <Ports = 1> <Width = 16> <Depth = 10> <ShiftMem>
ST_1 : Operation 97 [1/1] (0.61ns)   --->   "%DataOut_V_61 = call i16 @"_ssdm_op_MemShiftRead.[10 x i16]P"(i16* getelementptr inbounds ([10 x i16]* @layer_in_row_Array_V_2_1_30, i64 0, i64 9), i16 %DataOut_V_60, i1 true)" [firmware/nnet_utils/nnet_conv2d_large.h:74]   --->   Operation 97 'memshiftread' 'DataOut_V_61' <Predicate = true> <Delay = 0.61> <Core = "ShiftReg">   --->   Core 33 'ShiftReg' <Latency = 0> <II = 1> <Delay = 0.61> <Storage> <Opcode : 'memshiftread' 'load'> <Ports = 1> <Width = 16> <Depth = 10> <ShiftMem>
ST_1 : Operation 98 [1/1] (0.00ns)   --->   "%DataIn_V_assign_30 = call i16 @_ssdm_op_PartSelect.i16.i1024.i32.i32(i1024 %data_V_read_1, i32 496, i32 511)" [firmware/nnet_utils/nnet_conv2d_large.h:69]   --->   Operation 98 'partselect' 'DataIn_V_assign_30' <Predicate = true> <Delay = 0.00>
ST_1 : Operation 99 [1/1] (0.61ns)   --->   "%DataOut_V_62 = call i16 @"_ssdm_op_MemShiftRead.[10 x i16]P"(i16* getelementptr inbounds ([10 x i16]* @layer_in_row_Array_V_2_0_31, i64 0, i64 9), i16 %DataIn_V_assign_30, i1 true)" [firmware/nnet_utils/nnet_conv2d_large.h:74]   --->   Operation 99 'memshiftread' 'DataOut_V_62' <Predicate = true> <Delay = 0.61> <Core = "ShiftReg">   --->   Core 33 'ShiftReg' <Latency = 0> <II = 1> <Delay = 0.61> <Storage> <Opcode : 'memshiftread' 'load'> <Ports = 1> <Width = 16> <Depth = 10> <ShiftMem>
ST_1 : Operation 100 [1/1] (0.61ns)   --->   "%DataOut_V_63 = call i16 @"_ssdm_op_MemShiftRead.[10 x i16]P"(i16* getelementptr inbounds ([10 x i16]* @layer_in_row_Array_V_2_1_31, i64 0, i64 9), i16 %DataOut_V_62, i1 true)" [firmware/nnet_utils/nnet_conv2d_large.h:74]   --->   Operation 100 'memshiftread' 'DataOut_V_63' <Predicate = true> <Delay = 0.61> <Core = "ShiftReg">   --->   Core 33 'ShiftReg' <Latency = 0> <II = 1> <Delay = 0.61> <Storage> <Opcode : 'memshiftread' 'load'> <Ports = 1> <Width = 16> <Depth = 10> <ShiftMem>
ST_1 : Operation 101 [1/1] (0.00ns)   --->   "%DataIn_V_assign_31 = call i16 @_ssdm_op_PartSelect.i16.i1024.i32.i32(i1024 %data_V_read_1, i32 512, i32 527)" [firmware/nnet_utils/nnet_conv2d_large.h:69]   --->   Operation 101 'partselect' 'DataIn_V_assign_31' <Predicate = true> <Delay = 0.00>
ST_1 : Operation 102 [1/1] (0.61ns)   --->   "%DataOut_V_64 = call i16 @"_ssdm_op_MemShiftRead.[10 x i16]P"(i16* getelementptr inbounds ([10 x i16]* @layer_in_row_Array_V_2_0_32, i64 0, i64 9), i16 %DataIn_V_assign_31, i1 true)" [firmware/nnet_utils/nnet_conv2d_large.h:74]   --->   Operation 102 'memshiftread' 'DataOut_V_64' <Predicate = true> <Delay = 0.61> <Core = "ShiftReg">   --->   Core 33 'ShiftReg' <Latency = 0> <II = 1> <Delay = 0.61> <Storage> <Opcode : 'memshiftread' 'load'> <Ports = 1> <Width = 16> <Depth = 10> <ShiftMem>
ST_1 : Operation 103 [1/1] (0.61ns)   --->   "%DataOut_V_65 = call i16 @"_ssdm_op_MemShiftRead.[10 x i16]P"(i16* getelementptr inbounds ([10 x i16]* @layer_in_row_Array_V_2_1_32, i64 0, i64 9), i16 %DataOut_V_64, i1 true)" [firmware/nnet_utils/nnet_conv2d_large.h:74]   --->   Operation 103 'memshiftread' 'DataOut_V_65' <Predicate = true> <Delay = 0.61> <Core = "ShiftReg">   --->   Core 33 'ShiftReg' <Latency = 0> <II = 1> <Delay = 0.61> <Storage> <Opcode : 'memshiftread' 'load'> <Ports = 1> <Width = 16> <Depth = 10> <ShiftMem>
ST_1 : Operation 104 [1/1] (0.00ns)   --->   "%DataIn_V_assign_32 = call i16 @_ssdm_op_PartSelect.i16.i1024.i32.i32(i1024 %data_V_read_1, i32 528, i32 543)" [firmware/nnet_utils/nnet_conv2d_large.h:69]   --->   Operation 104 'partselect' 'DataIn_V_assign_32' <Predicate = true> <Delay = 0.00>
ST_1 : Operation 105 [1/1] (0.61ns)   --->   "%DataOut_V_66 = call i16 @"_ssdm_op_MemShiftRead.[10 x i16]P"(i16* getelementptr inbounds ([10 x i16]* @layer_in_row_Array_V_2_0_33, i64 0, i64 9), i16 %DataIn_V_assign_32, i1 true)" [firmware/nnet_utils/nnet_conv2d_large.h:74]   --->   Operation 105 'memshiftread' 'DataOut_V_66' <Predicate = true> <Delay = 0.61> <Core = "ShiftReg">   --->   Core 33 'ShiftReg' <Latency = 0> <II = 1> <Delay = 0.61> <Storage> <Opcode : 'memshiftread' 'load'> <Ports = 1> <Width = 16> <Depth = 10> <ShiftMem>
ST_1 : Operation 106 [1/1] (0.61ns)   --->   "%DataOut_V_67 = call i16 @"_ssdm_op_MemShiftRead.[10 x i16]P"(i16* getelementptr inbounds ([10 x i16]* @layer_in_row_Array_V_2_1_33, i64 0, i64 9), i16 %DataOut_V_66, i1 true)" [firmware/nnet_utils/nnet_conv2d_large.h:74]   --->   Operation 106 'memshiftread' 'DataOut_V_67' <Predicate = true> <Delay = 0.61> <Core = "ShiftReg">   --->   Core 33 'ShiftReg' <Latency = 0> <II = 1> <Delay = 0.61> <Storage> <Opcode : 'memshiftread' 'load'> <Ports = 1> <Width = 16> <Depth = 10> <ShiftMem>
ST_1 : Operation 107 [1/1] (0.00ns)   --->   "%DataIn_V_assign_33 = call i16 @_ssdm_op_PartSelect.i16.i1024.i32.i32(i1024 %data_V_read_1, i32 544, i32 559)" [firmware/nnet_utils/nnet_conv2d_large.h:69]   --->   Operation 107 'partselect' 'DataIn_V_assign_33' <Predicate = true> <Delay = 0.00>
ST_1 : Operation 108 [1/1] (0.61ns)   --->   "%DataOut_V_68 = call i16 @"_ssdm_op_MemShiftRead.[10 x i16]P"(i16* getelementptr inbounds ([10 x i16]* @layer_in_row_Array_V_2_0_34, i64 0, i64 9), i16 %DataIn_V_assign_33, i1 true)" [firmware/nnet_utils/nnet_conv2d_large.h:74]   --->   Operation 108 'memshiftread' 'DataOut_V_68' <Predicate = true> <Delay = 0.61> <Core = "ShiftReg">   --->   Core 33 'ShiftReg' <Latency = 0> <II = 1> <Delay = 0.61> <Storage> <Opcode : 'memshiftread' 'load'> <Ports = 1> <Width = 16> <Depth = 10> <ShiftMem>
ST_1 : Operation 109 [1/1] (0.61ns)   --->   "%DataOut_V_69 = call i16 @"_ssdm_op_MemShiftRead.[10 x i16]P"(i16* getelementptr inbounds ([10 x i16]* @layer_in_row_Array_V_2_1_34, i64 0, i64 9), i16 %DataOut_V_68, i1 true)" [firmware/nnet_utils/nnet_conv2d_large.h:74]   --->   Operation 109 'memshiftread' 'DataOut_V_69' <Predicate = true> <Delay = 0.61> <Core = "ShiftReg">   --->   Core 33 'ShiftReg' <Latency = 0> <II = 1> <Delay = 0.61> <Storage> <Opcode : 'memshiftread' 'load'> <Ports = 1> <Width = 16> <Depth = 10> <ShiftMem>
ST_1 : Operation 110 [1/1] (0.00ns)   --->   "%DataIn_V_assign_34 = call i16 @_ssdm_op_PartSelect.i16.i1024.i32.i32(i1024 %data_V_read_1, i32 560, i32 575)" [firmware/nnet_utils/nnet_conv2d_large.h:69]   --->   Operation 110 'partselect' 'DataIn_V_assign_34' <Predicate = true> <Delay = 0.00>
ST_1 : Operation 111 [1/1] (0.61ns)   --->   "%DataOut_V_70 = call i16 @"_ssdm_op_MemShiftRead.[10 x i16]P"(i16* getelementptr inbounds ([10 x i16]* @layer_in_row_Array_V_2_0_35, i64 0, i64 9), i16 %DataIn_V_assign_34, i1 true)" [firmware/nnet_utils/nnet_conv2d_large.h:74]   --->   Operation 111 'memshiftread' 'DataOut_V_70' <Predicate = true> <Delay = 0.61> <Core = "ShiftReg">   --->   Core 33 'ShiftReg' <Latency = 0> <II = 1> <Delay = 0.61> <Storage> <Opcode : 'memshiftread' 'load'> <Ports = 1> <Width = 16> <Depth = 10> <ShiftMem>
ST_1 : Operation 112 [1/1] (0.61ns)   --->   "%DataOut_V_71 = call i16 @"_ssdm_op_MemShiftRead.[10 x i16]P"(i16* getelementptr inbounds ([10 x i16]* @layer_in_row_Array_V_2_1_35, i64 0, i64 9), i16 %DataOut_V_70, i1 true)" [firmware/nnet_utils/nnet_conv2d_large.h:74]   --->   Operation 112 'memshiftread' 'DataOut_V_71' <Predicate = true> <Delay = 0.61> <Core = "ShiftReg">   --->   Core 33 'ShiftReg' <Latency = 0> <II = 1> <Delay = 0.61> <Storage> <Opcode : 'memshiftread' 'load'> <Ports = 1> <Width = 16> <Depth = 10> <ShiftMem>
ST_1 : Operation 113 [1/1] (0.00ns)   --->   "%DataIn_V_assign_35 = call i16 @_ssdm_op_PartSelect.i16.i1024.i32.i32(i1024 %data_V_read_1, i32 576, i32 591)" [firmware/nnet_utils/nnet_conv2d_large.h:69]   --->   Operation 113 'partselect' 'DataIn_V_assign_35' <Predicate = true> <Delay = 0.00>
ST_1 : Operation 114 [1/1] (0.61ns)   --->   "%DataOut_V_72 = call i16 @"_ssdm_op_MemShiftRead.[10 x i16]P"(i16* getelementptr inbounds ([10 x i16]* @layer_in_row_Array_V_2_0_36, i64 0, i64 9), i16 %DataIn_V_assign_35, i1 true)" [firmware/nnet_utils/nnet_conv2d_large.h:74]   --->   Operation 114 'memshiftread' 'DataOut_V_72' <Predicate = true> <Delay = 0.61> <Core = "ShiftReg">   --->   Core 33 'ShiftReg' <Latency = 0> <II = 1> <Delay = 0.61> <Storage> <Opcode : 'memshiftread' 'load'> <Ports = 1> <Width = 16> <Depth = 10> <ShiftMem>
ST_1 : Operation 115 [1/1] (0.61ns)   --->   "%DataOut_V_73 = call i16 @"_ssdm_op_MemShiftRead.[10 x i16]P"(i16* getelementptr inbounds ([10 x i16]* @layer_in_row_Array_V_2_1_36, i64 0, i64 9), i16 %DataOut_V_72, i1 true)" [firmware/nnet_utils/nnet_conv2d_large.h:74]   --->   Operation 115 'memshiftread' 'DataOut_V_73' <Predicate = true> <Delay = 0.61> <Core = "ShiftReg">   --->   Core 33 'ShiftReg' <Latency = 0> <II = 1> <Delay = 0.61> <Storage> <Opcode : 'memshiftread' 'load'> <Ports = 1> <Width = 16> <Depth = 10> <ShiftMem>
ST_1 : Operation 116 [1/1] (0.00ns)   --->   "%DataIn_V_assign_36 = call i16 @_ssdm_op_PartSelect.i16.i1024.i32.i32(i1024 %data_V_read_1, i32 592, i32 607)" [firmware/nnet_utils/nnet_conv2d_large.h:69]   --->   Operation 116 'partselect' 'DataIn_V_assign_36' <Predicate = true> <Delay = 0.00>
ST_1 : Operation 117 [1/1] (0.61ns)   --->   "%DataOut_V_74 = call i16 @"_ssdm_op_MemShiftRead.[10 x i16]P"(i16* getelementptr inbounds ([10 x i16]* @layer_in_row_Array_V_2_0_37, i64 0, i64 9), i16 %DataIn_V_assign_36, i1 true)" [firmware/nnet_utils/nnet_conv2d_large.h:74]   --->   Operation 117 'memshiftread' 'DataOut_V_74' <Predicate = true> <Delay = 0.61> <Core = "ShiftReg">   --->   Core 33 'ShiftReg' <Latency = 0> <II = 1> <Delay = 0.61> <Storage> <Opcode : 'memshiftread' 'load'> <Ports = 1> <Width = 16> <Depth = 10> <ShiftMem>
ST_1 : Operation 118 [1/1] (0.61ns)   --->   "%DataOut_V_75 = call i16 @"_ssdm_op_MemShiftRead.[10 x i16]P"(i16* getelementptr inbounds ([10 x i16]* @layer_in_row_Array_V_2_1_37, i64 0, i64 9), i16 %DataOut_V_74, i1 true)" [firmware/nnet_utils/nnet_conv2d_large.h:74]   --->   Operation 118 'memshiftread' 'DataOut_V_75' <Predicate = true> <Delay = 0.61> <Core = "ShiftReg">   --->   Core 33 'ShiftReg' <Latency = 0> <II = 1> <Delay = 0.61> <Storage> <Opcode : 'memshiftread' 'load'> <Ports = 1> <Width = 16> <Depth = 10> <ShiftMem>
ST_1 : Operation 119 [1/1] (0.00ns)   --->   "%DataIn_V_assign_37 = call i16 @_ssdm_op_PartSelect.i16.i1024.i32.i32(i1024 %data_V_read_1, i32 608, i32 623)" [firmware/nnet_utils/nnet_conv2d_large.h:69]   --->   Operation 119 'partselect' 'DataIn_V_assign_37' <Predicate = true> <Delay = 0.00>
ST_1 : Operation 120 [1/1] (0.61ns)   --->   "%DataOut_V_76 = call i16 @"_ssdm_op_MemShiftRead.[10 x i16]P"(i16* getelementptr inbounds ([10 x i16]* @layer_in_row_Array_V_2_0_38, i64 0, i64 9), i16 %DataIn_V_assign_37, i1 true)" [firmware/nnet_utils/nnet_conv2d_large.h:74]   --->   Operation 120 'memshiftread' 'DataOut_V_76' <Predicate = true> <Delay = 0.61> <Core = "ShiftReg">   --->   Core 33 'ShiftReg' <Latency = 0> <II = 1> <Delay = 0.61> <Storage> <Opcode : 'memshiftread' 'load'> <Ports = 1> <Width = 16> <Depth = 10> <ShiftMem>
ST_1 : Operation 121 [1/1] (0.61ns)   --->   "%DataOut_V_77 = call i16 @"_ssdm_op_MemShiftRead.[10 x i16]P"(i16* getelementptr inbounds ([10 x i16]* @layer_in_row_Array_V_2_1_38, i64 0, i64 9), i16 %DataOut_V_76, i1 true)" [firmware/nnet_utils/nnet_conv2d_large.h:74]   --->   Operation 121 'memshiftread' 'DataOut_V_77' <Predicate = true> <Delay = 0.61> <Core = "ShiftReg">   --->   Core 33 'ShiftReg' <Latency = 0> <II = 1> <Delay = 0.61> <Storage> <Opcode : 'memshiftread' 'load'> <Ports = 1> <Width = 16> <Depth = 10> <ShiftMem>
ST_1 : Operation 122 [1/1] (0.00ns)   --->   "%DataIn_V_assign_38 = call i16 @_ssdm_op_PartSelect.i16.i1024.i32.i32(i1024 %data_V_read_1, i32 624, i32 639)" [firmware/nnet_utils/nnet_conv2d_large.h:69]   --->   Operation 122 'partselect' 'DataIn_V_assign_38' <Predicate = true> <Delay = 0.00>
ST_1 : Operation 123 [1/1] (0.61ns)   --->   "%DataOut_V_78 = call i16 @"_ssdm_op_MemShiftRead.[10 x i16]P"(i16* getelementptr inbounds ([10 x i16]* @layer_in_row_Array_V_2_0_39, i64 0, i64 9), i16 %DataIn_V_assign_38, i1 true)" [firmware/nnet_utils/nnet_conv2d_large.h:74]   --->   Operation 123 'memshiftread' 'DataOut_V_78' <Predicate = true> <Delay = 0.61> <Core = "ShiftReg">   --->   Core 33 'ShiftReg' <Latency = 0> <II = 1> <Delay = 0.61> <Storage> <Opcode : 'memshiftread' 'load'> <Ports = 1> <Width = 16> <Depth = 10> <ShiftMem>
ST_1 : Operation 124 [1/1] (0.61ns)   --->   "%DataOut_V_79 = call i16 @"_ssdm_op_MemShiftRead.[10 x i16]P"(i16* getelementptr inbounds ([10 x i16]* @layer_in_row_Array_V_2_1_39, i64 0, i64 9), i16 %DataOut_V_78, i1 true)" [firmware/nnet_utils/nnet_conv2d_large.h:74]   --->   Operation 124 'memshiftread' 'DataOut_V_79' <Predicate = true> <Delay = 0.61> <Core = "ShiftReg">   --->   Core 33 'ShiftReg' <Latency = 0> <II = 1> <Delay = 0.61> <Storage> <Opcode : 'memshiftread' 'load'> <Ports = 1> <Width = 16> <Depth = 10> <ShiftMem>
ST_1 : Operation 125 [1/1] (0.00ns)   --->   "%DataIn_V_assign_39 = call i16 @_ssdm_op_PartSelect.i16.i1024.i32.i32(i1024 %data_V_read_1, i32 640, i32 655)" [firmware/nnet_utils/nnet_conv2d_large.h:69]   --->   Operation 125 'partselect' 'DataIn_V_assign_39' <Predicate = true> <Delay = 0.00>
ST_1 : Operation 126 [1/1] (0.61ns)   --->   "%DataOut_V_80 = call i16 @"_ssdm_op_MemShiftRead.[10 x i16]P"(i16* getelementptr inbounds ([10 x i16]* @layer_in_row_Array_V_2_0_40, i64 0, i64 9), i16 %DataIn_V_assign_39, i1 true)" [firmware/nnet_utils/nnet_conv2d_large.h:74]   --->   Operation 126 'memshiftread' 'DataOut_V_80' <Predicate = true> <Delay = 0.61> <Core = "ShiftReg">   --->   Core 33 'ShiftReg' <Latency = 0> <II = 1> <Delay = 0.61> <Storage> <Opcode : 'memshiftread' 'load'> <Ports = 1> <Width = 16> <Depth = 10> <ShiftMem>
ST_1 : Operation 127 [1/1] (0.61ns)   --->   "%DataOut_V_81 = call i16 @"_ssdm_op_MemShiftRead.[10 x i16]P"(i16* getelementptr inbounds ([10 x i16]* @layer_in_row_Array_V_2_1_40, i64 0, i64 9), i16 %DataOut_V_80, i1 true)" [firmware/nnet_utils/nnet_conv2d_large.h:74]   --->   Operation 127 'memshiftread' 'DataOut_V_81' <Predicate = true> <Delay = 0.61> <Core = "ShiftReg">   --->   Core 33 'ShiftReg' <Latency = 0> <II = 1> <Delay = 0.61> <Storage> <Opcode : 'memshiftread' 'load'> <Ports = 1> <Width = 16> <Depth = 10> <ShiftMem>
ST_1 : Operation 128 [1/1] (0.00ns)   --->   "%DataIn_V_assign_40 = call i16 @_ssdm_op_PartSelect.i16.i1024.i32.i32(i1024 %data_V_read_1, i32 656, i32 671)" [firmware/nnet_utils/nnet_conv2d_large.h:69]   --->   Operation 128 'partselect' 'DataIn_V_assign_40' <Predicate = true> <Delay = 0.00>
ST_1 : Operation 129 [1/1] (0.61ns)   --->   "%DataOut_V_82 = call i16 @"_ssdm_op_MemShiftRead.[10 x i16]P"(i16* getelementptr inbounds ([10 x i16]* @layer_in_row_Array_V_2_0_41, i64 0, i64 9), i16 %DataIn_V_assign_40, i1 true)" [firmware/nnet_utils/nnet_conv2d_large.h:74]   --->   Operation 129 'memshiftread' 'DataOut_V_82' <Predicate = true> <Delay = 0.61> <Core = "ShiftReg">   --->   Core 33 'ShiftReg' <Latency = 0> <II = 1> <Delay = 0.61> <Storage> <Opcode : 'memshiftread' 'load'> <Ports = 1> <Width = 16> <Depth = 10> <ShiftMem>
ST_1 : Operation 130 [1/1] (0.61ns)   --->   "%DataOut_V_83 = call i16 @"_ssdm_op_MemShiftRead.[10 x i16]P"(i16* getelementptr inbounds ([10 x i16]* @layer_in_row_Array_V_2_1_41, i64 0, i64 9), i16 %DataOut_V_82, i1 true)" [firmware/nnet_utils/nnet_conv2d_large.h:74]   --->   Operation 130 'memshiftread' 'DataOut_V_83' <Predicate = true> <Delay = 0.61> <Core = "ShiftReg">   --->   Core 33 'ShiftReg' <Latency = 0> <II = 1> <Delay = 0.61> <Storage> <Opcode : 'memshiftread' 'load'> <Ports = 1> <Width = 16> <Depth = 10> <ShiftMem>
ST_1 : Operation 131 [1/1] (0.00ns)   --->   "%DataIn_V_assign_41 = call i16 @_ssdm_op_PartSelect.i16.i1024.i32.i32(i1024 %data_V_read_1, i32 672, i32 687)" [firmware/nnet_utils/nnet_conv2d_large.h:69]   --->   Operation 131 'partselect' 'DataIn_V_assign_41' <Predicate = true> <Delay = 0.00>
ST_1 : Operation 132 [1/1] (0.61ns)   --->   "%DataOut_V_84 = call i16 @"_ssdm_op_MemShiftRead.[10 x i16]P"(i16* getelementptr inbounds ([10 x i16]* @layer_in_row_Array_V_2_0_42, i64 0, i64 9), i16 %DataIn_V_assign_41, i1 true)" [firmware/nnet_utils/nnet_conv2d_large.h:74]   --->   Operation 132 'memshiftread' 'DataOut_V_84' <Predicate = true> <Delay = 0.61> <Core = "ShiftReg">   --->   Core 33 'ShiftReg' <Latency = 0> <II = 1> <Delay = 0.61> <Storage> <Opcode : 'memshiftread' 'load'> <Ports = 1> <Width = 16> <Depth = 10> <ShiftMem>
ST_1 : Operation 133 [1/1] (0.61ns)   --->   "%DataOut_V_85 = call i16 @"_ssdm_op_MemShiftRead.[10 x i16]P"(i16* getelementptr inbounds ([10 x i16]* @layer_in_row_Array_V_2_1_42, i64 0, i64 9), i16 %DataOut_V_84, i1 true)" [firmware/nnet_utils/nnet_conv2d_large.h:74]   --->   Operation 133 'memshiftread' 'DataOut_V_85' <Predicate = true> <Delay = 0.61> <Core = "ShiftReg">   --->   Core 33 'ShiftReg' <Latency = 0> <II = 1> <Delay = 0.61> <Storage> <Opcode : 'memshiftread' 'load'> <Ports = 1> <Width = 16> <Depth = 10> <ShiftMem>
ST_1 : Operation 134 [1/1] (0.00ns)   --->   "%DataIn_V_assign_42 = call i16 @_ssdm_op_PartSelect.i16.i1024.i32.i32(i1024 %data_V_read_1, i32 688, i32 703)" [firmware/nnet_utils/nnet_conv2d_large.h:69]   --->   Operation 134 'partselect' 'DataIn_V_assign_42' <Predicate = true> <Delay = 0.00>
ST_1 : Operation 135 [1/1] (0.61ns)   --->   "%DataOut_V_86 = call i16 @"_ssdm_op_MemShiftRead.[10 x i16]P"(i16* getelementptr inbounds ([10 x i16]* @layer_in_row_Array_V_2_0_43, i64 0, i64 9), i16 %DataIn_V_assign_42, i1 true)" [firmware/nnet_utils/nnet_conv2d_large.h:74]   --->   Operation 135 'memshiftread' 'DataOut_V_86' <Predicate = true> <Delay = 0.61> <Core = "ShiftReg">   --->   Core 33 'ShiftReg' <Latency = 0> <II = 1> <Delay = 0.61> <Storage> <Opcode : 'memshiftread' 'load'> <Ports = 1> <Width = 16> <Depth = 10> <ShiftMem>
ST_1 : Operation 136 [1/1] (0.61ns)   --->   "%DataOut_V_87 = call i16 @"_ssdm_op_MemShiftRead.[10 x i16]P"(i16* getelementptr inbounds ([10 x i16]* @layer_in_row_Array_V_2_1_43, i64 0, i64 9), i16 %DataOut_V_86, i1 true)" [firmware/nnet_utils/nnet_conv2d_large.h:74]   --->   Operation 136 'memshiftread' 'DataOut_V_87' <Predicate = true> <Delay = 0.61> <Core = "ShiftReg">   --->   Core 33 'ShiftReg' <Latency = 0> <II = 1> <Delay = 0.61> <Storage> <Opcode : 'memshiftread' 'load'> <Ports = 1> <Width = 16> <Depth = 10> <ShiftMem>
ST_1 : Operation 137 [1/1] (0.00ns)   --->   "%DataIn_V_assign_43 = call i16 @_ssdm_op_PartSelect.i16.i1024.i32.i32(i1024 %data_V_read_1, i32 704, i32 719)" [firmware/nnet_utils/nnet_conv2d_large.h:69]   --->   Operation 137 'partselect' 'DataIn_V_assign_43' <Predicate = true> <Delay = 0.00>
ST_1 : Operation 138 [1/1] (0.61ns)   --->   "%DataOut_V_88 = call i16 @"_ssdm_op_MemShiftRead.[10 x i16]P"(i16* getelementptr inbounds ([10 x i16]* @layer_in_row_Array_V_2_0_44, i64 0, i64 9), i16 %DataIn_V_assign_43, i1 true)" [firmware/nnet_utils/nnet_conv2d_large.h:74]   --->   Operation 138 'memshiftread' 'DataOut_V_88' <Predicate = true> <Delay = 0.61> <Core = "ShiftReg">   --->   Core 33 'ShiftReg' <Latency = 0> <II = 1> <Delay = 0.61> <Storage> <Opcode : 'memshiftread' 'load'> <Ports = 1> <Width = 16> <Depth = 10> <ShiftMem>
ST_1 : Operation 139 [1/1] (0.61ns)   --->   "%DataOut_V_89 = call i16 @"_ssdm_op_MemShiftRead.[10 x i16]P"(i16* getelementptr inbounds ([10 x i16]* @layer_in_row_Array_V_2_1_44, i64 0, i64 9), i16 %DataOut_V_88, i1 true)" [firmware/nnet_utils/nnet_conv2d_large.h:74]   --->   Operation 139 'memshiftread' 'DataOut_V_89' <Predicate = true> <Delay = 0.61> <Core = "ShiftReg">   --->   Core 33 'ShiftReg' <Latency = 0> <II = 1> <Delay = 0.61> <Storage> <Opcode : 'memshiftread' 'load'> <Ports = 1> <Width = 16> <Depth = 10> <ShiftMem>
ST_1 : Operation 140 [1/1] (0.00ns)   --->   "%DataIn_V_assign_44 = call i16 @_ssdm_op_PartSelect.i16.i1024.i32.i32(i1024 %data_V_read_1, i32 720, i32 735)" [firmware/nnet_utils/nnet_conv2d_large.h:69]   --->   Operation 140 'partselect' 'DataIn_V_assign_44' <Predicate = true> <Delay = 0.00>
ST_1 : Operation 141 [1/1] (0.61ns)   --->   "%DataOut_V_90 = call i16 @"_ssdm_op_MemShiftRead.[10 x i16]P"(i16* getelementptr inbounds ([10 x i16]* @layer_in_row_Array_V_2_0_45, i64 0, i64 9), i16 %DataIn_V_assign_44, i1 true)" [firmware/nnet_utils/nnet_conv2d_large.h:74]   --->   Operation 141 'memshiftread' 'DataOut_V_90' <Predicate = true> <Delay = 0.61> <Core = "ShiftReg">   --->   Core 33 'ShiftReg' <Latency = 0> <II = 1> <Delay = 0.61> <Storage> <Opcode : 'memshiftread' 'load'> <Ports = 1> <Width = 16> <Depth = 10> <ShiftMem>
ST_1 : Operation 142 [1/1] (0.61ns)   --->   "%DataOut_V_91 = call i16 @"_ssdm_op_MemShiftRead.[10 x i16]P"(i16* getelementptr inbounds ([10 x i16]* @layer_in_row_Array_V_2_1_45, i64 0, i64 9), i16 %DataOut_V_90, i1 true)" [firmware/nnet_utils/nnet_conv2d_large.h:74]   --->   Operation 142 'memshiftread' 'DataOut_V_91' <Predicate = true> <Delay = 0.61> <Core = "ShiftReg">   --->   Core 33 'ShiftReg' <Latency = 0> <II = 1> <Delay = 0.61> <Storage> <Opcode : 'memshiftread' 'load'> <Ports = 1> <Width = 16> <Depth = 10> <ShiftMem>
ST_1 : Operation 143 [1/1] (0.00ns)   --->   "%DataIn_V_assign_45 = call i16 @_ssdm_op_PartSelect.i16.i1024.i32.i32(i1024 %data_V_read_1, i32 736, i32 751)" [firmware/nnet_utils/nnet_conv2d_large.h:69]   --->   Operation 143 'partselect' 'DataIn_V_assign_45' <Predicate = true> <Delay = 0.00>
ST_1 : Operation 144 [1/1] (0.61ns)   --->   "%DataOut_V_92 = call i16 @"_ssdm_op_MemShiftRead.[10 x i16]P"(i16* getelementptr inbounds ([10 x i16]* @layer_in_row_Array_V_2_0_46, i64 0, i64 9), i16 %DataIn_V_assign_45, i1 true)" [firmware/nnet_utils/nnet_conv2d_large.h:74]   --->   Operation 144 'memshiftread' 'DataOut_V_92' <Predicate = true> <Delay = 0.61> <Core = "ShiftReg">   --->   Core 33 'ShiftReg' <Latency = 0> <II = 1> <Delay = 0.61> <Storage> <Opcode : 'memshiftread' 'load'> <Ports = 1> <Width = 16> <Depth = 10> <ShiftMem>
ST_1 : Operation 145 [1/1] (0.61ns)   --->   "%DataOut_V_93 = call i16 @"_ssdm_op_MemShiftRead.[10 x i16]P"(i16* getelementptr inbounds ([10 x i16]* @layer_in_row_Array_V_2_1_46, i64 0, i64 9), i16 %DataOut_V_92, i1 true)" [firmware/nnet_utils/nnet_conv2d_large.h:74]   --->   Operation 145 'memshiftread' 'DataOut_V_93' <Predicate = true> <Delay = 0.61> <Core = "ShiftReg">   --->   Core 33 'ShiftReg' <Latency = 0> <II = 1> <Delay = 0.61> <Storage> <Opcode : 'memshiftread' 'load'> <Ports = 1> <Width = 16> <Depth = 10> <ShiftMem>
ST_1 : Operation 146 [1/1] (0.00ns)   --->   "%DataIn_V_assign_46 = call i16 @_ssdm_op_PartSelect.i16.i1024.i32.i32(i1024 %data_V_read_1, i32 752, i32 767)" [firmware/nnet_utils/nnet_conv2d_large.h:69]   --->   Operation 146 'partselect' 'DataIn_V_assign_46' <Predicate = true> <Delay = 0.00>
ST_1 : Operation 147 [1/1] (0.61ns)   --->   "%DataOut_V_94 = call i16 @"_ssdm_op_MemShiftRead.[10 x i16]P"(i16* getelementptr inbounds ([10 x i16]* @layer_in_row_Array_V_2_0_47, i64 0, i64 9), i16 %DataIn_V_assign_46, i1 true)" [firmware/nnet_utils/nnet_conv2d_large.h:74]   --->   Operation 147 'memshiftread' 'DataOut_V_94' <Predicate = true> <Delay = 0.61> <Core = "ShiftReg">   --->   Core 33 'ShiftReg' <Latency = 0> <II = 1> <Delay = 0.61> <Storage> <Opcode : 'memshiftread' 'load'> <Ports = 1> <Width = 16> <Depth = 10> <ShiftMem>
ST_1 : Operation 148 [1/1] (0.61ns)   --->   "%DataOut_V_95 = call i16 @"_ssdm_op_MemShiftRead.[10 x i16]P"(i16* getelementptr inbounds ([10 x i16]* @layer_in_row_Array_V_2_1_47, i64 0, i64 9), i16 %DataOut_V_94, i1 true)" [firmware/nnet_utils/nnet_conv2d_large.h:74]   --->   Operation 148 'memshiftread' 'DataOut_V_95' <Predicate = true> <Delay = 0.61> <Core = "ShiftReg">   --->   Core 33 'ShiftReg' <Latency = 0> <II = 1> <Delay = 0.61> <Storage> <Opcode : 'memshiftread' 'load'> <Ports = 1> <Width = 16> <Depth = 10> <ShiftMem>
ST_1 : Operation 149 [1/1] (0.00ns)   --->   "%DataIn_V_assign_47 = call i16 @_ssdm_op_PartSelect.i16.i1024.i32.i32(i1024 %data_V_read_1, i32 768, i32 783)" [firmware/nnet_utils/nnet_conv2d_large.h:69]   --->   Operation 149 'partselect' 'DataIn_V_assign_47' <Predicate = true> <Delay = 0.00>
ST_1 : Operation 150 [1/1] (0.61ns)   --->   "%DataOut_V_96 = call i16 @"_ssdm_op_MemShiftRead.[10 x i16]P"(i16* getelementptr inbounds ([10 x i16]* @layer_in_row_Array_V_2_0_48, i64 0, i64 9), i16 %DataIn_V_assign_47, i1 true)" [firmware/nnet_utils/nnet_conv2d_large.h:74]   --->   Operation 150 'memshiftread' 'DataOut_V_96' <Predicate = true> <Delay = 0.61> <Core = "ShiftReg">   --->   Core 33 'ShiftReg' <Latency = 0> <II = 1> <Delay = 0.61> <Storage> <Opcode : 'memshiftread' 'load'> <Ports = 1> <Width = 16> <Depth = 10> <ShiftMem>
ST_1 : Operation 151 [1/1] (0.61ns)   --->   "%DataOut_V_97 = call i16 @"_ssdm_op_MemShiftRead.[10 x i16]P"(i16* getelementptr inbounds ([10 x i16]* @layer_in_row_Array_V_2_1_48, i64 0, i64 9), i16 %DataOut_V_96, i1 true)" [firmware/nnet_utils/nnet_conv2d_large.h:74]   --->   Operation 151 'memshiftread' 'DataOut_V_97' <Predicate = true> <Delay = 0.61> <Core = "ShiftReg">   --->   Core 33 'ShiftReg' <Latency = 0> <II = 1> <Delay = 0.61> <Storage> <Opcode : 'memshiftread' 'load'> <Ports = 1> <Width = 16> <Depth = 10> <ShiftMem>
ST_1 : Operation 152 [1/1] (0.00ns)   --->   "%DataIn_V_assign_48 = call i16 @_ssdm_op_PartSelect.i16.i1024.i32.i32(i1024 %data_V_read_1, i32 784, i32 799)" [firmware/nnet_utils/nnet_conv2d_large.h:69]   --->   Operation 152 'partselect' 'DataIn_V_assign_48' <Predicate = true> <Delay = 0.00>
ST_1 : Operation 153 [1/1] (0.61ns)   --->   "%DataOut_V_98 = call i16 @"_ssdm_op_MemShiftRead.[10 x i16]P"(i16* getelementptr inbounds ([10 x i16]* @layer_in_row_Array_V_2_0_49, i64 0, i64 9), i16 %DataIn_V_assign_48, i1 true)" [firmware/nnet_utils/nnet_conv2d_large.h:74]   --->   Operation 153 'memshiftread' 'DataOut_V_98' <Predicate = true> <Delay = 0.61> <Core = "ShiftReg">   --->   Core 33 'ShiftReg' <Latency = 0> <II = 1> <Delay = 0.61> <Storage> <Opcode : 'memshiftread' 'load'> <Ports = 1> <Width = 16> <Depth = 10> <ShiftMem>
ST_1 : Operation 154 [1/1] (0.61ns)   --->   "%DataOut_V_99 = call i16 @"_ssdm_op_MemShiftRead.[10 x i16]P"(i16* getelementptr inbounds ([10 x i16]* @layer_in_row_Array_V_2_1_49, i64 0, i64 9), i16 %DataOut_V_98, i1 true)" [firmware/nnet_utils/nnet_conv2d_large.h:74]   --->   Operation 154 'memshiftread' 'DataOut_V_99' <Predicate = true> <Delay = 0.61> <Core = "ShiftReg">   --->   Core 33 'ShiftReg' <Latency = 0> <II = 1> <Delay = 0.61> <Storage> <Opcode : 'memshiftread' 'load'> <Ports = 1> <Width = 16> <Depth = 10> <ShiftMem>
ST_1 : Operation 155 [1/1] (0.00ns)   --->   "%DataIn_V_assign_49 = call i16 @_ssdm_op_PartSelect.i16.i1024.i32.i32(i1024 %data_V_read_1, i32 800, i32 815)" [firmware/nnet_utils/nnet_conv2d_large.h:69]   --->   Operation 155 'partselect' 'DataIn_V_assign_49' <Predicate = true> <Delay = 0.00>
ST_1 : Operation 156 [1/1] (0.61ns)   --->   "%DataOut_V_100 = call i16 @"_ssdm_op_MemShiftRead.[10 x i16]P"(i16* getelementptr inbounds ([10 x i16]* @layer_in_row_Array_V_2_0_50, i64 0, i64 9), i16 %DataIn_V_assign_49, i1 true)" [firmware/nnet_utils/nnet_conv2d_large.h:74]   --->   Operation 156 'memshiftread' 'DataOut_V_100' <Predicate = true> <Delay = 0.61> <Core = "ShiftReg">   --->   Core 33 'ShiftReg' <Latency = 0> <II = 1> <Delay = 0.61> <Storage> <Opcode : 'memshiftread' 'load'> <Ports = 1> <Width = 16> <Depth = 10> <ShiftMem>
ST_1 : Operation 157 [1/1] (0.61ns)   --->   "%DataOut_V_101 = call i16 @"_ssdm_op_MemShiftRead.[10 x i16]P"(i16* getelementptr inbounds ([10 x i16]* @layer_in_row_Array_V_2_1_50, i64 0, i64 9), i16 %DataOut_V_100, i1 true)" [firmware/nnet_utils/nnet_conv2d_large.h:74]   --->   Operation 157 'memshiftread' 'DataOut_V_101' <Predicate = true> <Delay = 0.61> <Core = "ShiftReg">   --->   Core 33 'ShiftReg' <Latency = 0> <II = 1> <Delay = 0.61> <Storage> <Opcode : 'memshiftread' 'load'> <Ports = 1> <Width = 16> <Depth = 10> <ShiftMem>
ST_1 : Operation 158 [1/1] (0.00ns)   --->   "%DataIn_V_assign_50 = call i16 @_ssdm_op_PartSelect.i16.i1024.i32.i32(i1024 %data_V_read_1, i32 816, i32 831)" [firmware/nnet_utils/nnet_conv2d_large.h:69]   --->   Operation 158 'partselect' 'DataIn_V_assign_50' <Predicate = true> <Delay = 0.00>
ST_1 : Operation 159 [1/1] (0.61ns)   --->   "%DataOut_V_102 = call i16 @"_ssdm_op_MemShiftRead.[10 x i16]P"(i16* getelementptr inbounds ([10 x i16]* @layer_in_row_Array_V_2_0_51, i64 0, i64 9), i16 %DataIn_V_assign_50, i1 true)" [firmware/nnet_utils/nnet_conv2d_large.h:74]   --->   Operation 159 'memshiftread' 'DataOut_V_102' <Predicate = true> <Delay = 0.61> <Core = "ShiftReg">   --->   Core 33 'ShiftReg' <Latency = 0> <II = 1> <Delay = 0.61> <Storage> <Opcode : 'memshiftread' 'load'> <Ports = 1> <Width = 16> <Depth = 10> <ShiftMem>
ST_1 : Operation 160 [1/1] (0.61ns)   --->   "%DataOut_V_103 = call i16 @"_ssdm_op_MemShiftRead.[10 x i16]P"(i16* getelementptr inbounds ([10 x i16]* @layer_in_row_Array_V_2_1_51, i64 0, i64 9), i16 %DataOut_V_102, i1 true)" [firmware/nnet_utils/nnet_conv2d_large.h:74]   --->   Operation 160 'memshiftread' 'DataOut_V_103' <Predicate = true> <Delay = 0.61> <Core = "ShiftReg">   --->   Core 33 'ShiftReg' <Latency = 0> <II = 1> <Delay = 0.61> <Storage> <Opcode : 'memshiftread' 'load'> <Ports = 1> <Width = 16> <Depth = 10> <ShiftMem>
ST_1 : Operation 161 [1/1] (0.00ns)   --->   "%DataIn_V_assign_51 = call i16 @_ssdm_op_PartSelect.i16.i1024.i32.i32(i1024 %data_V_read_1, i32 832, i32 847)" [firmware/nnet_utils/nnet_conv2d_large.h:69]   --->   Operation 161 'partselect' 'DataIn_V_assign_51' <Predicate = true> <Delay = 0.00>
ST_1 : Operation 162 [1/1] (0.61ns)   --->   "%DataOut_V_104 = call i16 @"_ssdm_op_MemShiftRead.[10 x i16]P"(i16* getelementptr inbounds ([10 x i16]* @layer_in_row_Array_V_2_0_52, i64 0, i64 9), i16 %DataIn_V_assign_51, i1 true)" [firmware/nnet_utils/nnet_conv2d_large.h:74]   --->   Operation 162 'memshiftread' 'DataOut_V_104' <Predicate = true> <Delay = 0.61> <Core = "ShiftReg">   --->   Core 33 'ShiftReg' <Latency = 0> <II = 1> <Delay = 0.61> <Storage> <Opcode : 'memshiftread' 'load'> <Ports = 1> <Width = 16> <Depth = 10> <ShiftMem>
ST_1 : Operation 163 [1/1] (0.61ns)   --->   "%DataOut_V_105 = call i16 @"_ssdm_op_MemShiftRead.[10 x i16]P"(i16* getelementptr inbounds ([10 x i16]* @layer_in_row_Array_V_2_1_52, i64 0, i64 9), i16 %DataOut_V_104, i1 true)" [firmware/nnet_utils/nnet_conv2d_large.h:74]   --->   Operation 163 'memshiftread' 'DataOut_V_105' <Predicate = true> <Delay = 0.61> <Core = "ShiftReg">   --->   Core 33 'ShiftReg' <Latency = 0> <II = 1> <Delay = 0.61> <Storage> <Opcode : 'memshiftread' 'load'> <Ports = 1> <Width = 16> <Depth = 10> <ShiftMem>
ST_1 : Operation 164 [1/1] (0.00ns)   --->   "%DataIn_V_assign_52 = call i16 @_ssdm_op_PartSelect.i16.i1024.i32.i32(i1024 %data_V_read_1, i32 848, i32 863)" [firmware/nnet_utils/nnet_conv2d_large.h:69]   --->   Operation 164 'partselect' 'DataIn_V_assign_52' <Predicate = true> <Delay = 0.00>
ST_1 : Operation 165 [1/1] (0.61ns)   --->   "%DataOut_V_106 = call i16 @"_ssdm_op_MemShiftRead.[10 x i16]P"(i16* getelementptr inbounds ([10 x i16]* @layer_in_row_Array_V_2_0_53, i64 0, i64 9), i16 %DataIn_V_assign_52, i1 true)" [firmware/nnet_utils/nnet_conv2d_large.h:74]   --->   Operation 165 'memshiftread' 'DataOut_V_106' <Predicate = true> <Delay = 0.61> <Core = "ShiftReg">   --->   Core 33 'ShiftReg' <Latency = 0> <II = 1> <Delay = 0.61> <Storage> <Opcode : 'memshiftread' 'load'> <Ports = 1> <Width = 16> <Depth = 10> <ShiftMem>
ST_1 : Operation 166 [1/1] (0.61ns)   --->   "%DataOut_V_107 = call i16 @"_ssdm_op_MemShiftRead.[10 x i16]P"(i16* getelementptr inbounds ([10 x i16]* @layer_in_row_Array_V_2_1_53, i64 0, i64 9), i16 %DataOut_V_106, i1 true)" [firmware/nnet_utils/nnet_conv2d_large.h:74]   --->   Operation 166 'memshiftread' 'DataOut_V_107' <Predicate = true> <Delay = 0.61> <Core = "ShiftReg">   --->   Core 33 'ShiftReg' <Latency = 0> <II = 1> <Delay = 0.61> <Storage> <Opcode : 'memshiftread' 'load'> <Ports = 1> <Width = 16> <Depth = 10> <ShiftMem>
ST_1 : Operation 167 [1/1] (0.00ns)   --->   "%DataIn_V_assign_53 = call i16 @_ssdm_op_PartSelect.i16.i1024.i32.i32(i1024 %data_V_read_1, i32 864, i32 879)" [firmware/nnet_utils/nnet_conv2d_large.h:69]   --->   Operation 167 'partselect' 'DataIn_V_assign_53' <Predicate = true> <Delay = 0.00>
ST_1 : Operation 168 [1/1] (0.61ns)   --->   "%DataOut_V_108 = call i16 @"_ssdm_op_MemShiftRead.[10 x i16]P"(i16* getelementptr inbounds ([10 x i16]* @layer_in_row_Array_V_2_0_54, i64 0, i64 9), i16 %DataIn_V_assign_53, i1 true)" [firmware/nnet_utils/nnet_conv2d_large.h:74]   --->   Operation 168 'memshiftread' 'DataOut_V_108' <Predicate = true> <Delay = 0.61> <Core = "ShiftReg">   --->   Core 33 'ShiftReg' <Latency = 0> <II = 1> <Delay = 0.61> <Storage> <Opcode : 'memshiftread' 'load'> <Ports = 1> <Width = 16> <Depth = 10> <ShiftMem>
ST_1 : Operation 169 [1/1] (0.61ns)   --->   "%DataOut_V_109 = call i16 @"_ssdm_op_MemShiftRead.[10 x i16]P"(i16* getelementptr inbounds ([10 x i16]* @layer_in_row_Array_V_2_1_54, i64 0, i64 9), i16 %DataOut_V_108, i1 true)" [firmware/nnet_utils/nnet_conv2d_large.h:74]   --->   Operation 169 'memshiftread' 'DataOut_V_109' <Predicate = true> <Delay = 0.61> <Core = "ShiftReg">   --->   Core 33 'ShiftReg' <Latency = 0> <II = 1> <Delay = 0.61> <Storage> <Opcode : 'memshiftread' 'load'> <Ports = 1> <Width = 16> <Depth = 10> <ShiftMem>
ST_1 : Operation 170 [1/1] (0.00ns)   --->   "%DataIn_V_assign_54 = call i16 @_ssdm_op_PartSelect.i16.i1024.i32.i32(i1024 %data_V_read_1, i32 880, i32 895)" [firmware/nnet_utils/nnet_conv2d_large.h:69]   --->   Operation 170 'partselect' 'DataIn_V_assign_54' <Predicate = true> <Delay = 0.00>
ST_1 : Operation 171 [1/1] (0.61ns)   --->   "%DataOut_V_110 = call i16 @"_ssdm_op_MemShiftRead.[10 x i16]P"(i16* getelementptr inbounds ([10 x i16]* @layer_in_row_Array_V_2_0_55, i64 0, i64 9), i16 %DataIn_V_assign_54, i1 true)" [firmware/nnet_utils/nnet_conv2d_large.h:74]   --->   Operation 171 'memshiftread' 'DataOut_V_110' <Predicate = true> <Delay = 0.61> <Core = "ShiftReg">   --->   Core 33 'ShiftReg' <Latency = 0> <II = 1> <Delay = 0.61> <Storage> <Opcode : 'memshiftread' 'load'> <Ports = 1> <Width = 16> <Depth = 10> <ShiftMem>
ST_1 : Operation 172 [1/1] (0.61ns)   --->   "%DataOut_V_111 = call i16 @"_ssdm_op_MemShiftRead.[10 x i16]P"(i16* getelementptr inbounds ([10 x i16]* @layer_in_row_Array_V_2_1_55, i64 0, i64 9), i16 %DataOut_V_110, i1 true)" [firmware/nnet_utils/nnet_conv2d_large.h:74]   --->   Operation 172 'memshiftread' 'DataOut_V_111' <Predicate = true> <Delay = 0.61> <Core = "ShiftReg">   --->   Core 33 'ShiftReg' <Latency = 0> <II = 1> <Delay = 0.61> <Storage> <Opcode : 'memshiftread' 'load'> <Ports = 1> <Width = 16> <Depth = 10> <ShiftMem>
ST_1 : Operation 173 [1/1] (0.00ns)   --->   "%DataIn_V_assign_55 = call i16 @_ssdm_op_PartSelect.i16.i1024.i32.i32(i1024 %data_V_read_1, i32 896, i32 911)" [firmware/nnet_utils/nnet_conv2d_large.h:69]   --->   Operation 173 'partselect' 'DataIn_V_assign_55' <Predicate = true> <Delay = 0.00>
ST_1 : Operation 174 [1/1] (0.61ns)   --->   "%DataOut_V_112 = call i16 @"_ssdm_op_MemShiftRead.[10 x i16]P"(i16* getelementptr inbounds ([10 x i16]* @layer_in_row_Array_V_2_0_56, i64 0, i64 9), i16 %DataIn_V_assign_55, i1 true)" [firmware/nnet_utils/nnet_conv2d_large.h:74]   --->   Operation 174 'memshiftread' 'DataOut_V_112' <Predicate = true> <Delay = 0.61> <Core = "ShiftReg">   --->   Core 33 'ShiftReg' <Latency = 0> <II = 1> <Delay = 0.61> <Storage> <Opcode : 'memshiftread' 'load'> <Ports = 1> <Width = 16> <Depth = 10> <ShiftMem>
ST_1 : Operation 175 [1/1] (0.61ns)   --->   "%DataOut_V_113 = call i16 @"_ssdm_op_MemShiftRead.[10 x i16]P"(i16* getelementptr inbounds ([10 x i16]* @layer_in_row_Array_V_2_1_56, i64 0, i64 9), i16 %DataOut_V_112, i1 true)" [firmware/nnet_utils/nnet_conv2d_large.h:74]   --->   Operation 175 'memshiftread' 'DataOut_V_113' <Predicate = true> <Delay = 0.61> <Core = "ShiftReg">   --->   Core 33 'ShiftReg' <Latency = 0> <II = 1> <Delay = 0.61> <Storage> <Opcode : 'memshiftread' 'load'> <Ports = 1> <Width = 16> <Depth = 10> <ShiftMem>
ST_1 : Operation 176 [1/1] (0.00ns)   --->   "%DataIn_V_assign_56 = call i16 @_ssdm_op_PartSelect.i16.i1024.i32.i32(i1024 %data_V_read_1, i32 912, i32 927)" [firmware/nnet_utils/nnet_conv2d_large.h:69]   --->   Operation 176 'partselect' 'DataIn_V_assign_56' <Predicate = true> <Delay = 0.00>
ST_1 : Operation 177 [1/1] (0.61ns)   --->   "%DataOut_V_114 = call i16 @"_ssdm_op_MemShiftRead.[10 x i16]P"(i16* getelementptr inbounds ([10 x i16]* @layer_in_row_Array_V_2_0_57, i64 0, i64 9), i16 %DataIn_V_assign_56, i1 true)" [firmware/nnet_utils/nnet_conv2d_large.h:74]   --->   Operation 177 'memshiftread' 'DataOut_V_114' <Predicate = true> <Delay = 0.61> <Core = "ShiftReg">   --->   Core 33 'ShiftReg' <Latency = 0> <II = 1> <Delay = 0.61> <Storage> <Opcode : 'memshiftread' 'load'> <Ports = 1> <Width = 16> <Depth = 10> <ShiftMem>
ST_1 : Operation 178 [1/1] (0.61ns)   --->   "%DataOut_V_115 = call i16 @"_ssdm_op_MemShiftRead.[10 x i16]P"(i16* getelementptr inbounds ([10 x i16]* @layer_in_row_Array_V_2_1_57, i64 0, i64 9), i16 %DataOut_V_114, i1 true)" [firmware/nnet_utils/nnet_conv2d_large.h:74]   --->   Operation 178 'memshiftread' 'DataOut_V_115' <Predicate = true> <Delay = 0.61> <Core = "ShiftReg">   --->   Core 33 'ShiftReg' <Latency = 0> <II = 1> <Delay = 0.61> <Storage> <Opcode : 'memshiftread' 'load'> <Ports = 1> <Width = 16> <Depth = 10> <ShiftMem>
ST_1 : Operation 179 [1/1] (0.00ns)   --->   "%DataIn_V_assign_57 = call i16 @_ssdm_op_PartSelect.i16.i1024.i32.i32(i1024 %data_V_read_1, i32 928, i32 943)" [firmware/nnet_utils/nnet_conv2d_large.h:69]   --->   Operation 179 'partselect' 'DataIn_V_assign_57' <Predicate = true> <Delay = 0.00>
ST_1 : Operation 180 [1/1] (0.61ns)   --->   "%DataOut_V_116 = call i16 @"_ssdm_op_MemShiftRead.[10 x i16]P"(i16* getelementptr inbounds ([10 x i16]* @layer_in_row_Array_V_2_0_58, i64 0, i64 9), i16 %DataIn_V_assign_57, i1 true)" [firmware/nnet_utils/nnet_conv2d_large.h:74]   --->   Operation 180 'memshiftread' 'DataOut_V_116' <Predicate = true> <Delay = 0.61> <Core = "ShiftReg">   --->   Core 33 'ShiftReg' <Latency = 0> <II = 1> <Delay = 0.61> <Storage> <Opcode : 'memshiftread' 'load'> <Ports = 1> <Width = 16> <Depth = 10> <ShiftMem>
ST_1 : Operation 181 [1/1] (0.61ns)   --->   "%DataOut_V_117 = call i16 @"_ssdm_op_MemShiftRead.[10 x i16]P"(i16* getelementptr inbounds ([10 x i16]* @layer_in_row_Array_V_2_1_58, i64 0, i64 9), i16 %DataOut_V_116, i1 true)" [firmware/nnet_utils/nnet_conv2d_large.h:74]   --->   Operation 181 'memshiftread' 'DataOut_V_117' <Predicate = true> <Delay = 0.61> <Core = "ShiftReg">   --->   Core 33 'ShiftReg' <Latency = 0> <II = 1> <Delay = 0.61> <Storage> <Opcode : 'memshiftread' 'load'> <Ports = 1> <Width = 16> <Depth = 10> <ShiftMem>
ST_1 : Operation 182 [1/1] (0.00ns)   --->   "%DataIn_V_assign_58 = call i16 @_ssdm_op_PartSelect.i16.i1024.i32.i32(i1024 %data_V_read_1, i32 944, i32 959)" [firmware/nnet_utils/nnet_conv2d_large.h:69]   --->   Operation 182 'partselect' 'DataIn_V_assign_58' <Predicate = true> <Delay = 0.00>
ST_1 : Operation 183 [1/1] (0.61ns)   --->   "%DataOut_V_118 = call i16 @"_ssdm_op_MemShiftRead.[10 x i16]P"(i16* getelementptr inbounds ([10 x i16]* @layer_in_row_Array_V_2_0_59, i64 0, i64 9), i16 %DataIn_V_assign_58, i1 true)" [firmware/nnet_utils/nnet_conv2d_large.h:74]   --->   Operation 183 'memshiftread' 'DataOut_V_118' <Predicate = true> <Delay = 0.61> <Core = "ShiftReg">   --->   Core 33 'ShiftReg' <Latency = 0> <II = 1> <Delay = 0.61> <Storage> <Opcode : 'memshiftread' 'load'> <Ports = 1> <Width = 16> <Depth = 10> <ShiftMem>
ST_1 : Operation 184 [1/1] (0.61ns)   --->   "%DataOut_V_119 = call i16 @"_ssdm_op_MemShiftRead.[10 x i16]P"(i16* getelementptr inbounds ([10 x i16]* @layer_in_row_Array_V_2_1_59, i64 0, i64 9), i16 %DataOut_V_118, i1 true)" [firmware/nnet_utils/nnet_conv2d_large.h:74]   --->   Operation 184 'memshiftread' 'DataOut_V_119' <Predicate = true> <Delay = 0.61> <Core = "ShiftReg">   --->   Core 33 'ShiftReg' <Latency = 0> <II = 1> <Delay = 0.61> <Storage> <Opcode : 'memshiftread' 'load'> <Ports = 1> <Width = 16> <Depth = 10> <ShiftMem>
ST_1 : Operation 185 [1/1] (0.00ns)   --->   "%DataIn_V_assign_59 = call i16 @_ssdm_op_PartSelect.i16.i1024.i32.i32(i1024 %data_V_read_1, i32 960, i32 975)" [firmware/nnet_utils/nnet_conv2d_large.h:69]   --->   Operation 185 'partselect' 'DataIn_V_assign_59' <Predicate = true> <Delay = 0.00>
ST_1 : Operation 186 [1/1] (0.61ns)   --->   "%DataOut_V_120 = call i16 @"_ssdm_op_MemShiftRead.[10 x i16]P"(i16* getelementptr inbounds ([10 x i16]* @layer_in_row_Array_V_2_0_60, i64 0, i64 9), i16 %DataIn_V_assign_59, i1 true)" [firmware/nnet_utils/nnet_conv2d_large.h:74]   --->   Operation 186 'memshiftread' 'DataOut_V_120' <Predicate = true> <Delay = 0.61> <Core = "ShiftReg">   --->   Core 33 'ShiftReg' <Latency = 0> <II = 1> <Delay = 0.61> <Storage> <Opcode : 'memshiftread' 'load'> <Ports = 1> <Width = 16> <Depth = 10> <ShiftMem>
ST_1 : Operation 187 [1/1] (0.61ns)   --->   "%DataOut_V_121 = call i16 @"_ssdm_op_MemShiftRead.[10 x i16]P"(i16* getelementptr inbounds ([10 x i16]* @layer_in_row_Array_V_2_1_60, i64 0, i64 9), i16 %DataOut_V_120, i1 true)" [firmware/nnet_utils/nnet_conv2d_large.h:74]   --->   Operation 187 'memshiftread' 'DataOut_V_121' <Predicate = true> <Delay = 0.61> <Core = "ShiftReg">   --->   Core 33 'ShiftReg' <Latency = 0> <II = 1> <Delay = 0.61> <Storage> <Opcode : 'memshiftread' 'load'> <Ports = 1> <Width = 16> <Depth = 10> <ShiftMem>
ST_1 : Operation 188 [1/1] (0.00ns)   --->   "%DataIn_V_assign_60 = call i16 @_ssdm_op_PartSelect.i16.i1024.i32.i32(i1024 %data_V_read_1, i32 976, i32 991)" [firmware/nnet_utils/nnet_conv2d_large.h:69]   --->   Operation 188 'partselect' 'DataIn_V_assign_60' <Predicate = true> <Delay = 0.00>
ST_1 : Operation 189 [1/1] (0.61ns)   --->   "%DataOut_V_122 = call i16 @"_ssdm_op_MemShiftRead.[10 x i16]P"(i16* getelementptr inbounds ([10 x i16]* @layer_in_row_Array_V_2_0_61, i64 0, i64 9), i16 %DataIn_V_assign_60, i1 true)" [firmware/nnet_utils/nnet_conv2d_large.h:74]   --->   Operation 189 'memshiftread' 'DataOut_V_122' <Predicate = true> <Delay = 0.61> <Core = "ShiftReg">   --->   Core 33 'ShiftReg' <Latency = 0> <II = 1> <Delay = 0.61> <Storage> <Opcode : 'memshiftread' 'load'> <Ports = 1> <Width = 16> <Depth = 10> <ShiftMem>
ST_1 : Operation 190 [1/1] (0.61ns)   --->   "%DataOut_V_123 = call i16 @"_ssdm_op_MemShiftRead.[10 x i16]P"(i16* getelementptr inbounds ([10 x i16]* @layer_in_row_Array_V_2_1_61, i64 0, i64 9), i16 %DataOut_V_122, i1 true)" [firmware/nnet_utils/nnet_conv2d_large.h:74]   --->   Operation 190 'memshiftread' 'DataOut_V_123' <Predicate = true> <Delay = 0.61> <Core = "ShiftReg">   --->   Core 33 'ShiftReg' <Latency = 0> <II = 1> <Delay = 0.61> <Storage> <Opcode : 'memshiftread' 'load'> <Ports = 1> <Width = 16> <Depth = 10> <ShiftMem>
ST_1 : Operation 191 [1/1] (0.00ns)   --->   "%DataIn_V_assign_61 = call i16 @_ssdm_op_PartSelect.i16.i1024.i32.i32(i1024 %data_V_read_1, i32 992, i32 1007)" [firmware/nnet_utils/nnet_conv2d_large.h:69]   --->   Operation 191 'partselect' 'DataIn_V_assign_61' <Predicate = true> <Delay = 0.00>
ST_1 : Operation 192 [1/1] (0.61ns)   --->   "%DataOut_V_124 = call i16 @"_ssdm_op_MemShiftRead.[10 x i16]P"(i16* getelementptr inbounds ([10 x i16]* @layer_in_row_Array_V_2_0_62, i64 0, i64 9), i16 %DataIn_V_assign_61, i1 true)" [firmware/nnet_utils/nnet_conv2d_large.h:74]   --->   Operation 192 'memshiftread' 'DataOut_V_124' <Predicate = true> <Delay = 0.61> <Core = "ShiftReg">   --->   Core 33 'ShiftReg' <Latency = 0> <II = 1> <Delay = 0.61> <Storage> <Opcode : 'memshiftread' 'load'> <Ports = 1> <Width = 16> <Depth = 10> <ShiftMem>
ST_1 : Operation 193 [1/1] (0.61ns)   --->   "%DataOut_V_125 = call i16 @"_ssdm_op_MemShiftRead.[10 x i16]P"(i16* getelementptr inbounds ([10 x i16]* @layer_in_row_Array_V_2_1_62, i64 0, i64 9), i16 %DataOut_V_124, i1 true)" [firmware/nnet_utils/nnet_conv2d_large.h:74]   --->   Operation 193 'memshiftread' 'DataOut_V_125' <Predicate = true> <Delay = 0.61> <Core = "ShiftReg">   --->   Core 33 'ShiftReg' <Latency = 0> <II = 1> <Delay = 0.61> <Storage> <Opcode : 'memshiftread' 'load'> <Ports = 1> <Width = 16> <Depth = 10> <ShiftMem>
ST_1 : Operation 194 [1/1] (0.00ns)   --->   "%DataIn_V_assign_62 = call i16 @_ssdm_op_PartSelect.i16.i1024.i32.i32(i1024 %data_V_read_1, i32 1008, i32 1023)" [firmware/nnet_utils/nnet_conv2d_large.h:69]   --->   Operation 194 'partselect' 'DataIn_V_assign_62' <Predicate = true> <Delay = 0.00>
ST_1 : Operation 195 [1/1] (0.61ns)   --->   "%DataOut_V_126 = call i16 @"_ssdm_op_MemShiftRead.[10 x i16]P"(i16* getelementptr inbounds ([10 x i16]* @layer_in_row_Array_V_2_0_63, i64 0, i64 9), i16 %DataIn_V_assign_62, i1 true)" [firmware/nnet_utils/nnet_conv2d_large.h:74]   --->   Operation 195 'memshiftread' 'DataOut_V_126' <Predicate = true> <Delay = 0.61> <Core = "ShiftReg">   --->   Core 33 'ShiftReg' <Latency = 0> <II = 1> <Delay = 0.61> <Storage> <Opcode : 'memshiftread' 'load'> <Ports = 1> <Width = 16> <Depth = 10> <ShiftMem>
ST_1 : Operation 196 [1/1] (0.61ns)   --->   "%DataOut_V126 = call i16 @"_ssdm_op_MemShiftRead.[10 x i16]P"(i16* getelementptr inbounds ([10 x i16]* @layer_in_row_Array_V_2_1_63, i64 0, i64 9), i16 %DataOut_V_126, i1 true)" [firmware/nnet_utils/nnet_conv2d_large.h:74]   --->   Operation 196 'memshiftread' 'DataOut_V126' <Predicate = true> <Delay = 0.61> <Core = "ShiftReg">   --->   Core 33 'ShiftReg' <Latency = 0> <II = 1> <Delay = 0.61> <Storage> <Opcode : 'memshiftread' 'load'> <Ports = 1> <Width = 16> <Depth = 10> <ShiftMem>
ST_1 : Operation 197 [1/1] (0.00ns)   --->   "%tmp = call i2048 @_ssdm_op_PartSelect.i2048.i9216.i32.i32(i9216 %kernel_window_V_read_1, i32 7168, i32 9215)" [firmware/nnet_utils/nnet_conv2d_large.h:36->firmware/nnet_utils/nnet_conv2d_large.h:78]   --->   Operation 197 'partselect' 'tmp' <Predicate = true> <Delay = 0.00>
ST_1 : Operation 198 [1/1] (0.00ns)   --->   "%tmp_1 = call i2048 @_ssdm_op_PartSelect.i2048.i9216.i32.i32(i9216 %kernel_window_V_read_1, i32 4096, i32 6143)" [firmware/nnet_utils/nnet_conv2d_large.h:36->firmware/nnet_utils/nnet_conv2d_large.h:78]   --->   Operation 198 'partselect' 'tmp_1' <Predicate = true> <Delay = 0.00>
ST_1 : Operation 199 [1/1] (0.00ns)   --->   "%tmp_2 = call i2048 @_ssdm_op_PartSelect.i2048.i9216.i32.i32(i9216 %kernel_window_V_read_1, i32 1024, i32 3071)" [firmware/nnet_utils/nnet_conv2d_large.h:36->firmware/nnet_utils/nnet_conv2d_large.h:78]   --->   Operation 199 'partselect' 'tmp_2' <Predicate = true> <Delay = 0.00>
ST_1 : Operation 200 [1/1] (0.00ns)   --->   "%kernel_window_V_write_assign = call i9216 @_ssdm_op_BitConcatenate.i9216.i1024.i2048.i16.i16.i16.i16.i16.i16.i16.i16.i16.i16.i16.i16.i16.i16.i16.i16.i16.i16.i16.i16.i16.i16.i16.i16.i16.i16.i16.i16.i16.i16.i16.i16.i16.i16.i16.i16.i16.i16.i16.i16.i16.i16.i16.i16.i16.i16.i16.i16.i16.i16.i16.i16.i16.i16.i16.i16.i16.i16.i16.i16.i16.i16.i16.i16.i2048.i16.i16.i16.i16.i16.i16.i16.i16.i16.i16.i16.i16.i16.i16.i16.i16.i16.i16.i16.i16.i16.i16.i16.i16.i16.i16.i16.i16.i16.i16.i16.i16.i16.i16.i16.i16.i16.i16.i16.i16.i16.i16.i16.i16.i16.i16.i16.i16.i16.i16.i16.i16.i16.i16.i16.i16.i16.i16.i16.i16.i16.i16.i16.i16.i2048(i1024 %data_V_read_1, i2048 %tmp, i16 %DataOut_V_126, i16 %DataOut_V_124, i16 %DataOut_V_122, i16 %DataOut_V_120, i16 %DataOut_V_118, i16 %DataOut_V_116, i16 %DataOut_V_114, i16 %DataOut_V_112, i16 %DataOut_V_110, i16 %DataOut_V_108, i16 %DataOut_V_106, i16 %DataOut_V_104, i16 %DataOut_V_102, i16 %DataOut_V_100, i16 %DataOut_V_98, i16 %DataOut_V_96, i16 %DataOut_V_94, i16 %DataOut_V_92, i16 %DataOut_V_90, i16 %DataOut_V_88, i16 %DataOut_V_86, i16 %DataOut_V_84, i16 %DataOut_V_82, i16 %DataOut_V_80, i16 %DataOut_V_78, i16 %DataOut_V_76, i16 %DataOut_V_74, i16 %DataOut_V_72, i16 %DataOut_V_70, i16 %DataOut_V_68, i16 %DataOut_V_66, i16 %DataOut_V_64, i16 %DataOut_V_62, i16 %DataOut_V_60, i16 %DataOut_V_58, i16 %DataOut_V_56, i16 %DataOut_V_54, i16 %DataOut_V_52, i16 %DataOut_V_50, i16 %DataOut_V_48, i16 %DataOut_V_46, i16 %DataOut_V_44, i16 %DataOut_V_42, i16 %DataOut_V_40, i16 %DataOut_V_38, i16 %DataOut_V_36, i16 %DataOut_V_34, i16 %DataOut_V_32, i16 %DataOut_V_30, i16 %DataOut_V_28, i16 %DataOut_V_26, i16 %DataOut_V_24, i16 %DataOut_V_22, i16 %DataOut_V_20, i16 %DataOut_V_18, i16 %DataOut_V_16, i16 %DataOut_V_14, i16 %DataOut_V_12, i16 %DataOut_V_10, i16 %DataOut_V_9, i16 %DataOut_V_7, i16 %DataOut_V_5, i16 %DataOut_V_3, i16 %DataOut_V_1, i2048 %tmp_1, i16 %DataOut_V126, i16 %DataOut_V_125, i16 %DataOut_V_123, i16 %DataOut_V_121, i16 %DataOut_V_119, i16 %DataOut_V_117, i16 %DataOut_V_115, i16 %DataOut_V_113, i16 %DataOut_V_111, i16 %DataOut_V_109, i16 %DataOut_V_107, i16 %DataOut_V_105, i16 %DataOut_V_103, i16 %DataOut_V_101, i16 %DataOut_V_99, i16 %DataOut_V_97, i16 %DataOut_V_95, i16 %DataOut_V_93, i16 %DataOut_V_91, i16 %DataOut_V_89, i16 %DataOut_V_87, i16 %DataOut_V_85, i16 %DataOut_V_83, i16 %DataOut_V_81, i16 %DataOut_V_79, i16 %DataOut_V_77, i16 %DataOut_V_75, i16 %DataOut_V_73, i16 %DataOut_V_71, i16 %DataOut_V_69, i16 %DataOut_V_67, i16 %DataOut_V_65, i16 %DataOut_V_63, i16 %DataOut_V_61, i16 %DataOut_V_59, i16 %DataOut_V_57, i16 %DataOut_V_55, i16 %DataOut_V_53, i16 %DataOut_V_51, i16 %DataOut_V_49, i16 %DataOut_V_47, i16 %DataOut_V_45, i16 %DataOut_V_43, i16 %DataOut_V_41, i16 %DataOut_V_39, i16 %DataOut_V_37, i16 %DataOut_V_35, i16 %DataOut_V_33, i16 %DataOut_V_31, i16 %DataOut_V_29, i16 %DataOut_V_27, i16 %DataOut_V_25, i16 %DataOut_V_23, i16 %DataOut_V_21, i16 %DataOut_V_19, i16 %DataOut_V_17, i16 %DataOut_V_15, i16 %DataOut_V_13, i16 %DataOut_V_11, i16 %DataOut_V_8, i16 %DataOut_V_6, i16 %DataOut_V_4, i16 %DataOut_V_2, i16 %DataOut_V, i2048 %tmp_2)" [firmware/nnet_utils/nnet_conv2d_large.h:36->firmware/nnet_utils/nnet_conv2d_large.h:78]   --->   Operation 200 'bitconcatenate' 'kernel_window_V_write_assign' <Predicate = true> <Delay = 0.00>
ST_1 : Operation 201 [1/1] (0.00ns)   --->   "ret i9216 %kernel_window_V_write_assign" [firmware/nnet_utils/nnet_conv2d_large.h:79]   --->   Operation 201 'ret' <Predicate = true> <Delay = 0.00>


============================================================
+ Verbose Summary: Timing violations
============================================================
Target clock period: 5ns, clock uncertainty: 0.625ns.

 <State 1>: 1.22ns
The critical path consists of the following:
	wire read on port 'data_V_read' (firmware/nnet_utils/nnet_conv2d_large.h:55) [4]  (0 ns)
	'memshiftread' operation ('DataOut.V', firmware/nnet_utils/nnet_conv2d_large.h:74) [7]  (0.611 ns)
	'memshiftread' operation ('DataOut.V', firmware/nnet_utils/nnet_conv2d_large.h:74) [8]  (0.611 ns)


============================================================
+ Verbose Summary: Binding
============================================================
N/A
* FSMD analyzer results:
  - Output states:
 - Input state : 
  - Chain level:
	State 1


============================================================
+ Verbose Summary: Datapath Resource usage 
============================================================
N/A
