Copyright 1986-2019 Xilinx, Inc. All Rights Reserved.
--------------------------------------------------------------------------------------------------
| Tool Version      : Vivado v.2019.2.1 (lin64) Build 2729669 Thu Dec  5 04:48:12 MST 2019
| Date              : Tue Apr 13 20:42:55 2021
| Host              : correlator2.fnal.gov running 64-bit Scientific Linux release 7.9 (Nitrogen)
| Command           : report_timing_summary -file ./report/myproject_timing_synth.rpt
| Design            : bd_0_wrapper
| Device            : xcvu9p-flgb2104
| Speed File        : -2  PRODUCTION 1.26 08-13-2019
| Temperature Grade : I
--------------------------------------------------------------------------------------------------

Timing Summary Report

------------------------------------------------------------------------------------------------
| Timer Settings
| --------------
------------------------------------------------------------------------------------------------

  Enable Multi Corner Analysis               :  Yes
  Enable Pessimism Removal                   :  Yes
  Pessimism Removal Resolution               :  Nearest Common Node
  Enable Input Delay Default Clock           :  No
  Enable Preset / Clear Arcs                 :  No
  Disable Flight Delays                      :  No
  Ignore I/O Paths                           :  No
  Timing Early Launch at Borrowing Latches   :  No
  Borrow Time for Max Delay Exceptions       :  Yes
  Merge Timing Exceptions                    :  Yes

  Corner  Analyze    Analyze    
  Name    Max Paths  Min Paths  
  ------  ---------  ---------  
  Slow    Yes        Yes        
  Fast    Yes        Yes        



check_timing report

Table of Contents
-----------------
1. checking no_clock
2. checking constant_clock
3. checking pulse_width_clock
4. checking unconstrained_internal_endpoints
5. checking no_input_delay
6. checking no_output_delay
7. checking multiple_clock
8. checking generated_clocks
9. checking loops
10. checking partial_input_delay
11. checking partial_output_delay
12. checking latch_loops

1. checking no_clock
--------------------
 There are 0 register/latch pins with no clock.


2. checking constant_clock
--------------------------
 There are 0 register/latch pins with constant_clock.


3. checking pulse_width_clock
-----------------------------
 There are 0 register/latch pins which need pulse_width check


4. checking unconstrained_internal_endpoints
--------------------------------------------
 There are 0 pins that are not constrained for maximum delay.

 There are 0 pins that are not constrained for maximum delay due to constant clock.


5. checking no_input_delay
--------------------------
 There are 61 input ports with no input delay specified. (HIGH)

 There are 0 input ports with no input delay but user has a false path constraint.


6. checking no_output_delay
---------------------------
 There are 136 ports with no output delay specified. (HIGH)

 There are 0 ports with no output delay but user has a false path constraint

 There are 0 ports with no output delay but with a timing clock defined on it or propagating through it


7. checking multiple_clock
--------------------------
 There are 0 register/latch pins with multiple clocks.


8. checking generated_clocks
----------------------------
 There are 0 generated clocks that are not connected to a clock source.


9. checking loops
-----------------
 There are 0 combinational loops in the design.


10. checking partial_input_delay
--------------------------------
 There are 0 input ports with partial input delay specified.


11. checking partial_output_delay
---------------------------------
 There are 0 ports with partial output delay specified.


12. checking latch_loops
------------------------
 There are 0 combinational latch loops in the design through latch input



------------------------------------------------------------------------------------------------
| Design Timing Summary
| ---------------------
------------------------------------------------------------------------------------------------

    WNS(ns)      TNS(ns)  TNS Failing Endpoints  TNS Total Endpoints      WHS(ns)      THS(ns)  THS Failing Endpoints  THS Total Endpoints     WPWS(ns)     TPWS(ns)  TPWS Failing Endpoints  TPWS Total Endpoints  
    -------      -------  ---------------------  -------------------      -------      -------  ---------------------  -------------------     --------     --------  ----------------------  --------------------  
     -0.932     -410.675                   1959               154273        0.066        0.000                      0               154273        1.958        0.000                       0                 76206  


Timing constraints are not met.


------------------------------------------------------------------------------------------------
| Clock Summary
| -------------
------------------------------------------------------------------------------------------------

Clock   Waveform(ns)         Period(ns)      Frequency(MHz)
-----   ------------         ----------      --------------
ap_clk  {0.000 2.500}        5.000           200.000         


------------------------------------------------------------------------------------------------
| Intra Clock Table
| -----------------
------------------------------------------------------------------------------------------------

Clock             WNS(ns)      TNS(ns)  TNS Failing Endpoints  TNS Total Endpoints      WHS(ns)      THS(ns)  THS Failing Endpoints  THS Total Endpoints     WPWS(ns)     TPWS(ns)  TPWS Failing Endpoints  TPWS Total Endpoints  
-----             -------      -------  ---------------------  -------------------      -------      -------  ---------------------  -------------------     --------     --------  ----------------------  --------------------  
ap_clk             -0.932     -410.675                   1959               154273        0.066        0.000                      0               154273        1.958        0.000                       0                 76206  


------------------------------------------------------------------------------------------------
| Inter Clock Table
| -----------------
------------------------------------------------------------------------------------------------

From Clock    To Clock          WNS(ns)      TNS(ns)  TNS Failing Endpoints  TNS Total Endpoints      WHS(ns)      THS(ns)  THS Failing Endpoints  THS Total Endpoints  
----------    --------          -------      -------  ---------------------  -------------------      -------      -------  ---------------------  -------------------  


------------------------------------------------------------------------------------------------
| Other Path Groups Table
| -----------------------
------------------------------------------------------------------------------------------------

Path Group    From Clock    To Clock          WNS(ns)      TNS(ns)  TNS Failing Endpoints  TNS Total Endpoints      WHS(ns)      THS(ns)  THS Failing Endpoints  THS Total Endpoints  
----------    ----------    --------          -------      -------  ---------------------  -------------------      -------      -------  ---------------------  -------------------  


------------------------------------------------------------------------------------------------
| Timing Details
| --------------
------------------------------------------------------------------------------------------------


---------------------------------------------------------------------------------------------------
From Clock:  ap_clk
  To Clock:  ap_clk

Setup :         1959  Failing Endpoints,  Worst Slack       -0.932ns,  Total Violation     -410.675ns
Hold  :            0  Failing Endpoints,  Worst Slack        0.066ns,  Total Violation        0.000ns
PW    :            0  Failing Endpoints,  Worst Slack        1.958ns,  Total Violation        0.000ns
---------------------------------------------------------------------------------------------------


Max Delay Paths
--------------------------------------------------------------------------------------
Slack (VIOLATED) :        -0.932ns  (required time - arrival time)
  Source:                 bd_0_i/hls_inst/inst/dense_large_stream_ap_fixed_ap_fixed_config16_U0/grp_dense_large_ap_fixed_ap_fixed_16_6_5_3_0_config16_s_fu_1075/ap_CS_fsm_reg[58]/C
                            (rising edge-triggered cell FDRE clocked by ap_clk  {rise@0.000ns fall@2.500ns period=5.000ns})
  Destination:            bd_0_i/hls_inst/inst/dense_large_stream_ap_fixed_ap_fixed_config16_U0/grp_dense_large_ap_fixed_ap_fixed_16_6_5_3_0_config16_s_fu_1075/add_ln703_1496_reg_68209_reg[15]/D
                            (rising edge-triggered cell FDRE clocked by ap_clk  {rise@0.000ns fall@2.500ns period=5.000ns})
  Path Group:             ap_clk
  Path Type:              Setup (Max at Slow Process Corner)
  Requirement:            5.000ns  (ap_clk rise@5.000ns - ap_clk rise@0.000ns)
  Data Path Delay:        5.922ns  (logic 2.834ns (47.855%)  route 3.088ns (52.145%))
  Logic Levels:           23  (CARRY8=5 DSP_A_B_DATA=1 DSP_ALU=1 DSP_M_DATA=1 DSP_MULTIPLIER=1 DSP_OUTPUT=1 DSP_PREADD_DATA=1 LUT2=4 LUT3=3 LUT4=1 LUT5=1 LUT6=3)
  Clock Uncertainty:      0.035ns  ((TSJ^2 + TIJ^2)^1/2 + DJ) / 2 + PE
    Total System Jitter     (TSJ):    0.071ns
    Total Input Jitter      (TIJ):    0.000ns
    Discrete Jitter          (DJ):    0.000ns
    Phase Error              (PE):    0.000ns

    Location             Delay type                Incr(ns)  Path(ns)    Netlist Resource(s)
  -------------------------------------------------------------------    -------------------
                         (clock ap_clk rise edge)     0.000     0.000 r  
                                                      0.000     0.000 r  ap_clk (IN)
                         net (fo=76629, unset)        0.000     0.000    bd_0_i/hls_inst/inst/dense_large_stream_ap_fixed_ap_fixed_config16_U0/grp_dense_large_ap_fixed_ap_fixed_16_6_5_3_0_config16_s_fu_1075/ap_clk
                         FDRE                                         r  bd_0_i/hls_inst/inst/dense_large_stream_ap_fixed_ap_fixed_config16_U0/grp_dense_large_ap_fixed_ap_fixed_16_6_5_3_0_config16_s_fu_1075/ap_CS_fsm_reg[58]/C
  -------------------------------------------------------------------    -------------------
                         FDRE (Prop_FDRE_C_Q)         0.077     0.077 r  bd_0_i/hls_inst/inst/dense_large_stream_ap_fixed_ap_fixed_config16_U0/grp_dense_large_ap_fixed_ap_fixed_16_6_5_3_0_config16_s_fu_1075/ap_CS_fsm_reg[58]/Q
                         net (fo=186, unplaced)       0.249     0.326    bd_0_i/hls_inst/inst/dense_large_stream_ap_fixed_ap_fixed_config16_U0/grp_dense_large_ap_fixed_ap_fixed_16_6_5_3_0_config16_s_fu_1075/ap_CS_fsm_state59
                         LUT2 (Prop_LUT2_I1_O)        0.038     0.364 r  bd_0_i/hls_inst/inst/dense_large_stream_ap_fixed_ap_fixed_config16_U0/grp_dense_large_ap_fixed_ap_fixed_16_6_5_3_0_config16_s_fu_1075/grp_fu_2610_p2_i_2730/O
                         net (fo=17, unplaced)        0.242     0.606    bd_0_i/hls_inst/inst/dense_large_stream_ap_fixed_ap_fixed_config16_U0/grp_dense_large_ap_fixed_ap_fixed_16_6_5_3_0_config16_s_fu_1075/grp_fu_2610_p01
                         LUT3 (Prop_LUT3_I0_O)        0.038     0.644 r  bd_0_i/hls_inst/inst/dense_large_stream_ap_fixed_ap_fixed_config16_U0/grp_dense_large_ap_fixed_ap_fixed_16_6_5_3_0_config16_s_fu_1075/grp_fu_2610_p2_i_1313/O
                         net (fo=17, unplaced)        0.242     0.886    bd_0_i/hls_inst/inst/dense_large_stream_ap_fixed_ap_fixed_config16_U0/grp_dense_large_ap_fixed_ap_fixed_16_6_5_3_0_config16_s_fu_1075/grp_fu_2610_p2_i_1313_n_3
                         LUT5 (Prop_LUT5_I0_O)        0.038     0.924 r  bd_0_i/hls_inst/inst/dense_large_stream_ap_fixed_ap_fixed_config16_U0/grp_dense_large_ap_fixed_ap_fixed_16_6_5_3_0_config16_s_fu_1075/grp_fu_2610_p2_i_642/O
                         net (fo=17, unplaced)        0.242     1.166    bd_0_i/hls_inst/inst/dense_large_stream_ap_fixed_ap_fixed_config16_U0/grp_dense_large_ap_fixed_ap_fixed_16_6_5_3_0_config16_s_fu_1075/grp_fu_2610_p2_i_642_n_3
                         LUT3 (Prop_LUT3_I1_O)        0.038     1.204 r  bd_0_i/hls_inst/inst/dense_large_stream_ap_fixed_ap_fixed_config16_U0/grp_dense_large_ap_fixed_ap_fixed_16_6_5_3_0_config16_s_fu_1075/grp_fu_2610_p2_i_649/O
                         net (fo=32, unplaced)        0.257     1.461    bd_0_i/hls_inst/inst/dense_large_stream_ap_fixed_ap_fixed_config16_U0/grp_dense_large_ap_fixed_ap_fixed_16_6_5_3_0_config16_s_fu_1075/grp_fu_2610_p2_i_649_n_3
                         LUT6 (Prop_LUT6_I5_O)        0.038     1.499 f  bd_0_i/hls_inst/inst/dense_large_stream_ap_fixed_ap_fixed_config16_U0/grp_dense_large_ap_fixed_ap_fixed_16_6_5_3_0_config16_s_fu_1075/grp_fu_2610_p2_i_387/O
                         net (fo=1, unplaced)         0.197     1.696    bd_0_i/hls_inst/inst/dense_large_stream_ap_fixed_ap_fixed_config16_U0/grp_dense_large_ap_fixed_ap_fixed_16_6_5_3_0_config16_s_fu_1075/grp_fu_2610_p2_i_387_n_3
                         LUT6 (Prop_LUT6_I2_O)        0.038     1.734 f  bd_0_i/hls_inst/inst/dense_large_stream_ap_fixed_ap_fixed_config16_U0/grp_dense_large_ap_fixed_ap_fixed_16_6_5_3_0_config16_s_fu_1075/grp_fu_2610_p2_i_107/O
                         net (fo=1, unplaced)         0.197     1.931    bd_0_i/hls_inst/inst/dense_large_stream_ap_fixed_ap_fixed_config16_U0/grp_dense_large_ap_fixed_ap_fixed_16_6_5_3_0_config16_s_fu_1075/grp_fu_2610_p2_i_107_n_3
                         LUT6 (Prop_LUT6_I0_O)        0.038     1.969 f  bd_0_i/hls_inst/inst/dense_large_stream_ap_fixed_ap_fixed_config16_U0/grp_dense_large_ap_fixed_ap_fixed_16_6_5_3_0_config16_s_fu_1075/grp_fu_2610_p2_i_17/O
                         net (fo=1, unplaced)         0.215     2.184    bd_0_i/hls_inst/inst/dense_large_stream_ap_fixed_ap_fixed_config16_U0/grp_dense_large_ap_fixed_ap_fixed_16_6_5_3_0_config16_s_fu_1075/grp_fu_2610_p2/A[8]
                         DSP_A_B_DATA (Prop_DSP_A_B_DATA_A[8]_A2_DATA[8])
                                                      0.192     2.376 r  bd_0_i/hls_inst/inst/dense_large_stream_ap_fixed_ap_fixed_config16_U0/grp_dense_large_ap_fixed_ap_fixed_16_6_5_3_0_config16_s_fu_1075/grp_fu_2610_p2/DSP_A_B_DATA_INST/A2_DATA[8]
                         net (fo=1, unplaced)         0.000     2.376    bd_0_i/hls_inst/inst/dense_large_stream_ap_fixed_ap_fixed_config16_U0/grp_dense_large_ap_fixed_ap_fixed_16_6_5_3_0_config16_s_fu_1075/grp_fu_2610_p2/DSP_A_B_DATA.A2_DATA<8>
                         DSP_PREADD_DATA (Prop_DSP_PREADD_DATA_A2_DATA[8]_A2A1[8])
                                                      0.076     2.452 r  bd_0_i/hls_inst/inst/dense_large_stream_ap_fixed_ap_fixed_config16_U0/grp_dense_large_ap_fixed_ap_fixed_16_6_5_3_0_config16_s_fu_1075/grp_fu_2610_p2/DSP_PREADD_DATA_INST/A2A1[8]
                         net (fo=1, unplaced)         0.000     2.452    bd_0_i/hls_inst/inst/dense_large_stream_ap_fixed_ap_fixed_config16_U0/grp_dense_large_ap_fixed_ap_fixed_16_6_5_3_0_config16_s_fu_1075/grp_fu_2610_p2/DSP_PREADD_DATA.A2A1<8>
                         DSP_MULTIPLIER (Prop_DSP_MULTIPLIER_A2A1[8]_U[10])
                                                      0.505     2.957 f  bd_0_i/hls_inst/inst/dense_large_stream_ap_fixed_ap_fixed_config16_U0/grp_dense_large_ap_fixed_ap_fixed_16_6_5_3_0_config16_s_fu_1075/grp_fu_2610_p2/DSP_MULTIPLIER_INST/U[10]
                         net (fo=1, unplaced)         0.000     2.957    bd_0_i/hls_inst/inst/dense_large_stream_ap_fixed_ap_fixed_config16_U0/grp_dense_large_ap_fixed_ap_fixed_16_6_5_3_0_config16_s_fu_1075/grp_fu_2610_p2/DSP_MULTIPLIER.U<10>
                         DSP_M_DATA (Prop_DSP_M_DATA_U[10]_U_DATA[10])
                                                      0.047     3.004 r  bd_0_i/hls_inst/inst/dense_large_stream_ap_fixed_ap_fixed_config16_U0/grp_dense_large_ap_fixed_ap_fixed_16_6_5_3_0_config16_s_fu_1075/grp_fu_2610_p2/DSP_M_DATA_INST/U_DATA[10]
                         net (fo=1, unplaced)         0.000     3.004    bd_0_i/hls_inst/inst/dense_large_stream_ap_fixed_ap_fixed_config16_U0/grp_dense_large_ap_fixed_ap_fixed_16_6_5_3_0_config16_s_fu_1075/grp_fu_2610_p2/DSP_M_DATA.U_DATA<10>
                         DSP_ALU (Prop_DSP_ALU_U_DATA[10]_ALU_OUT[10])
                                                      0.585     3.589 f  bd_0_i/hls_inst/inst/dense_large_stream_ap_fixed_ap_fixed_config16_U0/grp_dense_large_ap_fixed_ap_fixed_16_6_5_3_0_config16_s_fu_1075/grp_fu_2610_p2/DSP_ALU_INST/ALU_OUT[10]
                         net (fo=1, unplaced)         0.000     3.589    bd_0_i/hls_inst/inst/dense_large_stream_ap_fixed_ap_fixed_config16_U0/grp_dense_large_ap_fixed_ap_fixed_16_6_5_3_0_config16_s_fu_1075/grp_fu_2610_p2/DSP_ALU.ALU_OUT<10>
                         DSP_OUTPUT (Prop_DSP_OUTPUT_ALU_OUT[10]_P[10])
                                                      0.109     3.698 r  bd_0_i/hls_inst/inst/dense_large_stream_ap_fixed_ap_fixed_config16_U0/grp_dense_large_ap_fixed_ap_fixed_16_6_5_3_0_config16_s_fu_1075/grp_fu_2610_p2/DSP_OUTPUT_INST/P[10]
                         net (fo=182, unplaced)       0.305     4.003    bd_0_i/hls_inst/inst/dense_large_stream_ap_fixed_ap_fixed_config16_U0/grp_dense_large_ap_fixed_ap_fixed_16_6_5_3_0_config16_s_fu_1075/mult_1025_V_fu_33478_p1[0]
                         LUT2 (Prop_LUT2_I1_O)        0.038     4.041 r  bd_0_i/hls_inst/inst/dense_large_stream_ap_fixed_ap_fixed_config16_U0/grp_dense_large_ap_fixed_ap_fixed_16_6_5_3_0_config16_s_fu_1075/add_ln703_1496_reg_68209[15]_i_77/O
                         net (fo=1, unplaced)         0.020     4.061    bd_0_i/hls_inst/inst/dense_large_stream_ap_fixed_ap_fixed_config16_U0/grp_dense_large_ap_fixed_ap_fixed_16_6_5_3_0_config16_s_fu_1075/add_ln703_1496_reg_68209[15]_i_77_n_3
                         CARRY8 (Prop_CARRY8_S[0]_O[2])
                                                      0.134     4.195 r  bd_0_i/hls_inst/inst/dense_large_stream_ap_fixed_ap_fixed_config16_U0/grp_dense_large_ap_fixed_ap_fixed_16_6_5_3_0_config16_s_fu_1075/add_ln703_1496_reg_68209_reg[15]_i_64/O[2]
                         net (fo=1, unplaced)         0.201     4.396    bd_0_i/hls_inst/inst/grp_dense_large_ap_fixed_ap_fixed_16_6_5_3_0_config16_s_fu_1075/sext_ln703_845_fu_55765_p1[2]
                         LUT2 (Prop_LUT2_I1_O)        0.037     4.433 r  bd_0_i/hls_inst/inst/add_ln703_1496_reg_68209[15]_i_47/O
                         net (fo=1, unplaced)         0.028     4.461    bd_0_i/hls_inst/inst/add_ln703_1496_reg_68209[15]_i_47_n_3
                         CARRY8 (Prop_CARRY8_S[2]_O[4])
                                                      0.167     4.628 r  bd_0_i/hls_inst/inst/add_ln703_1496_reg_68209_reg[15]_i_26/O[4]
                         net (fo=2, unplaced)         0.204     4.832    bd_0_i/hls_inst/inst/dense_large_stream_ap_fixed_ap_fixed_config16_U0/grp_dense_large_ap_fixed_ap_fixed_16_6_5_3_0_config16_s_fu_1075/sext_ln703_846_fu_55775_p1[4]
                         LUT2 (Prop_LUT2_I0_O)        0.037     4.869 r  bd_0_i/hls_inst/inst/dense_large_stream_ap_fixed_ap_fixed_config16_U0/grp_dense_large_ap_fixed_ap_fixed_16_6_5_3_0_config16_s_fu_1075/add_ln703_1496_reg_68209[15]_i_30/O
                         net (fo=1, unplaced)         0.021     4.890    bd_0_i/hls_inst/inst/dense_large_stream_ap_fixed_ap_fixed_config16_U0/grp_dense_large_ap_fixed_ap_fixed_16_6_5_3_0_config16_s_fu_1075/add_ln703_1496_reg_68209[15]_i_30_n_3
                         CARRY8 (Prop_CARRY8_S[4]_CO[7])
                                                      0.163     5.053 r  bd_0_i/hls_inst/inst/dense_large_stream_ap_fixed_ap_fixed_config16_U0/grp_dense_large_ap_fixed_ap_fixed_16_6_5_3_0_config16_s_fu_1075/add_ln703_1496_reg_68209_reg[15]_i_18/CO[7]
                         net (fo=1, unplaced)         0.005     5.058    bd_0_i/hls_inst/inst/dense_large_stream_ap_fixed_ap_fixed_config16_U0/grp_dense_large_ap_fixed_ap_fixed_16_6_5_3_0_config16_s_fu_1075/add_ln703_1496_reg_68209_reg[15]_i_18_n_3
                         CARRY8 (Prop_CARRY8_CI_O[0])
                                                      0.056     5.114 r  bd_0_i/hls_inst/inst/dense_large_stream_ap_fixed_ap_fixed_config16_U0/grp_dense_large_ap_fixed_ap_fixed_16_6_5_3_0_config16_s_fu_1075/add_ln703_1496_reg_68209_reg[15]_i_17/O[0]
                         net (fo=2, unplaced)         0.197     5.311    bd_0_i/hls_inst/inst/dense_large_stream_ap_fixed_ap_fixed_config16_U0/grp_dense_large_ap_fixed_ap_fixed_16_6_5_3_0_config16_s_fu_1075/sext_ln703_850_fu_55788_p1[8]
                         LUT3 (Prop_LUT3_I0_O)        0.070     5.381 r  bd_0_i/hls_inst/inst/dense_large_stream_ap_fixed_ap_fixed_config16_U0/grp_dense_large_ap_fixed_ap_fixed_16_6_5_3_0_config16_s_fu_1075/add_ln703_1496_reg_68209[15]_i_7/O
                         net (fo=2, unplaced)         0.217     5.598    bd_0_i/hls_inst/inst/dense_large_stream_ap_fixed_ap_fixed_config16_U0/grp_dense_large_ap_fixed_ap_fixed_16_6_5_3_0_config16_s_fu_1075/add_ln703_1496_reg_68209[15]_i_7_n_3
                         LUT4 (Prop_LUT4_I3_O)        0.037     5.635 r  bd_0_i/hls_inst/inst/dense_large_stream_ap_fixed_ap_fixed_config16_U0/grp_dense_large_ap_fixed_ap_fixed_16_6_5_3_0_config16_s_fu_1075/add_ln703_1496_reg_68209[15]_i_15/O
                         net (fo=1, unplaced)         0.023     5.658    bd_0_i/hls_inst/inst/dense_large_stream_ap_fixed_ap_fixed_config16_U0/grp_dense_large_ap_fixed_ap_fixed_16_6_5_3_0_config16_s_fu_1075/add_ln703_1496_reg_68209[15]_i_15_n_3
                         CARRY8 (Prop_CARRY8_S[1]_O[7])
                                                      0.238     5.896 r  bd_0_i/hls_inst/inst/dense_large_stream_ap_fixed_ap_fixed_config16_U0/grp_dense_large_ap_fixed_ap_fixed_16_6_5_3_0_config16_s_fu_1075/add_ln703_1496_reg_68209_reg[15]_i_1/O[7]
                         net (fo=1, unplaced)         0.026     5.922    bd_0_i/hls_inst/inst/dense_large_stream_ap_fixed_ap_fixed_config16_U0/grp_dense_large_ap_fixed_ap_fixed_16_6_5_3_0_config16_s_fu_1075/add_ln703_1496_fu_55798_p2[15]
                         FDRE                                         r  bd_0_i/hls_inst/inst/dense_large_stream_ap_fixed_ap_fixed_config16_U0/grp_dense_large_ap_fixed_ap_fixed_16_6_5_3_0_config16_s_fu_1075/add_ln703_1496_reg_68209_reg[15]/D
  -------------------------------------------------------------------    -------------------

                         (clock ap_clk rise edge)     5.000     5.000 r  
                                                      0.000     5.000 r  ap_clk (IN)
                         net (fo=76629, unset)        0.000     5.000    bd_0_i/hls_inst/inst/dense_large_stream_ap_fixed_ap_fixed_config16_U0/grp_dense_large_ap_fixed_ap_fixed_16_6_5_3_0_config16_s_fu_1075/ap_clk
                         FDRE                                         r  bd_0_i/hls_inst/inst/dense_large_stream_ap_fixed_ap_fixed_config16_U0/grp_dense_large_ap_fixed_ap_fixed_16_6_5_3_0_config16_s_fu_1075/add_ln703_1496_reg_68209_reg[15]/C
                         clock pessimism              0.000     5.000    
                         clock uncertainty           -0.035     4.965    
                         FDRE (Setup_FDRE_C_D)        0.025     4.990    bd_0_i/hls_inst/inst/dense_large_stream_ap_fixed_ap_fixed_config16_U0/grp_dense_large_ap_fixed_ap_fixed_16_6_5_3_0_config16_s_fu_1075/add_ln703_1496_reg_68209_reg[15]
  -------------------------------------------------------------------
                         required time                          4.990    
                         arrival time                          -5.922    
  -------------------------------------------------------------------
                         slack                                 -0.932    





Min Delay Paths
--------------------------------------------------------------------------------------
Slack (MET) :             0.066ns  (arrival time - required time)
  Source:                 bd_0_i/hls_inst/inst/layer18_out_0_V_V_U/dout_buf_reg[0]/C
                            (rising edge-triggered cell FDRE clocked by ap_clk  {rise@0.000ns fall@2.500ns period=5.000ns})
  Destination:            bd_0_i/hls_inst/inst/conv_2d_large_cl2_ap_fixed_ap_fixed_config2_U0/call_ret_shift_line_buffer_ap_fixed_ap_fixed_config2_s_fu_185989/layer_in_row_Array_V_1_0_0_U/shift_line_buffer_ap_fixed_ap_fixed_config2_s_layer_in_robkb_core_U/ShiftRegMem_reg[18][0]_srl19/D
                            (rising edge-triggered cell SRLC32E clocked by ap_clk  {rise@0.000ns fall@2.500ns period=5.000ns})
  Path Group:             ap_clk
  Path Type:              Hold (Min at Fast Process Corner)
  Requirement:            0.000ns  (ap_clk rise@0.000ns - ap_clk rise@0.000ns)
  Data Path Delay:        0.112ns  (logic 0.038ns (33.929%)  route 0.074ns (66.071%))
  Logic Levels:           0  

    Location             Delay type                Incr(ns)  Path(ns)    Netlist Resource(s)
  -------------------------------------------------------------------    -------------------
                         (clock ap_clk rise edge)     0.000     0.000 r  
                                                      0.000     0.000 r  ap_clk (IN)
                         net (fo=76629, unset)        0.000     0.000    bd_0_i/hls_inst/inst/layer18_out_0_V_V_U/ap_clk
                         FDRE                                         r  bd_0_i/hls_inst/inst/layer18_out_0_V_V_U/dout_buf_reg[0]/C
  -------------------------------------------------------------------    -------------------
                         FDRE (Prop_FDRE_C_Q)         0.038     0.038 r  bd_0_i/hls_inst/inst/layer18_out_0_V_V_U/dout_buf_reg[0]/Q
                         net (fo=2, unplaced)         0.074     0.112    bd_0_i/hls_inst/inst/conv_2d_large_cl2_ap_fixed_ap_fixed_config2_U0/call_ret_shift_line_buffer_ap_fixed_ap_fixed_config2_s_fu_185989/layer_in_row_Array_V_1_0_0_U/shift_line_buffer_ap_fixed_ap_fixed_config2_s_layer_in_robkb_core_U/D[0]
                         SRLC32E                                      r  bd_0_i/hls_inst/inst/conv_2d_large_cl2_ap_fixed_ap_fixed_config2_U0/call_ret_shift_line_buffer_ap_fixed_ap_fixed_config2_s_fu_185989/layer_in_row_Array_V_1_0_0_U/shift_line_buffer_ap_fixed_ap_fixed_config2_s_layer_in_robkb_core_U/ShiftRegMem_reg[18][0]_srl19/D
  -------------------------------------------------------------------    -------------------

                         (clock ap_clk rise edge)     0.000     0.000 r  
                                                      0.000     0.000 r  ap_clk (IN)
                         net (fo=76629, unset)        0.000     0.000    bd_0_i/hls_inst/inst/conv_2d_large_cl2_ap_fixed_ap_fixed_config2_U0/call_ret_shift_line_buffer_ap_fixed_ap_fixed_config2_s_fu_185989/layer_in_row_Array_V_1_0_0_U/shift_line_buffer_ap_fixed_ap_fixed_config2_s_layer_in_robkb_core_U/ap_clk
                         SRLC32E                                      r  bd_0_i/hls_inst/inst/conv_2d_large_cl2_ap_fixed_ap_fixed_config2_U0/call_ret_shift_line_buffer_ap_fixed_ap_fixed_config2_s_fu_185989/layer_in_row_Array_V_1_0_0_U/shift_line_buffer_ap_fixed_ap_fixed_config2_s_layer_in_robkb_core_U/ShiftRegMem_reg[18][0]_srl19/CLK
                         clock pessimism              0.000     0.000    
                         SRLC32E (Hold_SRLC32E_CLK_D)
                                                      0.046     0.046    bd_0_i/hls_inst/inst/conv_2d_large_cl2_ap_fixed_ap_fixed_config2_U0/call_ret_shift_line_buffer_ap_fixed_ap_fixed_config2_s_fu_185989/layer_in_row_Array_V_1_0_0_U/shift_line_buffer_ap_fixed_ap_fixed_config2_s_layer_in_robkb_core_U/ShiftRegMem_reg[18][0]_srl19
  -------------------------------------------------------------------
                         required time                         -0.046    
                         arrival time                           0.112    
  -------------------------------------------------------------------
                         slack                                  0.066    





Pulse Width Checks
--------------------------------------------------------------------------------------
Clock Name:         ap_clk
Waveform(ns):       { 0.000 2.500 }
Period(ns):         5.000
Sources:            { ap_clk }

Check Type        Corner  Lib Pin             Reference Pin  Required(ns)  Actual(ns)  Slack(ns)  Location  Pin
Min Period        n/a     RAMB18E2/CLKARDCLK  n/a            1.569         5.000       3.431                bd_0_i/hls_inst/inst/softmax_stream_ap_fixed_ap_fixed_softmax_config17_U0/grp_softmax_ap_fixed_ap_fixed_softmax_config17_s_fu_262/exp_res_V_U/softmax_ap_fixed_ap_fixed_softmax_config17_s_exp_res_V_ram_U/ram_reg_bram_0/CLKARDCLK
Low Pulse Width   Slow    RAMB18E2/CLKARDCLK  n/a            0.542         2.500       1.958                bd_0_i/hls_inst/inst/softmax_stream_ap_fixed_ap_fixed_softmax_config17_U0/grp_softmax_ap_fixed_ap_fixed_softmax_config17_s_fu_262/exp_res_V_U/softmax_ap_fixed_ap_fixed_softmax_config17_s_exp_res_V_ram_U/ram_reg_bram_0/CLKARDCLK
High Pulse Width  Slow    RAMB18E2/CLKARDCLK  n/a            0.542         2.500       1.958                bd_0_i/hls_inst/inst/softmax_stream_ap_fixed_ap_fixed_softmax_config17_U0/grp_softmax_ap_fixed_ap_fixed_softmax_config17_s_fu_262/exp_res_V_U/softmax_ap_fixed_ap_fixed_softmax_config17_s_exp_res_V_ram_U/ram_reg_bram_0/CLKARDCLK



