Copyright 1986-2019 Xilinx, Inc. All Rights Reserved.
--------------------------------------------------------------------------------------------------
| Tool Version      : Vivado v.2019.2.1 (lin64) Build 2729669 Thu Dec  5 04:48:12 MST 2019
| Date              : Wed Apr 14 13:36:10 2021
| Host              : correlator2.fnal.gov running 64-bit Scientific Linux release 7.9 (Nitrogen)
| Command           : report_timing_summary -file ./report/myproject_timing_synth.rpt
| Design            : bd_0_wrapper
| Device            : xcvu9p-flgb2104
| Speed File        : -2  PRODUCTION 1.26 08-13-2019
| Temperature Grade : I
--------------------------------------------------------------------------------------------------

Timing Summary Report

------------------------------------------------------------------------------------------------
| Timer Settings
| --------------
------------------------------------------------------------------------------------------------

  Enable Multi Corner Analysis               :  Yes
  Enable Pessimism Removal                   :  Yes
  Pessimism Removal Resolution               :  Nearest Common Node
  Enable Input Delay Default Clock           :  No
  Enable Preset / Clear Arcs                 :  No
  Disable Flight Delays                      :  No
  Ignore I/O Paths                           :  No
  Timing Early Launch at Borrowing Latches   :  No
  Borrow Time for Max Delay Exceptions       :  Yes
  Merge Timing Exceptions                    :  Yes

  Corner  Analyze    Analyze    
  Name    Max Paths  Min Paths  
  ------  ---------  ---------  
  Slow    Yes        Yes        
  Fast    Yes        Yes        



check_timing report

Table of Contents
-----------------
1. checking no_clock
2. checking constant_clock
3. checking pulse_width_clock
4. checking unconstrained_internal_endpoints
5. checking no_input_delay
6. checking no_output_delay
7. checking multiple_clock
8. checking generated_clocks
9. checking loops
10. checking partial_input_delay
11. checking partial_output_delay
12. checking latch_loops

1. checking no_clock
--------------------
 There are 0 register/latch pins with no clock.


2. checking constant_clock
--------------------------
 There are 0 register/latch pins with constant_clock.


3. checking pulse_width_clock
-----------------------------
 There are 0 register/latch pins which need pulse_width check


4. checking unconstrained_internal_endpoints
--------------------------------------------
 There are 0 pins that are not constrained for maximum delay.

 There are 0 pins that are not constrained for maximum delay due to constant clock.


5. checking no_input_delay
--------------------------
 There are 61 input ports with no input delay specified. (HIGH)

 There are 0 input ports with no input delay but user has a false path constraint.


6. checking no_output_delay
---------------------------
 There are 144 ports with no output delay specified. (HIGH)

 There are 0 ports with no output delay but user has a false path constraint

 There are 0 ports with no output delay but with a timing clock defined on it or propagating through it


7. checking multiple_clock
--------------------------
 There are 0 register/latch pins with multiple clocks.


8. checking generated_clocks
----------------------------
 There are 0 generated clocks that are not connected to a clock source.


9. checking loops
-----------------
 There are 0 combinational loops in the design.


10. checking partial_input_delay
--------------------------------
 There are 0 input ports with partial input delay specified.


11. checking partial_output_delay
---------------------------------
 There are 0 ports with partial output delay specified.


12. checking latch_loops
------------------------
 There are 0 combinational latch loops in the design through latch input



------------------------------------------------------------------------------------------------
| Design Timing Summary
| ---------------------
------------------------------------------------------------------------------------------------

    WNS(ns)      TNS(ns)  TNS Failing Endpoints  TNS Total Endpoints      WHS(ns)      THS(ns)  THS Failing Endpoints  THS Total Endpoints     WPWS(ns)     TPWS(ns)  TPWS Failing Endpoints  TPWS Total Endpoints  
    -------      -------  ---------------------  -------------------      -------      -------  ---------------------  -------------------     --------     --------  ----------------------  --------------------  
     -0.940     -507.348                   2152               166460        0.066        0.000                      0               166460        1.958        0.000                       0                 81259  


Timing constraints are not met.


------------------------------------------------------------------------------------------------
| Clock Summary
| -------------
------------------------------------------------------------------------------------------------

Clock   Waveform(ns)         Period(ns)      Frequency(MHz)
-----   ------------         ----------      --------------
ap_clk  {0.000 2.500}        5.000           200.000         


------------------------------------------------------------------------------------------------
| Intra Clock Table
| -----------------
------------------------------------------------------------------------------------------------

Clock             WNS(ns)      TNS(ns)  TNS Failing Endpoints  TNS Total Endpoints      WHS(ns)      THS(ns)  THS Failing Endpoints  THS Total Endpoints     WPWS(ns)     TPWS(ns)  TPWS Failing Endpoints  TPWS Total Endpoints  
-----             -------      -------  ---------------------  -------------------      -------      -------  ---------------------  -------------------     --------     --------  ----------------------  --------------------  
ap_clk             -0.940     -507.348                   2152               166460        0.066        0.000                      0               166460        1.958        0.000                       0                 81259  


------------------------------------------------------------------------------------------------
| Inter Clock Table
| -----------------
------------------------------------------------------------------------------------------------

From Clock    To Clock          WNS(ns)      TNS(ns)  TNS Failing Endpoints  TNS Total Endpoints      WHS(ns)      THS(ns)  THS Failing Endpoints  THS Total Endpoints  
----------    --------          -------      -------  ---------------------  -------------------      -------      -------  ---------------------  -------------------  


------------------------------------------------------------------------------------------------
| Other Path Groups Table
| -----------------------
------------------------------------------------------------------------------------------------

Path Group    From Clock    To Clock          WNS(ns)      TNS(ns)  TNS Failing Endpoints  TNS Total Endpoints      WHS(ns)      THS(ns)  THS Failing Endpoints  THS Total Endpoints  
----------    ----------    --------          -------      -------  ---------------------  -------------------      -------      -------  ---------------------  -------------------  


------------------------------------------------------------------------------------------------
| Timing Details
| --------------
------------------------------------------------------------------------------------------------


---------------------------------------------------------------------------------------------------
From Clock:  ap_clk
  To Clock:  ap_clk

Setup :         2152  Failing Endpoints,  Worst Slack       -0.940ns,  Total Violation     -507.348ns
Hold  :            0  Failing Endpoints,  Worst Slack        0.066ns,  Total Violation        0.000ns
PW    :            0  Failing Endpoints,  Worst Slack        1.958ns,  Total Violation        0.000ns
---------------------------------------------------------------------------------------------------


Max Delay Paths
--------------------------------------------------------------------------------------
Slack (VIOLATED) :        -0.940ns  (required time - arrival time)
  Source:                 bd_0_i/hls_inst/inst/dense_array_array_ap_fixed_16_6_5_3_0_8u_config16_U0/grp_dense_wrapper_ap_fixed_ap_fixed_16_6_5_3_0_config16_s_fu_1511/ap_CS_fsm_reg[96]/C
                            (rising edge-triggered cell FDRE clocked by ap_clk  {rise@0.000ns fall@2.500ns period=5.000ns})
  Destination:            bd_0_i/hls_inst/inst/dense_array_array_ap_fixed_16_6_5_3_0_8u_config16_U0/grp_dense_wrapper_ap_fixed_ap_fixed_16_6_5_3_0_config16_s_fu_1511/add_ln703_226_reg_68376_reg[15]/D
                            (rising edge-triggered cell FDRE clocked by ap_clk  {rise@0.000ns fall@2.500ns period=5.000ns})
  Path Group:             ap_clk
  Path Type:              Setup (Max at Slow Process Corner)
  Requirement:            5.000ns  (ap_clk rise@5.000ns - ap_clk rise@0.000ns)
  Data Path Delay:        5.930ns  (logic 2.932ns (49.444%)  route 2.998ns (50.556%))
  Logic Levels:           24  (CARRY8=5 DSP_A_B_DATA=1 DSP_ALU=1 DSP_M_DATA=1 DSP_MULTIPLIER=1 DSP_OUTPUT=1 DSP_PREADD_DATA=1 LUT2=4 LUT3=1 LUT4=1 LUT6=7)
  Clock Uncertainty:      0.035ns  ((TSJ^2 + TIJ^2)^1/2 + DJ) / 2 + PE
    Total System Jitter     (TSJ):    0.071ns
    Total Input Jitter      (TIJ):    0.000ns
    Discrete Jitter          (DJ):    0.000ns
    Phase Error              (PE):    0.000ns

    Location             Delay type                Incr(ns)  Path(ns)    Netlist Resource(s)
  -------------------------------------------------------------------    -------------------
                         (clock ap_clk rise edge)     0.000     0.000 r  
                                                      0.000     0.000 r  ap_clk (IN)
                         net (fo=81732, unset)        0.000     0.000    bd_0_i/hls_inst/inst/dense_array_array_ap_fixed_16_6_5_3_0_8u_config16_U0/grp_dense_wrapper_ap_fixed_ap_fixed_16_6_5_3_0_config16_s_fu_1511/ap_clk
                         FDRE                                         r  bd_0_i/hls_inst/inst/dense_array_array_ap_fixed_16_6_5_3_0_8u_config16_U0/grp_dense_wrapper_ap_fixed_ap_fixed_16_6_5_3_0_config16_s_fu_1511/ap_CS_fsm_reg[96]/C
  -------------------------------------------------------------------    -------------------
                         FDRE (Prop_FDRE_C_Q)         0.077     0.077 f  bd_0_i/hls_inst/inst/dense_array_array_ap_fixed_16_6_5_3_0_8u_config16_U0/grp_dense_wrapper_ap_fixed_ap_fixed_16_6_5_3_0_config16_s_fu_1511/ap_CS_fsm_reg[96]/Q
                         net (fo=167, unplaced)       0.246     0.323    bd_0_i/hls_inst/inst/dense_array_array_ap_fixed_16_6_5_3_0_8u_config16_U0/grp_dense_wrapper_ap_fixed_ap_fixed_16_6_5_3_0_config16_s_fu_1511/ap_CS_fsm_state97
                         LUT2 (Prop_LUT2_I1_O)        0.038     0.361 f  bd_0_i/hls_inst/inst/dense_array_array_ap_fixed_16_6_5_3_0_8u_config16_U0/grp_dense_wrapper_ap_fixed_ap_fixed_16_6_5_3_0_config16_s_fu_1511/reg_11067[13]_i_8/O
                         net (fo=6, unplaced)         0.219     0.580    bd_0_i/hls_inst/inst/dense_array_array_ap_fixed_16_6_5_3_0_8u_config16_U0/grp_dense_wrapper_ap_fixed_ap_fixed_16_6_5_3_0_config16_s_fu_1511/reg_11067[13]_i_8_n_3
                         LUT6 (Prop_LUT6_I4_O)        0.038     0.618 f  bd_0_i/hls_inst/inst/dense_array_array_ap_fixed_16_6_5_3_0_8u_config16_U0/grp_dense_wrapper_ap_fixed_ap_fixed_16_6_5_3_0_config16_s_fu_1511/grp_fu_2612_p2_i_499/O
                         net (fo=8, unplaced)         0.225     0.843    bd_0_i/hls_inst/inst/dense_array_array_ap_fixed_16_6_5_3_0_8u_config16_U0/grp_dense_wrapper_ap_fixed_ap_fixed_16_6_5_3_0_config16_s_fu_1511/grp_fu_2612_p2_i_499_n_3
                         LUT6 (Prop_LUT6_I1_O)        0.038     0.881 f  bd_0_i/hls_inst/inst/dense_array_array_ap_fixed_16_6_5_3_0_8u_config16_U0/grp_dense_wrapper_ap_fixed_ap_fixed_16_6_5_3_0_config16_s_fu_1511/grp_fu_2612_p2_i_2656/O
                         net (fo=1, unplaced)         0.197     1.078    bd_0_i/hls_inst/inst/dense_array_array_ap_fixed_16_6_5_3_0_8u_config16_U0/grp_dense_wrapper_ap_fixed_ap_fixed_16_6_5_3_0_config16_s_fu_1511/grp_fu_2612_p2_i_2656_n_3
                         LUT6 (Prop_LUT6_I0_O)        0.038     1.116 f  bd_0_i/hls_inst/inst/dense_array_array_ap_fixed_16_6_5_3_0_8u_config16_U0/grp_dense_wrapper_ap_fixed_ap_fixed_16_6_5_3_0_config16_s_fu_1511/grp_fu_2612_p2_i_1347/O
                         net (fo=1, unplaced)         0.197     1.313    bd_0_i/hls_inst/inst/dense_array_array_ap_fixed_16_6_5_3_0_8u_config16_U0/grp_dense_wrapper_ap_fixed_ap_fixed_16_6_5_3_0_config16_s_fu_1511/grp_fu_2612_p2_i_1347_n_3
                         LUT6 (Prop_LUT6_I0_O)        0.038     1.351 f  bd_0_i/hls_inst/inst/dense_array_array_ap_fixed_16_6_5_3_0_8u_config16_U0/grp_dense_wrapper_ap_fixed_ap_fixed_16_6_5_3_0_config16_s_fu_1511/grp_fu_2612_p2_i_606/O
                         net (fo=1, unplaced)         0.197     1.548    bd_0_i/hls_inst/inst/dense_array_array_ap_fixed_16_6_5_3_0_8u_config16_U0/grp_dense_wrapper_ap_fixed_ap_fixed_16_6_5_3_0_config16_s_fu_1511/grp_fu_2612_p2_i_606_n_3
                         LUT6 (Prop_LUT6_I0_O)        0.038     1.586 f  bd_0_i/hls_inst/inst/dense_array_array_ap_fixed_16_6_5_3_0_8u_config16_U0/grp_dense_wrapper_ap_fixed_ap_fixed_16_6_5_3_0_config16_s_fu_1511/grp_fu_2612_p2_i_238/O
                         net (fo=1, unplaced)         0.197     1.783    bd_0_i/hls_inst/inst/dense_array_array_ap_fixed_16_6_5_3_0_8u_config16_U0/grp_dense_wrapper_ap_fixed_ap_fixed_16_6_5_3_0_config16_s_fu_1511/grp_fu_2612_p2_i_238_n_3
                         LUT6 (Prop_LUT6_I0_O)        0.038     1.821 r  bd_0_i/hls_inst/inst/dense_array_array_ap_fixed_16_6_5_3_0_8u_config16_U0/grp_dense_wrapper_ap_fixed_ap_fixed_16_6_5_3_0_config16_s_fu_1511/grp_fu_2612_p2_i_59/O
                         net (fo=1, unplaced)         0.197     2.018    bd_0_i/hls_inst/inst/dense_array_array_ap_fixed_16_6_5_3_0_8u_config16_U0/grp_dense_wrapper_ap_fixed_ap_fixed_16_6_5_3_0_config16_s_fu_1511/grp_fu_2612_p2_i_59_n_3
                         LUT6 (Prop_LUT6_I5_O)        0.038     2.056 f  bd_0_i/hls_inst/inst/dense_array_array_ap_fixed_16_6_5_3_0_8u_config16_U0/grp_dense_wrapper_ap_fixed_ap_fixed_16_6_5_3_0_config16_s_fu_1511/grp_fu_2612_p2_i_6/O
                         net (fo=1, unplaced)         0.123     2.179    bd_0_i/hls_inst/inst/dense_array_array_ap_fixed_16_6_5_3_0_8u_config16_U0/grp_dense_wrapper_ap_fixed_ap_fixed_16_6_5_3_0_config16_s_fu_1511/grp_fu_2612_p2/B[3]
                         DSP_A_B_DATA (Prop_DSP_A_B_DATA_B[3]_B2_DATA[3])
                                                      0.151     2.330 r  bd_0_i/hls_inst/inst/dense_array_array_ap_fixed_16_6_5_3_0_8u_config16_U0/grp_dense_wrapper_ap_fixed_ap_fixed_16_6_5_3_0_config16_s_fu_1511/grp_fu_2612_p2/DSP_A_B_DATA_INST/B2_DATA[3]
                         net (fo=1, unplaced)         0.000     2.330    bd_0_i/hls_inst/inst/dense_array_array_ap_fixed_16_6_5_3_0_8u_config16_U0/grp_dense_wrapper_ap_fixed_ap_fixed_16_6_5_3_0_config16_s_fu_1511/grp_fu_2612_p2/DSP_A_B_DATA.B2_DATA<3>
                         DSP_PREADD_DATA (Prop_DSP_PREADD_DATA_B2_DATA[3]_B2B1[3])
                                                      0.073     2.403 r  bd_0_i/hls_inst/inst/dense_array_array_ap_fixed_16_6_5_3_0_8u_config16_U0/grp_dense_wrapper_ap_fixed_ap_fixed_16_6_5_3_0_config16_s_fu_1511/grp_fu_2612_p2/DSP_PREADD_DATA_INST/B2B1[3]
                         net (fo=1, unplaced)         0.000     2.403    bd_0_i/hls_inst/inst/dense_array_array_ap_fixed_16_6_5_3_0_8u_config16_U0/grp_dense_wrapper_ap_fixed_ap_fixed_16_6_5_3_0_config16_s_fu_1511/grp_fu_2612_p2/DSP_PREADD_DATA.B2B1<3>
                         DSP_MULTIPLIER (Prop_DSP_MULTIPLIER_B2B1[3]_V[10])
                                                      0.609     3.012 f  bd_0_i/hls_inst/inst/dense_array_array_ap_fixed_16_6_5_3_0_8u_config16_U0/grp_dense_wrapper_ap_fixed_ap_fixed_16_6_5_3_0_config16_s_fu_1511/grp_fu_2612_p2/DSP_MULTIPLIER_INST/V[10]
                         net (fo=1, unplaced)         0.000     3.012    bd_0_i/hls_inst/inst/dense_array_array_ap_fixed_16_6_5_3_0_8u_config16_U0/grp_dense_wrapper_ap_fixed_ap_fixed_16_6_5_3_0_config16_s_fu_1511/grp_fu_2612_p2/DSP_MULTIPLIER.V<10>
                         DSP_M_DATA (Prop_DSP_M_DATA_V[10]_V_DATA[10])
                                                      0.046     3.058 r  bd_0_i/hls_inst/inst/dense_array_array_ap_fixed_16_6_5_3_0_8u_config16_U0/grp_dense_wrapper_ap_fixed_ap_fixed_16_6_5_3_0_config16_s_fu_1511/grp_fu_2612_p2/DSP_M_DATA_INST/V_DATA[10]
                         net (fo=1, unplaced)         0.000     3.058    bd_0_i/hls_inst/inst/dense_array_array_ap_fixed_16_6_5_3_0_8u_config16_U0/grp_dense_wrapper_ap_fixed_ap_fixed_16_6_5_3_0_config16_s_fu_1511/grp_fu_2612_p2/DSP_M_DATA.V_DATA<10>
                         DSP_ALU (Prop_DSP_ALU_V_DATA[10]_ALU_OUT[10])
                                                      0.571     3.629 f  bd_0_i/hls_inst/inst/dense_array_array_ap_fixed_16_6_5_3_0_8u_config16_U0/grp_dense_wrapper_ap_fixed_ap_fixed_16_6_5_3_0_config16_s_fu_1511/grp_fu_2612_p2/DSP_ALU_INST/ALU_OUT[10]
                         net (fo=1, unplaced)         0.000     3.629    bd_0_i/hls_inst/inst/dense_array_array_ap_fixed_16_6_5_3_0_8u_config16_U0/grp_dense_wrapper_ap_fixed_ap_fixed_16_6_5_3_0_config16_s_fu_1511/grp_fu_2612_p2/DSP_ALU.ALU_OUT<10>
                         DSP_OUTPUT (Prop_DSP_OUTPUT_ALU_OUT[10]_P[10])
                                                      0.109     3.738 r  bd_0_i/hls_inst/inst/dense_array_array_ap_fixed_16_6_5_3_0_8u_config16_U0/grp_dense_wrapper_ap_fixed_ap_fixed_16_6_5_3_0_config16_s_fu_1511/grp_fu_2612_p2/DSP_OUTPUT_INST/P[10]
                         net (fo=188, unplaced)       0.258     3.996    bd_0_i/hls_inst/inst/dense_array_array_ap_fixed_16_6_5_3_0_8u_config16_U0/grp_dense_wrapper_ap_fixed_ap_fixed_16_6_5_3_0_config16_s_fu_1511/mult_1006_V_fu_32686_p1[0]
                         LUT2 (Prop_LUT2_I0_O)        0.053     4.049 r  bd_0_i/hls_inst/inst/dense_array_array_ap_fixed_16_6_5_3_0_8u_config16_U0/grp_dense_wrapper_ap_fixed_ap_fixed_16_6_5_3_0_config16_s_fu_1511/add_ln703_226_reg_68376[15]_i_62/O
                         net (fo=1, unplaced)         0.020     4.069    bd_0_i/hls_inst/inst/dense_array_array_ap_fixed_16_6_5_3_0_8u_config16_U0/grp_dense_wrapper_ap_fixed_ap_fixed_16_6_5_3_0_config16_s_fu_1511/add_ln703_226_reg_68376[15]_i_62_n_3
                         CARRY8 (Prop_CARRY8_S[0]_O[2])
                                                      0.134     4.203 r  bd_0_i/hls_inst/inst/dense_array_array_ap_fixed_16_6_5_3_0_8u_config16_U0/grp_dense_wrapper_ap_fixed_ap_fixed_16_6_5_3_0_config16_s_fu_1511/add_ln703_226_reg_68376_reg[15]_i_49/O[2]
                         net (fo=1, unplaced)         0.201     4.404    bd_0_i/hls_inst/inst/dense_array_array_ap_fixed_16_6_5_3_0_8u_config16_U0/grp_dense_wrapper_ap_fixed_ap_fixed_16_6_5_3_0_config16_s_fu_1511/sext_ln703_117_fu_57568_p1[2]
                         LUT2 (Prop_LUT2_I1_O)        0.037     4.441 r  bd_0_i/hls_inst/inst/dense_array_array_ap_fixed_16_6_5_3_0_8u_config16_U0/grp_dense_wrapper_ap_fixed_ap_fixed_16_6_5_3_0_config16_s_fu_1511/add_ln703_226_reg_68376[15]_i_46/O
                         net (fo=1, unplaced)         0.028     4.469    bd_0_i/hls_inst/inst/dense_array_array_ap_fixed_16_6_5_3_0_8u_config16_U0/grp_dense_wrapper_ap_fixed_ap_fixed_16_6_5_3_0_config16_s_fu_1511/add_ln703_226_reg_68376[15]_i_46_n_3
                         CARRY8 (Prop_CARRY8_S[2]_O[4])
                                                      0.167     4.636 r  bd_0_i/hls_inst/inst/dense_array_array_ap_fixed_16_6_5_3_0_8u_config16_U0/grp_dense_wrapper_ap_fixed_ap_fixed_16_6_5_3_0_config16_s_fu_1511/add_ln703_226_reg_68376_reg[15]_i_34/O[4]
                         net (fo=1, unplaced)         0.204     4.840    bd_0_i/hls_inst/inst/dense_array_array_ap_fixed_16_6_5_3_0_8u_config16_U0/grp_dense_wrapper_ap_fixed_ap_fixed_16_6_5_3_0_config16_s_fu_1511/sext_ln703_118_fu_57578_p1[4]
                         LUT2 (Prop_LUT2_I1_O)        0.037     4.877 r  bd_0_i/hls_inst/inst/dense_array_array_ap_fixed_16_6_5_3_0_8u_config16_U0/grp_dense_wrapper_ap_fixed_ap_fixed_16_6_5_3_0_config16_s_fu_1511/add_ln703_226_reg_68376[15]_i_29/O
                         net (fo=1, unplaced)         0.021     4.898    bd_0_i/hls_inst/inst/dense_array_array_ap_fixed_16_6_5_3_0_8u_config16_U0/grp_dense_wrapper_ap_fixed_ap_fixed_16_6_5_3_0_config16_s_fu_1511/add_ln703_226_reg_68376[15]_i_29_n_3
                         CARRY8 (Prop_CARRY8_S[4]_CO[7])
                                                      0.163     5.061 r  bd_0_i/hls_inst/inst/dense_array_array_ap_fixed_16_6_5_3_0_8u_config16_U0/grp_dense_wrapper_ap_fixed_ap_fixed_16_6_5_3_0_config16_s_fu_1511/add_ln703_226_reg_68376_reg[15]_i_18/CO[7]
                         net (fo=1, unplaced)         0.005     5.066    bd_0_i/hls_inst/inst/dense_array_array_ap_fixed_16_6_5_3_0_8u_config16_U0/grp_dense_wrapper_ap_fixed_ap_fixed_16_6_5_3_0_config16_s_fu_1511/add_ln703_226_reg_68376_reg[15]_i_18_n_3
                         CARRY8 (Prop_CARRY8_CI_O[0])
                                                      0.056     5.122 r  bd_0_i/hls_inst/inst/dense_array_array_ap_fixed_16_6_5_3_0_8u_config16_U0/grp_dense_wrapper_ap_fixed_ap_fixed_16_6_5_3_0_config16_s_fu_1511/add_ln703_226_reg_68376_reg[15]_i_17/O[0]
                         net (fo=2, unplaced)         0.197     5.319    bd_0_i/hls_inst/inst/dense_array_array_ap_fixed_16_6_5_3_0_8u_config16_U0/grp_dense_wrapper_ap_fixed_ap_fixed_16_6_5_3_0_config16_s_fu_1511/sext_ln703_119_fu_57588_p1[8]
                         LUT3 (Prop_LUT3_I0_O)        0.070     5.389 r  bd_0_i/hls_inst/inst/dense_array_array_ap_fixed_16_6_5_3_0_8u_config16_U0/grp_dense_wrapper_ap_fixed_ap_fixed_16_6_5_3_0_config16_s_fu_1511/add_ln703_226_reg_68376[15]_i_7/O
                         net (fo=2, unplaced)         0.217     5.606    bd_0_i/hls_inst/inst/dense_array_array_ap_fixed_16_6_5_3_0_8u_config16_U0/grp_dense_wrapper_ap_fixed_ap_fixed_16_6_5_3_0_config16_s_fu_1511/add_ln703_226_reg_68376[15]_i_7_n_3
                         LUT4 (Prop_LUT4_I3_O)        0.037     5.643 r  bd_0_i/hls_inst/inst/dense_array_array_ap_fixed_16_6_5_3_0_8u_config16_U0/grp_dense_wrapper_ap_fixed_ap_fixed_16_6_5_3_0_config16_s_fu_1511/add_ln703_226_reg_68376[15]_i_15/O
                         net (fo=1, unplaced)         0.023     5.666    bd_0_i/hls_inst/inst/dense_array_array_ap_fixed_16_6_5_3_0_8u_config16_U0/grp_dense_wrapper_ap_fixed_ap_fixed_16_6_5_3_0_config16_s_fu_1511/add_ln703_226_reg_68376[15]_i_15_n_3
                         CARRY8 (Prop_CARRY8_S[1]_O[7])
                                                      0.238     5.904 r  bd_0_i/hls_inst/inst/dense_array_array_ap_fixed_16_6_5_3_0_8u_config16_U0/grp_dense_wrapper_ap_fixed_ap_fixed_16_6_5_3_0_config16_s_fu_1511/add_ln703_226_reg_68376_reg[15]_i_1/O[7]
                         net (fo=1, unplaced)         0.026     5.930    bd_0_i/hls_inst/inst/dense_array_array_ap_fixed_16_6_5_3_0_8u_config16_U0/grp_dense_wrapper_ap_fixed_ap_fixed_16_6_5_3_0_config16_s_fu_1511/add_ln703_226_fu_57598_p2[15]
                         FDRE                                         r  bd_0_i/hls_inst/inst/dense_array_array_ap_fixed_16_6_5_3_0_8u_config16_U0/grp_dense_wrapper_ap_fixed_ap_fixed_16_6_5_3_0_config16_s_fu_1511/add_ln703_226_reg_68376_reg[15]/D
  -------------------------------------------------------------------    -------------------

                         (clock ap_clk rise edge)     5.000     5.000 r  
                                                      0.000     5.000 r  ap_clk (IN)
                         net (fo=81732, unset)        0.000     5.000    bd_0_i/hls_inst/inst/dense_array_array_ap_fixed_16_6_5_3_0_8u_config16_U0/grp_dense_wrapper_ap_fixed_ap_fixed_16_6_5_3_0_config16_s_fu_1511/ap_clk
                         FDRE                                         r  bd_0_i/hls_inst/inst/dense_array_array_ap_fixed_16_6_5_3_0_8u_config16_U0/grp_dense_wrapper_ap_fixed_ap_fixed_16_6_5_3_0_config16_s_fu_1511/add_ln703_226_reg_68376_reg[15]/C
                         clock pessimism              0.000     5.000    
                         clock uncertainty           -0.035     4.965    
                         FDRE (Setup_FDRE_C_D)        0.025     4.990    bd_0_i/hls_inst/inst/dense_array_array_ap_fixed_16_6_5_3_0_8u_config16_U0/grp_dense_wrapper_ap_fixed_ap_fixed_16_6_5_3_0_config16_s_fu_1511/add_ln703_226_reg_68376_reg[15]
  -------------------------------------------------------------------
                         required time                          4.990    
                         arrival time                          -5.930    
  -------------------------------------------------------------------
                         slack                                 -0.940    





Min Delay Paths
--------------------------------------------------------------------------------------
Slack (MET) :             0.066ns  (arrival time - required time)
  Source:                 bd_0_i/hls_inst/inst/conv_2d_cl_array_array_ap_fixed_16u_config11_U0/tmp_data_0_V_reg_415066_reg[13]/C
                            (rising edge-triggered cell FDRE clocked by ap_clk  {rise@0.000ns fall@2.500ns period=5.000ns})
  Destination:            bd_0_i/hls_inst/inst/layer11_out_V_data_0_V_U/U_fifo_w16_d64_A_ram/SRL_SIG_reg[63][13]_srl32/D
                            (rising edge-triggered cell SRLC32E clocked by ap_clk  {rise@0.000ns fall@2.500ns period=5.000ns})
  Path Group:             ap_clk
  Path Type:              Hold (Min at Fast Process Corner)
  Requirement:            0.000ns  (ap_clk rise@0.000ns - ap_clk rise@0.000ns)
  Data Path Delay:        0.111ns  (logic 0.037ns (33.333%)  route 0.074ns (66.667%))
  Logic Levels:           0  

    Location             Delay type                Incr(ns)  Path(ns)    Netlist Resource(s)
  -------------------------------------------------------------------    -------------------
                         (clock ap_clk rise edge)     0.000     0.000 r  
                                                      0.000     0.000 r  ap_clk (IN)
                         net (fo=81732, unset)        0.000     0.000    bd_0_i/hls_inst/inst/conv_2d_cl_array_array_ap_fixed_16u_config11_U0/ap_clk
                         FDRE                                         r  bd_0_i/hls_inst/inst/conv_2d_cl_array_array_ap_fixed_16u_config11_U0/tmp_data_0_V_reg_415066_reg[13]/C
  -------------------------------------------------------------------    -------------------
                         FDRE (Prop_FDRE_C_Q)         0.037     0.037 r  bd_0_i/hls_inst/inst/conv_2d_cl_array_array_ap_fixed_16u_config11_U0/tmp_data_0_V_reg_415066_reg[13]/Q
                         net (fo=1, unplaced)         0.074     0.111    bd_0_i/hls_inst/inst/layer11_out_V_data_0_V_U/U_fifo_w16_d64_A_ram/in[13]
                         SRLC32E                                      r  bd_0_i/hls_inst/inst/layer11_out_V_data_0_V_U/U_fifo_w16_d64_A_ram/SRL_SIG_reg[63][13]_srl32/D
  -------------------------------------------------------------------    -------------------

                         (clock ap_clk rise edge)     0.000     0.000 r  
                                                      0.000     0.000 r  ap_clk (IN)
                         net (fo=81732, unset)        0.000     0.000    bd_0_i/hls_inst/inst/layer11_out_V_data_0_V_U/U_fifo_w16_d64_A_ram/ap_clk
                         SRLC32E                                      r  bd_0_i/hls_inst/inst/layer11_out_V_data_0_V_U/U_fifo_w16_d64_A_ram/SRL_SIG_reg[63][13]_srl32/CLK
                         clock pessimism              0.000     0.000    
                         SRLC32E (Hold_SRLC32E_CLK_D)
                                                      0.045     0.045    bd_0_i/hls_inst/inst/layer11_out_V_data_0_V_U/U_fifo_w16_d64_A_ram/SRL_SIG_reg[63][13]_srl32
  -------------------------------------------------------------------
                         required time                         -0.045    
                         arrival time                           0.111    
  -------------------------------------------------------------------
                         slack                                  0.066    





Pulse Width Checks
--------------------------------------------------------------------------------------
Clock Name:         ap_clk
Waveform(ns):       { 0.000 2.500 }
Period(ns):         5.000
Sources:            { ap_clk }

Check Type        Corner  Lib Pin             Reference Pin  Required(ns)  Actual(ns)  Slack(ns)  Location  Pin
Min Period        n/a     RAMB18E2/CLKARDCLK  n/a            1.569         5.000       3.431                bd_0_i/hls_inst/inst/conv_2d_cl_array_array_ap_fixed_8u_config2_U0/data_window_0_V_V_fifo_U/mem_reg_bram_0/CLKARDCLK
Low Pulse Width   Slow    RAMB18E2/CLKARDCLK  n/a            0.542         2.500       1.958                bd_0_i/hls_inst/inst/conv_2d_cl_array_array_ap_fixed_8u_config2_U0/data_window_0_V_V_fifo_U/mem_reg_bram_0/CLKARDCLK
High Pulse Width  Slow    RAMB18E2/CLKARDCLK  n/a            0.542         2.500       1.958                bd_0_i/hls_inst/inst/conv_2d_cl_array_array_ap_fixed_8u_config2_U0/data_window_0_V_V_fifo_U/mem_reg_bram_0/CLKARDCLK



