Copyright 1986-2019 Xilinx, Inc. All Rights Reserved.
--------------------------------------------------------------------------------------------------
| Tool Version      : Vivado v.2019.2.1 (lin64) Build 2729669 Thu Dec  5 04:48:12 MST 2019
| Date              : Mon Apr 12 19:58:55 2021
| Host              : correlator2.fnal.gov running 64-bit Scientific Linux release 7.9 (Nitrogen)
| Command           : report_timing_summary -file ./report/myproject_timing_synth.rpt
| Design            : bd_0_wrapper
| Device            : xcvu9p-flgb2104
| Speed File        : -2  PRODUCTION 1.26 08-13-2019
| Temperature Grade : I
--------------------------------------------------------------------------------------------------

Timing Summary Report

------------------------------------------------------------------------------------------------
| Timer Settings
| --------------
------------------------------------------------------------------------------------------------

  Enable Multi Corner Analysis               :  Yes
  Enable Pessimism Removal                   :  Yes
  Pessimism Removal Resolution               :  Nearest Common Node
  Enable Input Delay Default Clock           :  No
  Enable Preset / Clear Arcs                 :  No
  Disable Flight Delays                      :  No
  Ignore I/O Paths                           :  No
  Timing Early Launch at Borrowing Latches   :  No
  Borrow Time for Max Delay Exceptions       :  Yes
  Merge Timing Exceptions                    :  Yes

  Corner  Analyze    Analyze    
  Name    Max Paths  Min Paths  
  ------  ---------  ---------  
  Slow    Yes        Yes        
  Fast    Yes        Yes        



check_timing report

Table of Contents
-----------------
1. checking no_clock
2. checking constant_clock
3. checking pulse_width_clock
4. checking unconstrained_internal_endpoints
5. checking no_input_delay
6. checking no_output_delay
7. checking multiple_clock
8. checking generated_clocks
9. checking loops
10. checking partial_input_delay
11. checking partial_output_delay
12. checking latch_loops

1. checking no_clock
--------------------
 There are 0 register/latch pins with no clock.


2. checking constant_clock
--------------------------
 There are 0 register/latch pins with constant_clock.


3. checking pulse_width_clock
-----------------------------
 There are 0 register/latch pins which need pulse_width check


4. checking unconstrained_internal_endpoints
--------------------------------------------
 There are 0 pins that are not constrained for maximum delay.

 There are 0 pins that are not constrained for maximum delay due to constant clock.


5. checking no_input_delay
--------------------------
 There are 61 input ports with no input delay specified. (HIGH)

 There are 0 input ports with no input delay but user has a false path constraint.


6. checking no_output_delay
---------------------------
 There are 144 ports with no output delay specified. (HIGH)

 There are 0 ports with no output delay but user has a false path constraint

 There are 0 ports with no output delay but with a timing clock defined on it or propagating through it


7. checking multiple_clock
--------------------------
 There are 0 register/latch pins with multiple clocks.


8. checking generated_clocks
----------------------------
 There are 0 generated clocks that are not connected to a clock source.


9. checking loops
-----------------
 There are 0 combinational loops in the design.


10. checking partial_input_delay
--------------------------------
 There are 0 input ports with partial input delay specified.


11. checking partial_output_delay
---------------------------------
 There are 0 ports with partial output delay specified.


12. checking latch_loops
------------------------
 There are 0 combinational latch loops in the design through latch input



------------------------------------------------------------------------------------------------
| Design Timing Summary
| ---------------------
------------------------------------------------------------------------------------------------

    WNS(ns)      TNS(ns)  TNS Failing Endpoints  TNS Total Endpoints      WHS(ns)      THS(ns)  THS Failing Endpoints  THS Total Endpoints     WPWS(ns)     TPWS(ns)  TPWS Failing Endpoints  TPWS Total Endpoints  
    -------      -------  ---------------------  -------------------      -------      -------  ---------------------  -------------------     --------     --------  ----------------------  --------------------  
      1.484        0.000                      0                87525        0.066        0.000                      0                87525        1.958        0.000                       0                 42329  


All user specified timing constraints are met.


------------------------------------------------------------------------------------------------
| Clock Summary
| -------------
------------------------------------------------------------------------------------------------

Clock   Waveform(ns)         Period(ns)      Frequency(MHz)
-----   ------------         ----------      --------------
ap_clk  {0.000 2.500}        5.000           200.000         


------------------------------------------------------------------------------------------------
| Intra Clock Table
| -----------------
------------------------------------------------------------------------------------------------

Clock             WNS(ns)      TNS(ns)  TNS Failing Endpoints  TNS Total Endpoints      WHS(ns)      THS(ns)  THS Failing Endpoints  THS Total Endpoints     WPWS(ns)     TPWS(ns)  TPWS Failing Endpoints  TPWS Total Endpoints  
-----             -------      -------  ---------------------  -------------------      -------      -------  ---------------------  -------------------     --------     --------  ----------------------  --------------------  
ap_clk              1.484        0.000                      0                87525        0.066        0.000                      0                87525        1.958        0.000                       0                 42329  


------------------------------------------------------------------------------------------------
| Inter Clock Table
| -----------------
------------------------------------------------------------------------------------------------

From Clock    To Clock          WNS(ns)      TNS(ns)  TNS Failing Endpoints  TNS Total Endpoints      WHS(ns)      THS(ns)  THS Failing Endpoints  THS Total Endpoints  
----------    --------          -------      -------  ---------------------  -------------------      -------      -------  ---------------------  -------------------  


------------------------------------------------------------------------------------------------
| Other Path Groups Table
| -----------------------
------------------------------------------------------------------------------------------------

Path Group    From Clock    To Clock          WNS(ns)      TNS(ns)  TNS Failing Endpoints  TNS Total Endpoints      WHS(ns)      THS(ns)  THS Failing Endpoints  THS Total Endpoints  
----------    ----------    --------          -------      -------  ---------------------  -------------------      -------      -------  ---------------------  -------------------  


------------------------------------------------------------------------------------------------
| Timing Details
| --------------
------------------------------------------------------------------------------------------------


---------------------------------------------------------------------------------------------------
From Clock:  ap_clk
  To Clock:  ap_clk

Setup :            0  Failing Endpoints,  Worst Slack        1.484ns,  Total Violation        0.000ns
Hold  :            0  Failing Endpoints,  Worst Slack        0.066ns,  Total Violation        0.000ns
PW    :            0  Failing Endpoints,  Worst Slack        1.958ns,  Total Violation        0.000ns
---------------------------------------------------------------------------------------------------


Max Delay Paths
--------------------------------------------------------------------------------------
Slack (MET) :             1.484ns  (required time - arrival time)
  Source:                 bd_0_i/hls_inst/inst/conv_2d_cl_array_array_ap_fixed_8u_config2_U0/wp_idx25_reg_2950_reg[4]/C
                            (rising edge-triggered cell FDRE clocked by ap_clk  {rise@0.000ns fall@2.500ns period=5.000ns})
  Destination:            bd_0_i/hls_inst/inst/conv_2d_cl_array_array_ap_fixed_8u_config2_U0/data_window_0_V_V_fifo_U/mem_reg_bram_0/WEA[1]
                            (rising edge-triggered cell RAMB18E2 clocked by ap_clk  {rise@0.000ns fall@2.500ns period=5.000ns})
  Path Group:             ap_clk
  Path Type:              Setup (Max at Slow Process Corner)
  Requirement:            5.000ns  (ap_clk rise@5.000ns - ap_clk rise@0.000ns)
  Data Path Delay:        3.087ns  (logic 0.894ns (28.960%)  route 2.193ns (71.040%))
  Logic Levels:           10  (LUT2=1 LUT4=1 LUT6=8)
  Clock Uncertainty:      0.035ns  ((TSJ^2 + TIJ^2)^1/2 + DJ) / 2 + PE
    Total System Jitter     (TSJ):    0.071ns
    Total Input Jitter      (TIJ):    0.000ns
    Discrete Jitter          (DJ):    0.000ns
    Phase Error              (PE):    0.000ns

    Location             Delay type                Incr(ns)  Path(ns)    Netlist Resource(s)
  -------------------------------------------------------------------    -------------------
                         (clock ap_clk rise edge)     0.000     0.000 r  
                                                      0.000     0.000 r  ap_clk (IN)
                         net (fo=42562, unset)        0.000     0.000    bd_0_i/hls_inst/inst/conv_2d_cl_array_array_ap_fixed_8u_config2_U0/ap_clk
                         FDRE                                         r  bd_0_i/hls_inst/inst/conv_2d_cl_array_array_ap_fixed_8u_config2_U0/wp_idx25_reg_2950_reg[4]/C
  -------------------------------------------------------------------    -------------------
                         FDRE (Prop_FDRE_C_Q)         0.077     0.077 r  bd_0_i/hls_inst/inst/conv_2d_cl_array_array_ap_fixed_8u_config2_U0/wp_idx25_reg_2950_reg[4]/Q
                         net (fo=5, unplaced)         0.136     0.213    bd_0_i/hls_inst/inst/conv_2d_cl_array_array_ap_fixed_8u_config2_U0/data_window_56_V_V_fifo_U/Q[4]
                         LUT6 (Prop_LUT6_I0_O)        0.150     0.363 r  bd_0_i/hls_inst/inst/conv_2d_cl_array_array_ap_fixed_8u_config2_U0/data_window_56_V_V_fifo_U/p_Result_s_reg_8453[0]_i_15/O
                         net (fo=4, unplaced)         0.133     0.496    bd_0_i/hls_inst/inst/conv_2d_cl_array_array_ap_fixed_8u_config2_U0/data_window_53_V_V_fifo_U/mem_reg_bram_0_i_13__15_0
                         LUT6 (Prop_LUT6_I0_O)        0.150     0.646 r  bd_0_i/hls_inst/inst/conv_2d_cl_array_array_ap_fixed_8u_config2_U0/data_window_53_V_V_fifo_U/mem_reg_bram_0_i_17__15/O
                         net (fo=1, unplaced)         0.197     0.843    bd_0_i/hls_inst/inst/conv_2d_cl_array_array_ap_fixed_8u_config2_U0/data_window_53_V_V_fifo_U/mem_reg_bram_0_i_17__15_n_3
                         LUT6 (Prop_LUT6_I5_O)        0.038     0.881 r  bd_0_i/hls_inst/inst/conv_2d_cl_array_array_ap_fixed_8u_config2_U0/data_window_53_V_V_fifo_U/mem_reg_bram_0_i_13__15/O
                         net (fo=37, unplaced)        0.219     1.100    bd_0_i/hls_inst/inst/conv_2d_cl_array_array_ap_fixed_8u_config2_U0/myproject_mux_1287_25_1_1_U10/p_Val2_s_fu_3248_p129[3]
                         LUT4 (Prop_LUT4_I0_O)        0.139     1.239 f  bd_0_i/hls_inst/inst/conv_2d_cl_array_array_ap_fixed_8u_config2_U0/myproject_mux_1287_25_1_1_U10/i_/mem_reg_bram_0_i_13__4/O
                         net (fo=3, unplaced)         0.126     1.365    bd_0_i/hls_inst/inst/conv_2d_cl_array_array_ap_fixed_8u_config2_U0/myproject_mux_1287_25_1_1_U10/mux_4_3[4]
                         LUT6 (Prop_LUT6_I0_O)        0.150     1.515 f  bd_0_i/hls_inst/inst/conv_2d_cl_array_array_ap_fixed_8u_config2_U0/myproject_mux_1287_25_1_1_U10/i_/mem_reg_bram_0_i_11__2/O
                         net (fo=20, unplaced)        0.246     1.761    bd_0_i/hls_inst/inst/conv_2d_cl_array_array_ap_fixed_8u_config2_U0/data_window_64_V_V_fifo_U/p_Val2_s_fu_3248_p130[0]
                         LUT6 (Prop_LUT6_I4_O)        0.038     1.799 f  bd_0_i/hls_inst/inst/conv_2d_cl_array_array_ap_fixed_8u_config2_U0/data_window_64_V_V_fifo_U/add_ln53_reg_8376[8]_i_29/O
                         net (fo=2, unplaced)         0.197     1.996    bd_0_i/hls_inst/inst/conv_2d_cl_array_array_ap_fixed_8u_config2_U0/data_window_61_V_V_fifo_U/add_ln53_reg_8376[8]_i_4_1
                         LUT6 (Prop_LUT6_I5_O)        0.038     2.034 f  bd_0_i/hls_inst/inst/conv_2d_cl_array_array_ap_fixed_8u_config2_U0/data_window_61_V_V_fifo_U/add_ln53_reg_8376[8]_i_20/O
                         net (fo=1, unplaced)         0.197     2.231    bd_0_i/hls_inst/inst/conv_2d_cl_array_array_ap_fixed_8u_config2_U0/data_window_52_V_V_fifo_U/select_ln53_reg_8362_reg[0]_3
                         LUT6 (Prop_LUT6_I5_O)        0.038     2.269 f  bd_0_i/hls_inst/inst/conv_2d_cl_array_array_ap_fixed_8u_config2_U0/data_window_52_V_V_fifo_U/add_ln53_reg_8376[8]_i_4/O
                         net (fo=4, unplaced)         0.210     2.479    bd_0_i/hls_inst/inst/conv_2d_cl_array_array_ap_fixed_8u_config2_U0/data_window_20_V_V_fifo_U/select_ln53_reg_8362_reg[0]
                         LUT6 (Prop_LUT6_I2_O)        0.038     2.517 r  bd_0_i/hls_inst/inst/conv_2d_cl_array_array_ap_fixed_8u_config2_U0/data_window_20_V_V_fifo_U/add_ln53_reg_8376[8]_i_1/O
                         net (fo=534, unplaced)       0.321     2.838    bd_0_i/hls_inst/inst/conv_2d_cl_array_array_ap_fixed_8u_config2_U0/data_window_20_V_V_fifo_U/ap_CS_fsm_reg[1]_2[0]
                         LUT2 (Prop_LUT2_I1_O)        0.038     2.876 r  bd_0_i/hls_inst/inst/conv_2d_cl_array_array_ap_fixed_8u_config2_U0/data_window_20_V_V_fifo_U/mem_reg_bram_0_i_8__37/O
                         net (fo=6, unplaced)         0.211     3.087    bd_0_i/hls_inst/inst/conv_2d_cl_array_array_ap_fixed_8u_config2_U0/data_window_0_V_V_fifo_U/WEA[0]
                         RAMB18E2                                     r  bd_0_i/hls_inst/inst/conv_2d_cl_array_array_ap_fixed_8u_config2_U0/data_window_0_V_V_fifo_U/mem_reg_bram_0/WEA[1]
  -------------------------------------------------------------------    -------------------

                         (clock ap_clk rise edge)     5.000     5.000 r  
                                                      0.000     5.000 r  ap_clk (IN)
                         net (fo=42562, unset)        0.000     5.000    bd_0_i/hls_inst/inst/conv_2d_cl_array_array_ap_fixed_8u_config2_U0/data_window_0_V_V_fifo_U/ap_clk
                         RAMB18E2                                     r  bd_0_i/hls_inst/inst/conv_2d_cl_array_array_ap_fixed_8u_config2_U0/data_window_0_V_V_fifo_U/mem_reg_bram_0/CLKARDCLK
                         clock pessimism              0.000     5.000    
                         clock uncertainty           -0.035     4.965    
                         RAMB18E2 (Setup_RAMB18E2_CLKARDCLK_WEA[1])
                                                     -0.394     4.571    bd_0_i/hls_inst/inst/conv_2d_cl_array_array_ap_fixed_8u_config2_U0/data_window_0_V_V_fifo_U/mem_reg_bram_0
  -------------------------------------------------------------------
                         required time                          4.571    
                         arrival time                          -3.087    
  -------------------------------------------------------------------
                         slack                                  1.484    





Min Delay Paths
--------------------------------------------------------------------------------------
Slack (MET) :             0.066ns  (arrival time - required time)
  Source:                 bd_0_i/hls_inst/inst/conv_2d_cl_array_array_ap_fixed_16u_config11_U0/acc_0_V_reg_8402_reg[13]/C
                            (rising edge-triggered cell FDRE clocked by ap_clk  {rise@0.000ns fall@2.500ns period=5.000ns})
  Destination:            bd_0_i/hls_inst/inst/layer11_out_V_data_0_V_U/U_fifo_w16_d64_A_ram/SRL_SIG_reg[63][13]_srl32/D
                            (rising edge-triggered cell SRLC32E clocked by ap_clk  {rise@0.000ns fall@2.500ns period=5.000ns})
  Path Group:             ap_clk
  Path Type:              Hold (Min at Fast Process Corner)
  Requirement:            0.000ns  (ap_clk rise@0.000ns - ap_clk rise@0.000ns)
  Data Path Delay:        0.111ns  (logic 0.037ns (33.333%)  route 0.074ns (66.667%))
  Logic Levels:           0  

    Location             Delay type                Incr(ns)  Path(ns)    Netlist Resource(s)
  -------------------------------------------------------------------    -------------------
                         (clock ap_clk rise edge)     0.000     0.000 r  
                                                      0.000     0.000 r  ap_clk (IN)
                         net (fo=42562, unset)        0.000     0.000    bd_0_i/hls_inst/inst/conv_2d_cl_array_array_ap_fixed_16u_config11_U0/ap_clk
                         FDRE                                         r  bd_0_i/hls_inst/inst/conv_2d_cl_array_array_ap_fixed_16u_config11_U0/acc_0_V_reg_8402_reg[13]/C
  -------------------------------------------------------------------    -------------------
                         FDRE (Prop_FDRE_C_Q)         0.037     0.037 r  bd_0_i/hls_inst/inst/conv_2d_cl_array_array_ap_fixed_16u_config11_U0/acc_0_V_reg_8402_reg[13]/Q
                         net (fo=1, unplaced)         0.074     0.111    bd_0_i/hls_inst/inst/layer11_out_V_data_0_V_U/U_fifo_w16_d64_A_ram/in[13]
                         SRLC32E                                      r  bd_0_i/hls_inst/inst/layer11_out_V_data_0_V_U/U_fifo_w16_d64_A_ram/SRL_SIG_reg[63][13]_srl32/D
  -------------------------------------------------------------------    -------------------

                         (clock ap_clk rise edge)     0.000     0.000 r  
                                                      0.000     0.000 r  ap_clk (IN)
                         net (fo=42562, unset)        0.000     0.000    bd_0_i/hls_inst/inst/layer11_out_V_data_0_V_U/U_fifo_w16_d64_A_ram/ap_clk
                         SRLC32E                                      r  bd_0_i/hls_inst/inst/layer11_out_V_data_0_V_U/U_fifo_w16_d64_A_ram/SRL_SIG_reg[63][13]_srl32/CLK
                         clock pessimism              0.000     0.000    
                         SRLC32E (Hold_SRLC32E_CLK_D)
                                                      0.045     0.045    bd_0_i/hls_inst/inst/layer11_out_V_data_0_V_U/U_fifo_w16_d64_A_ram/SRL_SIG_reg[63][13]_srl32
  -------------------------------------------------------------------
                         required time                         -0.045    
                         arrival time                           0.111    
  -------------------------------------------------------------------
                         slack                                  0.066    





Pulse Width Checks
--------------------------------------------------------------------------------------
Clock Name:         ap_clk
Waveform(ns):       { 0.000 2.500 }
Period(ns):         5.000
Sources:            { ap_clk }

Check Type        Corner  Lib Pin             Reference Pin  Required(ns)  Actual(ns)  Slack(ns)  Location  Pin
Min Period        n/a     RAMB18E2/CLKARDCLK  n/a            1.569         5.000       3.431                bd_0_i/hls_inst/inst/conv_2d_cl_array_array_ap_fixed_8u_config2_U0/data_window_0_V_V_fifo_U/mem_reg_bram_0/CLKARDCLK
Low Pulse Width   Slow    RAMB18E2/CLKARDCLK  n/a            0.542         2.500       1.958                bd_0_i/hls_inst/inst/conv_2d_cl_array_array_ap_fixed_8u_config2_U0/data_window_0_V_V_fifo_U/mem_reg_bram_0/CLKARDCLK
High Pulse Width  Slow    RAMB18E2/CLKARDCLK  n/a            0.542         2.500       1.958                bd_0_i/hls_inst/inst/conv_2d_cl_array_array_ap_fixed_8u_config2_U0/data_window_0_V_V_fifo_U/mem_reg_bram_0/CLKARDCLK



