Copyright 1986-2019 Xilinx, Inc. All Rights Reserved.
--------------------------------------------------------------------------------------------------
| Tool Version      : Vivado v.2019.2.1 (lin64) Build 2729669 Thu Dec  5 04:48:12 MST 2019
| Date              : Tue Apr 13 19:20:09 2021
| Host              : correlator2.fnal.gov running 64-bit Scientific Linux release 7.9 (Nitrogen)
| Command           : report_timing_summary -file ./report/myproject_timing_synth.rpt
| Design            : bd_0_wrapper
| Device            : xcvu9p-flgb2104
| Speed File        : -2  PRODUCTION 1.26 08-13-2019
| Temperature Grade : I
--------------------------------------------------------------------------------------------------

Timing Summary Report

------------------------------------------------------------------------------------------------
| Timer Settings
| --------------
------------------------------------------------------------------------------------------------

  Enable Multi Corner Analysis               :  Yes
  Enable Pessimism Removal                   :  Yes
  Pessimism Removal Resolution               :  Nearest Common Node
  Enable Input Delay Default Clock           :  No
  Enable Preset / Clear Arcs                 :  No
  Disable Flight Delays                      :  No
  Ignore I/O Paths                           :  No
  Timing Early Launch at Borrowing Latches   :  No
  Borrow Time for Max Delay Exceptions       :  Yes
  Merge Timing Exceptions                    :  Yes

  Corner  Analyze    Analyze    
  Name    Max Paths  Min Paths  
  ------  ---------  ---------  
  Slow    Yes        Yes        
  Fast    Yes        Yes        



check_timing report

Table of Contents
-----------------
1. checking no_clock
2. checking constant_clock
3. checking pulse_width_clock
4. checking unconstrained_internal_endpoints
5. checking no_input_delay
6. checking no_output_delay
7. checking multiple_clock
8. checking generated_clocks
9. checking loops
10. checking partial_input_delay
11. checking partial_output_delay
12. checking latch_loops

1. checking no_clock
--------------------
 There are 0 register/latch pins with no clock.


2. checking constant_clock
--------------------------
 There are 0 register/latch pins with constant_clock.


3. checking pulse_width_clock
-----------------------------
 There are 0 register/latch pins which need pulse_width check


4. checking unconstrained_internal_endpoints
--------------------------------------------
 There are 0 pins that are not constrained for maximum delay.

 There are 0 pins that are not constrained for maximum delay due to constant clock.


5. checking no_input_delay
--------------------------
 There are 61 input ports with no input delay specified. (HIGH)

 There are 0 input ports with no input delay but user has a false path constraint.


6. checking no_output_delay
---------------------------
 There are 136 ports with no output delay specified. (HIGH)

 There are 0 ports with no output delay but user has a false path constraint

 There are 0 ports with no output delay but with a timing clock defined on it or propagating through it


7. checking multiple_clock
--------------------------
 There are 0 register/latch pins with multiple clocks.


8. checking generated_clocks
----------------------------
 There are 0 generated clocks that are not connected to a clock source.


9. checking loops
-----------------
 There are 0 combinational loops in the design.


10. checking partial_input_delay
--------------------------------
 There are 0 input ports with partial input delay specified.


11. checking partial_output_delay
---------------------------------
 There are 0 ports with partial output delay specified.


12. checking latch_loops
------------------------
 There are 0 combinational latch loops in the design through latch input



------------------------------------------------------------------------------------------------
| Design Timing Summary
| ---------------------
------------------------------------------------------------------------------------------------

    WNS(ns)      TNS(ns)  TNS Failing Endpoints  TNS Total Endpoints      WHS(ns)      THS(ns)  THS Failing Endpoints  THS Total Endpoints     WPWS(ns)     TPWS(ns)  TPWS Failing Endpoints  TPWS Total Endpoints  
    -------      -------  ---------------------  -------------------      -------      -------  ---------------------  -------------------     --------     --------  ----------------------  --------------------  
     -1.321    -1169.916                   3544                74110        0.066        0.000                      0                74110        1.958        0.000                       0                 36515  


Timing constraints are not met.


------------------------------------------------------------------------------------------------
| Clock Summary
| -------------
------------------------------------------------------------------------------------------------

Clock   Waveform(ns)         Period(ns)      Frequency(MHz)
-----   ------------         ----------      --------------
ap_clk  {0.000 2.500}        5.000           200.000         


------------------------------------------------------------------------------------------------
| Intra Clock Table
| -----------------
------------------------------------------------------------------------------------------------

Clock             WNS(ns)      TNS(ns)  TNS Failing Endpoints  TNS Total Endpoints      WHS(ns)      THS(ns)  THS Failing Endpoints  THS Total Endpoints     WPWS(ns)     TPWS(ns)  TPWS Failing Endpoints  TPWS Total Endpoints  
-----             -------      -------  ---------------------  -------------------      -------      -------  ---------------------  -------------------     --------     --------  ----------------------  --------------------  
ap_clk             -1.321    -1169.916                   3544                74110        0.066        0.000                      0                74110        1.958        0.000                       0                 36515  


------------------------------------------------------------------------------------------------
| Inter Clock Table
| -----------------
------------------------------------------------------------------------------------------------

From Clock    To Clock          WNS(ns)      TNS(ns)  TNS Failing Endpoints  TNS Total Endpoints      WHS(ns)      THS(ns)  THS Failing Endpoints  THS Total Endpoints  
----------    --------          -------      -------  ---------------------  -------------------      -------      -------  ---------------------  -------------------  


------------------------------------------------------------------------------------------------
| Other Path Groups Table
| -----------------------
------------------------------------------------------------------------------------------------

Path Group    From Clock    To Clock          WNS(ns)      TNS(ns)  TNS Failing Endpoints  TNS Total Endpoints      WHS(ns)      THS(ns)  THS Failing Endpoints  THS Total Endpoints  
----------    ----------    --------          -------      -------  ---------------------  -------------------      -------      -------  ---------------------  -------------------  


------------------------------------------------------------------------------------------------
| Timing Details
| --------------
------------------------------------------------------------------------------------------------


---------------------------------------------------------------------------------------------------
From Clock:  ap_clk
  To Clock:  ap_clk

Setup :         3544  Failing Endpoints,  Worst Slack       -1.321ns,  Total Violation    -1169.916ns
Hold  :            0  Failing Endpoints,  Worst Slack        0.066ns,  Total Violation        0.000ns
PW    :            0  Failing Endpoints,  Worst Slack        1.958ns,  Total Violation        0.000ns
---------------------------------------------------------------------------------------------------


Max Delay Paths
--------------------------------------------------------------------------------------
Slack (VIOLATED) :        -1.321ns  (required time - arrival time)
  Source:                 bd_0_i/hls_inst/inst/dense_large_stream_ap_fixed_ap_fixed_config16_U0/grp_dense_large_ap_fixed_ap_fixed_16_6_5_3_0_config16_s_fu_659/ap_CS_fsm_reg[379]/C
                            (rising edge-triggered cell FDRE clocked by ap_clk  {rise@0.000ns fall@2.500ns period=5.000ns})
  Destination:            bd_0_i/hls_inst/inst/dense_large_stream_ap_fixed_ap_fixed_config16_U0/grp_dense_large_ap_fixed_ap_fixed_16_6_5_3_0_config16_s_fu_659/add_ln703_891_reg_30999_reg[15]/D
                            (rising edge-triggered cell FDRE clocked by ap_clk  {rise@0.000ns fall@2.500ns period=5.000ns})
  Path Group:             ap_clk
  Path Type:              Setup (Max at Slow Process Corner)
  Requirement:            5.000ns  (ap_clk rise@5.000ns - ap_clk rise@0.000ns)
  Data Path Delay:        6.311ns  (logic 3.201ns (50.721%)  route 3.110ns (49.279%))
  Logic Levels:           25  (CARRY8=5 DSP_A_B_DATA=1 DSP_ALU=1 DSP_M_DATA=1 DSP_MULTIPLIER=1 DSP_OUTPUT=1 DSP_PREADD_DATA=1 LUT2=3 LUT3=1 LUT4=1 LUT6=9)
  Clock Uncertainty:      0.035ns  ((TSJ^2 + TIJ^2)^1/2 + DJ) / 2 + PE
    Total System Jitter     (TSJ):    0.071ns
    Total Input Jitter      (TIJ):    0.000ns
    Discrete Jitter          (DJ):    0.000ns
    Phase Error              (PE):    0.000ns

    Location             Delay type                Incr(ns)  Path(ns)    Netlist Resource(s)
  -------------------------------------------------------------------    -------------------
                         (clock ap_clk rise edge)     0.000     0.000 r  
                                                      0.000     0.000 r  ap_clk (IN)
                         net (fo=36757, unset)        0.000     0.000    bd_0_i/hls_inst/inst/dense_large_stream_ap_fixed_ap_fixed_config16_U0/grp_dense_large_ap_fixed_ap_fixed_16_6_5_3_0_config16_s_fu_659/ap_clk
                         FDRE                                         r  bd_0_i/hls_inst/inst/dense_large_stream_ap_fixed_ap_fixed_config16_U0/grp_dense_large_ap_fixed_ap_fixed_16_6_5_3_0_config16_s_fu_659/ap_CS_fsm_reg[379]/C
  -------------------------------------------------------------------    -------------------
                         FDRE (Prop_FDRE_C_Q)         0.077     0.077 r  bd_0_i/hls_inst/inst/dense_large_stream_ap_fixed_ap_fixed_config16_U0/grp_dense_large_ap_fixed_ap_fixed_16_6_5_3_0_config16_s_fu_659/ap_CS_fsm_reg[379]/Q
                         net (fo=93, unplaced)        0.202     0.279    bd_0_i/hls_inst/inst/dense_large_stream_ap_fixed_ap_fixed_config16_U0/grp_dense_large_ap_fixed_ap_fixed_16_6_5_3_0_config16_s_fu_659/ap_CS_fsm_state380
                         LUT6 (Prop_LUT6_I0_O)        0.150     0.429 r  bd_0_i/hls_inst/inst/dense_large_stream_ap_fixed_ap_fixed_config16_U0/grp_dense_large_ap_fixed_ap_fixed_16_6_5_3_0_config16_s_fu_659/grp_fu_1763_p2_i_1297/O
                         net (fo=6, unplaced)         0.177     0.606    bd_0_i/hls_inst/inst/dense_large_stream_ap_fixed_ap_fixed_config16_U0/grp_dense_large_ap_fixed_ap_fixed_16_6_5_3_0_config16_s_fu_659/grp_fu_1763_p2_i_1297_n_3
                         LUT6 (Prop_LUT6_I3_O)        0.090     0.696 f  bd_0_i/hls_inst/inst/dense_large_stream_ap_fixed_ap_fixed_config16_U0/grp_dense_large_ap_fixed_ap_fixed_16_6_5_3_0_config16_s_fu_659/grp_fu_1763_p2_i_3416/O
                         net (fo=2, unplaced)         0.155     0.851    bd_0_i/hls_inst/inst/dense_large_stream_ap_fixed_ap_fixed_config16_U0/grp_dense_large_ap_fixed_ap_fixed_16_6_5_3_0_config16_s_fu_659/grp_fu_1763_p2_i_3416_n_3
                         LUT6 (Prop_LUT6_I1_O)        0.090     0.941 r  bd_0_i/hls_inst/inst/dense_large_stream_ap_fixed_ap_fixed_config16_U0/grp_dense_large_ap_fixed_ap_fixed_16_6_5_3_0_config16_s_fu_659/grp_fu_1763_p2_i_3251/O
                         net (fo=1, unplaced)         0.197     1.138    bd_0_i/hls_inst/inst/dense_large_stream_ap_fixed_ap_fixed_config16_U0/grp_dense_large_ap_fixed_ap_fixed_16_6_5_3_0_config16_s_fu_659/grp_fu_1763_p2_i_3251_n_3
                         LUT6 (Prop_LUT6_I2_O)        0.038     1.176 f  bd_0_i/hls_inst/inst/dense_large_stream_ap_fixed_ap_fixed_config16_U0/grp_dense_large_ap_fixed_ap_fixed_16_6_5_3_0_config16_s_fu_659/grp_fu_1763_p2_i_2647/O
                         net (fo=1, unplaced)         0.152     1.328    bd_0_i/hls_inst/inst/dense_large_stream_ap_fixed_ap_fixed_config16_U0/grp_dense_large_ap_fixed_ap_fixed_16_6_5_3_0_config16_s_fu_659/grp_fu_1763_p2_i_2647_n_3
                         LUT6 (Prop_LUT6_I2_O)        0.053     1.381 f  bd_0_i/hls_inst/inst/dense_large_stream_ap_fixed_ap_fixed_config16_U0/grp_dense_large_ap_fixed_ap_fixed_16_6_5_3_0_config16_s_fu_659/grp_fu_1763_p2_i_1256/O
                         net (fo=1, unplaced)         0.197     1.578    bd_0_i/hls_inst/inst/dense_large_stream_ap_fixed_ap_fixed_config16_U0/grp_dense_large_ap_fixed_ap_fixed_16_6_5_3_0_config16_s_fu_659/grp_fu_1763_p2_i_1256_n_3
                         LUT6 (Prop_LUT6_I2_O)        0.038     1.616 f  bd_0_i/hls_inst/inst/dense_large_stream_ap_fixed_ap_fixed_config16_U0/grp_dense_large_ap_fixed_ap_fixed_16_6_5_3_0_config16_s_fu_659/grp_fu_1763_p2_i_494/O
                         net (fo=1, unplaced)         0.197     1.813    bd_0_i/hls_inst/inst/dense_large_stream_ap_fixed_ap_fixed_config16_U0/grp_dense_large_ap_fixed_ap_fixed_16_6_5_3_0_config16_s_fu_659/grp_fu_1763_p2_i_494_n_3
                         LUT6 (Prop_LUT6_I2_O)        0.038     1.851 f  bd_0_i/hls_inst/inst/dense_large_stream_ap_fixed_ap_fixed_config16_U0/grp_dense_large_ap_fixed_ap_fixed_16_6_5_3_0_config16_s_fu_659/grp_fu_1763_p2_i_152/O
                         net (fo=1, unplaced)         0.197     2.048    bd_0_i/hls_inst/inst/dense_large_stream_ap_fixed_ap_fixed_config16_U0/grp_dense_large_ap_fixed_ap_fixed_16_6_5_3_0_config16_s_fu_659/grp_fu_1763_p2_i_152_n_3
                         LUT6 (Prop_LUT6_I2_O)        0.038     2.086 f  bd_0_i/hls_inst/inst/dense_large_stream_ap_fixed_ap_fixed_config16_U0/grp_dense_large_ap_fixed_ap_fixed_16_6_5_3_0_config16_s_fu_659/grp_fu_1763_p2_i_28/O
                         net (fo=1, unplaced)         0.197     2.283    bd_0_i/hls_inst/inst/dense_large_stream_ap_fixed_ap_fixed_config16_U0/grp_dense_large_ap_fixed_ap_fixed_16_6_5_3_0_config16_s_fu_659/grp_fu_1763_p2_i_28_n_3
                         LUT6 (Prop_LUT6_I2_O)        0.038     2.321 f  bd_0_i/hls_inst/inst/dense_large_stream_ap_fixed_ap_fixed_config16_U0/grp_dense_large_ap_fixed_ap_fixed_16_6_5_3_0_config16_s_fu_659/grp_fu_1763_p2_i_1/O
                         net (fo=10, unplaced)        0.244     2.565    bd_0_i/hls_inst/inst/dense_large_stream_ap_fixed_ap_fixed_config16_U0/grp_dense_large_ap_fixed_ap_fixed_16_6_5_3_0_config16_s_fu_659/grp_fu_1763_p2/B[8]
                         DSP_A_B_DATA (Prop_DSP_A_B_DATA_B[8]_B2_DATA[8])
                                                      0.151     2.716 r  bd_0_i/hls_inst/inst/dense_large_stream_ap_fixed_ap_fixed_config16_U0/grp_dense_large_ap_fixed_ap_fixed_16_6_5_3_0_config16_s_fu_659/grp_fu_1763_p2/DSP_A_B_DATA_INST/B2_DATA[8]
                         net (fo=1, unplaced)         0.000     2.716    bd_0_i/hls_inst/inst/dense_large_stream_ap_fixed_ap_fixed_config16_U0/grp_dense_large_ap_fixed_ap_fixed_16_6_5_3_0_config16_s_fu_659/grp_fu_1763_p2/DSP_A_B_DATA.B2_DATA<8>
                         DSP_PREADD_DATA (Prop_DSP_PREADD_DATA_B2_DATA[8]_B2B1[8])
                                                      0.073     2.789 r  bd_0_i/hls_inst/inst/dense_large_stream_ap_fixed_ap_fixed_config16_U0/grp_dense_large_ap_fixed_ap_fixed_16_6_5_3_0_config16_s_fu_659/grp_fu_1763_p2/DSP_PREADD_DATA_INST/B2B1[8]
                         net (fo=1, unplaced)         0.000     2.789    bd_0_i/hls_inst/inst/dense_large_stream_ap_fixed_ap_fixed_config16_U0/grp_dense_large_ap_fixed_ap_fixed_16_6_5_3_0_config16_s_fu_659/grp_fu_1763_p2/DSP_PREADD_DATA.B2B1<8>
                         DSP_MULTIPLIER (Prop_DSP_MULTIPLIER_B2B1[8]_V[10])
                                                      0.609     3.398 f  bd_0_i/hls_inst/inst/dense_large_stream_ap_fixed_ap_fixed_config16_U0/grp_dense_large_ap_fixed_ap_fixed_16_6_5_3_0_config16_s_fu_659/grp_fu_1763_p2/DSP_MULTIPLIER_INST/V[10]
                         net (fo=1, unplaced)         0.000     3.398    bd_0_i/hls_inst/inst/dense_large_stream_ap_fixed_ap_fixed_config16_U0/grp_dense_large_ap_fixed_ap_fixed_16_6_5_3_0_config16_s_fu_659/grp_fu_1763_p2/DSP_MULTIPLIER.V<10>
                         DSP_M_DATA (Prop_DSP_M_DATA_V[10]_V_DATA[10])
                                                      0.046     3.444 r  bd_0_i/hls_inst/inst/dense_large_stream_ap_fixed_ap_fixed_config16_U0/grp_dense_large_ap_fixed_ap_fixed_16_6_5_3_0_config16_s_fu_659/grp_fu_1763_p2/DSP_M_DATA_INST/V_DATA[10]
                         net (fo=1, unplaced)         0.000     3.444    bd_0_i/hls_inst/inst/dense_large_stream_ap_fixed_ap_fixed_config16_U0/grp_dense_large_ap_fixed_ap_fixed_16_6_5_3_0_config16_s_fu_659/grp_fu_1763_p2/DSP_M_DATA.V_DATA<10>
                         DSP_ALU (Prop_DSP_ALU_V_DATA[10]_ALU_OUT[10])
                                                      0.571     4.015 f  bd_0_i/hls_inst/inst/dense_large_stream_ap_fixed_ap_fixed_config16_U0/grp_dense_large_ap_fixed_ap_fixed_16_6_5_3_0_config16_s_fu_659/grp_fu_1763_p2/DSP_ALU_INST/ALU_OUT[10]
                         net (fo=1, unplaced)         0.000     4.015    bd_0_i/hls_inst/inst/dense_large_stream_ap_fixed_ap_fixed_config16_U0/grp_dense_large_ap_fixed_ap_fixed_16_6_5_3_0_config16_s_fu_659/grp_fu_1763_p2/DSP_ALU.ALU_OUT<10>
                         DSP_OUTPUT (Prop_DSP_OUTPUT_ALU_OUT[10]_P[10])
                                                      0.109     4.124 r  bd_0_i/hls_inst/inst/dense_large_stream_ap_fixed_ap_fixed_config16_U0/grp_dense_large_ap_fixed_ap_fixed_16_6_5_3_0_config16_s_fu_659/grp_fu_1763_p2/DSP_OUTPUT_INST/P[10]
                         net (fo=148, unplaced)       0.253     4.377    bd_0_i/hls_inst/inst/dense_large_stream_ap_fixed_ap_fixed_config16_U0/grp_dense_large_ap_fixed_ap_fixed_16_6_5_3_0_config16_s_fu_659/mult_1017_V_fu_26030_p1[0]
                         LUT2 (Prop_LUT2_I1_O)        0.053     4.430 r  bd_0_i/hls_inst/inst/dense_large_stream_ap_fixed_ap_fixed_config16_U0/grp_dense_large_ap_fixed_ap_fixed_16_6_5_3_0_config16_s_fu_659/add_ln703_891_reg_30999[15]_i_63/O
                         net (fo=1, unplaced)         0.020     4.450    bd_0_i/hls_inst/inst/dense_large_stream_ap_fixed_ap_fixed_config16_U0/grp_dense_large_ap_fixed_ap_fixed_16_6_5_3_0_config16_s_fu_659/add_ln703_891_reg_30999[15]_i_63_n_3
                         CARRY8 (Prop_CARRY8_S[0]_O[2])
                                                      0.134     4.584 r  bd_0_i/hls_inst/inst/dense_large_stream_ap_fixed_ap_fixed_config16_U0/grp_dense_large_ap_fixed_ap_fixed_16_6_5_3_0_config16_s_fu_659/add_ln703_891_reg_30999_reg[15]_i_49/O[2]
                         net (fo=1, unplaced)         0.201     4.785    bd_0_i/hls_inst/inst/dense_large_stream_ap_fixed_ap_fixed_config16_U0/grp_dense_large_ap_fixed_ap_fixed_16_6_5_3_0_config16_s_fu_659/sext_ln703_350_fu_24194_p1[2]
                         LUT2 (Prop_LUT2_I1_O)        0.037     4.822 r  bd_0_i/hls_inst/inst/dense_large_stream_ap_fixed_ap_fixed_config16_U0/grp_dense_large_ap_fixed_ap_fixed_16_6_5_3_0_config16_s_fu_659/add_ln703_891_reg_30999[15]_i_46/O
                         net (fo=1, unplaced)         0.028     4.850    bd_0_i/hls_inst/inst/dense_large_stream_ap_fixed_ap_fixed_config16_U0/grp_dense_large_ap_fixed_ap_fixed_16_6_5_3_0_config16_s_fu_659/add_ln703_891_reg_30999[15]_i_46_n_3
                         CARRY8 (Prop_CARRY8_S[2]_O[4])
                                                      0.167     5.017 r  bd_0_i/hls_inst/inst/dense_large_stream_ap_fixed_ap_fixed_config16_U0/grp_dense_large_ap_fixed_ap_fixed_16_6_5_3_0_config16_s_fu_659/add_ln703_891_reg_30999_reg[15]_i_34/O[4]
                         net (fo=1, unplaced)         0.204     5.221    bd_0_i/hls_inst/inst/dense_large_stream_ap_fixed_ap_fixed_config16_U0/grp_dense_large_ap_fixed_ap_fixed_16_6_5_3_0_config16_s_fu_659/sext_ln703_351_fu_24204_p1[4]
                         LUT2 (Prop_LUT2_I1_O)        0.037     5.258 r  bd_0_i/hls_inst/inst/dense_large_stream_ap_fixed_ap_fixed_config16_U0/grp_dense_large_ap_fixed_ap_fixed_16_6_5_3_0_config16_s_fu_659/add_ln703_891_reg_30999[15]_i_29/O
                         net (fo=1, unplaced)         0.021     5.279    bd_0_i/hls_inst/inst/dense_large_stream_ap_fixed_ap_fixed_config16_U0/grp_dense_large_ap_fixed_ap_fixed_16_6_5_3_0_config16_s_fu_659/add_ln703_891_reg_30999[15]_i_29_n_3
                         CARRY8 (Prop_CARRY8_S[4]_CO[7])
                                                      0.163     5.442 r  bd_0_i/hls_inst/inst/dense_large_stream_ap_fixed_ap_fixed_config16_U0/grp_dense_large_ap_fixed_ap_fixed_16_6_5_3_0_config16_s_fu_659/add_ln703_891_reg_30999_reg[15]_i_18/CO[7]
                         net (fo=1, unplaced)         0.005     5.447    bd_0_i/hls_inst/inst/dense_large_stream_ap_fixed_ap_fixed_config16_U0/grp_dense_large_ap_fixed_ap_fixed_16_6_5_3_0_config16_s_fu_659/add_ln703_891_reg_30999_reg[15]_i_18_n_3
                         CARRY8 (Prop_CARRY8_CI_O[0])
                                                      0.056     5.503 r  bd_0_i/hls_inst/inst/dense_large_stream_ap_fixed_ap_fixed_config16_U0/grp_dense_large_ap_fixed_ap_fixed_16_6_5_3_0_config16_s_fu_659/add_ln703_891_reg_30999_reg[15]_i_17/O[0]
                         net (fo=2, unplaced)         0.197     5.700    bd_0_i/hls_inst/inst/dense_large_stream_ap_fixed_ap_fixed_config16_U0/grp_dense_large_ap_fixed_ap_fixed_16_6_5_3_0_config16_s_fu_659/sext_ln703_352_fu_24214_p1[8]
                         LUT3 (Prop_LUT3_I1_O)        0.070     5.770 r  bd_0_i/hls_inst/inst/dense_large_stream_ap_fixed_ap_fixed_config16_U0/grp_dense_large_ap_fixed_ap_fixed_16_6_5_3_0_config16_s_fu_659/add_ln703_891_reg_30999[15]_i_7/O
                         net (fo=2, unplaced)         0.217     5.987    bd_0_i/hls_inst/inst/dense_large_stream_ap_fixed_ap_fixed_config16_U0/grp_dense_large_ap_fixed_ap_fixed_16_6_5_3_0_config16_s_fu_659/add_ln703_891_reg_30999[15]_i_7_n_3
                         LUT4 (Prop_LUT4_I3_O)        0.037     6.024 r  bd_0_i/hls_inst/inst/dense_large_stream_ap_fixed_ap_fixed_config16_U0/grp_dense_large_ap_fixed_ap_fixed_16_6_5_3_0_config16_s_fu_659/add_ln703_891_reg_30999[15]_i_15/O
                         net (fo=1, unplaced)         0.023     6.047    bd_0_i/hls_inst/inst/dense_large_stream_ap_fixed_ap_fixed_config16_U0/grp_dense_large_ap_fixed_ap_fixed_16_6_5_3_0_config16_s_fu_659/add_ln703_891_reg_30999[15]_i_15_n_3
                         CARRY8 (Prop_CARRY8_S[1]_O[7])
                                                      0.238     6.285 r  bd_0_i/hls_inst/inst/dense_large_stream_ap_fixed_ap_fixed_config16_U0/grp_dense_large_ap_fixed_ap_fixed_16_6_5_3_0_config16_s_fu_659/add_ln703_891_reg_30999_reg[15]_i_1/O[7]
                         net (fo=1, unplaced)         0.026     6.311    bd_0_i/hls_inst/inst/dense_large_stream_ap_fixed_ap_fixed_config16_U0/grp_dense_large_ap_fixed_ap_fixed_16_6_5_3_0_config16_s_fu_659/add_ln703_891_fu_24227_p2[15]
                         FDRE                                         r  bd_0_i/hls_inst/inst/dense_large_stream_ap_fixed_ap_fixed_config16_U0/grp_dense_large_ap_fixed_ap_fixed_16_6_5_3_0_config16_s_fu_659/add_ln703_891_reg_30999_reg[15]/D
  -------------------------------------------------------------------    -------------------

                         (clock ap_clk rise edge)     5.000     5.000 r  
                                                      0.000     5.000 r  ap_clk (IN)
                         net (fo=36757, unset)        0.000     5.000    bd_0_i/hls_inst/inst/dense_large_stream_ap_fixed_ap_fixed_config16_U0/grp_dense_large_ap_fixed_ap_fixed_16_6_5_3_0_config16_s_fu_659/ap_clk
                         FDRE                                         r  bd_0_i/hls_inst/inst/dense_large_stream_ap_fixed_ap_fixed_config16_U0/grp_dense_large_ap_fixed_ap_fixed_16_6_5_3_0_config16_s_fu_659/add_ln703_891_reg_30999_reg[15]/C
                         clock pessimism              0.000     5.000    
                         clock uncertainty           -0.035     4.965    
                         FDRE (Setup_FDRE_C_D)        0.025     4.990    bd_0_i/hls_inst/inst/dense_large_stream_ap_fixed_ap_fixed_config16_U0/grp_dense_large_ap_fixed_ap_fixed_16_6_5_3_0_config16_s_fu_659/add_ln703_891_reg_30999_reg[15]
  -------------------------------------------------------------------
                         required time                          4.990    
                         arrival time                          -6.311    
  -------------------------------------------------------------------
                         slack                                 -1.321    





Min Delay Paths
--------------------------------------------------------------------------------------
Slack (MET) :             0.066ns  (arrival time - required time)
  Source:                 bd_0_i/hls_inst/inst/layer18_out_0_V_V_U/dout_buf_reg[0]/C
                            (rising edge-triggered cell FDRE clocked by ap_clk  {rise@0.000ns fall@2.500ns period=5.000ns})
  Destination:            bd_0_i/hls_inst/inst/conv_2d_large_cl2_ap_fixed_ap_fixed_config2_U0/call_ret_shift_line_buffer_ap_fixed_ap_fixed_config2_s_fu_47256/layer_in_row_Array_V_1_0_0_U/shift_line_buffer_ap_fixed_ap_fixed_config2_s_layer_in_robkb_core_U/ShiftRegMem_reg[18][0]_srl19/D
                            (rising edge-triggered cell SRLC32E clocked by ap_clk  {rise@0.000ns fall@2.500ns period=5.000ns})
  Path Group:             ap_clk
  Path Type:              Hold (Min at Fast Process Corner)
  Requirement:            0.000ns  (ap_clk rise@0.000ns - ap_clk rise@0.000ns)
  Data Path Delay:        0.112ns  (logic 0.038ns (33.929%)  route 0.074ns (66.071%))
  Logic Levels:           0  

    Location             Delay type                Incr(ns)  Path(ns)    Netlist Resource(s)
  -------------------------------------------------------------------    -------------------
                         (clock ap_clk rise edge)     0.000     0.000 r  
                                                      0.000     0.000 r  ap_clk (IN)
                         net (fo=36757, unset)        0.000     0.000    bd_0_i/hls_inst/inst/layer18_out_0_V_V_U/ap_clk
                         FDRE                                         r  bd_0_i/hls_inst/inst/layer18_out_0_V_V_U/dout_buf_reg[0]/C
  -------------------------------------------------------------------    -------------------
                         FDRE (Prop_FDRE_C_Q)         0.038     0.038 r  bd_0_i/hls_inst/inst/layer18_out_0_V_V_U/dout_buf_reg[0]/Q
                         net (fo=2, unplaced)         0.074     0.112    bd_0_i/hls_inst/inst/conv_2d_large_cl2_ap_fixed_ap_fixed_config2_U0/call_ret_shift_line_buffer_ap_fixed_ap_fixed_config2_s_fu_47256/layer_in_row_Array_V_1_0_0_U/shift_line_buffer_ap_fixed_ap_fixed_config2_s_layer_in_robkb_core_U/D[0]
                         SRLC32E                                      r  bd_0_i/hls_inst/inst/conv_2d_large_cl2_ap_fixed_ap_fixed_config2_U0/call_ret_shift_line_buffer_ap_fixed_ap_fixed_config2_s_fu_47256/layer_in_row_Array_V_1_0_0_U/shift_line_buffer_ap_fixed_ap_fixed_config2_s_layer_in_robkb_core_U/ShiftRegMem_reg[18][0]_srl19/D
  -------------------------------------------------------------------    -------------------

                         (clock ap_clk rise edge)     0.000     0.000 r  
                                                      0.000     0.000 r  ap_clk (IN)
                         net (fo=36757, unset)        0.000     0.000    bd_0_i/hls_inst/inst/conv_2d_large_cl2_ap_fixed_ap_fixed_config2_U0/call_ret_shift_line_buffer_ap_fixed_ap_fixed_config2_s_fu_47256/layer_in_row_Array_V_1_0_0_U/shift_line_buffer_ap_fixed_ap_fixed_config2_s_layer_in_robkb_core_U/ap_clk
                         SRLC32E                                      r  bd_0_i/hls_inst/inst/conv_2d_large_cl2_ap_fixed_ap_fixed_config2_U0/call_ret_shift_line_buffer_ap_fixed_ap_fixed_config2_s_fu_47256/layer_in_row_Array_V_1_0_0_U/shift_line_buffer_ap_fixed_ap_fixed_config2_s_layer_in_robkb_core_U/ShiftRegMem_reg[18][0]_srl19/CLK
                         clock pessimism              0.000     0.000    
                         SRLC32E (Hold_SRLC32E_CLK_D)
                                                      0.046     0.046    bd_0_i/hls_inst/inst/conv_2d_large_cl2_ap_fixed_ap_fixed_config2_U0/call_ret_shift_line_buffer_ap_fixed_ap_fixed_config2_s_fu_47256/layer_in_row_Array_V_1_0_0_U/shift_line_buffer_ap_fixed_ap_fixed_config2_s_layer_in_robkb_core_U/ShiftRegMem_reg[18][0]_srl19
  -------------------------------------------------------------------
                         required time                         -0.046    
                         arrival time                           0.112    
  -------------------------------------------------------------------
                         slack                                  0.066    





Pulse Width Checks
--------------------------------------------------------------------------------------
Clock Name:         ap_clk
Waveform(ns):       { 0.000 2.500 }
Period(ns):         5.000
Sources:            { ap_clk }

Check Type        Corner  Lib Pin             Reference Pin  Required(ns)  Actual(ns)  Slack(ns)  Location  Pin
Min Period        n/a     RAMB18E2/CLKARDCLK  n/a            1.569         5.000       3.431                bd_0_i/hls_inst/inst/layer18_out_0_V_V_U/mem_reg_bram_0/CLKARDCLK
Low Pulse Width   Slow    RAMB18E2/CLKARDCLK  n/a            0.542         2.500       1.958                bd_0_i/hls_inst/inst/layer18_out_0_V_V_U/mem_reg_bram_0/CLKARDCLK
High Pulse Width  Slow    RAMB18E2/CLKARDCLK  n/a            0.542         2.500       1.958                bd_0_i/hls_inst/inst/layer18_out_0_V_V_U/mem_reg_bram_0/CLKARDCLK



