Copyright 1986-2018 Xilinx, Inc. All Rights Reserved.
--------------------------------------------------------------------------------------------------
| Tool Version      : Vivado v.2018.2 (lin64) Build 2258646 Thu Jun 14 20:02:38 MDT 2018
| Date              : Mon Feb 22 16:21:02 2021
| Host              : correlator2.fnal.gov running 64-bit Scientific Linux release 7.9 (Nitrogen)
| Command           : report_timing -file ./report/myproject_timing_synth.rpt
| Design            : myproject
| Device            : xcvu9p-flgb2104
| Speed File        : -2  PRODUCTION 1.20 05-21-2018
| Temperature Grade : I
--------------------------------------------------------------------------------------------------

Timing Report

Slack (MET) :             1.616ns  (required time - arrival time)
  Source:                 Loop_6_proc_U0/grp_dense_large_stream_fu_913/grp_dense_large_2_fu_1106/tmpmult_146_V_product_fu_7176/myproject_mul_mulncg_U14/myproject_mul_mulncg_DSP48_0_U/p/DSP_OUTPUT_INST/CLK
                            (rising edge-triggered cell DSP_OUTPUT clocked by ap_clk  {rise@0.000ns fall@2.500ns period=5.000ns})
  Destination:            Loop_6_proc_U0/grp_dense_large_stream_fu_913/grp_dense_large_2_fu_1106/tmp127_reg_37101_reg[15]/D
                            (rising edge-triggered cell FDRE clocked by ap_clk  {rise@0.000ns fall@2.500ns period=5.000ns})
  Path Group:             ap_clk
  Path Type:              Setup (Max at Slow Process Corner)
  Requirement:            5.000ns  (ap_clk rise@5.000ns - ap_clk rise@0.000ns)
  Data Path Delay:        3.374ns  (logic 1.422ns (42.146%)  route 1.952ns (57.854%))
  Logic Levels:           14  (CARRY8=5 LUT3=4 LUT4=3 LUT5=1 LUT6=1)
  Clock Uncertainty:      0.035ns  ((TSJ^2 + TIJ^2)^1/2 + DJ) / 2 + PE
    Total System Jitter     (TSJ):    0.071ns
    Total Input Jitter      (TIJ):    0.000ns
    Discrete Jitter          (DJ):    0.000ns
    Phase Error              (PE):    0.000ns

    Location             Delay type                Incr(ns)  Path(ns)    Netlist Resource(s)
  -------------------------------------------------------------------    -------------------
                         (clock ap_clk rise edge)     0.000     0.000 r  
                                                      0.000     0.000 r  ap_clk (IN)
                         net (fo=59023, unset)        0.000     0.000    Loop_6_proc_U0/grp_dense_large_stream_fu_913/grp_dense_large_2_fu_1106/tmpmult_146_V_product_fu_7176/myproject_mul_mulncg_U14/myproject_mul_mulncg_DSP48_0_U/p/CLK
                         DSP_OUTPUT                                   r  Loop_6_proc_U0/grp_dense_large_stream_fu_913/grp_dense_large_2_fu_1106/tmpmult_146_V_product_fu_7176/myproject_mul_mulncg_U14/myproject_mul_mulncg_DSP48_0_U/p/DSP_OUTPUT_INST/CLK
  -------------------------------------------------------------------    -------------------
                         DSP_OUTPUT (Prop_DSP_OUTPUT_CLK_P[10])
                                                      0.193     0.193 r  Loop_6_proc_U0/grp_dense_large_stream_fu_913/grp_dense_large_2_fu_1106/tmpmult_146_V_product_fu_7176/myproject_mul_mulncg_U14/myproject_mul_mulncg_DSP48_0_U/p/DSP_OUTPUT_INST/P[10]
                         net (fo=2, unplaced)         0.206     0.399    Loop_6_proc_U0/grp_dense_large_stream_fu_913/grp_dense_large_2_fu_1106/tmpmult_146_V_reg_32701[0]
                         LUT3 (Prop_LUT3_I2_O)        0.070     0.469 r  Loop_6_proc_U0/grp_dense_large_stream_fu_913/grp_dense_large_2_fu_1106/tmp127_reg_37101[15]_i_794/O
                         net (fo=2, unplaced)         0.217     0.686    Loop_6_proc_U0/grp_dense_large_stream_fu_913/grp_dense_large_2_fu_1106/tmp127_reg_37101[15]_i_794_n_0
                         LUT4 (Prop_LUT4_I3_O)        0.037     0.723 r  Loop_6_proc_U0/grp_dense_large_stream_fu_913/grp_dense_large_2_fu_1106/tmp127_reg_37101[15]_i_801/O
                         net (fo=1, unplaced)         0.023     0.746    Loop_6_proc_U0/grp_dense_large_stream_fu_913/grp_dense_large_2_fu_1106/tmp127_reg_37101[15]_i_801_n_0
                         CARRY8 (Prop_CARRY8_S[1]_O[2])
                                                      0.117     0.863 r  Loop_6_proc_U0/grp_dense_large_stream_fu_913/grp_dense_large_2_fu_1106/tmp127_reg_37101_reg[15]_i_494/O[2]
                         net (fo=2, unplaced)         0.201     1.064    Loop_6_proc_U0/grp_dense_large_stream_fu_913/grp_dense_large_2_fu_1106/tmp127_reg_37101_reg[15]_i_494_n_13
                         LUT3 (Prop_LUT3_I0_O)        0.111     1.175 r  Loop_6_proc_U0/grp_dense_large_stream_fu_913/grp_dense_large_2_fu_1106/tmp127_reg_37101[15]_i_404/O
                         net (fo=2, unplaced)         0.212     1.387    Loop_6_proc_U0/grp_dense_large_stream_fu_913/grp_dense_large_2_fu_1106/tmp127_reg_37101[15]_i_404_n_0
                         LUT4 (Prop_LUT4_I3_O)        0.037     1.424 r  Loop_6_proc_U0/grp_dense_large_stream_fu_913/grp_dense_large_2_fu_1106/tmp127_reg_37101[15]_i_411/O
                         net (fo=1, unplaced)         0.032     1.456    Loop_6_proc_U0/grp_dense_large_stream_fu_913/grp_dense_large_2_fu_1106/tmp127_reg_37101[15]_i_411_n_0
                         CARRY8 (Prop_CARRY8_S[3]_O[5])
                                                      0.184     1.640 r  Loop_6_proc_U0/grp_dense_large_stream_fu_913/grp_dense_large_2_fu_1106/tmp127_reg_37101_reg[15]_i_155/O[5]
                         net (fo=2, unplaced)         0.171     1.811    Loop_6_proc_U0/grp_dense_large_stream_fu_913/grp_dense_large_2_fu_1106/tmp127_reg_37101_reg[15]_i_155_n_10
                         LUT3 (Prop_LUT3_I1_O)        0.105     1.916 r  Loop_6_proc_U0/grp_dense_large_stream_fu_913/grp_dense_large_2_fu_1106/tmp127_reg_37101[15]_i_125/O
                         net (fo=2, unplaced)         0.216     2.132    Loop_6_proc_U0/grp_dense_large_stream_fu_913/grp_dense_large_2_fu_1106/tmp127_reg_37101[15]_i_125_n_0
                         LUT4 (Prop_LUT4_I3_O)        0.037     2.169 r  Loop_6_proc_U0/grp_dense_large_stream_fu_913/grp_dense_large_2_fu_1106/tmp127_reg_37101[15]_i_132/O
                         net (fo=1, unplaced)         0.023     2.192    Loop_6_proc_U0/grp_dense_large_stream_fu_913/grp_dense_large_2_fu_1106/tmp127_reg_37101[15]_i_132_n_0
                         CARRY8 (Prop_CARRY8_S[6]_CO[7])
                                                      0.124     2.316 r  Loop_6_proc_U0/grp_dense_large_stream_fu_913/grp_dense_large_2_fu_1106/tmp127_reg_37101_reg[15]_i_28/CO[7]
                         net (fo=1, unplaced)         0.005     2.321    Loop_6_proc_U0/grp_dense_large_stream_fu_913/grp_dense_large_2_fu_1106/tmp127_reg_37101_reg[15]_i_28_n_0
                         CARRY8 (Prop_CARRY8_CI_O[0])
                                                      0.056     2.377 r  Loop_6_proc_U0/grp_dense_large_stream_fu_913/grp_dense_large_2_fu_1106/tmp127_reg_37101_reg[15]_i_19/O[0]
                         net (fo=3, unplaced)         0.203     2.580    Loop_6_proc_U0/grp_dense_large_stream_fu_913/grp_dense_large_2_fu_1106/tmp127_reg_37101_reg[15]_i_19_n_15
                         LUT3 (Prop_LUT3_I2_O)        0.038     2.618 r  Loop_6_proc_U0/grp_dense_large_stream_fu_913/grp_dense_large_2_fu_1106/tmp127_reg_37101[15]_i_29/O
                         net (fo=2, unplaced)         0.197     2.815    Loop_6_proc_U0/grp_dense_large_stream_fu_913/grp_dense_large_2_fu_1106/tmp127_reg_37101[15]_i_29_n_0
                         LUT5 (Prop_LUT5_I4_O)        0.038     2.853 r  Loop_6_proc_U0/grp_dense_large_stream_fu_913/grp_dense_large_2_fu_1106/tmp127_reg_37101[15]_i_7/O
                         net (fo=2, unplaced)         0.197     3.050    Loop_6_proc_U0/grp_dense_large_stream_fu_913/grp_dense_large_2_fu_1106/tmp127_reg_37101[15]_i_7_n_0
                         LUT6 (Prop_LUT6_I0_O)        0.037     3.087 r  Loop_6_proc_U0/grp_dense_large_stream_fu_913/grp_dense_large_2_fu_1106/tmp127_reg_37101[15]_i_15/O
                         net (fo=1, unplaced)         0.023     3.110    Loop_6_proc_U0/grp_dense_large_stream_fu_913/grp_dense_large_2_fu_1106/tmp127_reg_37101[15]_i_15_n_0
                         CARRY8 (Prop_CARRY8_S[1]_O[7])
                                                      0.238     3.348 r  Loop_6_proc_U0/grp_dense_large_stream_fu_913/grp_dense_large_2_fu_1106/tmp127_reg_37101_reg[15]_i_1/O[7]
                         net (fo=1, unplaced)         0.026     3.374    Loop_6_proc_U0/grp_dense_large_stream_fu_913/grp_dense_large_2_fu_1106/tmp127_fu_25433_p2[15]
                         FDRE                                         r  Loop_6_proc_U0/grp_dense_large_stream_fu_913/grp_dense_large_2_fu_1106/tmp127_reg_37101_reg[15]/D
  -------------------------------------------------------------------    -------------------

                         (clock ap_clk rise edge)     5.000     5.000 r  
                                                      0.000     5.000 r  ap_clk (IN)
                         net (fo=59023, unset)        0.000     5.000    Loop_6_proc_U0/grp_dense_large_stream_fu_913/grp_dense_large_2_fu_1106/ap_clk
                         FDRE                                         r  Loop_6_proc_U0/grp_dense_large_stream_fu_913/grp_dense_large_2_fu_1106/tmp127_reg_37101_reg[15]/C
                         clock pessimism              0.000     5.000    
                         clock uncertainty           -0.035     4.965    
                         FDRE (Setup_FDRE_C_D)        0.025     4.990    Loop_6_proc_U0/grp_dense_large_stream_fu_913/grp_dense_large_2_fu_1106/tmp127_reg_37101_reg[15]
  -------------------------------------------------------------------
                         required time                          4.990    
                         arrival time                          -3.374    
  -------------------------------------------------------------------
                         slack                                  1.616    




